{"/Users/greg/purdue-bootcamp/capstone-project/PurdueUniversity-Capstone-Project-LearnEasePro/frontend/src/App.jsx": {"path":"/Users/greg/purdue-bootcamp/capstone-project/PurdueUniversity-Capstone-Project-LearnEasePro/frontend/src/App.jsx","statementMap":{"0":{"start":{"line":14,"column":2},"end":{"line":52,"column":null}}},"fnMap":{"0":{"name":"App","decl":{"start":{"line":13,"column":9},"end":{"line":13,"column":15}},"loc":{"start":{"line":13,"column":15},"end":{"line":54,"column":null}},"line":13}},"branchMap":{},"s":{"0":9},"f":{"0":9},"b":{},"meta":{"lastBranch":0,"lastFunction":1,"lastStatement":1,"seen":{"f:13:9:13:15":0,"s:14:2:52:Infinity":0}}}
,"/Users/greg/purdue-bootcamp/capstone-project/PurdueUniversity-Capstone-Project-LearnEasePro/frontend/src/components/AdminRoute.jsx": {"path":"/Users/greg/purdue-bootcamp/capstone-project/PurdueUniversity-Capstone-Project-LearnEasePro/frontend/src/components/AdminRoute.jsx","statementMap":{"0":{"start":{"line":11,"column":8},"end":{"line":11,"column":null}},"1":{"start":{"line":12,"column":26},"end":{"line":12,"column":null}},"2":{"start":{"line":13,"column":18},"end":{"line":13,"column":null}},"3":{"start":{"line":15,"column":2},"end":{"line":18,"column":null}},"4":{"start":{"line":17,"column":4},"end":{"line":17,"column":null}},"5":{"start":{"line":20,"column":2},"end":{"line":29,"column":null}},"6":{"start":{"line":22,"column":4},"end":{"line":27,"column":null}},"7":{"start":{"line":32,"column":2},"end":{"line":32,"column":null}}},"fnMap":{"0":{"name":"AdminRoute","decl":{"start":{"line":10,"column":9},"end":{"line":10,"column":20}},"loc":{"start":{"line":10,"column":34},"end":{"line":33,"column":null}},"line":10}},"branchMap":{"0":{"loc":{"start":{"line":15,"column":2},"end":{"line":18,"column":null}},"type":"if","locations":[{"start":{"line":15,"column":2},"end":{"line":18,"column":null}},{"start":{},"end":{}}],"line":15},"1":{"loc":{"start":{"line":20,"column":2},"end":{"line":29,"column":null}},"type":"if","locations":[{"start":{"line":20,"column":2},"end":{"line":29,"column":null}},{"start":{},"end":{}}],"line":20}},"s":{"0":3,"1":3,"2":3,"3":3,"4":1,"5":2,"6":1,"7":1},"f":{"0":3},"b":{"0":[1,2],"1":[1,1]},"meta":{"lastBranch":2,"lastFunction":1,"lastStatement":8,"seen":{"f:10:9:10:20":0,"s:11:8:11:Infinity":0,"s:12:26:12:Infinity":1,"s:13:18:13:Infinity":2,"b:15:2:18:Infinity:undefined:undefined:undefined:undefined":0,"s:15:2:18:Infinity":3,"s:17:4:17:Infinity":4,"b:20:2:29:Infinity:undefined:undefined:undefined:undefined":1,"s:20:2:29:Infinity":5,"s:22:4:27:Infinity":6,"s:32:2:32:Infinity":7}}}
,"/Users/greg/purdue-bootcamp/capstone-project/PurdueUniversity-Capstone-Project-LearnEasePro/frontend/src/components/Footer.jsx": {"path":"/Users/greg/purdue-bootcamp/capstone-project/PurdueUniversity-Capstone-Project-LearnEasePro/frontend/src/components/Footer.jsx","statementMap":{"0":{"start":{"line":2,"column":2},"end":{"line":9,"column":null}}},"fnMap":{"0":{"name":"Footer","decl":{"start":{"line":1,"column":9},"end":{"line":1,"column":18}},"loc":{"start":{"line":1,"column":18},"end":{"line":11,"column":null}},"line":1}},"branchMap":{},"s":{"0":3},"f":{"0":3},"b":{},"meta":{"lastBranch":0,"lastFunction":1,"lastStatement":1,"seen":{"f:1:9:1:18":0,"s:2:2:9:Infinity":0}}}
,"/Users/greg/purdue-bootcamp/capstone-project/PurdueUniversity-Capstone-Project-LearnEasePro/frontend/src/components/Header.jsx": {"path":"/Users/greg/purdue-bootcamp/capstone-project/PurdueUniversity-Capstone-Project-LearnEasePro/frontend/src/components/Header.jsx","statementMap":{"0":{"start":{"line":5,"column":8},"end":{"line":5,"column":null}},"1":{"start":{"line":6,"column":15},"end":{"line":6,"column":null}},"2":{"start":{"line":7,"column":26},"end":{"line":7,"column":null}},"3":{"start":{"line":9,"column":23},"end":{"line":12,"column":null}},"4":{"start":{"line":10,"column":4},"end":{"line":10,"column":null}},"5":{"start":{"line":11,"column":4},"end":{"line":11,"column":null}},"6":{"start":{"line":14,"column":2},"end":{"line":52,"column":null}}},"fnMap":{"0":{"name":"Header","decl":{"start":{"line":4,"column":9},"end":{"line":4,"column":18}},"loc":{"start":{"line":4,"column":18},"end":{"line":54,"column":null}},"line":4},"1":{"name":"(anonymous_1)","decl":{"start":{"line":9,"column":23},"end":{"line":9,"column":29}},"loc":{"start":{"line":9,"column":29},"end":{"line":12,"column":null}},"line":9}},"branchMap":{"0":{"loc":{"start":{"line":24,"column":11},"end":{"line":48,"column":null}},"type":"binary-expr","locations":[{"start":{"line":24,"column":11},"end":{"line":24,"column":30}},{"start":{"line":24,"column":30},"end":{"line":24,"column":null}},{"start":{"line":25,"column":12},"end":{"line":48,"column":null}}],"line":24},"1":{"loc":{"start":{"line":30,"column":21},"end":{"line":32,"column":null}},"type":"cond-expr","locations":[{"start":{"line":31,"column":24},"end":{"line":31,"column":null}},{"start":{"line":32,"column":24},"end":{"line":32,"column":null}}],"line":30},"2":{"loc":{"start":{"line":30,"column":21},"end":{"line":30,"column":null}},"type":"binary-expr","locations":[{"start":{"line":30,"column":21},"end":{"line":30,"column":39}},{"start":{"line":30,"column":39},"end":{"line":30,"column":null}}],"line":30},"3":{"loc":{"start":{"line":32,"column":24},"end":{"line":32,"column":null}},"type":"binary-expr","locations":[{"start":{"line":32,"column":24},"end":{"line":32,"column":42}},{"start":{"line":32,"column":42},"end":{"line":32,"column":null}}],"line":32}},"s":{"0":6,"1":6,"2":6,"3":6,"4":1,"5":1,"6":6},"f":{"0":6,"1":1},"b":{"0":[6,4,4],"1":[1,3],"2":[4,3],"3":[3,1]},"meta":{"lastBranch":4,"lastFunction":2,"lastStatement":7,"seen":{"f:4:9:4:18":0,"s:5:8:5:Infinity":0,"s:6:15:6:Infinity":1,"s:7:26:7:Infinity":2,"s:9:23:12:Infinity":3,"f:9:23:9:29":1,"s:10:4:10:Infinity":4,"s:11:4:11:Infinity":5,"s:14:2:52:Infinity":6,"b:24:11:24:30:24:30:24:Infinity:25:12:48:Infinity":0,"b:31:24:31:Infinity:32:24:32:Infinity":1,"b:30:21:30:39:30:39:30:Infinity":2,"b:32:24:32:42:32:42:32:Infinity":3}}}
,"/Users/greg/purdue-bootcamp/capstone-project/PurdueUniversity-Capstone-Project-LearnEasePro/frontend/src/components/UserModal.jsx": {"path":"/Users/greg/purdue-bootcamp/capstone-project/PurdueUniversity-Capstone-Project-LearnEasePro/frontend/src/components/UserModal.jsx","statementMap":{"0":{"start":{"line":6,"column":30},"end":{"line":19,"column":null}},"1":{"start":{"line":20,"column":28},"end":{"line":20,"column":null}},"2":{"start":{"line":21,"column":24},"end":{"line":21,"column":null}},"3":{"start":{"line":22,"column":46},"end":{"line":22,"column":null}},"4":{"start":{"line":24,"column":21},"end":{"line":24,"column":null}},"5":{"start":{"line":26,"column":2},"end":{"line":43,"column":null}},"6":{"start":{"line":27,"column":4},"end":{"line":42,"column":null}},"7":{"start":{"line":28,"column":6},"end":{"line":41,"column":null}},"8":{"start":{"line":45,"column":23},"end":{"line":86,"column":null}},"9":{"start":{"line":46,"column":43},"end":{"line":46,"column":null}},"10":{"start":{"line":49,"column":4},"end":{"line":76,"column":null}},"11":{"start":{"line":51,"column":22},"end":{"line":51,"column":null}},"12":{"start":{"line":54,"column":22},"end":{"line":54,"column":null}},"13":{"start":{"line":57,"column":22},"end":{"line":57,"column":null}},"14":{"start":{"line":58,"column":6},"end":{"line":65,"column":null}},"15":{"start":{"line":59,"column":8},"end":{"line":59,"column":null}},"16":{"start":{"line":60,"column":6},"end":{"line":65,"column":null}},"17":{"start":{"line":61,"column":8},"end":{"line":64,"column":null}},"18":{"start":{"line":67,"column":6},"end":{"line":70,"column":null}},"19":{"start":{"line":67,"column":29},"end":{"line":70,"column":8}},"20":{"start":{"line":72,"column":6},"end":{"line":75,"column":null}},"21":{"start":{"line":72,"column":29},"end":{"line":75,"column":8}},"22":{"start":{"line":79,"column":4},"end":{"line":85,"column":null}},"23":{"start":{"line":80,"column":6},"end":{"line":84,"column":null}},"24":{"start":{"line":81,"column":26},"end":{"line":81,"column":null}},"25":{"start":{"line":82,"column":8},"end":{"line":82,"column":null}},"26":{"start":{"line":83,"column":8},"end":{"line":83,"column":null}},"27":{"start":{"line":88,"column":23},"end":{"line":127,"column":null}},"28":{"start":{"line":89,"column":19},"end":{"line":89,"column":null}},"29":{"start":{"line":91,"column":4},"end":{"line":93,"column":null}},"30":{"start":{"line":92,"column":6},"end":{"line":92,"column":null}},"31":{"start":{"line":95,"column":4},"end":{"line":97,"column":null}},"32":{"start":{"line":96,"column":6},"end":{"line":96,"column":null}},"33":{"start":{"line":99,"column":4},"end":{"line":103,"column":null}},"34":{"start":{"line":100,"column":6},"end":{"line":100,"column":null}},"35":{"start":{"line":101,"column":4},"end":{"line":103,"column":null}},"36":{"start":{"line":102,"column":6},"end":{"line":102,"column":null}},"37":{"start":{"line":105,"column":4},"end":{"line":115,"column":null}},"38":{"start":{"line":106,"column":6},"end":{"line":110,"column":null}},"39":{"start":{"line":107,"column":8},"end":{"line":107,"column":null}},"40":{"start":{"line":108,"column":6},"end":{"line":110,"column":null}},"41":{"start":{"line":109,"column":8},"end":{"line":109,"column":null}},"42":{"start":{"line":112,"column":6},"end":{"line":114,"column":null}},"43":{"start":{"line":113,"column":8},"end":{"line":113,"column":null}},"44":{"start":{"line":117,"column":4},"end":{"line":119,"column":null}},"45":{"start":{"line":118,"column":6},"end":{"line":118,"column":null}},"46":{"start":{"line":121,"column":4},"end":{"line":123,"column":null}},"47":{"start":{"line":122,"column":6},"end":{"line":122,"column":null}},"48":{"start":{"line":125,"column":4},"end":{"line":125,"column":null}},"49":{"start":{"line":126,"column":4},"end":{"line":126,"column":null}},"50":{"start":{"line":129,"column":23},"end":{"line":173,"column":null}},"51":{"start":{"line":130,"column":4},"end":{"line":130,"column":null}},"52":{"start":{"line":132,"column":4},"end":{"line":134,"column":null}},"53":{"start":{"line":133,"column":6},"end":{"line":133,"column":null}},"54":{"start":{"line":136,"column":4},"end":{"line":136,"column":null}},"55":{"start":{"line":137,"column":4},"end":{"line":137,"column":null}},"56":{"start":{"line":139,"column":4},"end":{"line":172,"column":null}},"57":{"start":{"line":141,"column":25},"end":{"line":152,"column":null}},"58":{"start":{"line":155,"column":6},"end":{"line":157,"column":null}},"59":{"start":{"line":156,"column":8},"end":{"line":156,"column":null}},"60":{"start":{"line":159,"column":6},"end":{"line":165,"column":null}},"61":{"start":{"line":161,"column":8},"end":{"line":161,"column":null}},"62":{"start":{"line":162,"column":8},"end":{"line":162,"column":null}},"63":{"start":{"line":164,"column":8},"end":{"line":164,"column":null}},"64":{"start":{"line":167,"column":6},"end":{"line":167,"column":null}},"65":{"start":{"line":169,"column":6},"end":{"line":169,"column":null}},"66":{"start":{"line":171,"column":6},"end":{"line":171,"column":null}},"67":{"start":{"line":175,"column":2},"end":{"line":550,"column":null}},"68":{"start":{"line":181,"column":25},"end":{"line":181,"column":null}},"69":{"start":{"line":200,"column":31},"end":{"line":200,"column":null}},"70":{"start":{"line":533,"column":33},"end":{"line":533,"column":null}},"71":{"start":{"line":554,"column":0},"end":{"line":557,"column":null}}},"fnMap":{"0":{"name":"UserModal","decl":{"start":{"line":5,"column":9},"end":{"line":5,"column":19}},"loc":{"start":{"line":5,"column":38},"end":{"line":552,"column":null}},"line":5},"1":{"name":"(anonymous_1)","decl":{"start":{"line":26,"column":12},"end":{"line":26,"column":18}},"loc":{"start":{"line":26,"column":18},"end":{"line":43,"column":5}},"line":26},"2":{"name":"(anonymous_2)","decl":{"start":{"line":45,"column":23},"end":{"line":45,"column":24}},"loc":{"start":{"line":45,"column":30},"end":{"line":86,"column":null}},"line":45},"3":{"name":"(anonymous_3)","decl":{"start":{"line":67,"column":18},"end":{"line":67,"column":19}},"loc":{"start":{"line":67,"column":29},"end":{"line":70,"column":8}},"line":67},"4":{"name":"(anonymous_4)","decl":{"start":{"line":72,"column":18},"end":{"line":72,"column":19}},"loc":{"start":{"line":72,"column":29},"end":{"line":75,"column":8}},"line":72},"5":{"name":"(anonymous_5)","decl":{"start":{"line":80,"column":26},"end":{"line":80,"column":27}},"loc":{"start":{"line":80,"column":36},"end":{"line":84,"column":7}},"line":80},"6":{"name":"(anonymous_6)","decl":{"start":{"line":88,"column":23},"end":{"line":88,"column":29}},"loc":{"start":{"line":88,"column":29},"end":{"line":127,"column":null}},"line":88},"7":{"name":"(anonymous_7)","decl":{"start":{"line":129,"column":23},"end":{"line":129,"column":30}},"loc":{"start":{"line":129,"column":36},"end":{"line":173,"column":null}},"line":129},"8":{"name":"(anonymous_8)","decl":{"start":{"line":181,"column":19},"end":{"line":181,"column":25}},"loc":{"start":{"line":181,"column":25},"end":{"line":181,"column":null}},"line":181},"9":{"name":"(anonymous_9)","decl":{"start":{"line":200,"column":25},"end":{"line":200,"column":31}},"loc":{"start":{"line":200,"column":31},"end":{"line":200,"column":null}},"line":200},"10":{"name":"(anonymous_10)","decl":{"start":{"line":533,"column":27},"end":{"line":533,"column":33}},"loc":{"start":{"line":533,"column":33},"end":{"line":533,"column":null}},"line":533}},"branchMap":{"0":{"loc":{"start":{"line":27,"column":4},"end":{"line":42,"column":null}},"type":"if","locations":[{"start":{"line":27,"column":4},"end":{"line":42,"column":null}},{"start":{},"end":{}}],"line":27},"1":{"loc":{"start":{"line":29,"column":19},"end":{"line":29,"column":null}},"type":"binary-expr","locations":[{"start":{"line":29,"column":19},"end":{"line":29,"column":37}},{"start":{"line":29,"column":37},"end":{"line":29,"column":null}}],"line":29},"2":{"loc":{"start":{"line":30,"column":18},"end":{"line":30,"column":null}},"type":"binary-expr","locations":[{"start":{"line":30,"column":18},"end":{"line":30,"column":35}},{"start":{"line":30,"column":35},"end":{"line":30,"column":null}}],"line":30},"3":{"loc":{"start":{"line":31,"column":15},"end":{"line":31,"column":null}},"type":"binary-expr","locations":[{"start":{"line":31,"column":15},"end":{"line":31,"column":29}},{"start":{"line":31,"column":29},"end":{"line":31,"column":null}}],"line":31},"4":{"loc":{"start":{"line":34,"column":17},"end":{"line":34,"column":null}},"type":"binary-expr","locations":[{"start":{"line":34,"column":17},"end":{"line":34,"column":33}},{"start":{"line":34,"column":33},"end":{"line":34,"column":null}}],"line":34},"5":{"loc":{"start":{"line":35,"column":14},"end":{"line":35,"column":null}},"type":"binary-expr","locations":[{"start":{"line":35,"column":14},"end":{"line":35,"column":27}},{"start":{"line":35,"column":27},"end":{"line":35,"column":null}}],"line":35},"6":{"loc":{"start":{"line":36,"column":15},"end":{"line":36,"column":null}},"type":"binary-expr","locations":[{"start":{"line":36,"column":15},"end":{"line":36,"column":29}},{"start":{"line":36,"column":29},"end":{"line":36,"column":null}}],"line":36},"7":{"loc":{"start":{"line":37,"column":17},"end":{"line":37,"column":null}},"type":"binary-expr","locations":[{"start":{"line":37,"column":17},"end":{"line":37,"column":33}},{"start":{"line":37,"column":33},"end":{"line":37,"column":null}}],"line":37},"8":{"loc":{"start":{"line":38,"column":15},"end":{"line":38,"column":null}},"type":"binary-expr","locations":[{"start":{"line":38,"column":15},"end":{"line":38,"column":29}},{"start":{"line":38,"column":29},"end":{"line":38,"column":null}}],"line":38},"9":{"loc":{"start":{"line":39,"column":14},"end":{"line":39,"column":null}},"type":"binary-expr","locations":[{"start":{"line":39,"column":14},"end":{"line":39,"column":27}},{"start":{"line":39,"column":27},"end":{"line":39,"column":null}}],"line":39},"10":{"loc":{"start":{"line":40,"column":18},"end":{"line":40,"column":null}},"type":"cond-expr","locations":[{"start":{"line":40,"column":48},"end":{"line":40,"column":64}},{"start":{"line":40,"column":64},"end":{"line":40,"column":null}}],"line":40},"11":{"loc":{"start":{"line":49,"column":4},"end":{"line":76,"column":null}},"type":"if","locations":[{"start":{"line":49,"column":4},"end":{"line":76,"column":null}},{"start":{"line":71,"column":11},"end":{"line":76,"column":null}}],"line":49},"12":{"loc":{"start":{"line":58,"column":6},"end":{"line":65,"column":null}},"type":"if","locations":[{"start":{"line":58,"column":6},"end":{"line":65,"column":null}},{"start":{"line":60,"column":6},"end":{"line":65,"column":null}}],"line":58},"13":{"loc":{"start":{"line":58,"column":10},"end":{"line":58,"column":53}},"type":"binary-expr","locations":[{"start":{"line":58,"column":10},"end":{"line":58,"column":32}},{"start":{"line":58,"column":32},"end":{"line":58,"column":53}}],"line":58},"14":{"loc":{"start":{"line":60,"column":6},"end":{"line":65,"column":null}},"type":"if","locations":[{"start":{"line":60,"column":6},"end":{"line":65,"column":null}},{"start":{},"end":{}}],"line":60},"15":{"loc":{"start":{"line":74,"column":16},"end":{"line":74,"column":null}},"type":"cond-expr","locations":[{"start":{"line":74,"column":38},"end":{"line":74,"column":48}},{"start":{"line":74,"column":48},"end":{"line":74,"column":null}}],"line":74},"16":{"loc":{"start":{"line":79,"column":4},"end":{"line":85,"column":null}},"type":"if","locations":[{"start":{"line":79,"column":4},"end":{"line":85,"column":null}},{"start":{},"end":{}}],"line":79},"17":{"loc":{"start":{"line":91,"column":4},"end":{"line":93,"column":null}},"type":"if","locations":[{"start":{"line":91,"column":4},"end":{"line":93,"column":null}},{"start":{},"end":{}}],"line":91},"18":{"loc":{"start":{"line":95,"column":4},"end":{"line":97,"column":null}},"type":"if","locations":[{"start":{"line":95,"column":4},"end":{"line":97,"column":null}},{"start":{},"end":{}}],"line":95},"19":{"loc":{"start":{"line":99,"column":4},"end":{"line":103,"column":null}},"type":"if","locations":[{"start":{"line":99,"column":4},"end":{"line":103,"column":null}},{"start":{"line":101,"column":4},"end":{"line":103,"column":null}}],"line":99},"20":{"loc":{"start":{"line":101,"column":4},"end":{"line":103,"column":null}},"type":"if","locations":[{"start":{"line":101,"column":4},"end":{"line":103,"column":null}},{"start":{},"end":{}}],"line":101},"21":{"loc":{"start":{"line":105,"column":4},"end":{"line":115,"column":null}},"type":"if","locations":[{"start":{"line":105,"column":4},"end":{"line":115,"column":null}},{"start":{},"end":{}}],"line":105},"22":{"loc":{"start":{"line":105,"column":8},"end":{"line":105,"column":42}},"type":"binary-expr","locations":[{"start":{"line":105,"column":8},"end":{"line":105,"column":23}},{"start":{"line":105,"column":23},"end":{"line":105,"column":42}}],"line":105},"23":{"loc":{"start":{"line":106,"column":6},"end":{"line":110,"column":null}},"type":"if","locations":[{"start":{"line":106,"column":6},"end":{"line":110,"column":null}},{"start":{"line":108,"column":6},"end":{"line":110,"column":null}}],"line":106},"24":{"loc":{"start":{"line":108,"column":6},"end":{"line":110,"column":null}},"type":"if","locations":[{"start":{"line":108,"column":6},"end":{"line":110,"column":null}},{"start":{},"end":{}}],"line":108},"25":{"loc":{"start":{"line":112,"column":6},"end":{"line":114,"column":null}},"type":"if","locations":[{"start":{"line":112,"column":6},"end":{"line":114,"column":null}},{"start":{},"end":{}}],"line":112},"26":{"loc":{"start":{"line":117,"column":4},"end":{"line":119,"column":null}},"type":"if","locations":[{"start":{"line":117,"column":4},"end":{"line":119,"column":null}},{"start":{},"end":{}}],"line":117},"27":{"loc":{"start":{"line":117,"column":8},"end":{"line":117,"column":79}},"type":"binary-expr","locations":[{"start":{"line":117,"column":8},"end":{"line":117,"column":26}},{"start":{"line":117,"column":26},"end":{"line":117,"column":79}}],"line":117},"28":{"loc":{"start":{"line":121,"column":4},"end":{"line":123,"column":null}},"type":"if","locations":[{"start":{"line":121,"column":4},"end":{"line":123,"column":null}},{"start":{},"end":{}}],"line":121},"29":{"loc":{"start":{"line":121,"column":8},"end":{"line":121,"column":63}},"type":"binary-expr","locations":[{"start":{"line":121,"column":8},"end":{"line":121,"column":28}},{"start":{"line":121,"column":28},"end":{"line":121,"column":63}}],"line":121},"30":{"loc":{"start":{"line":132,"column":4},"end":{"line":134,"column":null}},"type":"if","locations":[{"start":{"line":132,"column":4},"end":{"line":134,"column":null}},{"start":{},"end":{}}],"line":132},"31":{"loc":{"start":{"line":155,"column":6},"end":{"line":157,"column":null}},"type":"if","locations":[{"start":{"line":155,"column":6},"end":{"line":157,"column":null}},{"start":{},"end":{}}],"line":155},"32":{"loc":{"start":{"line":159,"column":6},"end":{"line":165,"column":null}},"type":"if","locations":[{"start":{"line":159,"column":6},"end":{"line":165,"column":null}},{"start":{"line":163,"column":13},"end":{"line":165,"column":null}}],"line":159},"33":{"loc":{"start":{"line":169,"column":15},"end":{"line":169,"column":67}},"type":"binary-expr","locations":[{"start":{"line":169,"column":15},"end":{"line":169,"column":46}},{"start":{"line":169,"column":46},"end":{"line":169,"column":67}}],"line":169},"34":{"loc":{"start":{"line":197,"column":17},"end":{"line":197,"column":null}},"type":"cond-expr","locations":[{"start":{"line":197,"column":30},"end":{"line":197,"column":44}},{"start":{"line":197,"column":44},"end":{"line":197,"column":null}}],"line":197},"35":{"loc":{"start":{"line":220,"column":13},"end":{"line":223,"column":null}},"type":"binary-expr","locations":[{"start":{"line":220,"column":13},"end":{"line":220,"column":null}},{"start":{"line":221,"column":14},"end":{"line":223,"column":null}}],"line":220},"36":{"loc":{"start":{"line":244,"column":22},"end":{"line":246,"column":null}},"type":"cond-expr","locations":[{"start":{"line":245,"column":26},"end":{"line":245,"column":null}},{"start":{"line":246,"column":26},"end":{"line":246,"column":null}}],"line":244},"37":{"loc":{"start":{"line":249,"column":19},"end":{"line":252,"column":null}},"type":"binary-expr","locations":[{"start":{"line":249,"column":19},"end":{"line":249,"column":null}},{"start":{"line":250,"column":20},"end":{"line":252,"column":null}}],"line":249},"38":{"loc":{"start":{"line":271,"column":22},"end":{"line":273,"column":null}},"type":"cond-expr","locations":[{"start":{"line":272,"column":26},"end":{"line":272,"column":null}},{"start":{"line":273,"column":26},"end":{"line":273,"column":null}}],"line":271},"39":{"loc":{"start":{"line":276,"column":19},"end":{"line":279,"column":null}},"type":"binary-expr","locations":[{"start":{"line":276,"column":19},"end":{"line":276,"column":null}},{"start":{"line":277,"column":20},"end":{"line":279,"column":null}}],"line":276},"40":{"loc":{"start":{"line":299,"column":22},"end":{"line":301,"column":null}},"type":"cond-expr","locations":[{"start":{"line":300,"column":26},"end":{"line":300,"column":null}},{"start":{"line":301,"column":26},"end":{"line":301,"column":null}}],"line":299},"41":{"loc":{"start":{"line":303,"column":22},"end":{"line":303,"column":null}},"type":"cond-expr","locations":[{"start":{"line":303,"column":35},"end":{"line":303,"column":70}},{"start":{"line":303,"column":70},"end":{"line":303,"column":null}}],"line":303},"42":{"loc":{"start":{"line":306,"column":19},"end":{"line":309,"column":null}},"type":"binary-expr","locations":[{"start":{"line":306,"column":19},"end":{"line":306,"column":null}},{"start":{"line":307,"column":20},"end":{"line":309,"column":null}}],"line":306},"43":{"loc":{"start":{"line":320,"column":21},"end":{"line":320,"column":null}},"type":"binary-expr","locations":[{"start":{"line":320,"column":21},"end":{"line":320,"column":36}},{"start":{"line":320,"column":36},"end":{"line":320,"column":null}}],"line":320},"44":{"loc":{"start":{"line":321,"column":21},"end":{"line":324,"column":null}},"type":"binary-expr","locations":[{"start":{"line":321,"column":21},"end":{"line":321,"column":null}},{"start":{"line":322,"column":22},"end":{"line":324,"column":null}}],"line":321},"45":{"loc":{"start":{"line":335,"column":22},"end":{"line":337,"column":null}},"type":"cond-expr","locations":[{"start":{"line":336,"column":26},"end":{"line":336,"column":null}},{"start":{"line":337,"column":26},"end":{"line":337,"column":null}}],"line":335},"46":{"loc":{"start":{"line":340,"column":19},"end":{"line":343,"column":null}},"type":"binary-expr","locations":[{"start":{"line":340,"column":19},"end":{"line":340,"column":null}},{"start":{"line":341,"column":20},"end":{"line":343,"column":null}}],"line":340},"47":{"loc":{"start":{"line":354,"column":21},"end":{"line":354,"column":null}},"type":"binary-expr","locations":[{"start":{"line":354,"column":21},"end":{"line":354,"column":36}},{"start":{"line":354,"column":36},"end":{"line":354,"column":null}}],"line":354},"48":{"loc":{"start":{"line":364,"column":22},"end":{"line":366,"column":null}},"type":"cond-expr","locations":[{"start":{"line":365,"column":26},"end":{"line":365,"column":null}},{"start":{"line":366,"column":26},"end":{"line":366,"column":null}}],"line":364},"49":{"loc":{"start":{"line":369,"column":19},"end":{"line":372,"column":null}},"type":"binary-expr","locations":[{"start":{"line":369,"column":19},"end":{"line":369,"column":null}},{"start":{"line":370,"column":20},"end":{"line":372,"column":null}}],"line":369},"50":{"loc":{"start":{"line":392,"column":22},"end":{"line":394,"column":null}},"type":"cond-expr","locations":[{"start":{"line":393,"column":26},"end":{"line":393,"column":null}},{"start":{"line":394,"column":26},"end":{"line":394,"column":null}}],"line":392},"51":{"loc":{"start":{"line":397,"column":19},"end":{"line":400,"column":null}},"type":"binary-expr","locations":[{"start":{"line":397,"column":19},"end":{"line":397,"column":null}},{"start":{"line":398,"column":20},"end":{"line":400,"column":null}}],"line":397},"52":{"loc":{"start":{"line":477,"column":22},"end":{"line":479,"column":null}},"type":"cond-expr","locations":[{"start":{"line":478,"column":26},"end":{"line":478,"column":null}},{"start":{"line":479,"column":26},"end":{"line":479,"column":null}}],"line":477},"53":{"loc":{"start":{"line":482,"column":19},"end":{"line":485,"column":null}},"type":"binary-expr","locations":[{"start":{"line":482,"column":19},"end":{"line":482,"column":null}},{"start":{"line":483,"column":20},"end":{"line":485,"column":null}}],"line":482},"54":{"loc":{"start":{"line":543,"column":19},"end":{"line":543,"column":null}},"type":"cond-expr","locations":[{"start":{"line":543,"column":29},"end":{"line":543,"column":43}},{"start":{"line":543,"column":43},"end":{"line":543,"column":null}}],"line":543},"55":{"loc":{"start":{"line":543,"column":43},"end":{"line":543,"column":null}},"type":"cond-expr","locations":[{"start":{"line":543,"column":56},"end":{"line":543,"column":67}},{"start":{"line":543,"column":67},"end":{"line":543,"column":null}}],"line":543}},"s":{"0":3,"1":3,"2":3,"3":3,"4":3,"5":3,"6":2,"7":1,"8":3,"9":0,"10":0,"11":0,"12":0,"13":0,"14":0,"15":0,"16":0,"17":0,"18":0,"19":0,"20":0,"21":0,"22":0,"23":0,"24":0,"25":0,"26":0,"27":3,"28":0,"29":0,"30":0,"31":0,"32":0,"33":0,"34":0,"35":0,"36":0,"37":0,"38":0,"39":0,"40":0,"41":0,"42":0,"43":0,"44":0,"45":0,"46":0,"47":0,"48":0,"49":0,"50":3,"51":0,"52":0,"53":0,"54":0,"55":0,"56":0,"57":0,"58":0,"59":0,"60":0,"61":0,"62":0,"63":0,"64":0,"65":0,"66":0,"67":3,"68":0,"69":0,"70":0,"71":2},"f":{"0":3,"1":2,"2":0,"3":0,"4":0,"5":0,"6":0,"7":0,"8":0,"9":0,"10":0},"b":{"0":[1,1],"1":[1,0],"2":[1,0],"3":[1,0],"4":[1,1],"5":[1,1],"6":[1,1],"7":[1,1],"8":[1,1],"9":[1,0],"10":[1,0],"11":[0,0],"12":[0,0],"13":[0,0],"14":[0,0],"15":[0,0],"16":[0,0],"17":[0,0],"18":[0,0],"19":[0,0],"20":[0,0],"21":[0,0],"22":[0,0],"23":[0,0],"24":[0,0],"25":[0,0],"26":[0,0],"27":[0,0],"28":[0,0],"29":[0,0],"30":[0,0],"31":[0,0],"32":[0,0],"33":[0,0],"34":[2,1],"35":[3,0],"36":[0,3],"37":[3,0],"38":[0,3],"39":[3,0],"40":[0,3],"41":[2,1],"42":[3,0],"43":[3,1],"44":[3,2],"45":[0,3],"46":[3,0],"47":[3,1],"48":[0,3],"49":[3,0],"50":[0,3],"51":[3,0],"52":[0,3],"53":[3,0],"54":[0,3],"55":[2,1]},"meta":{"lastBranch":56,"lastFunction":11,"lastStatement":72,"seen":{"f:5:9:5:19":0,"s:6:30:19:Infinity":0,"s:20:28:20:Infinity":1,"s:21:24:21:Infinity":2,"s:22:46:22:Infinity":3,"s:24:21:24:Infinity":4,"s:26:2:43:Infinity":5,"f:26:12:26:18":1,"b:27:4:42:Infinity:undefined:undefined:undefined:undefined":0,"s:27:4:42:Infinity":6,"s:28:6:41:Infinity":7,"b:29:19:29:37:29:37:29:Infinity":1,"b:30:18:30:35:30:35:30:Infinity":2,"b:31:15:31:29:31:29:31:Infinity":3,"b:34:17:34:33:34:33:34:Infinity":4,"b:35:14:35:27:35:27:35:Infinity":5,"b:36:15:36:29:36:29:36:Infinity":6,"b:37:17:37:33:37:33:37:Infinity":7,"b:38:15:38:29:38:29:38:Infinity":8,"b:39:14:39:27:39:27:39:Infinity":9,"b:40:48:40:64:40:64:40:Infinity":10,"s:45:23:86:Infinity":8,"f:45:23:45:24":2,"s:46:43:46:Infinity":9,"b:49:4:76:Infinity:71:11:76:Infinity":11,"s:49:4:76:Infinity":10,"s:51:22:51:Infinity":11,"s:54:22:54:Infinity":12,"s:57:22:57:Infinity":13,"b:58:6:65:Infinity:60:6:65:Infinity":12,"s:58:6:65:Infinity":14,"b:58:10:58:32:58:32:58:53":13,"s:59:8:59:Infinity":15,"b:60:6:65:Infinity:undefined:undefined:undefined:undefined":14,"s:60:6:65:Infinity":16,"s:61:8:64:Infinity":17,"s:67:6:70:Infinity":18,"f:67:18:67:19":3,"s:67:29:70:8":19,"s:72:6:75:Infinity":20,"f:72:18:72:19":4,"s:72:29:75:8":21,"b:74:38:74:48:74:48:74:Infinity":15,"b:79:4:85:Infinity:undefined:undefined:undefined:undefined":16,"s:79:4:85:Infinity":22,"s:80:6:84:Infinity":23,"f:80:26:80:27":5,"s:81:26:81:Infinity":24,"s:82:8:82:Infinity":25,"s:83:8:83:Infinity":26,"s:88:23:127:Infinity":27,"f:88:23:88:29":6,"s:89:19:89:Infinity":28,"b:91:4:93:Infinity:undefined:undefined:undefined:undefined":17,"s:91:4:93:Infinity":29,"s:92:6:92:Infinity":30,"b:95:4:97:Infinity:undefined:undefined:undefined:undefined":18,"s:95:4:97:Infinity":31,"s:96:6:96:Infinity":32,"b:99:4:103:Infinity:101:4:103:Infinity":19,"s:99:4:103:Infinity":33,"s:100:6:100:Infinity":34,"b:101:4:103:Infinity:undefined:undefined:undefined:undefined":20,"s:101:4:103:Infinity":35,"s:102:6:102:Infinity":36,"b:105:4:115:Infinity:undefined:undefined:undefined:undefined":21,"s:105:4:115:Infinity":37,"b:105:8:105:23:105:23:105:42":22,"b:106:6:110:Infinity:108:6:110:Infinity":23,"s:106:6:110:Infinity":38,"s:107:8:107:Infinity":39,"b:108:6:110:Infinity:undefined:undefined:undefined:undefined":24,"s:108:6:110:Infinity":40,"s:109:8:109:Infinity":41,"b:112:6:114:Infinity:undefined:undefined:undefined:undefined":25,"s:112:6:114:Infinity":42,"s:113:8:113:Infinity":43,"b:117:4:119:Infinity:undefined:undefined:undefined:undefined":26,"s:117:4:119:Infinity":44,"b:117:8:117:26:117:26:117:79":27,"s:118:6:118:Infinity":45,"b:121:4:123:Infinity:undefined:undefined:undefined:undefined":28,"s:121:4:123:Infinity":46,"b:121:8:121:28:121:28:121:63":29,"s:122:6:122:Infinity":47,"s:125:4:125:Infinity":48,"s:126:4:126:Infinity":49,"s:129:23:173:Infinity":50,"f:129:23:129:30":7,"s:130:4:130:Infinity":51,"b:132:4:134:Infinity:undefined:undefined:undefined:undefined":30,"s:132:4:134:Infinity":52,"s:133:6:133:Infinity":53,"s:136:4:136:Infinity":54,"s:137:4:137:Infinity":55,"s:139:4:172:Infinity":56,"s:141:25:152:Infinity":57,"b:155:6:157:Infinity:undefined:undefined:undefined:undefined":31,"s:155:6:157:Infinity":58,"s:156:8:156:Infinity":59,"b:159:6:165:Infinity:163:13:165:Infinity":32,"s:159:6:165:Infinity":60,"s:161:8:161:Infinity":61,"s:162:8:162:Infinity":62,"s:164:8:164:Infinity":63,"s:167:6:167:Infinity":64,"s:169:6:169:Infinity":65,"b:169:15:169:46:169:46:169:67":33,"s:171:6:171:Infinity":66,"s:175:2:550:Infinity":67,"f:181:19:181:25":8,"s:181:25:181:Infinity":68,"b:197:30:197:44:197:44:197:Infinity":34,"f:200:25:200:31":9,"s:200:31:200:Infinity":69,"b:220:13:220:Infinity:221:14:223:Infinity":35,"b:245:26:245:Infinity:246:26:246:Infinity":36,"b:249:19:249:Infinity:250:20:252:Infinity":37,"b:272:26:272:Infinity:273:26:273:Infinity":38,"b:276:19:276:Infinity:277:20:279:Infinity":39,"b:300:26:300:Infinity:301:26:301:Infinity":40,"b:303:35:303:70:303:70:303:Infinity":41,"b:306:19:306:Infinity:307:20:309:Infinity":42,"b:320:21:320:36:320:36:320:Infinity":43,"b:321:21:321:Infinity:322:22:324:Infinity":44,"b:336:26:336:Infinity:337:26:337:Infinity":45,"b:340:19:340:Infinity:341:20:343:Infinity":46,"b:354:21:354:36:354:36:354:Infinity":47,"b:365:26:365:Infinity:366:26:366:Infinity":48,"b:369:19:369:Infinity:370:20:372:Infinity":49,"b:393:26:393:Infinity:394:26:394:Infinity":50,"b:397:19:397:Infinity:398:20:400:Infinity":51,"b:478:26:478:Infinity:479:26:479:Infinity":52,"b:482:19:482:Infinity:483:20:485:Infinity":53,"f:533:27:533:33":10,"s:533:33:533:Infinity":70,"b:543:29:543:43:543:43:543:Infinity":54,"b:543:56:543:67:543:67:543:Infinity":55,"s:554:0:557:Infinity":71}}}
,"/Users/greg/purdue-bootcamp/capstone-project/PurdueUniversity-Capstone-Project-LearnEasePro/frontend/src/models/User.js": {"path":"/Users/greg/purdue-bootcamp/capstone-project/PurdueUniversity-Capstone-Project-LearnEasePro/frontend/src/models/User.js","statementMap":{"0":{"start":{"line":7,"column":4},"end":{"line":7,"column":null}},"1":{"start":{"line":8,"column":4},"end":{"line":8,"column":null}},"2":{"start":{"line":9,"column":4},"end":{"line":9,"column":null}},"3":{"start":{"line":10,"column":4},"end":{"line":10,"column":null}},"4":{"start":{"line":11,"column":4},"end":{"line":11,"column":null}},"5":{"start":{"line":12,"column":4},"end":{"line":12,"column":null}},"6":{"start":{"line":13,"column":4},"end":{"line":13,"column":null}},"7":{"start":{"line":14,"column":4},"end":{"line":14,"column":null}},"8":{"start":{"line":15,"column":4},"end":{"line":15,"column":null}},"9":{"start":{"line":16,"column":4},"end":{"line":16,"column":null}},"10":{"start":{"line":17,"column":4},"end":{"line":17,"column":null}},"11":{"start":{"line":18,"column":4},"end":{"line":18,"column":null}},"12":{"start":{"line":19,"column":4},"end":{"line":19,"column":null}},"13":{"start":{"line":23,"column":4},"end":{"line":23,"column":null}},"14":{"start":{"line":27,"column":4},"end":{"line":27,"column":null}},"15":{"start":{"line":31,"column":4},"end":{"line":31,"column":null}},"16":{"start":{"line":35,"column":4},"end":{"line":35,"column":null}},"17":{"start":{"line":39,"column":4},"end":{"line":50,"column":null}}},"fnMap":{"0":{"name":"(anonymous_0)","decl":{"start":{"line":6,"column":2},"end":{"line":6,"column":13}},"loc":{"start":{"line":6,"column":25},"end":{"line":20,"column":null}},"line":6},"1":{"name":"(anonymous_1)","decl":{"start":{"line":22,"column":6},"end":{"line":22,"column":14}},"loc":{"start":{"line":22,"column":17},"end":{"line":24,"column":null}},"line":22},"2":{"name":"(anonymous_2)","decl":{"start":{"line":26,"column":6},"end":{"line":26,"column":13}},"loc":{"start":{"line":26,"column":16},"end":{"line":28,"column":null}},"line":26},"3":{"name":"(anonymous_3)","decl":{"start":{"line":30,"column":6},"end":{"line":30,"column":15}},"loc":{"start":{"line":30,"column":18},"end":{"line":32,"column":null}},"line":30},"4":{"name":"(anonymous_4)","decl":{"start":{"line":34,"column":6},"end":{"line":34,"column":15}},"loc":{"start":{"line":34,"column":18},"end":{"line":36,"column":null}},"line":34},"5":{"name":"(anonymous_5)","decl":{"start":{"line":38,"column":2},"end":{"line":38,"column":8}},"loc":{"start":{"line":38,"column":11},"end":{"line":51,"column":null}},"line":38}},"branchMap":{"0":{"loc":{"start":{"line":6,"column":14},"end":{"line":6,"column":23}},"type":"default-arg","locations":[{"start":{"line":6,"column":21},"end":{"line":6,"column":23}}],"line":6},"1":{"loc":{"start":{"line":7,"column":14},"end":{"line":7,"column":41}},"type":"binary-expr","locations":[{"start":{"line":7,"column":14},"end":{"line":7,"column":21}},{"start":{"line":7,"column":25},"end":{"line":7,"column":33}},{"start":{"line":7,"column":37},"end":{"line":7,"column":41}}],"line":7},"2":{"loc":{"start":{"line":8,"column":21},"end":{"line":8,"column":41}},"type":"binary-expr","locations":[{"start":{"line":8,"column":21},"end":{"line":8,"column":35}},{"start":{"line":8,"column":39},"end":{"line":8,"column":41}}],"line":8},"3":{"loc":{"start":{"line":9,"column":20},"end":{"line":9,"column":39}},"type":"binary-expr","locations":[{"start":{"line":9,"column":20},"end":{"line":9,"column":33}},{"start":{"line":9,"column":37},"end":{"line":9,"column":39}}],"line":9},"4":{"loc":{"start":{"line":10,"column":17},"end":{"line":10,"column":33}},"type":"binary-expr","locations":[{"start":{"line":10,"column":17},"end":{"line":10,"column":27}},{"start":{"line":10,"column":31},"end":{"line":10,"column":33}}],"line":10},"5":{"loc":{"start":{"line":11,"column":16},"end":{"line":11,"column":38}},"type":"binary-expr","locations":[{"start":{"line":11,"column":16},"end":{"line":11,"column":25}},{"start":{"line":11,"column":29},"end":{"line":11,"column":38}}],"line":11},"6":{"loc":{"start":{"line":12,"column":19},"end":{"line":12,"column":37}},"type":"binary-expr","locations":[{"start":{"line":12,"column":19},"end":{"line":12,"column":31}},{"start":{"line":12,"column":35},"end":{"line":12,"column":37}}],"line":12},"7":{"loc":{"start":{"line":13,"column":16},"end":{"line":13,"column":31}},"type":"binary-expr","locations":[{"start":{"line":13,"column":16},"end":{"line":13,"column":25}},{"start":{"line":13,"column":29},"end":{"line":13,"column":31}}],"line":13},"8":{"loc":{"start":{"line":14,"column":17},"end":{"line":14,"column":33}},"type":"binary-expr","locations":[{"start":{"line":14,"column":17},"end":{"line":14,"column":27}},{"start":{"line":14,"column":31},"end":{"line":14,"column":33}}],"line":14},"9":{"loc":{"start":{"line":15,"column":19},"end":{"line":15,"column":37}},"type":"binary-expr","locations":[{"start":{"line":15,"column":19},"end":{"line":15,"column":31}},{"start":{"line":15,"column":35},"end":{"line":15,"column":37}}],"line":15},"10":{"loc":{"start":{"line":16,"column":17},"end":{"line":16,"column":33}},"type":"binary-expr","locations":[{"start":{"line":16,"column":17},"end":{"line":16,"column":27}},{"start":{"line":16,"column":31},"end":{"line":16,"column":33}}],"line":16},"11":{"loc":{"start":{"line":17,"column":20},"end":{"line":17,"column":70}},"type":"cond-expr","locations":[{"start":{"line":17,"column":50},"end":{"line":17,"column":63}},{"start":{"line":17,"column":66},"end":{"line":17,"column":70}}],"line":17},"12":{"loc":{"start":{"line":18,"column":21},"end":{"line":18,"column":43}},"type":"binary-expr","locations":[{"start":{"line":18,"column":21},"end":{"line":18,"column":35}},{"start":{"line":18,"column":39},"end":{"line":18,"column":43}}],"line":18},"13":{"loc":{"start":{"line":19,"column":21},"end":{"line":19,"column":43}},"type":"binary-expr","locations":[{"start":{"line":19,"column":21},"end":{"line":19,"column":35}},{"start":{"line":19,"column":39},"end":{"line":19,"column":43}}],"line":19}},"s":{"0":23,"1":23,"2":23,"3":23,"4":23,"5":23,"6":23,"7":23,"8":23,"9":23,"10":23,"11":23,"12":23,"13":5,"14":3,"15":4,"16":3,"17":3},"f":{"0":23,"1":5,"2":3,"3":4,"4":3,"5":3},"b":{"0":[23],"1":[23,19,18],"2":[23,16],"3":[23,18],"4":[23,21],"5":[23,12],"6":[23,21],"7":[23,21],"8":[23,21],"9":[23,21],"10":[23,21],"11":[3,20],"12":[23,20],"13":[23,20]},"meta":{"lastBranch":14,"lastFunction":6,"lastStatement":18,"seen":{"f:6:2:6:13":0,"b:6:21:6:23":0,"s:7:4:7:Infinity":0,"b:7:14:7:21:7:25:7:33:7:37:7:41":1,"s:8:4:8:Infinity":1,"b:8:21:8:35:8:39:8:41":2,"s:9:4:9:Infinity":2,"b:9:20:9:33:9:37:9:39":3,"s:10:4:10:Infinity":3,"b:10:17:10:27:10:31:10:33":4,"s:11:4:11:Infinity":4,"b:11:16:11:25:11:29:11:38":5,"s:12:4:12:Infinity":5,"b:12:19:12:31:12:35:12:37":6,"s:13:4:13:Infinity":6,"b:13:16:13:25:13:29:13:31":7,"s:14:4:14:Infinity":7,"b:14:17:14:27:14:31:14:33":8,"s:15:4:15:Infinity":8,"b:15:19:15:31:15:35:15:37":9,"s:16:4:16:Infinity":9,"b:16:17:16:27:16:31:16:33":10,"s:17:4:17:Infinity":10,"b:17:50:17:63:17:66:17:70":11,"s:18:4:18:Infinity":11,"b:18:21:18:35:18:39:18:43":12,"s:19:4:19:Infinity":12,"b:19:21:19:35:19:39:19:43":13,"f:22:6:22:14":1,"s:23:4:23:Infinity":13,"f:26:6:26:13":2,"s:27:4:27:Infinity":14,"f:30:6:30:15":3,"s:31:4:31:Infinity":15,"f:34:6:34:15":4,"s:35:4:35:Infinity":16,"f:38:2:38:8":5,"s:39:4:50:Infinity":17}}}
,"/Users/greg/purdue-bootcamp/capstone-project/PurdueUniversity-Capstone-Project-LearnEasePro/frontend/src/services/api.js": {"path":"/Users/greg/purdue-bootcamp/capstone-project/PurdueUniversity-Capstone-Project-LearnEasePro/frontend/src/services/api.js","statementMap":{"0":{"start":{"line":4,"column":12},"end":{"line":9,"column":2}},"1":{"start":{"line":12,"column":0},"end":{"line":23,"column":null}},"2":{"start":{"line":14,"column":18},"end":{"line":14,"column":47}},"3":{"start":{"line":15,"column":4},"end":{"line":17,"column":null}},"4":{"start":{"line":16,"column":6},"end":{"line":16,"column":null}},"5":{"start":{"line":18,"column":4},"end":{"line":18,"column":null}},"6":{"start":{"line":21,"column":4},"end":{"line":21,"column":null}},"7":{"start":{"line":26,"column":0},"end":{"line":41,"column":null}},"8":{"start":{"line":27,"column":16},"end":{"line":27,"column":24}},"9":{"start":{"line":29,"column":4},"end":{"line":38,"column":null}},"10":{"start":{"line":31,"column":6},"end":{"line":31,"column":null}},"11":{"start":{"line":32,"column":6},"end":{"line":32,"column":null}},"12":{"start":{"line":35,"column":6},"end":{"line":37,"column":null}},"13":{"start":{"line":36,"column":8},"end":{"line":36,"column":null}},"14":{"start":{"line":39,"column":4},"end":{"line":39,"column":null}}},"fnMap":{"0":{"name":"(anonymous_0)","decl":{"start":{"line":13,"column":2},"end":{"line":13,"column":3}},"loc":{"start":{"line":13,"column":14},"end":{"line":19,"column":3}},"line":13},"1":{"name":"(anonymous_1)","decl":{"start":{"line":20,"column":2},"end":{"line":20,"column":3}},"loc":{"start":{"line":20,"column":13},"end":{"line":22,"column":null}},"line":20},"2":{"name":"(anonymous_2)","decl":{"start":{"line":27,"column":2},"end":{"line":27,"column":3}},"loc":{"start":{"line":27,"column":16},"end":{"line":27,"column":24}},"line":27},"3":{"name":"(anonymous_3)","decl":{"start":{"line":28,"column":2},"end":{"line":28,"column":3}},"loc":{"start":{"line":28,"column":13},"end":{"line":40,"column":null}},"line":28}},"branchMap":{"0":{"loc":{"start":{"line":15,"column":4},"end":{"line":17,"column":null}},"type":"if","locations":[{"start":{"line":15,"column":4},"end":{"line":17,"column":null}},{"start":{},"end":{}}],"line":15},"1":{"loc":{"start":{"line":29,"column":4},"end":{"line":38,"column":null}},"type":"if","locations":[{"start":{"line":29,"column":4},"end":{"line":38,"column":null}},{"start":{},"end":{}}],"line":29},"2":{"loc":{"start":{"line":35,"column":6},"end":{"line":37,"column":null}},"type":"if","locations":[{"start":{"line":35,"column":6},"end":{"line":37,"column":null}},{"start":{},"end":{}}],"line":35}},"s":{"0":4,"1":4,"2":1,"3":1,"4":0,"5":1,"6":1,"7":4,"8":1,"9":3,"10":2,"11":2,"12":2,"13":1,"14":3},"f":{"0":1,"1":1,"2":1,"3":3},"b":{"0":[0,1],"1":[2,1],"2":[1,1]},"meta":{"lastBranch":3,"lastFunction":4,"lastStatement":15,"seen":{"s:4:12:9:2":0,"s:12:0:23:Infinity":1,"f:13:2:13:3":0,"s:14:18:14:47":2,"b:15:4:17:Infinity:undefined:undefined:undefined:undefined":0,"s:15:4:17:Infinity":3,"s:16:6:16:Infinity":4,"s:18:4:18:Infinity":5,"f:20:2:20:3":1,"s:21:4:21:Infinity":6,"s:26:0:41:Infinity":7,"f:27:2:27:3":2,"s:27:16:27:24":8,"f:28:2:28:3":3,"b:29:4:38:Infinity:undefined:undefined:undefined:undefined":1,"s:29:4:38:Infinity":9,"s:31:6:31:Infinity":10,"s:32:6:32:Infinity":11,"b:35:6:37:Infinity:undefined:undefined:undefined:undefined":2,"s:35:6:37:Infinity":12,"s:36:8:36:Infinity":13,"s:39:4:39:Infinity":14}}}
,"/Users/greg/purdue-bootcamp/capstone-project/PurdueUniversity-Capstone-Project-LearnEasePro/frontend/src/services/authService.js": {"path":"/Users/greg/purdue-bootcamp/capstone-project/PurdueUniversity-Capstone-Project-LearnEasePro/frontend/src/services/authService.js","statementMap":{"0":{"start":{"line":7,"column":27},"end":{"line":94,"column":1}},"1":{"start":{"line":14,"column":21},"end":{"line":14,"column":64}},"2":{"start":{"line":15,"column":4},"end":{"line":17,"column":null}},"3":{"start":{"line":16,"column":6},"end":{"line":16,"column":null}},"4":{"start":{"line":18,"column":4},"end":{"line":20,"column":null}},"5":{"start":{"line":19,"column":6},"end":{"line":19,"column":null}},"6":{"start":{"line":21,"column":4},"end":{"line":21,"column":null}},"7":{"start":{"line":30,"column":21},"end":{"line":30,"column":64}},"8":{"start":{"line":31,"column":4},"end":{"line":33,"column":null}},"9":{"start":{"line":32,"column":6},"end":{"line":32,"column":null}},"10":{"start":{"line":34,"column":4},"end":{"line":36,"column":null}},"11":{"start":{"line":35,"column":6},"end":{"line":35,"column":null}},"12":{"start":{"line":37,"column":4},"end":{"line":37,"column":null}},"13":{"start":{"line":44,"column":4},"end":{"line":44,"column":null}},"14":{"start":{"line":45,"column":4},"end":{"line":45,"column":null}},"15":{"start":{"line":54,"column":20},"end":{"line":54,"column":48}},"16":{"start":{"line":55,"column":4},"end":{"line":61,"column":null}},"17":{"start":{"line":56,"column":6},"end":{"line":60,"column":null}},"18":{"start":{"line":57,"column":8},"end":{"line":57,"column":null}},"19":{"start":{"line":64,"column":18},"end":{"line":64,"column":47}},"20":{"start":{"line":65,"column":4},"end":{"line":65,"column":null}},"21":{"start":{"line":65,"column":16},"end":{"line":65,"column":null}},"22":{"start":{"line":67,"column":4},"end":{"line":75,"column":null}},"23":{"start":{"line":69,"column":24},"end":{"line":69,"column":43}},"24":{"start":{"line":70,"column":21},"end":{"line":70,"column":68}},"25":{"start":{"line":71,"column":22},"end":{"line":71,"column":53}},"26":{"start":{"line":72,"column":6},"end":{"line":72,"column":null}},"27":{"start":{"line":74,"column":6},"end":{"line":74,"column":null}},"28":{"start":{"line":83,"column":4},"end":{"line":83,"column":null}},"29":{"start":{"line":91,"column":17},"end":{"line":91,"column":45}},"30":{"start":{"line":92,"column":4},"end":{"line":92,"column":null}}},"fnMap":{"0":{"name":"(anonymous_0)","decl":{"start":{"line":13,"column":9},"end":{"line":13,"column":14}},"loc":{"start":{"line":13,"column":32},"end":{"line":22,"column":3}},"line":13},"1":{"name":"(anonymous_1)","decl":{"start":{"line":29,"column":12},"end":{"line":29,"column":17}},"loc":{"start":{"line":29,"column":32},"end":{"line":38,"column":3}},"line":29},"2":{"name":"(anonymous_2)","decl":{"start":{"line":43,"column":10},"end":{"line":43,"column":11}},"loc":{"start":{"line":43,"column":16},"end":{"line":46,"column":3}},"line":43},"3":{"name":"(anonymous_3)","decl":{"start":{"line":52,"column":18},"end":{"line":52,"column":19}},"loc":{"start":{"line":52,"column":24},"end":{"line":76,"column":3}},"line":52},"4":{"name":"(anonymous_4)","decl":{"start":{"line":82,"column":19},"end":{"line":82,"column":20}},"loc":{"start":{"line":82,"column":25},"end":{"line":84,"column":3}},"line":82},"5":{"name":"(anonymous_5)","decl":{"start":{"line":90,"column":11},"end":{"line":90,"column":12}},"loc":{"start":{"line":90,"column":17},"end":{"line":93,"column":3}},"line":90}},"branchMap":{"0":{"loc":{"start":{"line":15,"column":4},"end":{"line":17,"column":null}},"type":"if","locations":[{"start":{"line":15,"column":4},"end":{"line":17,"column":null}},{"start":{},"end":{}}],"line":15},"1":{"loc":{"start":{"line":18,"column":4},"end":{"line":20,"column":null}},"type":"if","locations":[{"start":{"line":18,"column":4},"end":{"line":20,"column":null}},{"start":{},"end":{}}],"line":18},"2":{"loc":{"start":{"line":31,"column":4},"end":{"line":33,"column":null}},"type":"if","locations":[{"start":{"line":31,"column":4},"end":{"line":33,"column":null}},{"start":{},"end":{}}],"line":31},"3":{"loc":{"start":{"line":34,"column":4},"end":{"line":36,"column":null}},"type":"if","locations":[{"start":{"line":34,"column":4},"end":{"line":36,"column":null}},{"start":{},"end":{}}],"line":34},"4":{"loc":{"start":{"line":55,"column":4},"end":{"line":61,"column":null}},"type":"if","locations":[{"start":{"line":55,"column":4},"end":{"line":61,"column":null}},{"start":{},"end":{}}],"line":55},"5":{"loc":{"start":{"line":65,"column":4},"end":{"line":65,"column":null}},"type":"if","locations":[{"start":{"line":65,"column":4},"end":{"line":65,"column":null}},{"start":{},"end":{}}],"line":65},"6":{"loc":{"start":{"line":92,"column":11},"end":{"line":92,"column":40}},"type":"binary-expr","locations":[{"start":{"line":92,"column":11},"end":{"line":92,"column":15}},{"start":{"line":92,"column":19},"end":{"line":92,"column":40}}],"line":92}},"s":{"0":1,"1":2,"2":2,"3":2,"4":2,"5":2,"6":2,"7":2,"8":2,"9":2,"10":2,"11":2,"12":2,"13":2,"14":2,"15":9,"16":9,"17":7,"18":7,"19":8,"20":8,"21":2,"22":6,"23":6,"24":6,"25":6,"26":6,"27":2,"28":2,"29":4,"30":4},"f":{"0":2,"1":2,"2":2,"3":9,"4":2,"5":4},"b":{"0":[2,0],"1":[2,0],"2":[2,0],"3":[2,0],"4":[7,2],"5":[2,6],"6":[4,2]},"meta":{"lastBranch":7,"lastFunction":6,"lastStatement":31,"seen":{"s:7:27:94:1":0,"f:13:9:13:14":0,"s:14:21:14:64":1,"b:15:4:17:Infinity:undefined:undefined:undefined:undefined":0,"s:15:4:17:Infinity":2,"s:16:6:16:Infinity":3,"b:18:4:20:Infinity:undefined:undefined:undefined:undefined":1,"s:18:4:20:Infinity":4,"s:19:6:19:Infinity":5,"s:21:4:21:Infinity":6,"f:29:12:29:17":1,"s:30:21:30:64":7,"b:31:4:33:Infinity:undefined:undefined:undefined:undefined":2,"s:31:4:33:Infinity":8,"s:32:6:32:Infinity":9,"b:34:4:36:Infinity:undefined:undefined:undefined:undefined":3,"s:34:4:36:Infinity":10,"s:35:6:35:Infinity":11,"s:37:4:37:Infinity":12,"f:43:10:43:11":2,"s:44:4:44:Infinity":13,"s:45:4:45:Infinity":14,"f:52:18:52:19":3,"s:54:20:54:48":15,"b:55:4:61:Infinity:undefined:undefined:undefined:undefined":4,"s:55:4:61:Infinity":16,"s:56:6:60:Infinity":17,"s:57:8:57:Infinity":18,"s:64:18:64:47":19,"b:65:4:65:Infinity:undefined:undefined:undefined:undefined":5,"s:65:4:65:Infinity":20,"s:65:16:65:Infinity":21,"s:67:4:75:Infinity":22,"s:69:24:69:43":23,"s:70:21:70:68":24,"s:71:22:71:53":25,"s:72:6:72:Infinity":26,"s:74:6:74:Infinity":27,"f:82:19:82:20":4,"s:83:4:83:Infinity":28,"f:90:11:90:12":5,"s:91:17:91:45":29,"s:92:4:92:Infinity":30,"b:92:11:92:15:92:19:92:40":6}}}
,"/Users/greg/purdue-bootcamp/capstone-project/PurdueUniversity-Capstone-Project-LearnEasePro/frontend/src/services/userService.js": {"path":"/Users/greg/purdue-bootcamp/capstone-project/PurdueUniversity-Capstone-Project-LearnEasePro/frontend/src/services/userService.js","statementMap":{"0":{"start":{"line":7,"column":27},"end":{"line":69,"column":1}},"1":{"start":{"line":16,"column":19},"end":{"line":19,"column":6}},"2":{"start":{"line":21,"column":4},"end":{"line":23,"column":null}},"3":{"start":{"line":22,"column":6},"end":{"line":22,"column":null}},"4":{"start":{"line":25,"column":21},"end":{"line":25,"column":65}},"5":{"start":{"line":26,"column":4},"end":{"line":26,"column":null}},"6":{"start":{"line":35,"column":21},"end":{"line":35,"column":50}},"7":{"start":{"line":36,"column":4},"end":{"line":36,"column":null}},"8":{"start":{"line":45,"column":21},"end":{"line":45,"column":55}},"9":{"start":{"line":46,"column":4},"end":{"line":46,"column":null}},"10":{"start":{"line":56,"column":21},"end":{"line":56,"column":60}},"11":{"start":{"line":57,"column":4},"end":{"line":57,"column":null}},"12":{"start":{"line":66,"column":21},"end":{"line":66,"column":53}},"13":{"start":{"line":67,"column":4},"end":{"line":67,"column":null}}},"fnMap":{"0":{"name":"(anonymous_0)","decl":{"start":{"line":15,"column":15},"end":{"line":15,"column":20}},"loc":{"start":{"line":15,"column":60},"end":{"line":27,"column":3}},"line":15},"1":{"name":"(anonymous_1)","decl":{"start":{"line":34,"column":15},"end":{"line":34,"column":20}},"loc":{"start":{"line":34,"column":29},"end":{"line":37,"column":3}},"line":34},"2":{"name":"(anonymous_2)","decl":{"start":{"line":44,"column":14},"end":{"line":44,"column":19}},"loc":{"start":{"line":44,"column":34},"end":{"line":47,"column":3}},"line":44},"3":{"name":"(anonymous_3)","decl":{"start":{"line":55,"column":14},"end":{"line":55,"column":19}},"loc":{"start":{"line":55,"column":38},"end":{"line":58,"column":3}},"line":55},"4":{"name":"(anonymous_4)","decl":{"start":{"line":65,"column":14},"end":{"line":65,"column":19}},"loc":{"start":{"line":65,"column":28},"end":{"line":68,"column":3}},"line":65}},"branchMap":{"0":{"loc":{"start":{"line":15,"column":22},"end":{"line":15,"column":30}},"type":"default-arg","locations":[{"start":{"line":15,"column":29},"end":{"line":15,"column":30}}],"line":15},"1":{"loc":{"start":{"line":15,"column":32},"end":{"line":15,"column":42}},"type":"default-arg","locations":[{"start":{"line":15,"column":40},"end":{"line":15,"column":42}}],"line":15},"2":{"loc":{"start":{"line":15,"column":44},"end":{"line":15,"column":55}},"type":"default-arg","locations":[{"start":{"line":15,"column":53},"end":{"line":15,"column":55}}],"line":15},"3":{"loc":{"start":{"line":21,"column":4},"end":{"line":23,"column":null}},"type":"if","locations":[{"start":{"line":21,"column":4},"end":{"line":23,"column":null}},{"start":{},"end":{}}],"line":21}},"s":{"0":2,"1":3,"2":3,"3":1,"4":3,"5":2,"6":2,"7":1,"8":0,"9":0,"10":2,"11":1,"12":2,"13":1},"f":{"0":3,"1":2,"2":0,"3":2,"4":2},"b":{"0":[3],"1":[3],"2":[3],"3":[1,2]},"meta":{"lastBranch":4,"lastFunction":5,"lastStatement":14,"seen":{"s:7:27:69:1":0,"f:15:15:15:20":0,"b:15:29:15:30":0,"b:15:40:15:42":1,"b:15:53:15:55":2,"s:16:19:19:6":1,"b:21:4:23:Infinity:undefined:undefined:undefined:undefined":3,"s:21:4:23:Infinity":2,"s:22:6:22:Infinity":3,"s:25:21:25:65":4,"s:26:4:26:Infinity":5,"f:34:15:34:20":1,"s:35:21:35:50":6,"s:36:4:36:Infinity":7,"f:44:14:44:19":2,"s:45:21:45:55":8,"s:46:4:46:Infinity":9,"f:55:14:55:19":3,"s:56:21:56:60":10,"s:57:4:57:Infinity":11,"f:65:14:65:19":4,"s:66:21:66:53":12,"s:67:4:67:Infinity":13}}}
,"/Users/greg/purdue-bootcamp/capstone-project/PurdueUniversity-Capstone-Project-LearnEasePro/frontend/src/store/store.js": {"path":"/Users/greg/purdue-bootcamp/capstone-project/PurdueUniversity-Capstone-Project-LearnEasePro/frontend/src/store/store.js","statementMap":{"0":{"start":{"line":4,"column":27},"end":{"line":6,"column":1}},"1":{"start":{"line":5,"column":2},"end":{"line":5,"column":null}},"2":{"start":{"line":8,"column":20},"end":{"line":13,"column":2}}},"fnMap":{"0":{"name":"(anonymous_0)","decl":{"start":{"line":4,"column":27},"end":{"line":4,"column":28}},"loc":{"start":{"line":4,"column":51},"end":{"line":6,"column":1}},"line":4}},"branchMap":{"0":{"loc":{"start":{"line":4,"column":28},"end":{"line":4,"column":38}},"type":"default-arg","locations":[{"start":{"line":4,"column":36},"end":{"line":4,"column":38}}],"line":4}},"s":{"0":1,"1":11,"2":1},"f":{"0":11},"b":{"0":[11]},"meta":{"lastBranch":1,"lastFunction":1,"lastStatement":3,"seen":{"s:4:27:6:1":0,"f:4:27:4:28":0,"b:4:36:4:38":0,"s:5:2:5:Infinity":1,"s:8:20:13:2":2}}}
,"/Users/greg/purdue-bootcamp/capstone-project/PurdueUniversity-Capstone-Project-LearnEasePro/frontend/src/utils/formatters.js": {"path":"/Users/greg/purdue-bootcamp/capstone-project/PurdueUniversity-Capstone-Project-LearnEasePro/frontend/src/utils/formatters.js","statementMap":{"0":{"start":{"line":10,"column":26},"end":{"line":18,"column":1}},"1":{"start":{"line":11,"column":2},"end":{"line":11,"column":null}},"2":{"start":{"line":11,"column":13},"end":{"line":11,"column":null}},"3":{"start":{"line":12,"column":12},"end":{"line":12,"column":26}},"4":{"start":{"line":13,"column":2},"end":{"line":17,"column":null}},"5":{"start":{"line":25,"column":30},"end":{"line":35,"column":1}},"6":{"start":{"line":26,"column":2},"end":{"line":26,"column":null}},"7":{"start":{"line":26,"column":13},"end":{"line":26,"column":null}},"8":{"start":{"line":27,"column":12},"end":{"line":27,"column":26}},"9":{"start":{"line":28,"column":2},"end":{"line":34,"column":null}},"10":{"start":{"line":42,"column":26},"end":{"line":45,"column":1}},"11":{"start":{"line":43,"column":2},"end":{"line":43,"column":null}},"12":{"start":{"line":43,"column":12},"end":{"line":43,"column":null}},"13":{"start":{"line":44,"column":2},"end":{"line":44,"column":null}},"14":{"start":{"line":53,"column":24},"end":{"line":56,"column":1}},"15":{"start":{"line":54,"column":2},"end":{"line":54,"column":null}},"16":{"start":{"line":54,"column":39},"end":{"line":54,"column":null}},"17":{"start":{"line":55,"column":2},"end":{"line":55,"column":null}}},"fnMap":{"0":{"name":"(anonymous_0)","decl":{"start":{"line":10,"column":26},"end":{"line":10,"column":27}},"loc":{"start":{"line":10,"column":36},"end":{"line":18,"column":1}},"line":10},"1":{"name":"(anonymous_1)","decl":{"start":{"line":25,"column":30},"end":{"line":25,"column":31}},"loc":{"start":{"line":25,"column":40},"end":{"line":35,"column":1}},"line":25},"2":{"name":"(anonymous_2)","decl":{"start":{"line":42,"column":26},"end":{"line":42,"column":27}},"loc":{"start":{"line":42,"column":35},"end":{"line":45,"column":1}},"line":42},"3":{"name":"(anonymous_3)","decl":{"start":{"line":53,"column":24},"end":{"line":53,"column":25}},"loc":{"start":{"line":53,"column":49},"end":{"line":56,"column":1}},"line":53}},"branchMap":{"0":{"loc":{"start":{"line":11,"column":2},"end":{"line":11,"column":null}},"type":"if","locations":[{"start":{"line":11,"column":2},"end":{"line":11,"column":null}},{"start":{},"end":{}}],"line":11},"1":{"loc":{"start":{"line":26,"column":2},"end":{"line":26,"column":null}},"type":"if","locations":[{"start":{"line":26,"column":2},"end":{"line":26,"column":null}},{"start":{},"end":{}}],"line":26},"2":{"loc":{"start":{"line":43,"column":2},"end":{"line":43,"column":null}},"type":"if","locations":[{"start":{"line":43,"column":2},"end":{"line":43,"column":null}},{"start":{},"end":{}}],"line":43},"3":{"loc":{"start":{"line":53,"column":30},"end":{"line":53,"column":44}},"type":"default-arg","locations":[{"start":{"line":53,"column":42},"end":{"line":53,"column":44}}],"line":53},"4":{"loc":{"start":{"line":54,"column":2},"end":{"line":54,"column":null}},"type":"if","locations":[{"start":{"line":54,"column":2},"end":{"line":54,"column":null}},{"start":{},"end":{}}],"line":54},"5":{"loc":{"start":{"line":54,"column":6},"end":{"line":54,"column":37}},"type":"binary-expr","locations":[{"start":{"line":54,"column":6},"end":{"line":54,"column":10}},{"start":{"line":54,"column":14},"end":{"line":54,"column":37}}],"line":54}},"s":{"0":1,"1":5,"2":3,"3":2,"4":2,"5":1,"6":5,"7":3,"8":2,"9":2,"10":1,"11":8,"12":3,"13":5,"14":1,"15":5,"16":4,"17":1},"f":{"0":5,"1":5,"2":8,"3":5},"b":{"0":[3,2],"1":[3,2],"2":[3,5],"3":[5],"4":[4,1],"5":[5,2]},"meta":{"lastBranch":6,"lastFunction":4,"lastStatement":18,"seen":{"s:10:26:18:1":0,"f:10:26:10:27":0,"b:11:2:11:Infinity:undefined:undefined:undefined:undefined":0,"s:11:2:11:Infinity":1,"s:11:13:11:Infinity":2,"s:12:12:12:26":3,"s:13:2:17:Infinity":4,"s:25:30:35:1":5,"f:25:30:25:31":1,"b:26:2:26:Infinity:undefined:undefined:undefined:undefined":1,"s:26:2:26:Infinity":6,"s:26:13:26:Infinity":7,"s:27:12:27:26":8,"s:28:2:34:Infinity":9,"s:42:26:45:1":10,"f:42:26:42:27":2,"b:43:2:43:Infinity:undefined:undefined:undefined:undefined":2,"s:43:2:43:Infinity":11,"s:43:12:43:Infinity":12,"s:44:2:44:Infinity":13,"s:53:24:56:1":14,"f:53:24:53:25":3,"b:53:42:53:44":3,"b:54:2:54:Infinity:undefined:undefined:undefined:undefined":4,"s:54:2:54:Infinity":15,"b:54:6:54:10:54:14:54:37":5,"s:54:39:54:Infinity":16,"s:55:2:55:Infinity":17}}}
,"/Users/greg/purdue-bootcamp/capstone-project/PurdueUniversity-Capstone-Project-LearnEasePro/frontend/src/utils/validators.js": {"path":"/Users/greg/purdue-bootcamp/capstone-project/PurdueUniversity-Capstone-Project-LearnEasePro/frontend/src/utils/validators.js","statementMap":{"0":{"start":{"line":5,"column":26},"end":{"line":55,"column":1}},"1":{"start":{"line":12,"column":23},"end":{"line":12,"column":51}},"2":{"start":{"line":13,"column":4},"end":{"line":13,"column":null}},"3":{"start":{"line":22,"column":23},"end":{"line":22,"column":44}},"4":{"start":{"line":23,"column":4},"end":{"line":23,"column":null}},"5":{"start":{"line":32,"column":4},"end":{"line":32,"column":null}},"6":{"start":{"line":41,"column":4},"end":{"line":43,"column":null}},"7":{"start":{"line":53,"column":4},"end":{"line":53,"column":null}}},"fnMap":{"0":{"name":"(anonymous_0)","decl":{"start":{"line":11,"column":16},"end":{"line":11,"column":17}},"loc":{"start":{"line":11,"column":27},"end":{"line":14,"column":3}},"line":11},"1":{"name":"(anonymous_1)","decl":{"start":{"line":21,"column":16},"end":{"line":21,"column":17}},"loc":{"start":{"line":21,"column":27},"end":{"line":24,"column":3}},"line":21},"2":{"name":"(anonymous_2)","decl":{"start":{"line":31,"column":19},"end":{"line":31,"column":20}},"loc":{"start":{"line":31,"column":33},"end":{"line":33,"column":3}},"line":31},"3":{"name":"(anonymous_3)","decl":{"start":{"line":40,"column":14},"end":{"line":40,"column":15}},"loc":{"start":{"line":40,"column":25},"end":{"line":44,"column":3}},"line":40},"4":{"name":"(anonymous_4)","decl":{"start":{"line":52,"column":13},"end":{"line":52,"column":14}},"loc":{"start":{"line":52,"column":29},"end":{"line":54,"column":3}},"line":52}},"branchMap":{"0":{"loc":{"start":{"line":32,"column":11},"end":{"line":32,"column":43}},"type":"binary-expr","locations":[{"start":{"line":32,"column":11},"end":{"line":32,"column":19}},{"start":{"line":32,"column":23},"end":{"line":32,"column":43}}],"line":32},"1":{"loc":{"start":{"line":42,"column":6},"end":{"line":42,"column":null}},"type":"binary-expr","locations":[{"start":{"line":42,"column":6},"end":{"line":42,"column":20}},{"start":{"line":42,"column":24},"end":{"line":42,"column":43}},{"start":{"line":42,"column":47},"end":{"line":42,"column":null}}],"line":42},"2":{"loc":{"start":{"line":53,"column":11},"end":{"line":53,"column":40}},"type":"binary-expr","locations":[{"start":{"line":53,"column":11},"end":{"line":53,"column":17}},{"start":{"line":53,"column":21},"end":{"line":53,"column":40}}],"line":53}},"s":{"0":1,"1":8,"2":8,"3":7,"4":7,"5":8,"6":10,"7":7},"f":{"0":8,"1":7,"2":8,"3":10,"4":7},"b":{"0":[8,5],"1":[10,9,8],"2":[7,4]},"meta":{"lastBranch":3,"lastFunction":5,"lastStatement":8,"seen":{"s:5:26:55:1":0,"f:11:16:11:17":0,"s:12:23:12:51":1,"s:13:4:13:Infinity":2,"f:21:16:21:17":1,"s:22:23:22:44":3,"s:23:4:23:Infinity":4,"f:31:19:31:20":2,"s:32:4:32:Infinity":5,"b:32:11:32:19:32:23:32:43":0,"f:40:14:40:15":3,"s:41:4:43:Infinity":6,"b:42:6:42:20:42:24:42:43:42:47:42:Infinity":1,"f:52:13:52:14":4,"s:53:4:53:Infinity":7,"b:53:11:53:17:53:21:53:40":2}}}
,"/Users/greg/purdue-bootcamp/capstone-project/PurdueUniversity-Capstone-Project-LearnEasePro/frontend/src/views/AdminDashboard.jsx": {"path":"/Users/greg/purdue-bootcamp/capstone-project/PurdueUniversity-Capstone-Project-LearnEasePro/frontend/src/views/AdminDashboard.jsx","statementMap":{"0":{"start":{"line":7,"column":22},"end":{"line":7,"column":null}},"1":{"start":{"line":8,"column":34},"end":{"line":8,"column":null}},"2":{"start":{"line":9,"column":8},"end":{"line":9,"column":null}},"3":{"start":{"line":11,"column":2},"end":{"line":29,"column":null}},"4":{"start":{"line":13,"column":24},"end":{"line":13,"column":null}},"5":{"start":{"line":14,"column":4},"end":{"line":14,"column":null}},"6":{"start":{"line":17,"column":23},"end":{"line":26,"column":null}},"7":{"start":{"line":18,"column":6},"end":{"line":25,"column":null}},"8":{"start":{"line":19,"column":25},"end":{"line":19,"column":null}},"9":{"start":{"line":20,"column":8},"end":{"line":22,"column":null}},"10":{"start":{"line":21,"column":10},"end":{"line":21,"column":null}},"11":{"start":{"line":24,"column":8},"end":{"line":24,"column":null}},"12":{"start":{"line":28,"column":4},"end":{"line":28,"column":null}},"13":{"start":{"line":31,"column":2},"end":{"line":33,"column":null}},"14":{"start":{"line":32,"column":4},"end":{"line":32,"column":null}},"15":{"start":{"line":35,"column":2},"end":{"line":178,"column":null}},"16":{"start":{"line":140,"column":31},"end":{"line":140,"column":null}}},"fnMap":{"0":{"name":"AdminDashboard","decl":{"start":{"line":6,"column":9},"end":{"line":6,"column":26}},"loc":{"start":{"line":6,"column":26},"end":{"line":180,"column":null}},"line":6},"1":{"name":"(anonymous_1)","decl":{"start":{"line":11,"column":12},"end":{"line":11,"column":18}},"loc":{"start":{"line":11,"column":18},"end":{"line":29,"column":5}},"line":11},"2":{"name":"(anonymous_2)","decl":{"start":{"line":17,"column":23},"end":{"line":17,"column":35}},"loc":{"start":{"line":17,"column":35},"end":{"line":26,"column":null}},"line":17},"3":{"name":"(anonymous_3)","decl":{"start":{"line":140,"column":25},"end":{"line":140,"column":31}},"loc":{"start":{"line":140,"column":31},"end":{"line":140,"column":null}},"line":140}},"branchMap":{"0":{"loc":{"start":{"line":20,"column":8},"end":{"line":22,"column":null}},"type":"if","locations":[{"start":{"line":20,"column":8},"end":{"line":22,"column":null}},{"start":{},"end":{}}],"line":20},"1":{"loc":{"start":{"line":31,"column":2},"end":{"line":33,"column":null}},"type":"if","locations":[{"start":{"line":31,"column":2},"end":{"line":33,"column":null}},{"start":{},"end":{}}],"line":31},"2":{"loc":{"start":{"line":68,"column":21},"end":{"line":68,"column":null}},"type":"cond-expr","locations":[{"start":{"line":68,"column":43},"end":{"line":68,"column":56}},{"start":{"line":68,"column":56},"end":{"line":68,"column":null}}],"line":68}},"s":{"0":23,"1":23,"2":23,"3":23,"4":10,"5":10,"6":10,"7":10,"8":10,"9":9,"10":9,"11":1,"12":10,"13":23,"14":10,"15":12,"16":1},"f":{"0":23,"1":10,"2":10,"3":1},"b":{"0":[9,0],"1":[10,13],"2":[3,9]},"meta":{"lastBranch":3,"lastFunction":4,"lastStatement":17,"seen":{"f:6:9:6:26":0,"s:7:22:7:Infinity":0,"s:8:34:8:Infinity":1,"s:9:8:9:Infinity":2,"s:11:2:29:Infinity":3,"f:11:12:11:18":1,"s:13:24:13:Infinity":4,"s:14:4:14:Infinity":5,"s:17:23:26:Infinity":6,"f:17:23:17:35":2,"s:18:6:25:Infinity":7,"s:19:25:19:Infinity":8,"b:20:8:22:Infinity:undefined:undefined:undefined:undefined":0,"s:20:8:22:Infinity":9,"s:21:10:21:Infinity":10,"s:24:8:24:Infinity":11,"s:28:4:28:Infinity":12,"b:31:2:33:Infinity:undefined:undefined:undefined:undefined":1,"s:31:2:33:Infinity":13,"s:32:4:32:Infinity":14,"s:35:2:178:Infinity":15,"b:68:43:68:56:68:56:68:Infinity":2,"f:140:25:140:31":3,"s:140:31:140:Infinity":16}}}
,"/Users/greg/purdue-bootcamp/capstone-project/PurdueUniversity-Capstone-Project-LearnEasePro/frontend/src/views/Login.jsx": {"path":"/Users/greg/purdue-bootcamp/capstone-project/PurdueUniversity-Capstone-Project-LearnEasePro/frontend/src/views/Login.jsx","statementMap":{"0":{"start":{"line":6,"column":8},"end":{"line":6,"column":null}},"1":{"start":{"line":7,"column":8},"end":{"line":7,"column":null}},"2":{"start":{"line":8,"column":30},"end":{"line":11,"column":null}},"3":{"start":{"line":12,"column":24},"end":{"line":12,"column":null}},"4":{"start":{"line":13,"column":28},"end":{"line":13,"column":null}},"5":{"start":{"line":15,"column":2},"end":{"line":20,"column":null}},"6":{"start":{"line":17,"column":4},"end":{"line":19,"column":null}},"7":{"start":{"line":18,"column":6},"end":{"line":18,"column":null}},"8":{"start":{"line":22,"column":23},"end":{"line":30,"column":null}},"9":{"start":{"line":23,"column":28},"end":{"line":23,"column":null}},"10":{"start":{"line":24,"column":4},"end":{"line":27,"column":null}},"11":{"start":{"line":24,"column":27},"end":{"line":27,"column":6}},"12":{"start":{"line":29,"column":4},"end":{"line":29,"column":null}},"13":{"start":{"line":29,"column":15},"end":{"line":29,"column":null}},"14":{"start":{"line":32,"column":23},"end":{"line":66,"column":null}},"15":{"start":{"line":33,"column":4},"end":{"line":33,"column":null}},"16":{"start":{"line":34,"column":4},"end":{"line":34,"column":null}},"17":{"start":{"line":35,"column":4},"end":{"line":35,"column":null}},"18":{"start":{"line":36,"column":4},"end":{"line":36,"column":null}},"19":{"start":{"line":38,"column":4},"end":{"line":63,"column":null}},"20":{"start":{"line":42,"column":21},"end":{"line":42,"column":null}},"21":{"start":{"line":45,"column":8},"end":{"line":49,"column":null}},"22":{"start":{"line":46,"column":10},"end":{"line":46,"column":null}},"23":{"start":{"line":48,"column":10},"end":{"line":48,"column":null}},"24":{"start":{"line":54,"column":10},"end":{"line":57,"column":null}},"25":{"start":{"line":59,"column":8},"end":{"line":59,"column":null}},"26":{"start":{"line":62,"column":8},"end":{"line":62,"column":null}},"27":{"start":{"line":65,"column":4},"end":{"line":65,"column":null}},"28":{"start":{"line":68,"column":2},"end":{"line":204,"column":null}}},"fnMap":{"0":{"name":"Login","decl":{"start":{"line":5,"column":9},"end":{"line":5,"column":17}},"loc":{"start":{"line":5,"column":17},"end":{"line":206,"column":null}},"line":5},"1":{"name":"(anonymous_1)","decl":{"start":{"line":15,"column":12},"end":{"line":15,"column":18}},"loc":{"start":{"line":15,"column":18},"end":{"line":20,"column":5}},"line":15},"2":{"name":"(anonymous_2)","decl":{"start":{"line":22,"column":23},"end":{"line":22,"column":24}},"loc":{"start":{"line":22,"column":30},"end":{"line":30,"column":null}},"line":22},"3":{"name":"(anonymous_3)","decl":{"start":{"line":24,"column":16},"end":{"line":24,"column":17}},"loc":{"start":{"line":24,"column":27},"end":{"line":27,"column":6}},"line":24},"4":{"name":"(anonymous_4)","decl":{"start":{"line":32,"column":23},"end":{"line":32,"column":24}},"loc":{"start":{"line":32,"column":30},"end":{"line":66,"column":null}},"line":32},"5":{"name":"(anonymous_5)","decl":{"start":{"line":40,"column":12},"end":{"line":40,"column":13}},"loc":{"start":{"line":40,"column":26},"end":{"line":50,"column":7}},"line":40},"6":{"name":"(anonymous_6)","decl":{"start":{"line":51,"column":13},"end":{"line":51,"column":14}},"loc":{"start":{"line":51,"column":22},"end":{"line":60,"column":7}},"line":51},"7":{"name":"(anonymous_7)","decl":{"start":{"line":61,"column":15},"end":{"line":61,"column":21}},"loc":{"start":{"line":61,"column":21},"end":{"line":63,"column":7}},"line":61}},"branchMap":{"0":{"loc":{"start":{"line":17,"column":4},"end":{"line":19,"column":null}},"type":"if","locations":[{"start":{"line":17,"column":4},"end":{"line":19,"column":null}},{"start":{},"end":{}}],"line":17},"1":{"loc":{"start":{"line":29,"column":4},"end":{"line":29,"column":null}},"type":"if","locations":[{"start":{"line":29,"column":4},"end":{"line":29,"column":null}},{"start":{},"end":{}}],"line":29},"2":{"loc":{"start":{"line":42,"column":21},"end":{"line":42,"column":null}},"type":"binary-expr","locations":[{"start":{"line":42,"column":21},"end":{"line":42,"column":38}},{"start":{"line":42,"column":38},"end":{"line":42,"column":null}}],"line":42},"3":{"loc":{"start":{"line":45,"column":8},"end":{"line":49,"column":null}},"type":"if","locations":[{"start":{"line":45,"column":8},"end":{"line":49,"column":null}},{"start":{"line":47,"column":15},"end":{"line":49,"column":null}}],"line":45},"4":{"loc":{"start":{"line":45,"column":12},"end":{"line":45,"column":43}},"type":"binary-expr","locations":[{"start":{"line":45,"column":12},"end":{"line":45,"column":20}},{"start":{"line":45,"column":20},"end":{"line":45,"column":43}}],"line":45},"5":{"loc":{"start":{"line":54,"column":10},"end":{"line":57,"column":null}},"type":"binary-expr","locations":[{"start":{"line":54,"column":10},"end":{"line":54,"column":null}},{"start":{"line":55,"column":10},"end":{"line":55,"column":null}},{"start":{"line":56,"column":10},"end":{"line":56,"column":null}},{"start":{"line":57,"column":10},"end":{"line":57,"column":null}}],"line":54},"6":{"loc":{"start":{"line":127,"column":13},"end":{"line":147,"column":null}},"type":"binary-expr","locations":[{"start":{"line":127,"column":13},"end":{"line":127,"column":null}},{"start":{"line":128,"column":14},"end":{"line":147,"column":null}}],"line":127},"7":{"loc":{"start":{"line":159,"column":17},"end":{"line":184,"column":null}},"type":"cond-expr","locations":[{"start":{"line":160,"column":18},"end":{"line":182,"column":null}},{"start":{"line":184,"column":18},"end":{"line":184,"column":null}}],"line":159}},"s":{"0":47,"1":47,"2":47,"3":47,"4":47,"5":47,"6":10,"7":1,"8":47,"9":17,"10":17,"11":17,"12":17,"13":1,"14":47,"15":7,"16":7,"17":7,"18":7,"19":7,"20":5,"21":5,"22":1,"23":1,"24":5,"25":5,"26":7,"27":7,"28":47},"f":{"0":47,"1":10,"2":17,"3":17,"4":7,"5":5,"6":5,"7":7},"b":{"0":[1,9],"1":[1,16],"2":[5,1],"3":[1,1],"4":[5,2],"5":[5,3,3,0],"6":[47,11],"7":[12,35]},"meta":{"lastBranch":8,"lastFunction":8,"lastStatement":29,"seen":{"f:5:9:5:17":0,"s:6:8:6:Infinity":0,"s:7:8:7:Infinity":1,"s:8:30:11:Infinity":2,"s:12:24:12:Infinity":3,"s:13:28:13:Infinity":4,"s:15:2:20:Infinity":5,"f:15:12:15:18":1,"b:17:4:19:Infinity:undefined:undefined:undefined:undefined":0,"s:17:4:19:Infinity":6,"s:18:6:18:Infinity":7,"s:22:23:30:Infinity":8,"f:22:23:22:24":2,"s:23:28:23:Infinity":9,"s:24:4:27:Infinity":10,"f:24:16:24:17":3,"s:24:27:27:6":11,"b:29:4:29:Infinity:undefined:undefined:undefined:undefined":1,"s:29:4:29:Infinity":12,"s:29:15:29:Infinity":13,"s:32:23:66:Infinity":14,"f:32:23:32:24":4,"s:33:4:33:Infinity":15,"s:34:4:34:Infinity":16,"s:35:4:35:Infinity":17,"s:36:4:36:Infinity":18,"s:38:4:63:Infinity":19,"f:40:12:40:13":5,"s:42:21:42:Infinity":20,"b:42:21:42:38:42:38:42:Infinity":2,"b:45:8:49:Infinity:47:15:49:Infinity":3,"s:45:8:49:Infinity":21,"b:45:12:45:20:45:20:45:43":4,"s:46:10:46:Infinity":22,"s:48:10:48:Infinity":23,"f:51:13:51:14":6,"s:54:10:57:Infinity":24,"b:54:10:54:Infinity:55:10:55:Infinity:56:10:56:Infinity:57:10:57:Infinity":5,"s:59:8:59:Infinity":25,"f:61:15:61:21":7,"s:62:8:62:Infinity":26,"s:65:4:65:Infinity":27,"s:68:2:204:Infinity":28,"b:127:13:127:Infinity:128:14:147:Infinity":6,"b:160:18:182:Infinity:184:18:184:Infinity":7}}}
,"/Users/greg/purdue-bootcamp/capstone-project/PurdueUniversity-Capstone-Project-LearnEasePro/frontend/src/views/Register.jsx": {"path":"/Users/greg/purdue-bootcamp/capstone-project/PurdueUniversity-Capstone-Project-LearnEasePro/frontend/src/views/Register.jsx","statementMap":{"0":{"start":{"line":6,"column":8},"end":{"line":6,"column":null}},"1":{"start":{"line":7,"column":30},"end":{"line":18,"column":null}},"2":{"start":{"line":19,"column":24},"end":{"line":19,"column":null}},"3":{"start":{"line":20,"column":28},"end":{"line":20,"column":null}},"4":{"start":{"line":22,"column":23},"end":{"line":57,"column":null}},"5":{"start":{"line":23,"column":28},"end":{"line":23,"column":null}},"6":{"start":{"line":26,"column":4},"end":{"line":53,"column":null}},"7":{"start":{"line":28,"column":22},"end":{"line":28,"column":null}},"8":{"start":{"line":31,"column":22},"end":{"line":31,"column":null}},"9":{"start":{"line":34,"column":22},"end":{"line":34,"column":null}},"10":{"start":{"line":35,"column":6},"end":{"line":42,"column":null}},"11":{"start":{"line":36,"column":8},"end":{"line":36,"column":null}},"12":{"start":{"line":37,"column":6},"end":{"line":42,"column":null}},"13":{"start":{"line":38,"column":8},"end":{"line":41,"column":null}},"14":{"start":{"line":44,"column":6},"end":{"line":47,"column":null}},"15":{"start":{"line":44,"column":29},"end":{"line":47,"column":8}},"16":{"start":{"line":49,"column":6},"end":{"line":52,"column":null}},"17":{"start":{"line":49,"column":29},"end":{"line":52,"column":8}},"18":{"start":{"line":56,"column":4},"end":{"line":56,"column":null}},"19":{"start":{"line":56,"column":15},"end":{"line":56,"column":null}},"20":{"start":{"line":59,"column":23},"end":{"line":102,"column":null}},"21":{"start":{"line":60,"column":4},"end":{"line":60,"column":null}},"22":{"start":{"line":61,"column":4},"end":{"line":61,"column":null}},"23":{"start":{"line":62,"column":4},"end":{"line":62,"column":null}},"24":{"start":{"line":65,"column":4},"end":{"line":68,"column":null}},"25":{"start":{"line":66,"column":6},"end":{"line":66,"column":null}},"26":{"start":{"line":67,"column":6},"end":{"line":67,"column":null}},"27":{"start":{"line":71,"column":4},"end":{"line":74,"column":null}},"28":{"start":{"line":72,"column":6},"end":{"line":72,"column":null}},"29":{"start":{"line":73,"column":6},"end":{"line":73,"column":null}},"30":{"start":{"line":76,"column":4},"end":{"line":76,"column":null}},"31":{"start":{"line":79,"column":53},"end":{"line":79,"column":null}},"32":{"start":{"line":81,"column":4},"end":{"line":99,"column":null}},"33":{"start":{"line":85,"column":8},"end":{"line":85,"column":null}},"34":{"start":{"line":90,"column":10},"end":{"line":93,"column":null}},"35":{"start":{"line":95,"column":8},"end":{"line":95,"column":null}},"36":{"start":{"line":98,"column":8},"end":{"line":98,"column":null}},"37":{"start":{"line":101,"column":4},"end":{"line":101,"column":null}},"38":{"start":{"line":104,"column":2},"end":{"line":379,"column":null}}},"fnMap":{"0":{"name":"Register","decl":{"start":{"line":5,"column":9},"end":{"line":5,"column":20}},"loc":{"start":{"line":5,"column":20},"end":{"line":381,"column":null}},"line":5},"1":{"name":"(anonymous_1)","decl":{"start":{"line":22,"column":23},"end":{"line":22,"column":24}},"loc":{"start":{"line":22,"column":30},"end":{"line":57,"column":null}},"line":22},"2":{"name":"(anonymous_2)","decl":{"start":{"line":44,"column":18},"end":{"line":44,"column":19}},"loc":{"start":{"line":44,"column":29},"end":{"line":47,"column":8}},"line":44},"3":{"name":"(anonymous_3)","decl":{"start":{"line":49,"column":18},"end":{"line":49,"column":19}},"loc":{"start":{"line":49,"column":29},"end":{"line":52,"column":8}},"line":49},"4":{"name":"(anonymous_4)","decl":{"start":{"line":59,"column":23},"end":{"line":59,"column":24}},"loc":{"start":{"line":59,"column":30},"end":{"line":102,"column":null}},"line":59},"5":{"name":"(anonymous_5)","decl":{"start":{"line":83,"column":12},"end":{"line":83,"column":13}},"loc":{"start":{"line":83,"column":26},"end":{"line":86,"column":7}},"line":83},"6":{"name":"(anonymous_6)","decl":{"start":{"line":87,"column":13},"end":{"line":87,"column":14}},"loc":{"start":{"line":87,"column":22},"end":{"line":96,"column":7}},"line":87},"7":{"name":"(anonymous_7)","decl":{"start":{"line":97,"column":15},"end":{"line":97,"column":21}},"loc":{"start":{"line":97,"column":21},"end":{"line":99,"column":7}},"line":97}},"branchMap":{"0":{"loc":{"start":{"line":26,"column":4},"end":{"line":53,"column":null}},"type":"if","locations":[{"start":{"line":26,"column":4},"end":{"line":53,"column":null}},{"start":{"line":48,"column":11},"end":{"line":53,"column":null}}],"line":26},"1":{"loc":{"start":{"line":35,"column":6},"end":{"line":42,"column":null}},"type":"if","locations":[{"start":{"line":35,"column":6},"end":{"line":42,"column":null}},{"start":{"line":37,"column":6},"end":{"line":42,"column":null}}],"line":35},"2":{"loc":{"start":{"line":35,"column":10},"end":{"line":35,"column":53}},"type":"binary-expr","locations":[{"start":{"line":35,"column":10},"end":{"line":35,"column":32}},{"start":{"line":35,"column":32},"end":{"line":35,"column":53}}],"line":35},"3":{"loc":{"start":{"line":37,"column":6},"end":{"line":42,"column":null}},"type":"if","locations":[{"start":{"line":37,"column":6},"end":{"line":42,"column":null}},{"start":{},"end":{}}],"line":37},"4":{"loc":{"start":{"line":56,"column":4},"end":{"line":56,"column":null}},"type":"if","locations":[{"start":{"line":56,"column":4},"end":{"line":56,"column":null}},{"start":{},"end":{}}],"line":56},"5":{"loc":{"start":{"line":65,"column":4},"end":{"line":68,"column":null}},"type":"if","locations":[{"start":{"line":65,"column":4},"end":{"line":68,"column":null}},{"start":{},"end":{}}],"line":65},"6":{"loc":{
[...]
,"/Users/greg/purdue-bootcamp/capstone-project/PurdueUniversity-Capstone-Project-LearnEasePro/frontend/src/views/UserManagement.jsx": {"path":"/Users/greg/purdue-bootcamp/capstone-project/PurdueUniversity-Capstone-Project-LearnEasePro/frontend/src/views/UserManagement.jsx","statementMap":{"0":{"start":{"line":7,"column":24},"end":{"line":7,"column":null}},"1":{"start":{"line":8,"column":28},"end":{"line":8,"column":null}},"2":{"start":{"line":9,"column":24},"end":{"line":9,"column":null}},"3":{"start":{"line":10,"column":36},"end":{"line":10,"column":null}},"4":{"start":{"line":11,"column":34},"end":{"line":11,"column":null}},"5":{"start":{"line":12,"column":34},"end":{"line":12,"column":null}},"6":{"start":{"line":13,"column":36},"end":{"line":13,"column":null}},"7":{"start":{"line":14,"column":36},"end":{"line":14,"column":null}},"8":{"start":{"line":15,"column":38},"end":{"line":15,"column":null}},"9":{"start":{"line":16,"column":44},"end":{"line":16,"column":null}},"10":{"start":{"line":17,"column":23},"end":{"line":17,"column":null}},"11":{"start":{"line":19,"column":2},"end":{"line":21,"column":null}},"12":{"start":{"line":20,"column":4},"end":{"line":20,"column":null}},"13":{"start":{"line":23,"column":21},"end":{"line":43,"column":null}},"14":{"start":{"line":24,"column":4},"end":{"line":42,"column":null}},"15":{"start":{"line":25,"column":6},"end":{"line":25,"column":null}},"16":{"start":{"line":26,"column":6},"end":{"line":26,"column":null}},"17":{"start":{"line":27,"column":23},"end":{"line":31,"column":null}},"18":{"start":{"line":33,"column":6},"end":{"line":37,"column":null}},"19":{"start":{"line":34,"column":8},"end":{"line":34,"column":null}},"20":{"start":{"line":35,"column":8},"end":{"line":35,"column":null}},"21":{"start":{"line":36,"column":8},"end":{"line":36,"column":null}},"22":{"start":{"line":39,"column":6},"end":{"line":39,"column":null}},"23":{"start":{"line":41,"column":6},"end":{"line":41,"column":null}},"24":{"start":{"line":45,"column":23},"end":{"line":48,"column":null}},"25":{"start":{"line":46,"column":4},"end":{"line":46,"column":null}},"26":{"start":{"line":47,"column":4},"end":{"line":47,"column":null}},"27":{"start":{"line":50,"column":27},"end":{"line":53,"column":null}},"28":{"start":{"line":51,"column":4},"end":{"line":51,"column":null}},"29":{"start":{"line":52,"column":4},"end":{"line":52,"column":null}},"30":{"start":{"line":55,"column":25},"end":{"line":58,"column":null}},"31":{"start":{"line":56,"column":4},"end":{"line":56,"column":null}},"32":{"start":{"line":57,"column":4},"end":{"line":57,"column":null}},"33":{"start":{"line":60,"column":27},"end":{"line":73,"column":null}},"34":{"start":{"line":61,"column":4},"end":{"line":64,"column":null}},"35":{"start":{"line":62,"column":6},"end":{"line":62,"column":null}},"36":{"start":{"line":63,"column":6},"end":{"line":63,"column":null}},"37":{"start":{"line":66,"column":4},"end":{"line":72,"column":null}},"38":{"start":{"line":67,"column":6},"end":{"line":67,"column":null}},"39":{"start":{"line":68,"column":6},"end":{"line":68,"column":null}},"40":{"start":{"line":69,"column":6},"end":{"line":69,"column":null}},"41":{"start":{"line":71,"column":6},"end":{"line":71,"column":null}},"42":{"start":{"line":75,"column":27},"end":{"line":81,"column":null}},"43":{"start":{"line":76,"column":4},"end":{"line":76,"column":null}},"44":{"start":{"line":77,"column":4},"end":{"line":77,"column":null}},"45":{"start":{"line":78,"column":4},"end":{"line":80,"column":null}},"46":{"start":{"line":79,"column":6},"end":{"line":79,"column":null}},"47":{"start":{"line":83,"column":27},"end":{"line":85,"column":null}},"48":{"start":{"line":84,"column":4},"end":{"line":84,"column":null}},"49":{"start":{"line":87,"column":28},"end":{"line":97,"column":null}},"50":{"start":{"line":88,"column":4},"end":{"line":96,"column":null}},"51":{"start":{"line":90,"column":8},"end":{"line":90,"column":null}},"52":{"start":{"line":92,"column":8},"end":{"line":92,"column":null}},"53":{"start":{"line":95,"column":8},"end":{"line":95,"column":null}},"54":{"start":{"line":99,"column":30},"end":{"line":101,"column":null}},"55":{"start":{"line":100,"column":4},"end":{"line":100,"column":null}},"56":{"start":{"line":103,"column":8},"end":{"line":103,"column":null}},"57":{"start":{"line":105,"column":2},"end":{"line":463,"column":null}},"58":{"start":{"line":111,"column":27},"end":{"line":111,"column":null}},"59":{"start":{"line":263,"column":22},"end":{"line":333,"column":null}},"60":{"start":{"line":315,"column":43},"end":{"line":315,"column":null}},"61":{"start":{"line":321,"column":43},"end":{"line":321,"column":null}},"62":{"start":{"line":343,"column":35},"end":{"line":343,"column":null}},"63":{"start":{"line":350,"column":35},"end":{"line":350,"column":null}},"64":{"start":{"line":378,"column":39},"end":{"line":378,"column":null}},"65":{"start":{"line":396,"column":43},"end":{"line":396,"column":null}},"66":{"start":{"line":398,"column":24},"end":{"line":429,"column":null}},"67":{"start":{"line":404,"column":26},"end":{"line":415,"column":null}},"68":{"start":{"line":407,"column":45},"end":{"line":407,"column":null}},"69":{"start":{"line":417,"column":24},"end":{"line":429,"column":null}},"70":{"start":{"line":421,"column":26},"end":{"line":427,"column":null}},"71":{"start":{"line":430,"column":24},"end":{"line":430,"column":null}},"72":{"start":{"line":433,"column":39},"end":{"line":433,"column":null}}},"fnMap":{"0":{"name":"UserManagement","decl":{"start":{"line":6,"column":9},"end":{"line":6,"column":26}},"loc":{"start":{"line":6,"column":26},"end":{"line":465,"column":null}},"line":6},"1":{"name":"(anonymous_1)","decl":{"start":{"line":19,"column":12},"end":{"line":19,"column":18}},"loc":{"start":{"line":19,"column":18},"end":{"line":21,"column":5}},"line":19},"2":{"name":"(anonymous_2)","decl":{"start":{"line":23,"column":21},"end":{"line":23,"column":33}},"loc":{"start":{"line":23,"column":33},"end":{"line":43,"column":null}},"line":23},"3":{"name":"(anonymous_3)","decl":{"start":{"line":45,"column":23},"end":{"line":45,"column":24}},"loc":{"start":{"line":45,"column":30},"end":{"line":48,"column":null}},"line":45},"4":{"name":"(anonymous_4)","decl":{"start":{"line":50,"column":27},"end":{"line":50,"column":33}},"loc":{"start":{"line":50,"column":33},"end":{"line":53,"column":null}},"line":50},"5":{"name":"(anonymous_5)","decl":{"start":{"line":55,"column":25},"end":{"line":55,"column":26}},"loc":{"start":{"line":55,"column":35},"end":{"line":58,"column":null}},"line":55},"6":{"name":"(anonymous_6)","decl":{"start":{"line":60,"column":27},"end":{"line":60,"column":34}},"loc":{"start":{"line":60,"column":45},"end":{"line":73,"column":null}},"line":60},"7":{"name":"(anonymous_7)","decl":{"start":{"line":75,"column":27},"end":{"line":75,"column":28}},"loc":{"start":{"line":75,"column":46},"end":{"line":81,"column":null}},"line":75},"8":{"name":"(anonymous_8)","decl":{"start":{"line":83,"column":27},"end":{"line":83,"column":28}},"loc":{"start":{"line":83,"column":40},"end":{"line":85,"column":null}},"line":83},"9":{"name":"(anonymous_9)","decl":{"start":{"line":87,"column":28},"end":{"line":87,"column":29}},"loc":{"start":{"line":87,"column":38},"end":{"line":97,"column":null}},"line":87},"10":{"name":"(anonymous_10)","decl":{"start":{"line":99,"column":30},"end":{"line":99,"column":31}},"loc":{"start":{"line":99,"column":44},"end":{"line":101,"column":null}},"line":99},"11":{"name":"(anonymous_11)","decl":{"start":{"line":111,"column":21},"end":{"line":111,"column":27}},"loc":{"start":{"line":111,"column":27},"end":{"line":111,"column":null}},"line":111},"12":{"name":"(anonymous_12)","decl":{"start":{"line":262,"column":31},"end":{"line":262,"column":32}},"loc":{"start":{"line":263,"column":22},"end":{"line":333,"column":null}},"line":263},"13":{"name":"(anonymous_13)","decl":{"start":{"line":315,"column":37},"end":{"line":315,"column":43}},"loc":{"start":{"line":315,"column":43},"end":{"line":315,"column":null}},"line":315},"14":{"name":"(anonymous_14)","decl":{"start":{"line":321,"column":37},"end":{"line":321,"column":43}},"loc":{"start":{"line":321,"column":43},"end":{"line":321,"column":null}},"line":321},"15":{"name":"(anonymous_15)","decl":{"start":{"line":343,"column":29},"end":{"line":343,"column":35}},"loc":{"start":{"line":343,"column":35},"end":{"line":343,"column":null}},"line":343},"16":{"name":"(anonymous_16)","decl":{"start":{"line":350,"column":29},"end":{"line":350,"column":35}},"loc":{"start":{"line":350,"column":35},"end":{"line":350,"column":null}},"line":350},"17":{"name":"(anonymous_17)","decl":{"start":{"line":378,"column":33},"end":{"line":378,"column":39}},"loc":{"start":{"line":378,"column":39},"end":{"line":378,"column":null}},"line":378},"18":{"name":"(anonymous_18)","decl":{"start":{"line":395,"column":50},"end":{"line":395,"column":51}},"loc":{"start":{"line":395,"column":64},"end":{"line":431,"column":23}},"line":395},"19":{"name":"(anonymous_19)","decl":{"start":{"line":407,"column":39},"end":{"line":407,"column":45}},"loc":{"start":{"line":407,"column":45},"end":{"line":407,"column":null}},"line":407},"20":{"name":"(anonymous_20)","decl":{"start":{"line":433,"column":33},"end":{"line":433,"column":39}},"loc":{"start":{"line":433,"column":39},"end":{"line":433,"column":null}},"line":433}},"branchMap":{"0":{"loc":{"start":{"line":33,"column":6},"end":{"line":37,"column":null}},"type":"if","locations":[{"start":{"line":33,"column":6},"end":{"line":37,"column":null}},{"start":{},"end":{}}],"line":33},"1":{"loc":{"start":{"line":39,"column":15},"end":{"line":39,"column":69}},"type":"binary-expr","locations":[{"start":{"line":39,"column":15},"end":{"line":39,"column":46}},{"start":{"line":39,"column":46},"end":{"line":39,"column":69}}],"line":39},"2":{"loc":{"start":{"line":61,"column":4},"end":{"line":64,"column":null}},"type":"if","locations":[{"start":{"line":61,"column":4},"end":{"line":64,"column":null}},{"start":{},"end":{}}],"line":61},"3":{"loc":{"start":{"line":71,"column":15},"end":{"line":71,"column":69}},"type":"binary-expr","locations":[{"start":{"line":71,"column":15},"end":{"line":71,"column":46}},{"start":{"line":71,"column":46},"end":{"line":71,"column":69}}],"line":71},"4":{"loc":{"start":{"line":78,"column":4},"end":{"line":80,"column":null}},"type":"if","locations":[{"start":{"line":78,"column":4},"end":{"line":80,"column":null}},{"start":{},"end":{}}],"line":78},"5":{"loc":{"start":{"line":88,"column":4},"end":{"line":96,"column":null}},"type":"switch","locations":[{"start":{"line":89,"column":6},"end":{"line":90,"column":null}},{"start":{"line":91,"column":6},"end":{"line":92,"column":null}},{"start":{"line":93,"column":6},"end":{"line":93,"column":null}},{"start":{"line":94,"column":6},"end":{"line":95,"column":null}}],"line":88},"6":{"loc":{"start":{"line":100,"column":11},"end":{"line":100,"column":null}},"type":"cond-expr","locations":[{"start":{"line":100,"column":22},"end":{"line":100,"column":54}},{"start":{"line":100,"column":54},"end":{"line":100,"column":null}}],"line":100},"7":{"loc":{"start":{"line":191,"column":9},"end":{"line":209,"column":null}},"type":"binary-expr","locations":[{"start":{"line":191,"column":9},"end":{"line":191,"column":null}},{"start":{"line":192,"column":10},"end":{"line":209,"column":null}}],"line":191},"8":{"loc":{"start":{"line":214,"column":11},"end":{"line":454,"column":null}},"type":"cond-expr","locations":[{"start":{"line":215,"column":12},"end":{"line":217,"column":null}},{"start":{"line":218,"column":14},"end":{"line":454,"column":null}}],"line":214},"9":{"loc":{"start":{"line":218,"column":14},"end":{"line":454,"column":null}},"type":"cond-expr","locations":[{"start":{"line":219,"column":12},"end":{"line":234,"column":null}},{"start":{"line":236,"column":12},"end":{"line":454,"column":null}}],"line":218},"10":{"loc":{"start":{"line":278,"column":31},"end":{"line":281,"column":null}},"type":"binary-expr","locations":[{"start":{"line":278,"column":31},"end":{"line":278,"column":null}},{"start":{"line":279,"column":32},"end":{"line":281,"column":null}}],"line":278},"11":{"loc":{"start":{"line":307,"column":29},"end":{"line":307,"column":null}},"type":"cond-expr","locations":[{"start":{"line":307,"column":45},"end":{"line":307,"column":56}},{"start":{"line":307,"column":56},"end":{"line":307,"column":null}}],"line":307},"12":{"loc":{"start":{"line":323,"column":30},"end":{"line":325,"column":null}},"type":"cond-expr","locations":[{"start":{"line":324,"column":34},"end":{"line":324,"column":null}},{"start":{"line":325,"column":34},"end":{"line":325,"column":null}}],"line":323},"13":{"loc":{"start":{"line":328,"column":29},"end":{"line":330,"column":null}},"type":"cond-expr","locations":[{"start":{"line":329,"column":32},"end":{"line":329,"column":null}},{"start":{"line":330,"column":32},"end":{"line":330,"column":null}}],"line":328},"14":{"loc":{"start":{"line":398,"column":24},"end":{"line":429,"column":null}},"type":"if","locations":[{"start":{"line":398,"column":24},"end":{"line":429,"column":null}},{"start":{"line":417,"column":24},"end":{"line":429,"column":null}}],"line":398},"15":{"loc":{"start":{"line":399,"column":26},"end":{"line":402,"column":null}},"type":"binary-expr","locations":[{"start":{"line":399,"column":26},"end":{"line":399,"column":null}},{"start":{"line":400,"column":26},"end":{"line":400,"column":null}},{"start":{"line":401,"column":27},"end":{"line":401,"column":null}},{"start":{"line":402,"column":28},"end":{"line":402,"column":null}}],"line":399},"16":{"loc":{"start":{"line":409,"column":32},"end":{"line":411,"column":null}},"type":"cond-expr","locations":[{"start":{"line":410,"column":36},"end":{"line":410,"column":null}},{"start":{"line":411,"column":36},"end":{"line":411,"column":null}}],"line":409},"17":{"loc":{"start":{"line":417,"column":24},"end":{"line":429,"column":null}},"type":"if","locations":[{"start":{"line":417,"column":24},"end":{"line":429,"column":null}},{"start":{},"end":{}}],"line":417},"18":{"loc":{"start":{"line":418,"column":26},"end":{"line":419,"column":null}},"type":"binary-expr","locations":[{"start":{"line":418,"column":26},"end":{"line":418,"column":null}},{"start":{"line":419,"column":26},"end":{"line":419,"column":null}}],"line":418},"19":{"loc":{"start":{"line":460,"column":7},"end":{"line":461,"column":null}},"type":"binary-expr","locations":[{"start":{"line":460,"column":7},"end":{"line":460,"column":null}},{"start":{"line":461,"column":8},"end":{"line":461,"column":null}}],"line":460}},"s":{"0":7,"1":7,"2":7,"3":7,"4":7,"5":7,"6":7,"7":7,"8":7,"9":7,"10":7,"11":7,"12":4,"13":7,"14":4,"15":4,"16":4,"17":4,"18":2,"19":2,"20":2,"21":2,"22":1,"23":3,"24":7,"25":0,"26":0,"27":7,"28":0,"29":0,"30":7,"31":0,"32":0,"33":7,"34":0,"35":0,"36":0,"37":0,"38":0,"39":0,"40":0,"41":0,"42":7,"43":0,"44":0,"45":0,"46":0,"47":7,"48":0,"49":7,"50":4,"51":0,"52":0,"53":4,"54":7,"55":4,"56":7,"57":7,"58":0,"59":4,"60":0,"61":0,"62":0,"63":0,"64":0,"65":2,"66":2,"67":2,"68":0,"69":0,"70":0,"71":0,"72":0},"f":{"0":7,"1":4,"2":4,"3":0,"4":0,"5":0,"6":0,"7":0,"8":0,"9":4,"10":4,"11":0,"12":4,"13":0,"14":0,"15":0,"16":0,"17":0,"18":2,"19":0,"20":0},"b":{"0":[2,0],"1":[1,0],"2":[0,0],"3":[0,0],"4":[0,0],"5":[0,0,2,4],"6":[4,0],"7":[7,1],"8":[4,3],"9":[1,2],"10":[4,0],"11":[4,0],"12":[0,4],"13":[0,4],"14":[2,0],"15":[2,0,0,0],"16":[2,0],"17":[0,0],"18":[0,0],"19":[7,0]},"meta":{"lastBranch":20,"lastFunction":21,"lastStatement":73,"seen":{"f:6:9:6:26":0,"s:7:24:7:Infinity":0,"s:8:28:8:Infinity":1,"s:9:24:9:Infinity":2,"s:10:36:10:Infinity":3,"s:11:34:11:Infinity":4,"s:12:34:12:Infinity":5,"s:13:36:13:Infinity":6,"s:14:36:14:Infinity":7,"s:15:38:15:Infinity":8,"s:16:44:16:Infinity":9,"s:17:23:17:Infinity":10,"s:19:2:21:Infinity":11,"f:19:12:19:18":1,"s:20:4:20:Infinity":12,"s:23:21:43:Infinity":13,"f:23:21:23:33":2,"s:24:4:42:Infinity":14,"s:25:6:25:Infinity":15,"s:26:6:26:Infinity":16,"s:27:23:31:Infinity":17,"b:33:6:37:Infinity:undefined:undefined:undefined:undefined":0,"s:33:6:37:Infinity":18,"s:34:8:34:Infinity":19,"s:35:8:35:Infinity":20,"s:36:8:36:Infinity":21,"s:39:6:39:Infinity":22,"b:39:15:39:46:39:46:39:69":1,"s:41:6:41:Infinity":23,"s:45:23:48:Infinity":24,"f:45:23:45:24":3,"s:46:4:46:Infinity":25,"s:47:4:47:Infinity":26,"s:50:27:53:Infinity":27,"f:50:27:50:33":4,"s:51:4:51:Infinity":28,"s:52:4:52:Infinity":29,"s:55:25:58:Infinity":30,"f:55:25:55:26":5,"s:56:4:56:Infinity":31,"s:57:4:57:Infinity":32,"s:60:27:73:Infinity":33,"f:60:27:60:34":6,"b:61:4:64:Infinity:undefined:undefined:undefined:undefined":2,"s:61:4:64:Infinity":34,"s:62:6:62:Infinity":35,"s:63:6:63:Infinity":36,"s:66:4:72:Infinity":37,"s:67:6:67:Infinity":38,"s:68:6:68:Infinity":39,"s:69:6:69:Infinity":40,"s:71:6:71:Infinity":41,"b:71:15:71:46:71:46:71:69":3,"s:75:27:81:Infinity":42,"f:75:27:75:28":7,"s:76:4:76:Infinity":43,"s:77:4:77:Infinity":44,"b:78:4:80:Infinity:undefined:undefined:undefined:undefined":4,"s:78:4:80:Infinity":45,"s:79:6:79:Infinity":46,"s:83:27:85:Infinity":47,"f:83:27:83:28":8,"s:84:4:84:Infinity":48,"s:87:28:97:Infinity":49,"f:87:28:87:29":9,"b:89:6:90:Infinity:91:6:92:Infinity:93:6:93:Infinity:94:6:95:Infinity":5,"s:88:4:96:Infinity":50,"s:90:8:90:Infinity":51,"s:92:8:92:Infinity":52,"s:95:8:95:Infinity":53,"s:99:30:101:Infinity":54,"f:99:30:99:31":10,"s:100:4:100:Infinity":55,"b:100:22:100:54:100:54:100:Infinity":6,"s:103:8:103:Infinity":56,"s:105:2:463:Infinity":57,"f:111:21:111:27":11,"s:111:27:111:Infinity":58,"b:191:9:191:Infinity:192:10:209:Infinity":7,"b:215:12:217:Infinity:218:14:454:Infinity":8,"b:219:12:234:Infinity:236:12:454:Infinity":9,"f:262:31:262:32":12,"s:263:22:333:Infinity":59,"b:278:31:278:Infinity:279:32:281:Infinity":10,"b:307:45:307:56:307:56:307:Infinity":11,"f:315:37:315:43":13,"s:315:43:315:Infinity":60,"f:321:37:321:43":14,"s:321:43:321:Infinity":61,"b:324:34:324:Infinity:325:34:325:Infinity":12,"b:329:32:329:Infinity:330:32:330:Infinity":13,"f:343:29:343:35":15,"s:343:35:343:Infinity":62,"f:350:29:350:35":16,"s:350:35:350:Infinity":63,"f:378:33:378:39":17,"s:378:39:378:Infinity":64,"f:395:50:395:51":18,"s:396:43:396:Infinity":65,"b:398:24:429:Infinity:417:24:429:Infinity":14,"s:398:24:429:Infinity":66,"b:399:26:399:Infinity:400:26:400:Infinity:401:27:401:Infinity:402:28:402:Infinity":15,"s:404:26:415:Infinity":67,"f:407:39:407:45":19,"s:407:45:407:Infinity":68,"b:410:36:410:Infinity:411:36:411:Infinity":16,"b:417:24:429:Infinity:undefined:undefined:undefined:undefined":17,"s:417:24:429:Infinity":69,"b:418:26:418:Infinity:419:26:419:Infinity":18,"s:421:26:427:Infinity":70,"s:430:24:430:Infinity":71,"f:433:33:433:39":20,"s:433:39:433:Infinity":72,"b:460:7:460:Infinity:461:8:461:Infinity":19}}}
}
