{"/Users/greg/purdue-bootcamp/capstone-project/PurdueUniversity-Capstone-Project-LearnEasePro/frontend/src/components/AdminRoute.jsx": {"path":"/Users/greg/purdue-bootcamp/capstone-project/PurdueUniversity-Capstone-Project-LearnEasePro/frontend/src/components/AdminRoute.jsx","statementMap":{"0":{"start":{"line":12,"column":8},"end":{"line":12,"column":null}},"1":{"start":{"line":13,"column":8},"end":{"line":13,"column":null}},"2":{"start":{"line":14,"column":8},"end":{"line":14,"column":null}},"3":{"start":{"line":16,"column":2},"end":{"line":19,"column":null}},"4":{"start":{"line":18,"column":4},"end":{"line":18,"column":null}},"5":{"start":{"line":21,"column":2},"end":{"line":30,"column":null}},"6":{"start":{"line":23,"column":4},"end":{"line":28,"column":null}},"7":{"start":{"line":33,"column":2},"end":{"line":33,"column":null}}},"fnMap":{"0":{"name":"AdminRoute","decl":{"start":{"line":11,"column":9},"end":{"line":11,"column":20}},"loc":{"start":{"line":11,"column":34},"end":{"line":34,"column":null}},"line":11}},"branchMap":{"0":{"loc":{"start":{"line":16,"column":2},"end":{"line":19,"column":null}},"type":"if","locations":[{"start":{"line":16,"column":2},"end":{"line":19,"column":null}},{"start":{},"end":{}}],"line":16},"1":{"loc":{"start":{"line":21,"column":2},"end":{"line":30,"column":null}},"type":"if","locations":[{"start":{"line":21,"column":2},"end":{"line":30,"column":null}},{"start":{},"end":{}}],"line":21}},"s":{"0":14,"1":14,"2":14,"3":14,"4":3,"5":11,"6":8,"7":3},"f":{"0":14},"b":{"0":[3,11],"1":[8,3]},"meta":{"lastBranch":2,"lastFunction":1,"lastStatement":8,"seen":{"f:11:9:11:20":0,"s:12:8:12:Infinity":0,"s:13:8:13:Infinity":1,"s:14:8:14:Infinity":2,"b:16:2:19:Infinity:undefined:undefined:undefined:undefined":0,"s:16:2:19:Infinity":3,"s:18:4:18:Infinity":4,"b:21:2:30:Infinity:undefined:undefined:undefined:undefined":1,"s:21:2:30:Infinity":5,"s:23:4:28:Infinity":6,"s:33:2:33:Infinity":7}}}
,"/Users/greg/purdue-bootcamp/capstone-project/PurdueUniversity-Capstone-Project-LearnEasePro/frontend/src/components/ChatBoard.jsx": {"path":"/Users/greg/purdue-bootcamp/capstone-project/PurdueUniversity-Capstone-Project-LearnEasePro/frontend/src/components/ChatBoard.jsx","statementMap":{"0":{"start":{"line":15,"column":36},"end":{"line":15,"column":null}},"1":{"start":{"line":16,"column":36},"end":{"line":16,"column":null}},"2":{"start":{"line":17,"column":22},"end":{"line":17,"column":null}},"3":{"start":{"line":18,"column":46},"end":{"line":18,"column":null}},"4":{"start":{"line":19,"column":38},"end":{"line":19,"column":null}},"5":{"start":{"line":20,"column":24},"end":{"line":20,"column":null}},"6":{"start":{"line":27,"column":2},"end":{"line":27,"column":null}},"7":{"start":{"line":29,"column":19},"end":{"line":29,"column":null}},"8":{"start":{"line":30,"column":19},"end":{"line":30,"column":null}},"9":{"start":{"line":31,"column":19},"end":{"line":31,"column":null}},"10":{"start":{"line":33,"column":16},"end":{"line":33,"column":null}},"11":{"start":{"line":34,"column":21},"end":{"line":34,"column":null}},"12":{"start":{"line":35,"column":21},"end":{"line":35,"column":null}},"13":{"start":{"line":37,"column":27},"end":{"line":51,"column":null}},"14":{"start":{"line":38,"column":4},"end":{"line":50,"column":null}},"15":{"start":{"line":39,"column":6},"end":{"line":39,"column":null}},"16":{"start":{"line":40,"column":6},"end":{"line":43,"column":null}},"17":{"start":{"line":44,"column":6},"end":{"line":44,"column":null}},"18":{"start":{"line":46,"column":6},"end":{"line":46,"column":null}},"19":{"start":{"line":47,"column":6},"end":{"line":47,"column":null}},"20":{"start":{"line":48,"column":6},"end":{"line":48,"column":null}},"21":{"start":{"line":48,"column":23},"end":{"line":48,"column":39}},"22":{"start":{"line":49,"column":6},"end":{"line":49,"column":null}},"23":{"start":{"line":53,"column":27},"end":{"line":69,"column":null}},"24":{"start":{"line":54,"column":4},"end":{"line":68,"column":null}},"25":{"start":{"line":55,"column":6},"end":{"line":55,"column":null}},"26":{"start":{"line":56,"column":6},"end":{"line":60,"column":null}},"27":{"start":{"line":61,"column":6},"end":{"line":61,"column":null}},"28":{"start":{"line":62,"column":6},"end":{"line":62,"column":null}},"29":{"start":{"line":64,"column":6},"end":{"line":64,"column":null}},"30":{"start":{"line":65,"column":6},"end":{"line":65,"column":null}},"31":{"start":{"line":66,"column":6},"end":{"line":66,"column":null}},"32":{"start":{"line":66,"column":23},"end":{"line":66,"column":39}},"33":{"start":{"line":67,"column":6},"end":{"line":67,"column":null}},"34":{"start":{"line":71,"column":27},"end":{"line":74,"column":null}},"35":{"start":{"line":72,"column":4},"end":{"line":72,"column":null}},"36":{"start":{"line":73,"column":4},"end":{"line":73,"column":null}},"37":{"start":{"line":76,"column":24},"end":{"line":91,"column":null}},"38":{"start":{"line":77,"column":4},"end":{"line":77,"column":null}},"39":{"start":{"line":77,"column":23},"end":{"line":77,"column":null}},"40":{"start":{"line":79,"column":4},"end":{"line":90,"column":null}},"41":{"start":{"line":80,"column":6},"end":{"line":80,"column":null}},"42":{"start":{"line":81,"column":6},"end":{"line":84,"column":null}},"43":{"start":{"line":85,"column":6},"end":{"line":85,"column":null}},"44":{"start":{"line":87,"column":6},"end":{"line":87,"column":null}},"45":{"start":{"line":88,"column":6},"end":{"line":88,"column":null}},"46":{"start":{"line":89,"column":6},"end":{"line":89,"column":null}},"47":{"start":{"line":89,"column":23},"end":{"line":89,"column":39}},"48":{"start":{"line":93,"column":26},"end":{"line":96,"column":null}},"49":{"start":{"line":94,"column":4},"end":{"line":94,"column":null}},"50":{"start":{"line":95,"column":4},"end":{"line":95,"column":null}},"51":{"start":{"line":98,"column":27},"end":{"line":101,"column":null}},"52":{"start":{"line":99,"column":4},"end":{"line":99,"column":null}},"53":{"start":{"line":100,"column":4},"end":{"line":100,"column":null}},"54":{"start":{"line":103,"column":2},"end":{"line":110,"column":null}},"55":{"start":{"line":104,"column":4},"end":{"line":108,"column":null}},"56":{"start":{"line":112,"column":2},"end":{"line":249,"column":null}},"57":{"start":{"line":131,"column":31},"end":{"line":131,"column":null}},"58":{"start":{"line":161,"column":12},"end":{"line":161,"column":null}},"59":{"start":{"line":162,"column":12},"end":{"line":162,"column":null}},"60":{"start":{"line":196,"column":12},"end":{"line":202,"column":null}},"61":{"start":{"line":211,"column":27},"end":{"line":211,"column":null}},"62":{"start":{"line":221,"column":27},"end":{"line":221,"column":null}},"63":{"start":{"line":242,"column":10},"end":{"line":242,"column":null}},"64":{"start":{"line":243,"column":10},"end":{"line":243,"column":null}},"65":{"start":{"line":253,"column":0},"end":{"line":256,"column":null}}},"fnMap":{"0":{"name":"ChatBoard","decl":{"start":{"line":14,"column":9},"end":{"line":14,"column":19}},"loc":{"start":{"line":14,"column":51},"end":{"line":251,"column":null}},"line":14},"1":{"name":"(anonymous_1)","decl":{"start":{"line":37,"column":27},"end":{"line":37,"column":34}},"loc":{"start":{"line":37,"column":47},"end":{"line":51,"column":null}},"line":37},"2":{"name":"(anonymous_2)","decl":{"start":{"line":48,"column":17},"end":{"line":48,"column":23}},"loc":{"start":{"line":48,"column":23},"end":{"line":48,"column":39}},"line":48},"3":{"name":"(anonymous_3)","decl":{"start":{"line":53,"column":27},"end":{"line":53,"column":34}},"loc":{"start":{"line":53,"column":47},"end":{"line":69,"column":null}},"line":53},"4":{"name":"(anonymous_4)","decl":{"start":{"line":66,"column":17},"end":{"line":66,"column":23}},"loc":{"start":{"line":66,"column":23},"end":{"line":66,"column":39}},"line":66},"5":{"name":"(anonymous_5)","decl":{"start":{"line":71,"column":27},"end":{"line":71,"column":28}},"loc":{"start":{"line":71,"column":39},"end":{"line":74,"column":null}},"line":71},"6":{"name":"(anonymous_6)","decl":{"start":{"line":76,"column":24},"end":{"line":76,"column":36}},"loc":{"start":{"line":76,"column":36},"end":{"line":91,"column":null}},"line":76},"7":{"name":"(anonymous_7)","decl":{"start":{"line":89,"column":17},"end":{"line":89,"column":23}},"loc":{"start":{"line":89,"column":23},"end":{"line":89,"column":39}},"line":89},"8":{"name":"(anonymous_8)","decl":{"start":{"line":93,"column":26},"end":{"line":93,"column":27}},"loc":{"start":{"line":93,"column":36},"end":{"line":96,"column":null}},"line":93},"9":{"name":"(anonymous_9)","decl":{"start":{"line":98,"column":27},"end":{"line":98,"column":33}},"loc":{"start":{"line":98,"column":33},"end":{"line":101,"column":null}},"line":98},"10":{"name":"(anonymous_10)","decl":{"start":{"line":131,"column":25},"end":{"line":131,"column":31}},"loc":{"start":{"line":131,"column":31},"end":{"line":131,"column":null}},"line":131},"11":{"name":"(anonymous_11)","decl":{"start":{"line":160,"column":19},"end":{"line":160,"column":25}},"loc":{"start":{"line":160,"column":25},"end":{"line":163,"column":null}},"line":160},"12":{"name":"(anonymous_12)","decl":{"start":{"line":195,"column":21},"end":{"line":195,"column":22}},"loc":{"start":{"line":196,"column":12},"end":{"line":202,"column":null}},"line":196},"13":{"name":"(anonymous_13)","decl":{"start":{"line":211,"column":21},"end":{"line":211,"column":27}},"loc":{"start":{"line":211,"column":27},"end":{"line":211,"column":null}},"line":211},"14":{"name":"(anonymous_14)","decl":{"start":{"line":221,"column":21},"end":{"line":221,"column":27}},"loc":{"start":{"line":221,"column":27},"end":{"line":221,"column":null}},"line":221},"15":{"name":"(anonymous_15)","decl":{"start":{"line":241,"column":17},"end":{"line":241,"column":23}},"loc":{"start":{"line":241,"column":23},"end":{"line":244,"column":null}},"line":241}},"branchMap":{"0":{"loc":{"start":{"line":33,"column":16},"end":{"line":33,"column":null}},"type":"binary-expr","locations":[{"start":{"line":33,"column":16},"end":{"line":33,"column":35}},{"start":{"line":33,"column":35},"end":{"line":33,"column":null}}],"line":33},"1":{"loc":{"start":{"line":34,"column":21},"end":{"line":34,"column":null}},"type":"binary-expr","locations":[{"start":{"line":34,"column":21},"end":{"line":34,"column":53}},{"start":{"line":34,"column":53},"end":{"line":34,"column":null}}],"line":34},"2":{"loc":{"start":{"line":35,"column":21},"end":{"line":35,"column":null}},"type":"binary-expr","locations":[{"start":{"line":35,"column":21},"end":{"line":35,"column":53}},{"start":{"line":35,"column":53},"end":{"line":35,"column":null}}],"line":35},"3":{"loc":{"start":{"line":47,"column":15},"end":{"line":47,"column":61}},"type":"binary-expr","locations":[{"start":{"line":47,"column":15},"end":{"line":47,"column":38}},{"start":{"line":47,"column":38},"end":{"line":47,"column":61}}],"line":47},"4":{"loc":{"start":{"line":65,"column":15},"end":{"line":65,"column":61}},"type":"binary-expr","locations":[{"start":{"line":65,"column":15},"end":{"line":65,"column":38}},{"start":{"line":65,"column":38},"end":{"line":65,"column":61}}],"line":65},"5":{"loc":{"start":{"line":77,"column":4},"end":{"line":77,"column":null}},"type":"if","locations":[{"start":{"line":77,"column":4},"end":{"line":77,"column":null}},{"start":{},"end":{}}],"line":77},"6":{"loc":{"start":{"line":88,"column":15},"end":{"line":88,"column":61}},"type":"binary-expr","locations":[{"start":{"line":88,"column":15},"end":{"line":88,"column":38}},{"start":{"line":88,"column":38},"end":{"line":88,"column":61}}],"line":88},"7":{"loc":{"start":{"line":103,"column":2},"end":{"line":110,"column":null}},"type":"if","locations":[{"start":{"line":103,"column":2},"end":{"line":110,"column":null}},{"start":{},"end":{}}],"line":103},"8":{"loc":{"start":{"line":103,"column":6},"end":{"line":103,"column":37}},"type":"binary-expr","locations":[{"start":{"line":103,"column":6},"end":{"line":103,"column":17}},{"start":{"line":103,"column":17},"end":{"line":103,"column":37}}],"line":103},"9":{"loc":{"start":{"line":115,"column":8},"end":{"line":138,"column":null}},"type":"binary-expr","locations":[{"start":{"line":115,"column":8},"end":{"line":115,"column":17}},{"start":{"line":115,"column":17},"end":{"line":115,"column":null}},{"start":{"line":116,"column":8},"end":{"line":138,"column":null}}],"line":115},"10":{"loc":{"start":{"line":124,"column":17},"end":{"line":126,"column":null}},"type":"binary-expr","locations":[{"start":{"line":124,"column":17},"end":{"line":124,"column":null}},{"start":{"line":125,"column":18},"end":{"line":125,"column":null}},{"start":{"line":126,"column":18},"end":{"line":126,"column":null}}],"line":124},"11":{"loc":{"start":{"line":129,"column":13},"end":{"line":135,"column":null}},"type":"binary-expr","locations":[{"start":{"line":129,"column":13},"end":{"line":129,"column":null}},{"start":{"line":130,"column":14},"end":{"line":135,"column":null}}],"line":129},"12":{"loc":{"start":{"line":148,"column":13},"end":{"line":155,"column":null}},"type":"cond-expr","locations":[{"start":{"line":149,"column":14},"end":{"line":153,"column":null}},{"start":{"line":155,"column":14},"end":{"line":155,"column":null}}],"line":148},"13":{"loc":{"start":{"line":152,"column":30},"end":{"line":152,"column":null}},"type":"cond-expr","locations":[{"start":{"line":152,"column":49},"end":{"line":152,"column":58}},{"start":{"line":152,"column":58},"end":{"line":152,"column":null}}],"line":152},"14":{"loc":{"start":{"line":176,"column":7},"end":{"line":179,"column":null}},"type":"binary-expr","locations":[{"start":{"line":176,"column":7},"end":{"line":176,"column":null}},{"start":{"line":177,"column":8},"end":{"line":179,"column":null}}],"line":176},"15":{"loc":{"start":{"line":183,"column":7},"end":{"line":204,"column":null}},"type":"cond-expr","locations":[{"start":{"line":184,"column":8},"end":{"line":192,"column":null}},{"start":{"line":194,"column":8},"end":{"line":204,"column":null}}],"line":183},"16":{"loc":{"start":{"line":208,"column":7},"end":{"line":227,"column":null}},"type":"binary-expr","locations":[{"start":{"line":208,"column":7},"end":{"line":208,"column":null}},{"start":{"line":209,"column":8},"end":{"line":227,"column":null}}],"line":208},"17":{"loc":{"start":{"line":234,"column":18},"end":{"line":234,"column":null}},"type":"cond-expr","locations":[{"start":{"line":234,"column":32},"end":{"line":234,"column":51}},{"start":{"line":234,"column":51},"end":{"line":234,"column":null}}],"line":234}},"s":{"0":39,"1":39,"2":39,"3":39,"4":39,"5":39,"6":39,"7":39,"8":39,"9":39,"10":39,"11":39,"12":39,"13":39,"14":0,"15":0,"16":0,"17":0,"18":0,"19":0,"20":0,"21":0,"22":0,"23":39,"24":0,"25":0,"26":0,"27":0,"28":0,"29":0,"30":0,"31":0,"32":0,"33":0,"34":39,"35":2,"36":2,"37":39,"38":0,"39":0,"40":0,"41":0,"42":0,"43":0,"44":0,"45":0,"46":0,"47":0,"48":39,"49":1,"50":1,"51":39,"52":1,"53":1,"54":39,"55":2,"56":37,"57":0,"58":2,"59":2,"60":36,"61":0,"62":2,"63":1,"64":1,"65":1},"f":{"0":39,"1":0,"2":0,"3":0,"4":0,"5":2,"6":0,"7":0,"8":1,"9":1,"10":0,"11":2,"12":36,"13":0,"14":2,"15":1},"b":{"0":[39,8],"1":[39,9],"2":[39,20],"3":[0,0],"4":[0,0],"5":[0,0],"6":[0,0],"7":[2,37],"8":[39,2],"9":[37,37,6],"10":[6,6,2],"11":[6,0],"12":[19,18],"13":[2,17],"14":[39,0],"15":[18,19],"16":[39,6],"17":[1,36]},"meta":{"lastBranch":18,"lastFunction":16,"lastStatement":66,"seen":{"f:14:9:14:19":0,"s:15:36:15:Infinity":0,"s:16:36:16:Infinity":1,"s:17:22:17:Infinity":2,"s:18:46:18:Infinity":3,"s:19:38:19:Infinity":4,"s:20:24:20:Infinity":5,"s:27:2:27:Infinity":6,"s:29:19:29:Infinity":7,"s:30:19:30:Infinity":8,"s:31:19:31:Infinity":9,"s:33:16:33:Infinity":10,"b:33:16:33:35:33:35:33:Infinity":0,"s:34:21:34:Infinity":11,"b:34:21:34:53:34:53:34:Infinity":1,"s:35:21:35:Infinity":12,"b:35:21:35:53:35:53:35:Infinity":2,"s:37:27:51:Infinity":13,"f:37:27:37:34":1,"s:38:4:50:Infinity":14,"s:39:6:39:Infinity":15,"s:40:6:43:Infinity":16,"s:44:6:44:Infinity":17,"s:46:6:46:Infinity":18,"s:47:6:47:Infinity":19,"b:47:15:47:38:47:38:47:61":3,"s:48:6:48:Infinity":20,"f:48:17:48:23":2,"s:48:23:48:39":21,"s:49:6:49:Infinity":22,"s:53:27:69:Infinity":23,"f:53:27:53:34":3,"s:54:4:68:Infinity":24,"s:55:6:55:Infinity":25,"s:56:6:60:Infinity":26,"s:61:6:61:Infinity":27,"s:62:6:62:Infinity":28,"s:64:6:64:Infinity":29,"s:65:6:65:Infinity":30,"b:65:15:65:38:65:38:65:61":4,"s:66:6:66:Infinity":31,"f:66:17:66:23":4,"s:66:23:66:39":32,"s:67:6:67:Infinity":33,"s:71:27:74:Infinity":34,"f:71:27:71:28":5,"s:72:4:72:Infinity":35,"s:73:4:73:Infinity":36,"s:76:24:91:Infinity":37,"f:76:24:76:36":6,"b:77:4:77:Infinity:undefined:undefined:undefined:undefined":5,"s:77:4:77:Infinity":38,"s:77:23:77:Infinity":39,"s:79:4:90:Infinity":40,"s:80:6:80:Infinity":41,"s:81:6:84:Infinity":42,"s:85:6:85:Infinity":43,"s:87:6:87:Infinity":44,"s:88:6:88:Infinity":45,"b:88:15:88:38:88:38:88:61":6,"s:89:6:89:Infinity":46,"f:89:17:89:23":7,"s:89:23:89:39":47,"s:93:26:96:Infinity":48,"f:93:26:93:27":8,"s:94:4:94:Infinity":49,"s:95:4:95:Infinity":50,"s:98:27:101:Infinity":51,"f:98:27:98:33":9,"s:99:4:99:Infinity":52,"s:100:4:100:Infinity":53,"b:103:2:110:Infinity:undefined:undefined:undefined:undefined":7,"s:103:2:110:Infinity":54,"b:103:6:103:17:103:17:103:37":8,"s:104:4:108:Infinity":55,"s:112:2:249:Infinity":56,"b:115:8:115:17:115:17:115:Infinity:116:8:138:Infinity":9,"b:124:17:124:Infinity:125:18:125:Infinity:126:18:126:Infinity":10,"b:129:13:129:Infinity:130:14:135:Infinity":11,"f:131:25:131:31":10,"s:131:31:131:Infinity":57,"b:149:14:153:Infinity:155:14:155:Infinity":12,"b:152:49:152:58:152:58:152:Infinity":13,"f:160:19:160:25":11,"s:161:12:161:Infinity":58,"s:162:12:162:Infinity":59,"b:176:7:176:Infinity:177:8:179:Infinity":14,"b:184:8:192:Infinity:194:8:204:Infinity":15,"f:195:21:195:22":12,"s:196:12:202:Infinity":60,"b:208:7:208:Infinity:209:8:227:Infinity":16,"f:211:21:211:27":13,"s:211:27:211:Infinity":61,"f:221:21:221:27":14,"s:221:27:221:Infinity":62,"b:234:32:234:51:234:51:234:Infinity":17,"f:241:17:241:23":15,"s:242:10:242:Infinity":63,"s:243:10:243:Infinity":64,"s:253:0:256:Infinity":65}}}
,"/Users/greg/purdue-bootcamp/capstone-project/PurdueUniversity-Capstone-Project-LearnEasePro/frontend/src/components/ConfirmModal.jsx": {"path":"/Users/greg/purdue-bootcamp/capstone-project/PurdueUniversity-Capstone-Project-LearnEasePro/frontend/src/components/ConfirmModal.jsx","statementMap":{"0":{"start":{"line":4,"column":2},"end":{"line":4,"column":null}},"1":{"start":{"line":4,"column":15},"end":{"line":4,"column":null}},"2":{"start":{"line":6,"column":2},"end":{"line":40,"column":null}},"3":{"start":{"line":30,"column":16},"end":{"line":30,"column":null}},"4":{"start":{"line":31,"column":16},"end":{"line":31,"column":null}},"5":{"start":{"line":44,"column":0},"end":{"line":50,"column":null}}},"fnMap":{"0":{"name":"ConfirmModal","decl":{"start":{"line":3,"column":9},"end":{"line":3,"column":22}},"loc":{"start":{"line":3,"column":70},"end":{"line":42,"column":null}},"line":3},"1":{"name":"(anonymous_1)","decl":{"start":{"line":29,"column":23},"end":{"line":29,"column":29}},"loc":{"start":{"line":29,"column":29},"end":{"line":32,"column":null}},"line":29}},"branchMap":{"0":{"loc":{"start":{"line":4,"column":2},"end":{"line":4,"column":null}},"type":"if","locations":[{"start":{"line":4,"column":2},"end":{"line":4,"column":null}},{"start":{},"end":{}}],"line":4},"1":{"loc":{"start":{"line":12,"column":13},"end":{"line":12,"column":null}},"type":"binary-expr","locations":[{"start":{"line":12,"column":13},"end":{"line":12,"column":22}},{"start":{"line":12,"column":22},"end":{"line":12,"column":null}}],"line":12},"2":{"loc":{"start":{"line":17,"column":13},"end":{"line":17,"column":null}},"type":"binary-expr","locations":[{"start":{"line":17,"column":13},"end":{"line":17,"column":24}},{"start":{"line":17,"column":24},"end":{"line":17,"column":null}}],"line":17}},"s":{"0":30,"1":3,"2":27,"3":3,"4":3,"5":1},"f":{"0":30,"1":3},"b":{"0":[3,27],"1":[27,24],"2":[30,22]},"meta":{"lastBranch":3,"lastFunction":2,"lastStatement":6,"seen":{"f:3:9:3:22":0,"b:4:2:4:Infinity:undefined:undefined:undefined:undefined":0,"s:4:2:4:Infinity":0,"s:4:15:4:Infinity":1,"s:6:2:40:Infinity":2,"b:12:13:12:22:12:22:12:Infinity":1,"b:17:13:17:24:17:24:17:Infinity":2,"f:29:23:29:29":1,"s:30:16:30:Infinity":3,"s:31:16:31:Infinity":4,"s:44:0:50:Infinity":5}}}
,"/Users/greg/purdue-bootcamp/capstone-project/PurdueUniversity-Capstone-Project-LearnEasePro/frontend/src/components/CourseModal.jsx": {"path":"/Users/greg/purdue-bootcamp/capstone-project/PurdueUniversity-Capstone-Project-LearnEasePro/frontend/src/components/CourseModal.jsx","statementMap":{"0":{"start":{"line":10,"column":30},"end":{"line":16,"column":null}},"1":{"start":{"line":17,"column":26},"end":{"line":17,"column":null}},"2":{"start":{"line":18,"column":36},"end":{"line":18,"column":null}},"3":{"start":{"line":21,"column":48},"end":{"line":21,"column":null}},"4":{"start":{"line":22,"column":48},"end":{"line":22,"column":null}},"5":{"start":{"line":23,"column":59},"end":{"line":24,"column":null}},"6":{"start":{"line":26,"column":18},"end":{"line":26,"column":null}},"7":{"start":{"line":27,"column":22},"end":{"line":27,"column":null}},"8":{"start":{"line":29,"column":2},"end":{"line":59,"column":null}},"9":{"start":{"line":30,"column":4},"end":{"line":56,"column":null}},"10":{"start":{"line":32,"column":25},"end":{"line":32,"column":null}},"11":{"start":{"line":33,"column":6},"end":{"line":39,"column":null}},"12":{"start":{"line":34,"column":8},"end":{"line":38,"column":null}},"13":{"start":{"line":35,"column":10},"end":{"line":35,"column":null}},"14":{"start":{"line":36,"column":8},"end":{"line":38,"column":null}},"15":{"start":{"line":37,"column":10},"end":{"line":37,"column":null}},"16":{"start":{"line":41,"column":6},"end":{"line":47,"column":null}},"17":{"start":{"line":49,"column":6},"end":{"line":55,"column":null}},"18":{"start":{"line":57,"column":4},"end":{"line":57,"column":null}},"19":{"start":{"line":58,"column":4},"end":{"line":58,"column":null}},"20":{"start":{"line":61,"column":23},"end":{"line":71,"column":null}},"21":{"start":{"line":62,"column":43},"end":{"line":62,"column":null}},"22":{"start":{"line":63,"column":4},"end":{"line":66,"column":null}},"23":{"start":{"line":63,"column":27},"end":{"line":66,"column":6}},"24":{"start":{"line":68,"column":4},"end":{"line":70,"column":null}},"25":{"start":{"line":69,"column":6},"end":{"line":69,"column":null}},"26":{"start":{"line":69,"column":27},"end":{"line":69,"column":51}},"27":{"start":{"line":73,"column":23},"end":{"line":94,"column":null}},"28":{"start":{"line":74,"column":22},"end":{"line":74,"column":null}},"29":{"start":{"line":76,"column":4},"end":{"line":78,"column":null}},"30":{"start":{"line":77,"column":6},"end":{"line":77,"column":null}},"31":{"start":{"line":80,"column":4},"end":{"line":82,"column":null}},"32":{"start":{"line":81,"column":6},"end":{"line":81,"column":null}},"33":{"start":{"line":84,"column":4},"end":{"line":86,"column":null}},"34":{"start":{"line":85,"column":6},"end":{"line":85,"column":null}},"35":{"start":{"line":88,"column":4},"end":{"line":90,"column":null}},"36":{"start":{"line":89,"column":6},"end":{"line":89,"column":null}},"37":{"start":{"line":92,"column":4},"end":{"line":92,"column":null}},"38":{"start":{"line":93,"column":4},"end":{"line":93,"column":null}},"39":{"start":{"line":96,"column":23},"end":{"line":121,"column":null}},"40":{"start":{"line":97,"column":4},"end":{"line":97,"column":null}},"41":{"start":{"line":99,"column":4},"end":{"line":101,"column":null}},"42":{"start":{"line":100,"column":6},"end":{"line":100,"column":null}},"43":{"start":{"line":103,"column":4},"end":{"line":103,"column":null}},"44":{"start":{"line":105,"column":4},"end":{"line":120,"column":null}},"45":{"start":{"line":106,"column":6},"end":{"line":116,"column":null}},"46":{"start":{"line":108,"column":8},"end":{"line":112,"column":null}},"47":{"start":{"line":115,"column":8},"end":{"line":115,"column":null}},"48":{"start":{"line":117,"column":6},"end":{"line":117,"column":null}},"49":{"start":{"line":119,"column":6},"end":{"line":119,"column":null}},"50":{"start":{"line":123,"column":2},"end":{"line":123,"column":null}},"51":{"start":{"line":123,"column":15},"end":{"line":123,"column":null}},"52":{"start":{"line":125,"column":2},"end":{"line":293,"column":null}},"53":{"start":{"line":247,"column":16},"end":{"line":249,"column":null}},"54":{"start":{"line":277,"column":29},"end":{"line":277,"column":null}}},"fnMap":{"0":{"name":"CourseModal","decl":{"start":{"line":9,"column":9},"end":{"line":9,"column":21}},"loc":{"start":{"line":9,"column":50},"end":{"line":295,"column":null}},"line":9},"1":{"name":"(anonymous_1)","decl":{"start":{"line":29,"column":12},"end":{"line":29,"column":18}},"loc":{"start":{"line":29,"column":18},"end":{"line":59,"column":5}},"line":29},"2":{"name":"(anonymous_2)","decl":{"start":{"line":61,"column":23},"end":{"line":61,"column":24}},"loc":{"start":{"line":61,"column":30},"end":{"line":71,"column":null}},"line":61},"3":{"name":"(anonymous_3)","decl":{"start":{"line":63,"column":16},"end":{"line":63,"column":17}},"loc":{"start":{"line":63,"column":27},"end":{"line":66,"column":6}},"line":63},"4":{"name":"(anonymous_4)","decl":{"start":{"line":69,"column":16},"end":{"line":69,"column":17}},"loc":{"start":{"line":69,"column":27},"end":{"line":69,"column":51}},"line":69},"5":{"name":"(anonymous_5)","decl":{"start":{"line":73,"column":23},"end":{"line":73,"column":29}},"loc":{"start":{"line":73,"column":29},"end":{"line":94,"column":null}},"line":73},"6":{"name":"(anonymous_6)","decl":{"start":{"line":96,"column":23},"end":{"line":96,"column":30}},"loc":{"start":{"line":96,"column":36},"end":{"line":121,"column":null}},"line":96},"7":{"name":"(anonymous_7)","decl":{"start":{"line":246,"column":31},"end":{"line":246,"column":32}},"loc":{"start":{"line":247,"column":16},"end":{"line":249,"column":null}},"line":247},"8":{"name":"(anonymous_8)","decl":{"start":{"line":277,"column":23},"end":{"line":277,"column":29}},"loc":{"start":{"line":277,"column":29},"end":{"line":277,"column":null}},"line":277}},"branchMap":{"0":{"loc":{"start":{"line":26,"column":18},"end":{"line":26,"column":null}},"type":"binary-expr","locations":[{"start":{"line":26,"column":18},"end":{"line":26,"column":32}},{"start":{"line":26,"column":32},"end":{"line":26,"column":null}}],"line":26},"1":{"loc":{"start":{"line":27,"column":22},"end":{"line":27,"column":null}},"type":"binary-expr","locations":[{"start":{"line":27,"column":22},"end":{"line":27,"column":43}},{"start":{"line":27,"column":43},"end":{"line":27,"column":null}}],"line":27},"2":{"loc":{"start":{"line":30,"column":4},"end":{"line":56,"column":null}},"type":"if","locations":[{"start":{"line":30,"column":4},"end":{"line":56,"column":null}},{"start":{"line":48,"column":11},"end":{"line":56,"column":null}}],"line":30},"3":{"loc":{"start":{"line":33,"column":6},"end":{"line":39,"column":null}},"type":"if","locations":[{"start":{"line":33,"column":6},"end":{"line":39,"column":null}},{"start":{},"end":{}}],"line":33},"4":{"loc":{"start":{"line":34,"column":8},"end":{"line":38,"column":null}},"type":"if","locations":[{"start":{"line":34,"column":8},"end":{"line":38,"column":null}},{"start":{"line":36,"column":8},"end":{"line":38,"column":null}}],"line":34},"5":{"loc":{"start":{"line":34,"column":12},"end":{"line":34,"column":76}},"type":"binary-expr","locations":[{"start":{"line":34,"column":12},"end":{"line":34,"column":53}},{"start":{"line":34,"column":53},"end":{"line":34,"column":76}}],"line":34},"6":{"loc":{"start":{"line":36,"column":8},"end":{"line":38,"column":null}},"type":"if","locations":[{"start":{"line":36,"column":8},"end":{"line":38,"column":null}},{"start":{},"end":{}}],"line":36},"7":{"loc":{"start":{"line":42,"column":20},"end":{"line":42,"column":null}},"type":"binary-expr","locations":[{"start":{"line":42,"column":20},"end":{"line":42,"column":41}},{"start":{"line":42,"column":41},"end":{"line":42,"column":null}}],"line":42},"8":{"loc":{"start":{"line":43,"column":14},"end":{"line":43,"column":null}},"type":"binary-expr","locations":[{"start":{"line":43,"column":14},"end":{"line":43,"column":29}},{"start":{"line":43,"column":29},"end":{"line":43,"column":null}}],"line":43},"9":{"loc":{"start":{"line":44,"column":21},"end":{"line":44,"column":null}},"type":"binary-expr","locations":[{"start":{"line":44,"column":21},"end":{"line":44,"column":43}},{"start":{"line":44,"column":43},"end":{"line":44,"column":null}}],"line":44},"10":{"loc":{"start":{"line":46,"column":18},"end":{"line":46,"column":null}},"type":"cond-expr","locations":[{"start":{"line":46,"column":50},"end":{"line":46,"column":68}},{"start":{"line":46,"column":68},"end":{"line":46,"column":null}}],"line":46},"11":{"loc":{"start":{"line":65,"column":14},"end":{"line":65,"column":null}},"type":"cond-expr","locations":[{"start":{"line":65,"column":36},"end":{"line":65,"column":46}},{"start":{"line":65,"column":46},"end":{"line":65,"column":null}}],"line":65},"12":{"loc":{"start":{"line":68,"column":4},"end":{"line":70,"column":null}},"type":"if","locations":[{"start":{"line":68,"column":4},"end":{"line":70,"column":null}},{"start":{},"end":{}}],"line":68},"13":{"loc":{"start":{"line":76,"column":4},"end":{"line":78,"column":null}},"type":"if","locations":[{"start":{"line":76,"column":4},"end":{"line":78,"column":null}},{"start":{},"end":{}}],"line":76},"14":{"loc":{"start":{"line":80,"column":4},"end":{"line":82,"column":null}},"type":"if","locations":[{"start":{"line":80,"column":4},"end":{"line":82,"column":null}},{"start":{},"end":{}}],"line":80},"15":{"loc":{"start":{"line":84,"column":4},"end":{"line":86,"column":null}},"type":"if","locations":[{"start":{"line":84,"column":4},"end":{"line":86,"column":null}},{"start":{},"end":{}}],"line":84},"16":{"loc":{"start":{"line":88,"column":4},"end":{"line":90,"column":null}},"type":"if","locations":[{"start":{"line":88,"column":4},"end":{"line":90,"column":null}},{"start":{},"end":{}}],"line":88},"17":{"loc":{"start":{"line":99,"column":4},"end":{"line":101,"column":null}},"type":"if","locations":[{"start":{"line":99,"column":4},"end":{"line":101,"column":null}},{"start":{},"end":{}}],"line":99},"18":{"loc":{"start":{"line":106,"column":6},"end":{"line":116,"column":null}},"type":"if","locations":[{"start":{"line":106,"column":6},"end":{"line":116,"column":null}},{"start":{"line":113,"column":13},"end":{"line":116,"column":null}}],"line":106},"19":{"loc":{"start":{"line":119,"column":21},"end":{"line":119,"column":65}},"type":"binary-expr","locations":[{"start":{"line":119,"column":21},"end":{"line":119,"column":42}},{"start":{"line":119,"column":42},"end":{"line":119,"column":65}}],"line":119},"20":{"loc":{"start":{"line":123,"column":2},"end":{"line":123,"column":null}},"type":"if","locations":[{"start":{"line":123,"column":2},"end":{"line":123,"column":null}},{"start":{},"end":{}}],"line":123},"21":{"loc":{"start":{"line":131,"column":13},"end":{"line":131,"column":null}},"type":"cond-expr","locations":[{"start":{"line":131,"column":22},"end":{"line":131,"column":38}},{"start":{"line":131,"column":38},"end":{"line":131,"column":null}}],"line":131},"22":{"loc":{"start":{"line":144,"column":11},"end":{"line":147,"column":null}},"type":"binary-expr","locations":[{"start":{"line":144,"column":11},"end":{"line":144,"column":null}},{"start":{"line":145,"column":12},"end":{"line":147,"column":null}}],"line":144},"23":{"loc":{"start":{"line":166,"column":16},"end":{"line":166,"column":null}},"type":"cond-expr","locations":[{"start":{"line":166,"column":36},"end":{"line":166,"column":55}},{"start":{"line":166,"column":55},"end":{"line":166,"column":null}}],"line":166},"24":{"loc":{"start":{"line":167,"column":18},"end":{"line":167,"column":64}},"type":"cond-expr","locations":[{"start":{"line":167,"column":27},"end":{"line":167,"column":62}},{"start":{"line":167,"column":62},"end":{"line":167,"column":64}}],"line":167},"25":{"loc":{"start":{"line":170,"column":13},"end":{"line":171,"column":null}},"type":"binary-expr","locations":[{"start":{"line":170,"column":13},"end":{"line":170,"column":null}},{"start":{"line":171,"column":14},"end":{"line":171,"column":null}}],"line":170},"26":{"loc":{"start":{"line":190,"column":16},"end":{"line":190,"column":null}},"type":"cond-expr","locations":[{"start":{"line":190,"column":30},"end":{"line":190,"column":49}},{"start":{"line":190,"column":49},"end":{"line":190,"column":null}}],"line":190},"27":{"loc":{"start":{"line":194,"column":13},"end":{"line":195,"column":null}},"type":"binary-expr","locations":[{"start":{"line":194,"column":13},"end":{"line":194,"column":null}},{"start":{"line":195,"column":14},"end":{"line":195,"column":null}}],"line":194},"28":{"loc":{"start":{"line":214,"column":16},"end":{"line":214,"column":null}},"type":"cond-expr","locations":[{"start":{"line":214,"column":37},"end":{"line":214,"column":56}},{"start":{"line":214,"column":56},"end":{"line":214,"column":null}}],"line":214},"29":{"loc":{"start":{"line":218,"column":13},"end":{"line":219,"column":null}},"type":"binary-expr","locations":[{"start":{"line":218,"column":13},"end":{"line":218,"column":null}},{"start":{"line":219,"column":14},"end":{"line":219,"column":null}}],"line":218},"30":{"loc":{"start":{"line":238,"column":16},"end":{"line":238,"column":null}},"type":"cond-expr","locations":[{"start":{"line":238,"column":36},"end":{"line":238,"column":55}},{"start":{"line":238,"column":55},"end":{"line":238,"column":null}}],"line":238},"31":{"loc":{"start":{"line":239,"column":18},"end":{"line":239,"column":76}},"type":"cond-expr","locations":[{"start":{"line":239,"column":39},"end":{"line":239,"column":74}},{"start":{"line":239,"column":74},"end":{"line":239,"column":76}}],"line":239},"32":{"loc":{"start":{"line":242,"column":17},"end":{"line":244,"column":null}},"type":"cond-expr","locations":[{"start":{"line":243,"column":20},"end":{"line":243,"column":null}},{"start":{"line":244,"column":20},"end":{"line":244,"column":null}}],"line":242},"33":{"loc":{"start":{"line":252,"column":13},"end":{"line":253,"column":null}},"type":"binary-expr","locations":[{"start":{"line":252,"column":13},"end":{"line":252,"column":null}},{"start":{"line":253,"column":14},"end":{"line":253,"column":null}}],"line":252},"34":{"loc":{"start":{"line":288,"column":15},"end":{"line":288,"column":null}},"type":"cond-expr","locations":[{"start":{"line":288,"column":25},"end":{"line":288,"column":39}},{"start":{"line":288,"column":39},"end":{"line":288,"column":null}}],"line":288},"35":{"loc":{"start":{"line":288,"column":39},"end":{"line":288,"column":null}},"type":"cond-expr","locations":[{"start":{"line":288,"column":48},"end":{"line":288,"column":59}},{"start":{"line":288,"column":59},"end":{"line":288,"column":null}}],"line":288}},"s":{"0":131,"1":131,"2":131,"3":131,"4":131,"5":131,"6":131,"7":131,"8":131,"9":25,"10":5,"11":5,"12":5,"13":1,"14":4,"15":4,"16":5,"17":20,"18":25,"19":25,"20":131,"21":26,"22":26,"23":26,"24":26,"25":1,"26":1,"27":131,"28":4,"29":4,"30":4,"31":4,"32":4,"33":4,"34":4,"35":4,"36":4,"37":4,"38":4,"39":131,"40":4,"41":4,"42":4,"43":0,"44":0,"45":0,"46":0,"47":0,"48":0,"49":0,"50":131,"51":4,"52":126,"53":0,"54":1},"f":{"0":131,"1":25,"2":26,"3":26,"4":1,"5":4,"6":4,"7":0,"8":1},"b":{"0":[131,130],"1":[131,130],"2":[5,20],"3":[5,0],"4":[1,4],"5":[5,1],"6":[4,0],"7":[5,0],"8":[5,0],"9":[5,0],"10":[2,3],"11":[1,25],"12":[1,25],"13":[4,0],"14":[4,0],"15":[4,0],"16":[4,0],"17":[4,0],"18":[0,0],"19":[0,0],"20":[4,127],"21":[20,106],"22":[131,0],"23":[4,122],"24":[20,106],"25":[131,4],"26":[9,117],"27":[131,9],"28":[9,117],"29":[131,9],"30":[9,117],"31":[72,54],"32":[72,54],"33":[131,9],"34":[0,126],"35":[20,106]},"meta":{"lastBranch":36,"lastFunction":9,"lastStatement":55,"seen":{"f:9:9:9:21":0,"s:10:30:16:Infinity":0,"s:17:26:17:Infinity":1,"s:18:36:18:Infinity":2,"s:21:48:21:Infinity":3,"s:22:48:22:Infinity":4,"s:23:59:24:Infinity":5,"s:26:18:26:Infinity":6,"b:26:18:26:32:26:32:26:Infinity":0,"s:27:22:27:Infinity":7,"b:27:22:27:43:27:43:27:Infinity":1,"s:29:2:59:Infinity":8,"f:29:12:29:18":1,"b:30:4:56:Infinity:48:11:56:Infinity":2,"s:30:4:56:Infinity":9,"s:32:25:32:Infinity":10,"b:33:6:39:Infinity:undefined:undefined:undefined:undefined":3,"s:33:6:39:Infinity":11,"b:34:8:38:Infinity:36:8:38:Infinity":4,"s:34:8:38:Infinity":12,"b:34:12:34:53:34:53:34:76":5,"s:35:10:35:Infinity":13,"b:36:8:38:Infinity:undefined:undefined:undefined:undefined":6,"s:36:8:38:Infinity":14,"s:37:10:37:Infinity":15,"s:41:6:47:Infinity":16,"b:42:20:42:41:42:41:42:Infinity":7,"b:43:14:43:29:43:29:43:Infinity":8,"b:44:21:44:43:44:43:44:Infinity":9,"b:46:50:46:68:46:68:46:Infinity":10,"s:49:6:55:Infinity":17,"s:57:4:57:Infinity":18,"s:58:4:58:Infinity":19,"s:61:23:71:Infinity":20,"f:61:23:61:24":2,"s:62:43:62:Infinity":21,"s:63:4:66:Infinity":22,"f:63:16:63:17":3,"s:63:27:66:6":23,"b:65:36:65:46:65:46:65:Infinity":11,"b:68:4:70:Infinity:undefined:undefined:undefined:undefined":12,"s:68:4:70:Infinity":24,"s:69:6:69:Infinity":25,"f:69:16:69:17":4,"s:69:27:69:51":26,"s:73:23:94:Infinity":27,"f:73:23:73:29":5,"s:74:22:74:Infinity":28,"b:76:4:78:Infinity:undefined:undefined:undefined:undefined":13,"s:76:4:78:Infinity":29,"s:77:6:77:Infinity":30,"b:80:4:82:Infinity:undefined:undefined:undefined:undefined":14,"s:80:4:82:Infinity":31,"s:81:6:81:Infinity":32,"b:84:4:86:Infinity:undefined:undefined:undefined:undefined":15,"s:84:4:86:Infinity":33,"s:85:6:85:Infinity":34,"b:88:4:90:Infinity:undefined:undefined:undefined:undefined":16,"s:88:4:90:Infinity":35,"s:89:6:89:Infinity":36,"s:92:4:92:Infinity":37,"s:93:4:93:Infinity":38,"s:96:23:121:Infinity":39,"f:96:23:96:30":6,"s:97:4:97:Infinity":40,"b:99:4:101:Infinity:undefined:undefined:undefined:undefined":17,"s:99:4:101:Infinity":41,"s:100:6:100:Infinity":42,"s:103:4:103:Infinity":43,"s:105:4:120:Infinity":44,"b:106:6:116:Infinity:113:13:116:Infinity":18,"s:106:6:116:Infinity":45,"s:108:8:112:Infinity":46,"s:115:8:115:Infinity":47,"s:117:6:117:Infinity":48,"s:119:6:119:Infinity":49,"b:119:21:119:42:119:42:119:65":19,"b:123:2:123:Infinity:undefined:undefined:undefined:undefined":20,"s:123:2:123:Infinity":50,"s:123:15:123:Infinity":51,"s:125:2:293:Infinity":52,"b:131:22:131:38:131:38:131:Infinity":21,"b:144:11:144:Infinity:145:12:147:Infinity":22,"b:166:36:166:55:166:55:166:Infinity":23,"b:167:27:167:62:167:62:167:64":24,"b:170:13:170:Infinity:171:14:171:Infinity":25,"b:190:30:190:49:190:49:190:Infinity":26,"b:194:13:194:Infinity:195:14:195:Infinity":27,"b:214:37:214:56:214:56:214:Infinity":28,"b:218:13:218:Infinity:219:14:219:Infinity":29,"b:238:36:238:55:238:55:238:Infinity":30,"b:239:39:239:74:239:74:239:76":31,"b:243:20:243:Infinity:244:20:244:Infinity":32,"f:246:31:246:32":7,"s:247:16:249:Infinity":53,"b:252:13:252:Infinity:253:14:253:Infinity":33,"f:277:23:277:29":8,"s:277:29:277:Infinity":54,"b:288:25:288:39:288:39:288:Infinity":34,"b:288:48:288:59:288:59:288:Infinity":35}}}
,"/Users/greg/purdue-bootcamp/capstone-project/PurdueUniversity-Capstone-Project-LearnEasePro/frontend/src/components/CourseRating.jsx": {"path":"/Users/greg/purdue-bootcamp/capstone-project/PurdueUniversity-Capstone-Project-LearnEasePro/frontend/src/components/CourseRating.jsx","statementMap":{"0":{"start":{"line":12,"column":17},"end":{"line":12,"column":null}},"1":{"start":{"line":15,"column":16},"end":{"line":20,"column":null}},"2":{"start":{"line":22,"column":21},"end":{"line":22,"column":null}},"3":{"start":{"line":25,"column":20},"end":{"line":25,"column":null}},"4":{"start":{"line":26,"column":22},"end":{"line":26,"column":null}},"5":{"start":{"line":27,"column":21},"end":{"line":27,"column":null}},"6":{"start":{"line":29,"column":22},"end":{"line":34,"column":null}},"7":{"start":{"line":30,"column":4},"end":{"line":33,"column":null}},"8":{"start":{"line":31,"column":6},"end":{"line":31,"column":null}},"9":{"start":{"line":32,"column":6},"end":{"line":32,"column":null}},"10":{"start":{"line":36,"column":8},"end":{"line":36,"column":null}},"11":{"start":{"line":38,"column":2},"end":{"line":100,"column":null}},"12":{"start":{"line":51,"column":14},"end":{"line":54,"column":null}},"13":{"start":{"line":52,"column":16},"end":{"line":52,"column":null}},"14":{"start":{"line":53,"column":16},"end":{"line":53,"column":null}},"15":{"start":{"line":62,"column":10},"end":{"line":67,"column":null}},"16":{"start":{"line":80,"column":10},"end":{"line":85,"column":null}},"17":{"start":{"line":104,"column":0},"end":{"line":111,"column":null}}},"fnMap":{"0":{"name":"CourseRating","decl":{"start":{"line":3,"column":9},"end":{"line":3,"column":22}},"loc":{"start":{"line":10,"column":3},"end":{"line":102,"column":null}},"line":10},"1":{"name":"(anonymous_1)","decl":{"start":{"line":29,"column":22},"end":{"line":29,"column":23}},"loc":{"start":{"line":29,"column":29},"end":{"line":34,"column":null}},"line":29},"2":{"name":"(anonymous_2)","decl":{"start":{"line":50,"column":12},"end":{"line":50,"column":13}},"loc":{"start":{"line":50,"column":19},"end":{"line":55,"column":null}},"line":50},"3":{"name":"(anonymous_3)","decl":{"start":{"line":61,"column":35},"end":{"line":61,"column":36}},"loc":{"start":{"line":62,"column":10},"end":{"line":67,"column":null}},"line":62},"4":{"name":"(anonymous_4)","decl":{"start":{"line":79,"column":36},"end":{"line":79,"column":37}},"loc":{"start":{"line":80,"column":10},"end":{"line":85,"column":null}},"line":80}},"branchMap":{"0":{"loc":{"start":{"line":4,"column":2},"end":{"line":4,"column":null}},"type":"default-arg","locations":[{"start":{"line":4,"column":18},"end":{"line":4,"column":null}}],"line":4},"1":{"loc":{"start":{"line":5,"column":2},"end":{"line":5,"column":null}},"type":"default-arg","locations":[{"start":{"line":5,"column":16},"end":{"line":5,"column":null}}],"line":5},"2":{"loc":{"start":{"line":6,"column":2},"end":{"line":6,"column":null}},"type":"default-arg","locations":[{"start":{"line":6,"column":14},"end":{"line":6,"column":null}}],"line":6},"3":{"loc":{"start":{"line":7,"column":2},"end":{"line":7,"column":null}},"type":"default-arg","locations":[{"start":{"line":7,"column":9},"end":{"line":7,"column":null}}],"line":7},"4":{"loc":{"start":{"line":8,"column":2},"end":{"line":8,"column":null}},"type":"default-arg","locations":[{"start":{"line":8,"column":12},"end":{"line":8,"column":null}}],"line":8},"5":{"loc":{"start":{"line":9,"column":2},"end":{"line":9,"column":null}},"type":"default-arg","locations":[{"start":{"line":9,"column":14},"end":{"line":9,"column":null}}],"line":9},"6":{"loc":{"start":{"line":22,"column":21},"end":{"line":22,"column":null}},"type":"binary-expr","locations":[{"start":{"line":22,"column":21},"end":{"line":22,"column":36}},{"start":{"line":22,"column":36},"end":{"line":22,"column":null}}],"line":22},"7":{"loc":{"start":{"line":27,"column":38},"end":{"line":27,"column":null}},"type":"cond-expr","locations":[{"start":{"line":27,"column":52},"end":{"line":27,"column":56}},{"start":{"line":27,"column":56},"end":{"line":27,"column":null}}],"line":27},"8":{"loc":{"start":{"line":30,"column":4},"end":{"line":33,"column":null}},"type":"if","locations":[{"start":{"line":30,"column":4},"end":{"line":33,"column":null}},{"start":{},"end":{}}],"line":30},"9":{"loc":{"start":{"line":30,"column":8},"end":{"line":30,"column":51}},"type":"binary-expr","locations":[{"start":{"line":30,"column":8},"end":{"line":30,"column":20}},{"start":{"line":30,"column":20},"end":{"line":30,"column":33}},{"start":{"line":30,"column":33},"end":{"line":30,"column":51}}],"line":30},"10":{"loc":{"start":{"line":36,"column":8},"end":{"line":36,"column":null}},"type":"binary-expr","locations":[{"start":{"line":36,"column":25},"end":{"line":36,"column":38}},{"start":{"line":36,"column":38},"end":{"line":36,"column":58}},{"start":{"line":36,"column":58},"end":{"line":36,"column":null}}],"line":36},"11":{"loc":{"start":{"line":41,"column":8},"end":{"line":43,"column":null}},"type":"cond-expr","locations":[{"start":{"line":42,"column":12},"end":{"line":42,"column":null}},{"start":{"line":43,"column":12},"end":{"line":43,"column":null}}],"line":41},"12":{"loc":{"start":{"line":46,"column":12},"end":{"line":46,"column":null}},"type":"cond-expr","locations":[{"start":{"line":46,"column":28},"end":{"line":46,"column":39}},{"start":{"line":46,"column":39},"end":{"line":46,"column":null}}],"line":46},"13":{"loc":{"start":{"line":47,"column":16},"end":{"line":47,"column":null}},"type":"cond-expr","locations":[{"start":{"line":47,"column":32},"end":{"line":47,"column":36}},{"start":{"line":47,"column":36},"end":{"line":47,"column":null}}],"line":47},"14":{"loc":{"start":{"line":49,"column":8},"end":{"line":56,"column":null}},"type":"cond-expr","locations":[{"start":{"line":50,"column":12},"end":{"line":55,"column":null}},{"start":{"line":56,"column":12},"end":{"line":56,"column":null}}],"line":49},"15":{"loc":{"start":{"line":51,"column":14},"end":{"line":54,"column":null}},"type":"if","locations":[{"start":{"line":51,"column":14},"end":{"line":54,"column":null}},{"start":{},"end":{}}],"line":51},"16":{"loc":{"start":{"line":51,"column":18},"end":{"line":51,"column":54}},"type":"binary-expr","locations":[{"start":{"line":51,"column":18},"end":{"line":51,"column":39}},{"start":{"line":51,"column":39},"end":{"line":51,"column":54}}],"line":51},"17":{"loc":{"start":{"line":70,"column":9},"end":{"line":75,"column":null}},"type":"binary-expr","locations":[{"start":{"line":70,"column":9},"end":{"line":70,"column":null}},{"start":{"line":71,"column":10},"end":{"line":75,"column":null}}],"line":70},"18":{"loc":{"start":{"line":89,"column":7},"end":{"line":98,"column":null}},"type":"binary-expr","locations":[{"start":{"line":89,"column":7},"end":{"line":89,"column":null}},{"start":{"line":90,"column":8},"end":{"line":98,"column":null}}],"line":89},"19":{"loc":{"start":{"line":92,"column":12},"end":{"line":94,"column":null}},"type":"cond-expr","locations":[{"start":{"line":93,"column":16},"end":{"line":93,"column":null}},{"start":{"line":94,"column":16},"end":{"line":94,"column":null}}],"line":92},"20":{"loc":{"start":{"line":97,"column":20},"end":{"line":97,"column":null}},"type":"binary-expr","locations":[{"start":{"line":97,"column":20},"end":{"line":97,"column":39}},{"start":{"line":97,"column":39},"end":{"line":97,"column":null}}],"line":97}},"s":{"0":53,"1":53,"2":53,"3":53,"4":53,"5":53,"6":53,"7":7,"8":5,"9":5,"10":53,"11":53,"12":2,"13":2,"14":2,"15":164,"16":86,"17":1},"f":{"0":53,"1":7,"2":2,"3":164,"4":86},"b":{"0":[53],"1":[53],"2":[53],"3":[53],"4":[53],"5":[53],"6":[53,1],"7":[10,42],"8":[5,2],"9":[7,6,2],"10":[53,44,14],"11":[9,43],"12":[9,43],"13":[9,43],"14":[2,43],"15":[2,0],"16":[2,1],"17":[53,10],"18":[53,51],"19":[9,42],"20":[51,5]},"meta":{"lastBranch":21,"lastFunction":5,"lastStatement":18,"seen":{"f:3:9:3:22":0,"b:4:18:4:Infinity":0,"b:5:16:5:Infinity":1,"b:6:14:6:Infinity":2,"b:7:9:7:Infinity":3,"b:8:12:8:Infinity":4,"b:9:14:9:Infinity":5,"s:12:17:12:Infinity":0,"s:15:16:20:Infinity":1,"s:22:21:22:Infinity":2,"b:22:21:22:36:22:36:22:Infinity":6,"s:25:20:25:Infinity":3,"s:26:22:26:Infinity":4,"s:27:21:27:Infinity":5,"b:27:52:27:56:27:56:27:Infinity":7,"s:29:22:34:Infinity":6,"f:29:22:29:23":1,"b:30:4:33:Infinity:undefined:undefined:undefined:undefined":8,"s:30:4:33:Infinity":7,"b:30:8:30:20:30:20:30:33:30:33:30:51":9,"s:31:6:31:Infinity":8,"s:32:6:32:Infinity":9,"s:36:8:36:Infinity":10,"b:36:25:36:38:36:38:36:58:36:58:36:Infinity":10,"s:38:2:100:Infinity":11,"b:42:12:42:Infinity:43:12:43:Infinity":11,"b:46:28:46:39:46:39:46:Infinity":12,"b:47:32:47:36:47:36:47:Infinity":13,"b:50:12:55:Infinity:56:12:56:Infinity":14,"f:50:12:50:13":2,"b:51:14:54:Infinity:undefined:undefined:undefined:undefined":15,"s:51:14:54:Infinity":12,"b:51:18:51:39:51:39:51:54":16,"s:52:16:52:Infinity":13,"s:53:16:53:Infinity":14,"f:61:35:61:36":3,"s:62:10:67:Infinity":15,"b:70:9:70:Infinity:71:10:75:Infinity":17,"f:79:36:79:37":4,"s:80:10:85:Infinity":16,"b:89:7:89:Infinity:90:8:98:Infinity":18,"b:93:16:93:Infinity:94:16:94:Infinity":19,"b:97:20:97:39:97:39:97:Infinity":20,"s:104:0:111:Infinity":17}}}
,"/Users/greg/purdue-bootcamp/capstone-project/PurdueUniversity-Capstone-Project-LearnEasePro/frontend/src/components/ErrorAlert.jsx": {"path":"/Users/greg/purdue-bootcamp/capstone-project/PurdueUniversity-Capstone-Project-LearnEasePro/frontend/src/components/ErrorAlert.jsx","statementMap":{"0":{"start":{"line":19,"column":2},"end":{"line":19,"column":null}},"1":{"start":{"line":19,"column":14},"end":{"line":19,"column":null}},"2":{"start":{"line":22,"column":26},"end":{"line":75,"column":null}},"3":{"start":{"line":24,"column":4},"end":{"line":26,"column":null}},"4":{"start":{"line":25,"column":6},"end":{"line":25,"column":null}},"5":{"start":{"line":29,"column":4},"end":{"line":31,"column":null}},"6":{"start":{"line":30,"column":6},"end":{"line":30,"column":null}},"7":{"start":{"line":34,"column":4},"end":{"line":36,"column":null}},"8":{"start":{"line":35,"column":6},"end":{"line":35,"column":null}},"9":{"start":{"line":39,"column":4},"end":{"line":41,"column":null}},"10":{"start":{"line":40,"column":6},"end":{"line":40,"column":null}},"11":{"start":{"line":44,"column":4},"end":{"line":46,"column":null}},"12":{"start":{"line":45,"column":6},"end":{"line":45,"column":null}},"13":{"start":{"line":49,"column":4},"end":{"line":51,"column":null}},"14":{"start":{"line":50,"column":6},"end":{"line":50,"column":null}},"15":{"start":{"line":54,"column":4},"end":{"line":61,"column":null}},"16":{"start":{"line":55,"column":6},"end":{"line":60,"column":null}},"17":{"start":{"line":59,"column":8},"end":{"line":59,"column":null}},"18":{"start":{"line":64,"column":4},"end":{"line":66,"column":null}},"19":{"start":{"line":65,"column":6},"end":{"line":65,"column":null}},"20":{"start":{"line":68,"column":4},"end":{"line":73,"column":null}},"21":{"start":{"line":77,"column":23},"end":{"line":77,"column":null}},"22":{"start":{"line":79,"column":2},"end":{"line":101,"column":null}}},"fnMap":{"0":{"name":"ErrorAlert","decl":{"start":{"line":13,"column":9},"end":{"line":13,"column":20}},"loc":{"start":{"line":18,"column":3},"end":{"line":103,"column":null}},"line":18},"1":{"name":"(anonymous_1)","decl":{"start":{"line":22,"column":26},"end":{"line":22,"column":27}},"loc":{"start":{"line":22,"column":35},"end":{"line":75,"column":null}},"line":22}},"branchMap":{"0":{"loc":{"start":{"line":16,"column":2},"end":{"line":16,"column":null}},"type":"default-arg","locations":[{"start":{"line":16,"column":19},"end":{"line":16,"column":null}}],"line":16},"1":{"loc":{"start":{"line":17,"column":2},"end":{"line":17,"column":null}},"type":"default-arg","locations":[{"start":{"line":17,"column":14},"end":{"line":17,"column":null}}],"line":17},"2":{"loc":{"start":{"line":19,"column":2},"end":{"line":19,"column":null}},"type":"if","locations":[{"start":{"line":19,"column":2},"end":{"line":19,"column":null}},{"start":{},"end":{}}],"line":19},"3":{"loc":{"start":{"line":24,"column":4},"end":{"line":26,"column":null}},"type":"if","locations":[{"start":{"line":24,"column":4},"end":{"line":26,"column":null}},{"start":{},"end":{}}],"line":24},"4":{"loc":{"start":{"line":24,"column":8},"end":{"line":24,"column":78}},"type":"binary-expr","locations":[{"start":{"line":24,"column":8},"end":{"line":24,"column":40}},{"start":{"line":24,"column":40},"end":{"line":24,"column":78}}],"line":24},"5":{"loc":{"start":{"line":29,"column":4},"end":{"line":31,"column":null}},"type":"if","locations":[{"start":{"line":29,"column":4},"end":{"line":31,"column":null}},{"start":{},"end":{}}],"line":29},"6":{"loc":{"start":{"line":29,"column":8},"end":{"line":29,"column":58}},"type":"binary-expr","locations":[{"start":{"line":29,"column":8},"end":{"line":29,"column":30}},{"start":{"line":29,"column":30},"end":{"line":29,"column":58}}],"line":29},"7":{"loc":{"start":{"line":34,"column":4},"end":{"line":36,"column":null}},"type":"if","locations":[{"start":{"line":34,"column":4},"end":{"line":36,"column":null}},{"start":{},"end":{}}],"line":34},"8":{"loc":{"start":{"line":34,"column":8},"end":{"line":34,"column":58}},"type":"binary-expr","locations":[{"start":{"line":34,"column":8},"end":{"line":34,"column":30}},{"start":{"line":34,"column":30},"end":{"line":34,"column":58}}],"line":34},"9":{"loc":{"start":{"line":39,"column":4},"end":{"line":41,"column":null}},"type":"if","locations":[{"start":{"line":39,"column":4},"end":{"line":41,"column":null}},{"start":{},"end":{}}],"line":39},"10":{"loc":{"start":{"line":39,"column":8},"end":{"line":39,"column":58}},"type":"binary-expr","locations":[{"start":{"line":39,"column":8},"end":{"line":39,"column":30}},{"start":{"line":39,"column":30},"end":{"line":39,"column":58}}],"line":39},"11":{"loc":{"start":{"line":44,"column":4},"end":{"line":46,"column":null}},"type":"if","locations":[{"start":{"line":44,"column":4},"end":{"line":46,"column":null}},{"start":{},"end":{}}],"line":44},"12":{"loc":{"start":{"line":44,"column":8},"end":{"line":44,"column":58}},"type":"binary-expr","locations":[{"start":{"line":44,"column":8},"end":{"line":44,"column":30}},{"start":{"line":44,"column":30},"end":{"line":44,"column":58}}],"line":44},"13":{"loc":{"start":{"line":49,"column":4},"end":{"line":51,"column":null}},"type":"if","locations":[{"start":{"line":49,"column":4},"end":{"line":51,"column":null}},{"start":{},"end":{}}],"line":49},"14":{"loc":{"start":{"line":49,"column":8},"end":{"line":49,"column":58}},"type":"binary-expr","locations":[{"start":{"line":49,"column":8},"end":{"line":49,"column":30}},{"start":{"line":49,"column":30},"end":{"line":49,"column":58}}],"line":49},"15":{"loc":{"start":{"line":50,"column":13},"end":{"line":50,"column":null}},"type":"binary-expr","locations":[{"start":{"line":50,"column":13},"end":{"line":50,"column":34}},{"start":{"line":50,"column":34},"end":{"line":50,"column":null}}],"line":50},"16":{"loc":{"start":{"line":54,"column":4},"end":{"line":61,"column":null}},"type":"if","locations":[{"start":{"line":54,"column":4},"end":{"line":61,"column":null}},{"start":{},"end":{}}],"line":54},"17":{"loc":{"start":{"line":54,"column":8},"end":{"line":54,"column":52}},"type":"binary-expr","locations":[{"start":{"line":54,"column":8},"end":{"line":54,"column":21}},{"start":{"line":54,"column":21},"end":{"line":54,"column":52}}],"line":54},"18":{"loc":{"start":{"line":55,"column":6},"end":{"line":60,"column":null}},"type":"if","locations":[{"start":{"line":55,"column":6},"end":{"line":60,"column":null}},{"start":{},"end":{}}],"line":55},"19":{"loc":{"start":{"line":56,"column":8},"end":{"line":57,"column":null}},"type":"binary-expr","locations":[{"start":{"line":56,"column":8},"end":{"line":56,"column":null}},{"start":{"line":57,"column":8},"end":{"line":57,"column":null}}],"line":56},"20":{"loc":{"start":{"line":64,"column":4},"end":{"line":66,"column":null}},"type":"if","locations":[{"start":{"line":64,"column":4},"end":{"line":66,"column":null}},{"start":{},"end":{}}],"line":64},"21":{"loc":{"start":{"line":69,"column":6},"end":{"line":73,"column":null}},"type":"binary-expr","locations":[{"start":{"line":69,"column":6},"end":{"line":69,"column":null}},{"start":{"line":70,"column":6},"end":{"line":70,"column":null}},{"start":{"line":71,"column":6},"end":{"line":71,"column":null}},{"start":{"line":72,"column":6},"end":{"line":72,"column":null}},{"start":{"line":73,"column":6},"end":{"line":73,"column":null}}],"line":69},"22":{"loc":{"start":{"line":91,"column":9},"end":{"line":98,"column":null}},"type":"binary-expr","locations":[{"start":{"line":91,"column":9},"end":{"line":91,"column":null}},{"start":{"line":92,"column":10},"end":{"line":98,"column":null}}],"line":91}},"s":{"0":105,"1":62,"2":43,"3":43,"4":2,"5":41,"6":3,"7":38,"8":1,"9":37,"10":1,"11":36,"12":1,"13":35,"14":3,"15":32,"16":4,"17":2,"18":30,"19":11,"20":19,"21":43,"22":43},"f":{"0":105,"1":43},"b":{"0":[105],"1":[105],"2":[62,43],"3":[2,41],"4":[43,42],"5":[3,38],"6":[41,39],"7":[1,37],"8":[38,37],"9":[1,36],"10":[37,36],"11":[1,35],"12":[36,35],"13":[3,32],"14":[35,32],"15":[3,1],"16":[4,28],"17":[32,4],"18":[2,2],"19":[4,3],"20":[11,19],"21":[19,14,12,11,9],"22":[43,11]},"meta":{"lastBranch":23,"lastFunction":2,"lastStatement":23,"seen":{"f:13:9:13:20":0,"b:16:19:16:Infinity":0,"b:17:14:17:Infinity":1,"b:19:2:19:Infinity:undefined:undefined:undefined:undefined":2,"s:19:2:19:Infinity":0,"s:19:14:19:Infinity":1,"s:22:26:75:Infinity":2,"f:22:26:22:27":1,"b:24:4:26:Infinity:undefined:undefined:undefined:undefined":3,"s:24:4:26:Infinity":3,"b:24:8:24:40:24:40:24:78":4,"s:25:6:25:Infinity":4,"b:29:4:31:Infinity:undefined:undefined:undefined:undefined":5,"s:29:4:31:Infinity":5,"b:29:8:29:30:29:30:29:58":6,"s:30:6:30:Infinity":6,"b:34:4:36:Infinity:undefined:undefined:undefined:undefined":7,"s:34:4:36:Infinity":7,"b:34:8:34:30:34:30:34:58":8,"s:35:6:35:Infinity":8,"b:39:4:41:Infinity:undefined:undefined:undefined:undefined":9,"s:39:4:41:Infinity":9,"b:39:8:39:30:39:30:39:58":10,"s:40:6:40:Infinity":10,"b:44:4:46:Infinity:undefined:undefined:undefined:undefined":11,"s:44:4:46:Infinity":11,"b:44:8:44:30:44:30:44:58":12,"s:45:6:45:Infinity":12,"b:49:4:51:Infinity:undefined:undefined:undefined:undefined":13,"s:49:4:51:Infinity":13,"b:49:8:49:30:49:30:49:58":14,"s:50:6:50:Infinity":14,"b:50:13:50:34:50:34:50:Infinity":15,"b:54:4:61:Infinity:undefined:undefined:undefined:undefined":16,"s:54:4:61:Infinity":15,"b:54:8:54:21:54:21:54:52":17,"b:55:6:60:Infinity:undefined:undefined:undefined:undefined":18,"s:55:6:60:Infinity":16,"b:56:8:56:Infinity:57:8:57:Infinity":19,"s:59:8:59:Infinity":17,"b:64:4:66:Infinity:undefined:undefined:undefined:undefined":20,"s:64:4:66:Infinity":18,"s:65:6:65:Infinity":19,"s:68:4:73:Infinity":20,"b:69:6:69:Infinity:70:6:70:Infinity:71:6:71:Infinity:72:6:72:Infinity:73:6:73:Infinity":21,"s:77:23:77:Infinity":21,"s:79:2:101:Infinity":22,"b:91:9:91:Infinity:92:10:98:Infinity":22}}}
,"/Users/greg/purdue-bootcamp/capstone-project/PurdueUniversity-Capstone-Project-LearnEasePro/frontend/src/components/FacultyRoute.jsx": {"path":"/Users/greg/purdue-bootcamp/capstone-project/PurdueUniversity-Capstone-Project-LearnEasePro/frontend/src/components/FacultyRoute.jsx","statementMap":{"0":{"start":{"line":15,"column":8},"end":{"line":15,"column":null}},"1":{"start":{"line":16,"column":8},"end":{"line":16,"column":null}},"2":{"start":{"line":17,"column":8},"end":{"line":17,"column":null}},"3":{"start":{"line":19,"column":2},"end":{"line":22,"column":null}},"4":{"start":{"line":21,"column":4},"end":{"line":21,"column":null}},"5":{"start":{"line":24,"column":2},"end":{"line":33,"column":null}},"6":{"start":{"line":26,"column":4},"end":{"line":31,"column":null}},"7":{"start":{"line":36,"column":2},"end":{"line":36,"column":null}}},"fnMap":{"0":{"name":"FacultyRoute","decl":{"start":{"line":14,"column":9},"end":{"line":14,"column":22}},"loc":{"start":{"line":14,"column":36},"end":{"line":37,"column":null}},"line":14}},"branchMap":{"0":{"loc":{"start":{"line":19,"column":2},"end":{"line":22,"column":null}},"type":"if","locations":[{"start":{"line":19,"column":2},"end":{"line":22,"column":null}},{"start":{},"end":{}}],"line":19},"1":{"loc":{"start":{"line":24,"column":2},"end":{"line":33,"column":null}},"type":"if","locations":[{"start":{"line":24,"column":2},"end":{"line":33,"column":null}},{"start":{},"end":{}}],"line":24}},"s":{"0":18,"1":18,"2":18,"3":18,"4":3,"5":15,"6":9,"7":6},"f":{"0":18},"b":{"0":[3,15],"1":[9,6]},"meta":{"lastBranch":2,"lastFunction":1,"lastStatement":8,"seen":{"f:14:9:14:22":0,"s:15:8:15:Infinity":0,"s:16:8:16:Infinity":1,"s:17:8:17:Infinity":2,"b:19:2:22:Infinity:undefined:undefined:undefined:undefined":0,"s:19:2:22:Infinity":3,"s:21:4:21:Infinity":4,"b:24:2:33:Infinity:undefined:undefined:undefined:undefined":1,"s:24:2:33:Infinity":5,"s:26:4:31:Infinity":6,"s:36:2:36:Infinity":7}}}
,"/Users/greg/purdue-bootcamp/capstone-project/PurdueUniversity-Capstone-Project-LearnEasePro/frontend/src/components/Footer.jsx": {"path":"/Users/greg/purdue-bootcamp/capstone-project/PurdueUniversity-Capstone-Project-LearnEasePro/frontend/src/components/Footer.jsx","statementMap":{"0":{"start":{"line":2,"column":2},"end":{"line":9,"column":null}}},"fnMap":{"0":{"name":"Footer","decl":{"start":{"line":1,"column":9},"end":{"line":1,"column":18}},"loc":{"start":{"line":1,"column":18},"end":{"line":11,"column":null}},"line":1}},"branchMap":{},"s":{"0":19},"f":{"0":19},"b":{},"meta":{"lastBranch":0,"lastFunction":1,"lastStatement":1,"seen":{"f:1:9:1:18":0,"s:2:2:9:Infinity":0}}}
,"/Users/greg/purdue-bootcamp/capstone-project/PurdueUniversity-Capstone-Project-LearnEasePro/frontend/src/components/Header.jsx": {"path":"/Users/greg/purdue-bootcamp/capstone-project/PurdueUniversity-Capstone-Project-LearnEasePro/frontend/src/components/Header.jsx","statementMap":{"0":{"start":{"line":10,"column":8},"end":{"line":10,"column":null}},"1":{"start":{"line":11,"column":8},"end":{"line":11,"column":null}},"2":{"start":{"line":12,"column":8},"end":{"line":12,"column":null}},"3":{"start":{"line":13,"column":8},"end":{"line":13,"column":null}},"4":{"start":{"line":15,"column":23},"end":{"line":18,"column":null}},"5":{"start":{"line":16,"column":4},"end":{"line":16,"column":null}},"6":{"start":{"line":17,"column":4},"end":{"line":17,"column":null}},"7":{"start":{"line":20,"column":2},"end":{"line":58,"column":null}}},"fnMap":{"0":{"name":"Header","decl":{"start":{"line":9,"column":9},"end":{"line":9,"column":18}},"loc":{"start":{"line":9,"column":18},"end":{"line":60,"column":null}},"line":9},"1":{"name":"(anonymous_1)","decl":{"start":{"line":15,"column":23},"end":{"line":15,"column":29}},"loc":{"start":{"line":15,"column":29},"end":{"line":18,"column":null}},"line":15}},"branchMap":{"0":{"loc":{"start":{"line":30,"column":11},"end":{"line":54,"column":null}},"type":"binary-expr","locations":[{"start":{"line":30,"column":11},"end":{"line":30,"column":30}},{"start":{"line":30,"column":30},"end":{"line":30,"column":null}},{"start":{"line":31,"column":12},"end":{"line":54,"column":null}}],"line":30},"1":{"loc":{"start":{"line":36,"column":21},"end":{"line":38,"column":null}},"type":"cond-expr","locations":[{"start":{"line":37,"column":24},"end":{"line":37,"column":null}},{"start":{"line":38,"column":24},"end":{"line":38,"column":null}}],"line":36},"2":{"loc":{"start":{"line":36,"column":21},"end":{"line":36,"column":null}},"type":"binary-expr","locations":[{"start":{"line":36,"column":21},"end":{"line":36,"column":39}},{"start":{"line":36,"column":39},"end":{"line":36,"column":null}}],"line":36},"3":{"loc":{"start":{"line":38,"column":24},"end":{"line":38,"column":null}},"type":"binary-expr","locations":[{"start":{"line":38,"column":24},"end":{"line":38,"column":42}},{"start":{"line":38,"column":42},"end":{"line":38,"column":null}}],"line":38}},"s":{"0":22,"1":22,"2":22,"3":22,"4":22,"5":1,"6":1,"7":22},"f":{"0":22,"1":1},"b":{"0":[22,14,14],"1":[12,2],"2":[14,13],"3":[2,1]},"meta":{"lastBranch":4,"lastFunction":2,"lastStatement":8,"seen":{"f:9:9:9:18":0,"s:10:8:10:Infinity":0,"s:11:8:11:Infinity":1,"s:12:8:12:Infinity":2,"s:13:8:13:Infinity":3,"s:15:23:18:Infinity":4,"f:15:23:15:29":1,"s:16:4:16:Infinity":5,"s:17:4:17:Infinity":6,"s:20:2:58:Infinity":7,"b:30:11:30:30:30:30:30:Infinity:31:12:54:Infinity":0,"b:37:24:37:Infinity:38:24:38:Infinity":1,"b:36:21:36:39:36:39:36:Infinity":2,"b:38:24:38:42:38:42:38:Infinity":3}}}
,"/Users/greg/purdue-bootcamp/capstone-project/PurdueUniversity-Capstone-Project-LearnEasePro/frontend/src/components/Icon.jsx": {"path":"/Users/greg/purdue-bootcamp/capstone-project/PurdueUniversity-Capstone-Project-LearnEasePro/frontend/src/components/Icon.jsx","statementMap":{"0":{"start":{"line":6,"column":16},"end":{"line":284,"column":null}},"1":{"start":{"line":286,"column":19},"end":{"line":286,"column":null}},"2":{"start":{"line":288,"column":2},"end":{"line":291,"column":null}},"3":{"start":{"line":289,"column":4},"end":{"line":289,"column":null}},"4":{"start":{"line":290,"column":4},"end":{"line":290,"column":null}},"5":{"start":{"line":293,"column":2},"end":{"line":304,"column":null}},"6":{"start":{"line":308,"column":0},"end":{"line":311,"column":null}}},"fnMap":{"0":{"name":"Icon","decl":{"start":{"line":4,"column":9},"end":{"line":4,"column":14}},"loc":{"start":{"line":4,"column":50},"end":{"line":306,"column":null}},"line":4}},"branchMap":{"0":{"loc":{"start":{"line":4,"column":22},"end":{"line":4,"column":38}},"type":"default-arg","locations":[{"start":{"line":4,"column":34},"end":{"line":4,"column":38}}],"line":4},"1":{"loc":{"start":{"line":288,"column":2},"end":{"line":291,"column":null}},"type":"if","locations":[{"start":{"line":288,"column":2},"end":{"line":291,"column":null}},{"start":{},"end":{}}],"line":288}},"s":{"0":96,"1":96,"2":96,"3":2,"4":2,"5":94,"6":3},"f":{"0":96},"b":{"0":[96],"1":[2,94]},"meta":{"lastBranch":2,"lastFunction":1,"lastStatement":7,"seen":{"f:4:9:4:14":0,"b:4:34:4:38":0,"s:6:16:284:Infinity":0,"s:286:19:286:Infinity":1,"b:288:2:291:Infinity:undefined:undefined:undefined:undefined":1,"s:288:2:291:Infinity":2,"s:289:4:289:Infinity":3,"s:290:4:290:Infinity":4,"s:293:2:304:Infinity":5,"s:308:0:311:Infinity":6}}}
,"/Users/greg/purdue-bootcamp/capstone-project/PurdueUniversity-Capstone-Project-LearnEasePro/frontend/src/components/PostCard.jsx": {"path":"/Users/greg/purdue-bootcamp/capstone-project/PurdueUniversity-Capstone-Project-LearnEasePro/frontend/src/components/PostCard.jsx","statementMap":{"0":{"start":{"line":24,"column":36},"end":{"line":24,"column":null}},"1":{"start":{"line":25,"column":38},"end":{"line":25,"column":null}},"2":{"start":{"line":26,"column":38},"end":{"line":26,"column":null}},"3":{"start":{"line":27,"column":46},"end":{"line":27,"column":null}},"4":{"start":{"line":28,"column":46},"end":{"line":28,"column":null}},"5":{"start":{"line":29,"column":40},"end":{"line":29,"column":null}},"6":{"start":{"line":30,"column":24},"end":{"line":30,"column":null}},"7":{"start":{"line":32,"column":8},"end":{"line":32,"column":null}},"8":{"start":{"line":33,"column":20},"end":{"line":33,"column":null}},"9":{"start":{"line":34,"column":24},"end":{"line":34,"column":null}},"10":{"start":{"line":35,"column":18},"end":{"line":35,"column":null}},"11":{"start":{"line":36,"column":23},"end":{"line":36,"column":null}},"12":{"start":{"line":39,"column":55},"end":{"line":42,"column":null}},"13":{"start":{"line":43,"column":52},"end":{"line":44,"column":null}},"14":{"start":{"line":45,"column":20},"end":{"line":45,"column":null}},"15":{"start":{"line":46,"column":20},"end":{"line":46,"column":null}},"16":{"start":{"line":47,"column":22},"end":{"line":47,"column":null}},"17":{"start":{"line":49,"column":18},"end":{"line":49,"column":null}},"18":{"start":{"line":52,"column":23},"end":{"line":62,"column":null}},"19":{"start":{"line":53,"column":19},"end":{"line":60,"column":null}},"20":{"start":{"line":61,"column":4},"end":{"line":61,"column":null}},"21":{"start":{"line":64,"column":30},"end":{"line":66,"column":null}},"22":{"start":{"line":65,"column":4},"end":{"line":65,"column":null}},"23":{"start":{"line":68,"column":28},"end":{"line":82,"column":null}},"24":{"start":{"line":69,"column":4},"end":{"line":69,"column":null}},"25":{"start":{"line":70,"column":4},"end":{"line":70,"column":null}},"26":{"start":{"line":70,"column":30},"end":{"line":70,"column":null}},"27":{"start":{"line":72,"column":4},"end":{"line":81,"column":null}},"28":{"start":{"line":73,"column":6},"end":{"line":73,"column":null}},"29":{"start":{"line":74,"column":6},"end":{"line":74,"column":null}},"30":{"start":{"line":75,"column":6},"end":{"line":75,"column":null}},"31":{"start":{"line":76,"column":6},"end":{"line":76,"column":null}},"32":{"start":{"line":76,"column":19},"end":{"line":76,"column":null}},"33":{"start":{"line":78,"column":6},"end":{"line":78,"column":null}},"34":{"start":{"line":79,"column":6},"end":{"line":79,"column":null}},"35":{"start":{"line":80,"column":6},"end":{"line":80,"column":null}},"36":{"start":{"line":80,"column":23},"end":{"line":80,"column":39}},"37":{"start":{"line":84,"column":28},"end":{"line":100,"column":null}},"38":{"start":{"line":85,"column":4},"end":{"line":85,"column":null}},"39":{"start":{"line":85,"column":34},"end":{"line":85,"column":null}},"40":{"start":{"line":87,"column":4},"end":{"line":99,"column":null}},"41":{"start":{"line":88,"column":6},"end":{"line":88,"column":null}},"42":{"start":{"line":89,"column":6},"end":{"line":92,"column":null}},"43":{"start":{"line":93,"column":6},"end":{"line":93,"column":null}},"44":{"start":{"line":94,"column":6},"end":{"line":94,"column":null}},"45":{"start":{"line":96,"column":6},"end":{"line":96,"column":null}},"46":{"start":{"line":97,"column":6},"end":{"line":97,"column":null}},"47":{"start":{"line":98,"column":6},"end":{"line":98,"column":null}},"48":{"start":{"line":98,"column":23},"end":{"line":98,"column":39}},"49":{"start":{"line":102,"column":28},"end":{"line":105,"column":null}},"50":{"start":{"line":103,"column":4},"end":{"line":103,"column":null}},"51":{"start":{"line":104,"column":4},"end":{"line":104,"column":null}},"52":{"start":{"line":107,"column":29},"end":{"line":119,"column":null}},"53":{"start":{"line":108,"column":4},"end":{"line":108,"column":null}},"54":{"start":{"line":108,"column":24},"end":{"line":108,"column":null}},"55":{"start":{"line":110,"column":4},"end":{"line":118,"column":null}},"56":{"start":{"line":111,"column":6},"end":{"line":111,"column":null}},"57":{"start":{"line":112,"column":6},"end":{"line":112,"column":null}},"58":{"start":{"line":113,"column":6},"end":{"line":113,"column":null}},"59":{"start":{"line":115,"column":6},"end":{"line":115,"column":null}},"60":{"start":{"line":116,"column":6},"end":{"line":116,"column":null}},"61":{"start":{"line":117,"column":6},"end":{"line":117,"column":null}},"62":{"start":{"line":117,"column":23},"end":{"line":117,"column":39}},"63":{"start":{"line":121,"column":26},"end":{"line":133,"column":null}},"64":{"start":{"line":122,"column":4},"end":{"line":122,"column":null}},"65":{"start":{"line":123,"column":4},"end":{"line":123,"column":null}},"66":{"start":{"line":124,"column":4},"end":{"line":132,"column":null}},"67":{"start":{"line":125,"column":6},"end":{"line":125,"column":null}},"68":{"start":{"line":126,"column":6},"end":{"line":126,"column":null}},"69":{"start":{"line":127,"column":6},"end":{"line":127,"column":null}},"70":{"start":{"line":127,"column":25},"end":{"line":127,"column":null}},"71":{"start":{"line":129,"column":6},"end":{"line":129,"column":null}},"72":{"start":{"line":130,"column":6},"end":{"line":130,"column":null}},"73":{"start":{"line":131,"column":6},"end":{"line":131,"column":null}},"74":{"start":{"line":131,"column":23},"end":{"line":131,"column":39}},"75":{"start":{"line":135,"column":2},"end":{"line":384,"column":null}},"76":{"start":{"line":147,"column":29},"end":{"line":147,"column":null}},"77":{"start":{"line":218,"column":20},"end":{"line":218,"column":null}},"78":{"start":{"line":219,"column":20},"end":{"line":219,"column":null}},"79":{"start":{"line":220,"column":20},"end":{"line":220,"column":null}},"80":{"start":{"line":229,"column":20},"end":{"line":229,"column":null}},"81":{"start":{"line":230,"column":20},"end":{"line":230,"column":null}},"82":{"start":{"line":231,"column":20},"end":{"line":231,"column":null}},"83":{"start":{"line":266,"column":16},"end":{"line":347,"column":null}},"84":{"start":{"line":297,"column":30},"end":{"line":297,"column":null}},"85":{"start":{"line":298,"column":30},"end":{"line":298,"column":null}},"86":{"start":{"line":307,"column":41},"end":{"line":307,"column":null}},"87":{"start":{"line":320,"column":41},"end":{"line":320,"column":null}},"88":{"start":{"line":326,"column":41},"end":{"line":326,"column":null}},"89":{"start":{"line":333,"column":28},"end":{"line":333,"column":null}},"90":{"start":{"line":334,"column":28},"end":{"line":334,"column":null}},"91":{"start":{"line":354,"column":35},"end":{"line":354,"column":null}},"92":{"start":{"line":377,"column":10},"end":{"line":377,"column":null}},"93":{"start":{"line":378,"column":10},"end":{"line":378,"column":null}},"94":{"start":{"line":388,"column":0},"end":{"line":395,"column":null}}},"fnMap":{"0":{"name":"PostCard","decl":{"start":{"line":16,"column":9},"end":{"line":16,"column":18}},"loc":{"start":{"line":23,"column":3},"end":{"line":386,"column":null}},"line":23},"1":{"name":"(anonymous_1)","decl":{"start":{"line":52,"column":23},"end":{"line":52,"column":24}},"loc":{"start":{"line":52,"column":33},"end":{"line":62,"column":null}},"line":52},"2":{"name":"(anonymous_2)","decl":{"start":{"line":64,"column":30},"end":{"line":64,"column":36}},"loc":{"start":{"line":64,"column":36},"end":{"line":66,"column":null}},"line":64},"3":{"name":"(anonymous_3)","decl":{"start":{"line":68,"column":28},"end":{"line":68,"column":35}},"loc":{"start":{"line":68,"column":41},"end":{"line":82,"column":null}},"line":68},"4":{"name":"(anonymous_4)","decl":{"start":{"line":80,"column":17},"end":{"line":80,"column":23}},"loc":{"start":{"line":80,"column":23},"end":{"line":80,"column":39}},"line":80},"5":{"name":"(anonymous_5)","decl":{"start":{"line":84,"column":28},"end":{"line":84,"column":35}},"loc":{"start":{"line":84,"column":47},"end":{"line":100,"column":null}},"line":84},"6":{"name":"(anonymous_6)","decl":{"start":{"line":98,"column":17},"end":{"line":98,"column":23}},"loc":{"start":{"line":98,"column":23},"end":{"line":98,"column":39}},"line":98},"7":{"name":"(anonymous_7)","decl":{"start":{"line":102,"column":28},"end":{"line":102,"column":29}},"loc":{"start":{"line":102,"column":41},"end":{"line":105,"column":null}},"line":102},"8":{"name":"(anonymous_8)","decl":{"start":{"line":107,"column":29},"end":{"line":107,"column":41}},"loc":{"start":{"line":107,"column":41},"end":{"line":119,"column":null}},"line":107},"9":{"name":"(anonymous_9)","decl":{"start":{"line":117,"column":17},"end":{"line":117,"column":23}},"loc":{"start":{"line":117,"column":23},"end":{"line":117,"column":39}},"line":117},"10":{"name":"(anonymous_10)","decl":{"start":{"line":121,"column":26},"end":{"line":121,"column":33}},"loc":{"start":{"line":121,"column":39},"end":{"line":133,"column":null}},"line":121},"11":{"name":"(anonymous_11)","decl":{"start":{"line":131,"column":17},"end":{"line":131,"column":23}},"loc":{"start":{"line":131,"column":23},"end":{"line":131,"column":39}},"line":131},"12":{"name":"(anonymous_12)","decl":{"start":{"line":147,"column":23},"end":{"line":147,"column":29}},"loc":{"start":{"line":147,"column":29},"end":{"line":147,"column":null}},"line":147},"13":{"name":"(anonymous_13)","decl":{"start":{"line":217,"column":27},"end":{"line":217,"column":28}},"loc":{"start":{"line":217,"column":34},"end":{"line":221,"column":null}},"line":217},"14":{"name":"(anonymous_14)","decl":{"start":{"line":228,"column":27},"end":{"line":228,"column":28}},"loc":{"start":{"line":228,"column":34},"end":{"line":232,"column":null}},"line":228},"15":{"name":"(anonymous_15)","decl":{"start":{"line":265,"column":27},"end":{"line":265,"column":28}},"loc":{"start":{"line":266,"column":16},"end":{"line":347,"column":null}},"line":266},"16":{"name":"(anonymous_16)","decl":{"start":{"line":296,"column":37},"end":{"line":296,"column":43}},"loc":{"start":{"line":296,"column":43},"end":{"line":299,"column":null}},"line":296},"17":{"name":"(anonymous_17)","decl":{"start":{"line":307,"column":35},"end":{"line":307,"column":41}},"loc":{"start":{"line":307,"column":41},"end":{"line":307,"column":null}},"line":307},"18":{"name":"(anonymous_18)","decl":{"start":{"line":320,"column":34},"end":{"line":320,"column":35}},"loc":{"start":{"line":320,"column":41},"end":{"line":320,"column":null}},"line":320},"19":{"name":"(anonymous_19)","decl":{"start":{"line":326,"column":35},"end":{"line":326,"column":41}},"loc":{"start":{"line":326,"column":41},"end":{"line":326,"column":null}},"line":326},"20":{"name":"(anonymous_20)","decl":{"start":{"line":332,"column":35},"end":{"line":332,"column":41}},"loc":{"start":{"line":332,"column":41},"end":{"line":335,"column":null}},"line":332},"21":{"name":"(anonymous_21)","decl":{"start":{"line":354,"column":28},"end":{"line":354,"column":29}},"loc":{"start":{"line":354,"column":35},"end":{"line":354,"column":null}},"line":354},"22":{"name":"(anonymous_22)","decl":{"start":{"line":376,"column":17},"end":{"line":376,"column":23}},"loc":{"start":{"line":376,"column":23},"end":{"line":379,"column":null}},"line":376}},"branchMap":{"0":{"loc":{"start":{"line":34,"column":24},"end":{"line":34,"column":null}},"type":"binary-expr","locations":[{"start":{"line":34,"column":24},"end":{"line":34,"column":43}},{"start":{"line":34,"column":43},"end":{"line":34,"column":null}}],"line":34},"1":{"loc":{"start":{"line":49,"column":18},"end":{"line":49,"column":null}},"type":"binary-expr","locations":[{"start":{"line":49,"column":18},"end":{"line":49,"column":39}},{"start":{"line":49,"column":39},"end":{"line":49,"column":null}}],"line":49},"2":{"loc":{"start":{"line":61,"column":11},"end":{"line":61,"column":null}},"type":"binary-expr","locations":[{"start":{"line":61,"column":11},"end":{"line":61,"column":27}},{"start":{"line":61,"column":27},"end":{"line":61,"column":null}}],"line":61},"3":{"loc":{"start":{"line":70,"column":4},"end":{"line":70,"column":null}},"type":"if","locations":[{"start":{"line":70,"column":4},"end":{"line":70,"column":null}},{"start":{},"end":{}}],"line":70},"4":{"loc":{"start":{"line":76,"column":6},"end":{"line":76,"column":null}},"type":"if","locations":[{"start":{"line":76,"column":6},"end":{"line":76,"column":null}},{"start":{},"end":{}}],"line":76},"5":{"loc":{"start":{"line":79,"column":15},"end":{"line":79,"column":62}},"type":"binary-expr","locations":[{"start":{"line":79,"column":15},"end":{"line":79,"column":38}},{"start":{"line":79,"column":38},"end":{"line":79,"column":62}}],"line":79},"6":{"loc":{"start":{"line":85,"column":4},"end":{"line":85,"column":null}},"type":"if","locations":[{"start":{"line":85,"column":4},"end":{"line":85,"column":null}},{"start":{},"end":{}}],"line":85},"7":{"loc":{"start":{"line":97,"column":15},"end":{"line":97,"column":62}},"type":"binary-expr","locations":[{"start":{"line":97,"column":15},"end":{"line":97,"column":38}},{"start":{"line":97,"column":38},"end":{"line":97,"column":62}}],"line":97},"8":{"loc":{"start":{"line":108,"column":4},"end":{"line":108,"column":null}},"type":"if","locations":[{"start":{"line":108,"column":4},"end":{"line":108,"column":null}},{"start":{},"end":{}}],"line":108},"9":{"loc":{"start":{"line":116,"column":15},"end":{"line":116,"column":62}},"type":"binary-expr","locations":[{"start":{"line":116,"column":15},"end":{"line":116,"column":38}},{"start":{"line":116,"column":38},"end":{"line":116,"column":62}}],"line":116},"10":{"loc":{"start":{"line":127,"column":6},"end":{"line":127,"column":null}},"type":"if","locations":[{"start":{"line":127,"column":6},"end":{"line":127,"column":null}},{"start":{},"end":{}}],"line":127},"11":{"loc":{"start":{"line":130,"column":15},"end":{"line":130,"column":60}},"type":"binary-expr","locations":[{"start":{"line":130,"column":15},"end":{"line":130,"column":38}},{"start":{"line":130,"column":38},"end":{"line":130,"column":60}}],"line":130},"12":{"loc":{"start":{"line":138,"column":7},"end":{"line":153,"column":null}},"type":"binary-expr","locations":[{"start":{"line":138,"column":7},"end":{"line":138,"column":null}},{"start":{"line":139,"column":8},"end":{"line":153,"column":null}}],"line":138},"13":{"loc":{"start":{"line":160,"column":13},"end":{"line":164,"column":null}},"type":"binary-expr","locations":[{"start":{"line":160,"column":13},"end":{"line":160,"column":null}},{
[...]
":{"line":11,"column":8},"end":{"line":11,"column":null}},"3":{"start":{"line":12,"column":29},"end":{"line":12,"column":null}},"4":{"start":{"line":13,"column":32},"end":{"line":13,"column":null}},"5":{"start":{"line":13,"column":59},"end":{"line":13,"column":69}},"6":{"start":{"line":15,"column":30},"end":{"line":18,"column":null}},"7":{"start":{"line":19,"column":24},"end":{"line":19,"column":null}},"8":{"start":{"line":21,"column":2},"end":{"line":32,"column":null}},"9":{"start":{"line":23,"column":4},"end":{"line":31,"column":null}},"10":{"start":{"line":24,"column":6},"end":{"line":30,"column":null}},"11":{"start":{"line":25,"column":8},"end":{"line":25,"column":null}},"12":{"start":{"line":26,"column":6},"end":{"line":30,"column":null}},"13":{"start":{"line":27,"column":8},"end":{"line":27,"column":null}},"14":{"start":{"line":29,"column":8},"end":{"line":29,"column":null}},"15":{"start":{"line":34,"column":2},"end":{"line":39,"column":null}},"16":{"start":{"line":36,"column":4},"end":{"line":38,"column":null}},"17":{"start":{"line":37,"column":6},"end":{"line":37,"column":null}},"18":{"start":{"line":41,"column":23},"end":{"line":49,"column":null}},"19":{"start":{"line":42,"column":28},"end":{"line":42,"column":null}},"20":{"start":{"line":43,"column":4},"end":{"line":46,"column":null}},"21":{"start":{"line":43,"column":27},"end":{"line":46,"column":6}},"22":{"start":{"line":48,"column":4},"end":{"line":48,"column":null}},"23":{"start":{"line":48,"column":15},"end":{"line":48,"column":null}},"24":{"start":{"line":51,"column":23},"end":{"line":82,"column":null}},"25":{"start":{"line":52,"column":4},"end":{"line":52,"column":null}},"26":{"start":{"line":53,"column":4},"end":{"line":53,"column":null}},"27":{"start":{"line":54,"column":4},"end":{"line":54,"column":null}},"28":{"start":{"line":56,"column":4},"end":{"line":79,"column":null}},"29":{"start":{"line":57,"column":23},"end":{"line":57,"column":null}},"30":{"start":{"line":60,"column":6},"end":{"line":65,"column":null}},"31":{"start":{"line":68,"column":19},"end":{"line":68,"column":null}},"32":{"start":{"line":69,"column":6},"end":{"line":75,"column":null}},"33":{"start":{"line":70,"column":8},"end":{"line":70,"column":null}},"34":{"start":{"line":71,"column":6},"end":{"line":75,"column":null}},"35":{"start":{"line":72,"column":8},"end":{"line":72,"column":null}},"36":{"start":{"line":74,"column":8},"end":{"line":74,"column":null}},"37":{"start":{"line":78,"column":6},"end":{"line":78,"column":null}},"38":{"start":{"line":81,"column":4},"end":{"line":81,"column":null}},"39":{"start":{"line":84,"column":2},"end":{"line":188,"column":null}},"40":{"start":{"line":145,"column":31},"end":{"line":145,"column":null}}},"fnMap":{"0":{"name":"Login","decl":{"start":{"line":8,"column":9},"end":{"line":8,"column":17}},"loc":{"start":{"line":8,"column":17},"end":{"line":190,"column":null}},"line":8},"1":{"name":"(anonymous_1)","decl":{"start":{"line":13,"column":48},"end":{"line":13,"column":49}},"loc":{"start":{"line":13,"column":59},"end":{"line":13,"column":69}},"line":13},"2":{"name":"(anonymous_2)","decl":{"start":{"line":21,"column":12},"end":{"line":21,"column":18}},"loc":{"start":{"line":21,"column":18},"end":{"line":32,"column":5}},"line":21},"3":{"name":"(anonymous_3)","decl":{"start":{"line":34,"column":12},"end":{"line":34,"column":18}},"loc":{"start":{"line":34,"column":18},"end":{"line":39,"column":5}},"line":34},"4":{"name":"(anonymous_4)","decl":{"start":{"line":41,"column":23},"end":{"line":41,"column":24}},"loc":{"start":{"line":41,"column":30},"end":{"line":49,"column":null}},"line":41},"5":{"name":"(anonymous_5)","decl":{"start":{"line":43,"column":16},"end":{"line":43,"column":17}},"loc":{"start":{"line":43,"column":27},"end":{"line":46,"column":6}},"line":43},"6":{"name":"(anonymous_6)","decl":{"start":{"line":51,"column":23},"end":{"line":51,"column":30}},"loc":{"start":{"line":51,"column":36},"end":{"line":82,"column":null}},"line":51},"7":{"name":"(anonymous_7)","decl":{"start":{"line":145,"column":25},"end":{"line":145,"column":31}},"loc":{"start":{"line":145,"column":31},"end":{"line":145,"column":null}},"line":145}},"branchMap":{"0":{"loc":{"start":{"line":23,"column":4},"end":{"line":31,"column":null}},"type":"if","locations":[{"start":{"line":23,"column":4},"end":{"line":31,"column":null}},{"start":{},"end":{}}],"line":23},"1":{"loc":{"start":{"line":23,"column":8},"end":{"line":23,"column":33}},"type":"binary-expr","locations":[{"start":{"line":23,"column":8},"end":{"line":23,"column":27}},{"start":{"line":23,"column":27},"end":{"line":23,"column":33}}],"line":23},"2":{"loc":{"start":{"line":24,"column":6},"end":{"line":30,"column":null}},"type":"if","locations":[{"start":{"line":24,"column":6},"end":{"line":30,"column":null}},{"start":{"line":26,"column":6},"end":{"line":30,"column":null}}],"line":24},"3":{"loc":{"start":{"line":26,"column":6},"end":{"line":30,"column":null}},"type":"if","locations":[{"start":{"line":26,"column":6},"end":{"line":30,"column":null}},{"start":{"line":28,"column":13},"end":{"line":30,"column":null}}],"line":26},"4":{"loc":{"start":{"line":36,"column":4},"end":{"line":38,"column":null}},"type":"if","locations":[{"start":{"line":36,"column":4},"end":{"line":38,"column":null}},{"start":{},"end":{}}],"line":36},"5":{"loc":{"start":{"line":48,"column":4},"end":{"line":48,"column":null}},"type":"if","locations":[{"start":{"line":48,"column":4},"end":{"line":48,"column":null}},{"start":{},"end":{}}],"line":48},"6":{"loc":{"start":{"line":69,"column":6},"end":{"line":75,"column":null}},"type":"if","locations":[{"start":{"line":69,"column":6},"end":{"line":75,"column":null}},{"start":{"line":71,"column":6},"end":{"line":75,"column":null}}],"line":69},"7":{"loc":{"start":{"line":69,"column":10},"end":{"line":69,"column":41}},"type":"binary-expr","locations":[{"start":{"line":69,"column":10},"end":{"line":69,"column":18}},{"start":{"line":69,"column":18},"end":{"line":69,"column":41}}],"line":69},"8":{"loc":{"start":{"line":71,"column":6},"end":{"line":75,"column":null}},"type":"if","locations":[{"start":{"line":71,"column":6},"end":{"line":75,"column":null}},{"start":{"line":73,"column":13},"end":{"line":75,"column":null}}],"line":71},"9":{"loc":{"start":{"line":71,"column":17},"end":{"line":71,"column":50}},"type":"binary-expr","locations":[{"start":{"line":71,"column":17},"end":{"line":71,"column":25}},{"start":{"line":71,"column":25},"end":{"line":71,"column":50}}],"line":71},"10":{"loc":{"start":{"line":158,"column":17},"end":{"line":168,"column":null}},"type":"cond-expr","locations":[{"start":{"line":159,"column":18},"end":{"line":166,"column":null}},{"start":{"line":168,"column":18},"end":{"line":168,"column":null}}],"line":158}},"s":{"0":80,"1":80,"2":80,"3":80,"4":80,"5":112,"6":80,"7":80,"8":80,"9":33,"10":10,"11":2,"12":8,"13":2,"14":6,"15":80,"16":26,"17":2,"18":80,"19":26,"20":26,"21":26,"22":26,"23":2,"24":80,"25":13,"26":13,"27":13,"28":13,"29":13,"30":7,"31":7,"32":7,"33":1,"34":6,"35":1,"36":5,"37":6,"38":13,"39":80,"40":0},"f":{"0":80,"1":112,"2":33,"3":26,"4":26,"5":26,"6":13,"7":0},"b":{"0":[10,23],"1":[33,10],"2":[2,8],"3":[2,6],"4":[2,24],"5":[2,24],"6":[1,6],"7":[7,7],"8":[1,5],"9":[6,6],"10":[0,79]},"meta":{"lastBranch":11,"lastFunction":8,"lastStatement":41,"seen":{"f:8:9:8:17":0,"s:9:8:9:Infinity":0,"s:10:8:10:Infinity":1,"s:11:8:11:Infinity":2,"s:12:29:12:Infinity":3,"s:13:32:13:Infinity":4,"f:13:48:13:49":1,"s:13:59:13:69":5,"s:15:30:18:Infinity":6,"s:19:24:19:Infinity":7,"s:21:2:32:Infinity":8,"f:21:12:21:18":2,"b:23:4:31:Infinity:undefined:undefined:undefined:undefined":0,"s:23:4:31:Infinity":9,"b:23:8:23:27:23:27:23:33":1,"b:24:6:30:Infinity:26:6:30:Infinity":2,"s:24:6:30:Infinity":10,"s:25:8:25:Infinity":11,"b:26:6:30:Infinity:28:13:30:Infinity":3,"s:26:6:30:Infinity":12,"s:27:8:27:Infinity":13,"s:29:8:29:Infinity":14,"s:34:2:39:Infinity":15,"f:34:12:34:18":3,"b:36:4:38:Infinity:undefined:undefined:undefined:undefined":4,"s:36:4:38:Infinity":16,"s:37:6:37:Infinity":17,"s:41:23:49:Infinity":18,"f:41:23:41:24":4,"s:42:28:42:Infinity":19,"s:43:4:46:Infinity":20,"f:43:16:43:17":5,"s:43:27:46:6":21,"b:48:4:48:Infinity:undefined:undefined:undefined:undefined":5,"s:48:4:48:Infinity":22,"s:48:15:48:Infinity":23,"s:51:23:82:Infinity":24,"f:51:23:51:30":6,"s:52:4:52:Infinity":25,"s:53:4:53:Infinity":26,"s:54:4:54:Infinity":27,"s:56:4:79:Infinity":28,"s:57:23:57:Infinity":29,"s:60:6:65:Infinity":30,"s:68:19:68:Infinity":31,"b:69:6:75:Infinity:71:6:75:Infinity":6,"s:69:6:75:Infinity":32,"b:69:10:69:18:69:18:69:41":7,"s:70:8:70:Infinity":33,"b:71:6:75:Infinity:73:13:75:Infinity":8,"s:71:6:75:Infinity":34,"b:71:17:71:25:71:25:71:50":9,"s:72:8:72:Infinity":35,"s:74:8:74:Infinity":36,"s:78:6:78:Infinity":37,"s:81:4:81:Infinity":38,"s:84:2:188:Infinity":39,"f:145:25:145:31":7,"s:145:31:145:Infinity":40,"b:159:18:166:Infinity:168:18:168:Infinity":10}}}
,"/Users/greg/purdue-bootcamp/capstone-project/PurdueUniversity-Capstone-Project-LearnEasePro/frontend/src/views/Register.jsx": {"path":"/Users/greg/purdue-bootcamp/capstone-project/PurdueUniversity-Capstone-Project-LearnEasePro/frontend/src/views/Register.jsx","statementMap":{"0":{"start":{"line":8,"column":8},"end":{"line":8,"column":null}},"1":{"start":{"line":9,"column":8},"end":{"line":9,"column":null}},"2":{"start":{"line":10,"column":32},"end":{"line":10,"column":null}},"3":{"start":{"line":11,"column":32},"end":{"line":11,"column":null}},"4":{"start":{"line":11,"column":59},"end":{"line":11,"column":69}},"5":{"start":{"line":13,"column":2},"end":{"line":24,"column":null}},"6":{"start":{"line":15,"column":4},"end":{"line":23,"column":null}},"7":{"start":{"line":16,"column":6},"end":{"line":22,"column":null}},"8":{"start":{"line":17,"column":8},"end":{"line":17,"column":null}},"9":{"start":{"line":18,"column":6},"end":{"line":22,"column":null}},"10":{"start":{"line":19,"column":8},"end":{"line":19,"column":null}},"11":{"start":{"line":21,"column":8},"end":{"line":21,"column":null}},"12":{"start":{"line":26,"column":30},"end":{"line":37,"column":null}},"13":{"start":{"line":38,"column":24},"end":{"line":38,"column":null}},"14":{"start":{"line":40,"column":23},"end":{"line":75,"column":null}},"15":{"start":{"line":41,"column":28},"end":{"line":41,"column":null}},"16":{"start":{"line":44,"column":4},"end":{"line":71,"column":null}},"17":{"start":{"line":46,"column":22},"end":{"line":46,"column":null}},"18":{"start":{"line":49,"column":22},"end":{"line":49,"column":null}},"19":{"start":{"line":52,"column":22},"end":{"line":52,"column":null}},"20":{"start":{"line":53,"column":6},"end":{"line":60,"column":null}},"21":{"start":{"line":54,"column":8},"end":{"line":54,"column":null}},"22":{"start":{"line":55,"column":6},"end":{"line":60,"column":null}},"23":{"start":{"line":56,"column":8},"end":{"line":59,"column":null}},"24":{"start":{"line":62,"column":6},"end":{"line":65,"column":null}},"25":{"start":{"line":62,"column":29},"end":{"line":65,"column":8}},"26":{"start":{"line":67,"column":6},"end":{"line":70,"column":null}},"27":{"start":{"line":67,"column":29},"end":{"line":70,"column":8}},"28":{"start":{"line":74,"column":4},"end":{"line":74,"column":null}},"29":{"start":{"line":74,"column":15},"end":{"line":74,"column":null}},"30":{"start":{"line":77,"column":23},"end":{"line":121,"column":null}},"31":{"start":{"line":78,"column":4},"end":{"line":78,"column":null}},"32":{"start":{"line":79,"column":4},"end":{"line":79,"column":null}},"33":{"start":{"line":80,"column":4},"end":{"line":80,"column":null}},"34":{"start":{"line":83,"column":4},"end":{"line":86,"column":null}},"35":{"start":{"line":84,"column":6},"end":{"line":84,"column":null}},"36":{"start":{"line":85,"column":6},"end":{"line":85,"column":null}},"37":{"start":{"line":89,"column":4},"end":{"line":92,"column":null}},"38":{"start":{"line":90,"column":6},"end":{"line":90,"column":null}},"39":{"start":{"line":91,"column":6},"end":{"line":91,"column":null}},"40":{"start":{"line":94,"column":4},"end":{"line":118,"column":null}},"41":{"start":{"line":96,"column":55},"end":{"line":96,"column":null}},"42":{"start":{"line":98,"column":23},"end":{"line":98,"column":null}},"43":{"start":{"line":101,"column":6},"end":{"line":106,"column":null}},"44":{"start":{"line":109,"column":6},"end":{"line":109,"column":null}},"45":{"start":{"line":113,"column":8},"end":{"line":116,"column":null}},"46":{"start":{"line":117,"column":6},"end":{"line":117,"column":null}},"47":{"start":{"line":120,"column":4},"end":{"line":120,"column":null}},"48":{"start":{"line":123,"column":2},"end":{"line":383,"column":null}}},"fnMap":{"0":{"name":"Register","decl":{"start":{"line":7,"column":9},"end":{"line":7,"column":20}},"loc":{"start":{"line":7,"column":20},"end":{"line":385,"column":null}},"line":7},"1":{"name":"(anonymous_1)","decl":{"start":{"line":11,"column":48},"end":{"line":11,"column":49}},"loc":{"start":{"line":11,"column":59},"end":{"line":11,"column":69}},"line":11},"2":{"name":"(anonymous_2)","decl":{"start":{"line":13,"column":12},"end":{"line":13,"column":18}},"loc":{"start":{"line":13,"column":18},"end":{"line":24,"column":5}},"line":13},"3":{"name":"(anonymous_3)","decl":{"start":{"line":40,"column":23},"end":{"line":40,"column":24}},"loc":{"start":{"line":40,"column":30},"end":{"line":75,"column":null}},"line":40},"4":{"name":"(anonymous_4)","decl":{"start":{"line":62,"column":18},"end":{"line":62,"column":19}},"loc":{"start":{"line":62,"column":29},"end":{"line":65,"column":8}},"line":62},"5":{"name":"(anonymous_5)","decl":{"start":{"line":67,"column":18},"end":{"line":67,"column":19}},"loc":{"start":{"line":67,"column":29},"end":{"line":70,"column":8}},"line":67},"6":{"name":"(anonymous_6)","decl":{"start":{"line":77,"column":23},"end":{"line":77,"column":30}},"loc":{"start":{"line":77,"column":36},"end":{"line":121,"column":null}},"line":77}},"branchMap":{"0":{"loc":{"start":{"line":15,"column":4},"end":{"line":23,"column":null}},"type":"if","locations":[{"start":{"line":15,"column":4},"end":{"line":23,"column":null}},{"start":{},"end":{}}],"line":15},"1":{"loc":{"start":{"line":15,"column":8},"end":{"line":15,"column":33}},"type":"binary-expr","locations":[{"start":{"line":15,"column":8},"end":{"line":15,"column":27}},{"start":{"line":15,"column":27},"end":{"line":15,"column":33}}],"line":15},"2":{"loc":{"start":{"line":16,"column":6},"end":{"line":22,"column":null}},"type":"if","locations":[{"start":{"line":16,"column":6},"end":{"line":22,"column":null}},{"start":{"line":18,"column":6},"end":{"line":22,"column":null}}],"line":16},"3":{"loc":{"start":{"line":18,"column":6},"end":{"line":22,"column":null}},"type":"if","locations":[{"start":{"line":18,"column":6},"end":{"line":22,"column":null}},{"start":{"line":20,"column":13},"end":{"line":22,"column":null}}],"line":18},"4":{"loc":{"start":{"line":44,"column":4},"end":{"line":71,"column":null}},"type":"if","locations":[{"start":{"line":44,"column":4},"end":{"line":71,"column":null}},{"start":{"line":66,"column":11},"end":{"line":71,"column":null}}],"line":44},"5":{"loc":{"start":{"line":53,"column":6},"end":{"line":60,"column":null}},"type":"if","locations":[{"start":{"line":53,"column":6},"end":{"line":60,"column":null}},{"start":{"line":55,"column":6},"end":{"line":60,"column":null}}],"line":53},"6":{"loc":{"start":{"line":53,"column":10},"end":{"line":53,"column":53}},"type":"binary-expr","locations":[{"start":{"line":53,"column":10},"end":{"line":53,"column":32}},{"start":{"line":53,"column":32},"end":{"line":53,"column":53}}],"line":53},"7":{"loc":{"start":{"line":55,"column":6},"end":{"line":60,"column":null}},"type":"if","locations":[{"start":{"line":55,"column":6},"end":{"line":60,"column":null}},{"start":{},"end":{}}],"line":55},"8":{"loc":{"start":{"line":74,"column":4},"end":{"line":74,"column":null}},"type":"if","locations":[{"start":{"line":74,"column":4},"end":{"line":74,"column":null}},{"start":{},"end":{}}],"line":74},"9":{"loc":{"start":{"line":83,"column":4},"end":{"line":86,"column":null}},"type":"if","locations":[{"start":{"line":83,"column":4},"end":{"line":86,"column":null}},{"start":{},"end":{}}],"line":83},"10":{"loc":{"start":{"line":89,"column":4},"end":{"line":92,"column":null}},"type":"if","locations":[{"start":{"line":89,"column":4},"end":{"line":92,"column":null}},{"start":{},"end":{}}],"line":89},"11":{"loc":{"start":{"line":113,"column":8},"end":{"line":116,"column":null}},"type":"binary-expr","locations":[{"start":{"line":113,"column":8},"end":{"line":113,"column":null}},{"start":{"line":114,"column":8},"end":{"line":114,"column":null}},{"start":{"line":115,"column":8},"end":{"line":115,"column":null}},{"start":{"line":116,"column":8},"end":{"line":116,"column":null}}],"line":113},"12":{"loc":{"start":{"line":340,"column":13},"end":{"line":343,"column":null}},"type":"binary-expr","locations":[{"start":{"line":340,"column":13},"end":{"line":340,"column":null}},{"start":{"line":341,"column":14},"end":{"line":343,"column":null}}],"line":340},"13":{"loc":{"start":{"line":353,"column":17},"end":{"line":363,"column":null}},"type":"cond-expr","locations":[{"start":{"line":354,"column":18},"end":{"line":361,"column":null}},{"start":{"line":363,"column":18},"end":{"line":363,"column":null}}],"line":353}},"s":{"0":150,"1":150,"2":150,"3":150,"4":194,"5":150,"6":44,"7":9,"8":1,"9":8,"10":1,"11":7,"12":150,"13":150,"14":150,"15":87,"16":87,"17":7,"18":7,"19":7,"20":7,"21":1,"22":6,"23":5,"24":7,"25":7,"26":80,"27":80,"28":87,"29":2,"30":150,"31":15,"32":15,"33":15,"34":15,"35":3,"36":3,"37":12,"38":2,"39":2,"40":10,"41":10,"42":10,"43":6,"44":6,"45":4,"46":4,"47":10,"48":150},"f":{"0":150,"1":194,"2":44,"3":87,"4":7,"5":80,"6":15},"b":{"0":[9,35],"1":[44,9],"2":[1,8],"3":[1,7],"4":[7,80],"5":[1,6],"6":[7,6],"7":[5,1],"8":[2,85],"9":[3,12],"10":[2,10],"11":[4,2,1,1],"12":[150,9],"13":[0,150]},"meta":{"lastBranch":14,"lastFunction":7,"lastStatement":49,"seen":{"f:7:9:7:20":0,"s:8:8:8:Infinity":0,"s:9:8:9:Infinity":1,"s:10:32:10:Infinity":2,"s:11:32:11:Infinity":3,"f:11:48:11:49":1,"s:11:59:11:69":4,"s:13:2:24:Infinity":5,"f:13:12:13:18":2,"b:15:4:23:Infinity:undefined:undefined:undefined:undefined":0,"s:15:4:23:Infinity":6,"b:15:8:15:27:15:27:15:33":1,"b:16:6:22:Infinity:18:6:22:Infinity":2,"s:16:6:22:Infinity":7,"s:17:8:17:Infinity":8,"b:18:6:22:Infinity:20:13:22:Infinity":3,"s:18:6:22:Infinity":9,"s:19:8:19:Infinity":10,"s:21:8:21:Infinity":11,"s:26:30:37:Infinity":12,"s:38:24:38:Infinity":13,"s:40:23:75:Infinity":14,"f:40:23:40:24":3,"s:41:28:41:Infinity":15,"b:44:4:71:Infinity:66:11:71:Infinity":4,"s:44:4:71:Infinity":16,"s:46:22:46:Infinity":17,"s:49:22:49:Infinity":18,"s:52:22:52:Infinity":19,"b:53:6:60:Infinity:55:6:60:Infinity":5,"s:53:6:60:Infinity":20,"b:53:10:53:32:53:32:53:53":6,"s:54:8:54:Infinity":21,"b:55:6:60:Infinity:undefined:undefined:undefined:undefined":7,"s:55:6:60:Infinity":22,"s:56:8:59:Infinity":23,"s:62:6:65:Infinity":24,"f:62:18:62:19":4,"s:62:29:65:8":25,"s:67:6:70:Infinity":26,"f:67:18:67:19":5,"s:67:29:70:8":27,"b:74:4:74:Infinity:undefined:undefined:undefined:undefined":8,"s:74:4:74:Infinity":28,"s:74:15:74:Infinity":29,"s:77:23:121:Infinity":30,"f:77:23:77:30":6,"s:78:4:78:Infinity":31,"s:79:4:79:Infinity":32,"s:80:4:80:Infinity":33,"b:83:4:86:Infinity:undefined:undefined:undefined:undefined":9,"s:83:4:86:Infinity":34,"s:84:6:84:Infinity":35,"s:85:6:85:Infinity":36,"b:89:4:92:Infinity:undefined:undefined:undefined:undefined":10,"s:89:4:92:Infinity":37,"s:90:6:90:Infinity":38,"s:91:6:91:Infinity":39,"s:94:4:118:Infinity":40,"s:96:55:96:Infinity":41,"s:98:23:98:Infinity":42,"s:101:6:106:Infinity":43,"s:109:6:109:Infinity":44,"s:113:8:116:Infinity":45,"b:113:8:113:Infinity:114:8:114:Infinity:115:8:115:Infinity:116:8:116:Infinity":11,"s:117:6:117:Infinity":46,"s:120:4:120:Infinity":47,"s:123:2:383:Infinity":48,"b:340:13:340:Infinity:341:14:343:Infinity":12,"b:354:18:361:Infinity:363:18:363:Infinity":13}}}
}
