TN:
SF:src/App.jsx
FN:13,App
FNF:1
FNH:1
FNDA:9,App
DA:14,9
LF:1
LH:1
BRF:0
BRH:0
end_of_record
TN:
SF:src/components/AdminRoute.jsx
FN:10,AdminRoute
FNF:1
FNH:1
FNDA:3,AdminRoute
DA:11,3
DA:12,3
DA:13,3
DA:15,3
DA:17,1
DA:20,2
DA:22,1
DA:32,1
LF:8
LH:8
BRDA:15,0,0,1
BRDA:15,0,1,2
BRDA:20,1,0,1
BRDA:20,1,1,1
BRF:4
BRH:4
end_of_record
TN:
SF:src/components/Footer.jsx
FN:1,Footer
FNF:1
FNH:1
FNDA:3,Footer
DA:2,3
LF:1
LH:1
BRF:0
BRH:0
end_of_record
TN:
SF:src/components/Header.jsx
FN:4,Header
FN:9,(anonymous_1)
FNF:2
FNH:2
FNDA:6,Header
FNDA:1,(anonymous_1)
DA:5,6
DA:6,6
DA:7,6
DA:9,6
DA:10,1
DA:11,1
DA:14,6
LF:7
LH:7
BRDA:24,0,0,6
BRDA:24,0,1,4
BRDA:24,0,2,4
BRDA:30,1,0,1
BRDA:30,1,1,3
BRDA:30,2,0,4
BRDA:30,2,1,3
BRDA:32,3,0,3
BRDA:32,3,1,1
BRF:9
BRH:9
end_of_record
TN:
SF:src/components/UserModal.jsx
FN:5,UserModal
FN:26,(anonymous_1)
FN:45,(anonymous_2)
FN:67,(anonymous_3)
FN:72,(anonymous_4)
FN:80,(anonymous_5)
FN:88,(anonymous_6)
FN:129,(anonymous_7)
FN:181,(anonymous_8)
FN:200,(anonymous_9)
FN:533,(anonymous_10)
FNF:11
FNH:2
FNDA:3,UserModal
FNDA:2,(anonymous_1)
FNDA:0,(anonymous_2)
FNDA:0,(anonymous_3)
FNDA:0,(anonymous_4)
FNDA:0,(anonymous_5)
FNDA:0,(anonymous_6)
FNDA:0,(anonymous_7)
FNDA:0,(anonymous_8)
FNDA:0,(anonymous_9)
FNDA:0,(anonymous_10)
DA:6,3
DA:20,3
DA:21,3
DA:22,3
DA:24,3
DA:26,3
DA:27,2
DA:28,1
DA:45,3
DA:46,0
DA:49,0
DA:51,0
DA:54,0
DA:57,0
DA:58,0
DA:59,0
DA:60,0
DA:61,0
DA:67,0
DA:72,0
DA:79,0
DA:80,0
DA:81,0
DA:82,0
DA:83,0
DA:88,3
DA:89,0
DA:91,0
DA:92,0
DA:95,0
DA:96,0
DA:99,0
DA:100,0
DA:101,0
DA:102,0
DA:105,0
DA:106,0
DA:107,0
DA:108,0
DA:109,0
DA:112,0
DA:113,0
DA:117,0
DA:118,0
DA:121,0
DA:122,0
DA:125,0
DA:126,0
DA:129,3
DA:130,0
DA:132,0
DA:133,0
DA:136,0
DA:137,0
DA:139,0
DA:141,0
DA:155,0
DA:156,0
DA:159,0
DA:161,0
DA:162,0
DA:164,0
DA:167,0
DA:169,0
DA:171,0
DA:175,3
DA:181,0
DA:200,0
DA:533,0
DA:554,2
LF:70
LH:13
BRDA:27,0,0,1
BRDA:27,0,1,1
BRDA:29,1,0,1
BRDA:29,1,1,0
BRDA:30,2,0,1
BRDA:30,2,1,0
BRDA:31,3,0,1
BRDA:31,3,1,0
BRDA:34,4,0,1
BRDA:34,4,1,1
BRDA:35,5,0,1
BRDA:35,5,1,1
BRDA:36,6,0,1
BRDA:36,6,1,1
BRDA:37,7,0,1
BRDA:37,7,1,1
BRDA:38,8,0,1
BRDA:38,8,1,1
BRDA:39,9,0,1
BRDA:39,9,1,0
BRDA:40,10,0,1
BRDA:40,10,1,0
BRDA:49,11,0,0
BRDA:49,11,1,0
BRDA:58,12,0,0
BRDA:58,12,1,0
BRDA:58,13,0,0
BRDA:58,13,1,0
BRDA:60,14,0,0
BRDA:60,14,1,0
BRDA:74,15,0,0
BRDA:74,15,1,0
BRDA:79,16,0,0
BRDA:79,16,1,0
BRDA:91,17,0,0
BRDA:91,17,1,0
BRDA:95,18,0,0
BRDA:95,18,1,0
BRDA:99,19,0,0
BRDA:99,19,1,0
BRDA:101,20,0,0
BRDA:101,20,1,0
BRDA:105,21,0,0
BRDA:105,21,1,0
BRDA:105,22,0,0
BRDA:105,22,1,0
BRDA:106,23,0,0
BRDA:106,23,1,0
BRDA:108,24,0,0
BRDA:108,24,1,0
BRDA:112,25,0,0
BRDA:112,25,1,0
BRDA:117,26,0,0
BRDA:117,26,1,0
BRDA:117,27,0,0
BRDA:117,27,1,0
BRDA:121,28,0,0
BRDA:121,28,1,0
BRDA:121,29,0,0
BRDA:121,29,1,0
BRDA:132,30,0,0
BRDA:132,30,1,0
BRDA:155,31,0,0
BRDA:155,31,1,0
BRDA:159,32,0,0
BRDA:159,32,1,0
BRDA:169,33,0,0
BRDA:169,33,1,0
BRDA:197,34,0,2
BRDA:197,34,1,1
BRDA:220,35,0,3
BRDA:220,35,1,0
BRDA:244,36,0,0
BRDA:244,36,1,3
BRDA:249,37,0,3
BRDA:249,37,1,0
BRDA:271,38,0,0
BRDA:271,38,1,3
BRDA:276,39,0,3
BRDA:276,39,1,0
BRDA:299,40,0,0
BRDA:299,40,1,3
BRDA:303,41,0,2
BRDA:303,41,1,1
BRDA:306,42,0,3
BRDA:306,42,1,0
BRDA:320,43,0,3
BRDA:320,43,1,1
BRDA:321,44,0,3
BRDA:321,44,1,2
BRDA:335,45,0,0
BRDA:335,45,1,3
BRDA:340,46,0,3
BRDA:340,46,1,0
BRDA:354,47,0,3
BRDA:354,47,1,1
BRDA:364,48,0,0
BRDA:364,48,1,3
BRDA:369,49,0,3
BRDA:369,49,1,0
BRDA:392,50,0,0
BRDA:392,50,1,3
BRDA:397,51,0,3
BRDA:397,51,1,0
BRDA:477,52,0,0
BRDA:477,52,1,3
BRDA:482,53,0,3
BRDA:482,53,1,0
BRDA:543,54,0,0
BRDA:543,54,1,3
BRDA:543,55,0,2
BRDA:543,55,1,1
BRF:112
BRH:45
end_of_record
TN:
SF:src/models/User.js
FN:6,(anonymous_0)
FN:22,(anonymous_1)
FN:26,(anonymous_2)
FN:30,(anonymous_3)
FN:34,(anonymous_4)
FN:38,(anonymous_5)
FNF:6
FNH:6
FNDA:23,(anonymous_0)
FNDA:5,(anonymous_1)
FNDA:3,(anonymous_2)
FNDA:4,(anonymous_3)
FNDA:3,(anonymous_4)
FNDA:3,(anonymous_5)
DA:7,23
DA:8,23
DA:9,23
DA:10,23
DA:11,23
DA:12,23
DA:13,23
DA:14,23
DA:15,23
DA:16,23
DA:17,23
DA:18,23
DA:19,23
DA:23,5
DA:27,3
DA:31,4
DA:35,3
DA:39,3
LF:18
LH:18
BRDA:6,0,0,23
BRDA:7,1,0,23
BRDA:7,1,1,19
BRDA:7,1,2,18
BRDA:8,2,0,23
BRDA:8,2,1,16
BRDA:9,3,0,23
BRDA:9,3,1,18
BRDA:10,4,0,23
BRDA:10,4,1,21
BRDA:11,5,0,23
BRDA:11,5,1,12
BRDA:12,6,0,23
BRDA:12,6,1,21
BRDA:13,7,0,23
BRDA:13,7,1,21
BRDA:14,8,0,23
BRDA:14,8,1,21
BRDA:15,9,0,23
BRDA:15,9,1,21
BRDA:16,10,0,23
BRDA:16,10,1,21
BRDA:17,11,0,3
BRDA:17,11,1,20
BRDA:18,12,0,23
BRDA:18,12,1,20
BRDA:19,13,0,23
BRDA:19,13,1,20
BRF:28
BRH:28
end_of_record
TN:
SF:src/services/api.js
FN:13,(anonymous_0)
FN:20,(anonymous_1)
FN:27,(anonymous_2)
FN:28,(anonymous_3)
FNF:4
FNH:4
FNDA:1,(anonymous_0)
FNDA:1,(anonymous_1)
FNDA:1,(anonymous_2)
FNDA:3,(anonymous_3)
DA:4,4
DA:12,4
DA:14,1
DA:15,1
DA:16,0
DA:18,1
DA:21,1
DA:26,4
DA:27,1
DA:29,3
DA:31,2
DA:32,2
DA:35,2
DA:36,1
DA:39,3
LF:15
LH:14
BRDA:15,0,0,0
BRDA:15,0,1,1
BRDA:29,1,0,2
BRDA:29,1,1,1
BRDA:35,2,0,1
BRDA:35,2,1,1
BRF:6
BRH:5
end_of_record
TN:
SF:src/services/authService.js
FN:13,(anonymous_0)
FN:29,(anonymous_1)
FN:43,(anonymous_2)
FN:52,(anonymous_3)
FN:82,(anonymous_4)
FN:90,(anonymous_5)
FNF:6
FNH:6
FNDA:2,(anonymous_0)
FNDA:2,(anonymous_1)
FNDA:2,(anonymous_2)
FNDA:9,(anonymous_3)
FNDA:2,(anonymous_4)
FNDA:4,(anonymous_5)
DA:7,1
DA:14,2
DA:15,2
DA:16,2
DA:18,2
DA:19,2
DA:21,2
DA:30,2
DA:31,2
DA:32,2
DA:34,2
DA:35,2
DA:37,2
DA:44,2
DA:45,2
DA:54,9
DA:55,9
DA:56,7
DA:57,7
DA:64,8
DA:65,8
DA:67,6
DA:69,6
DA:70,6
DA:71,6
DA:72,6
DA:74,2
DA:83,2
DA:91,4
DA:92,4
LF:30
LH:30
BRDA:15,0,0,2
BRDA:15,0,1,0
BRDA:18,1,0,2
BRDA:18,1,1,0
BRDA:31,2,0,2
BRDA:31,2,1,0
BRDA:34,3,0,2
BRDA:34,3,1,0
BRDA:55,4,0,7
BRDA:55,4,1,2
BRDA:65,5,0,2
BRDA:65,5,1,6
BRDA:92,6,0,4
BRDA:92,6,1,2
BRF:14
BRH:10
end_of_record
TN:
SF:src/services/userService.js
FN:15,(anonymous_0)
FN:34,(anonymous_1)
FN:44,(anonymous_2)
FN:55,(anonymous_3)
FN:65,(anonymous_4)
FNF:5
FNH:4
FNDA:3,(anonymous_0)
FNDA:2,(anonymous_1)
FNDA:0,(anonymous_2)
FNDA:2,(anonymous_3)
FNDA:2,(anonymous_4)
DA:7,2
DA:16,3
DA:21,3
DA:22,1
DA:25,3
DA:26,2
DA:35,2
DA:36,1
DA:45,0
DA:46,0
DA:56,2
DA:57,1
DA:66,2
DA:67,1
LF:14
LH:12
BRDA:15,0,0,3
BRDA:15,1,0,3
BRDA:15,2,0,3
BRDA:21,3,0,1
BRDA:21,3,1,2
BRF:5
BRH:5
end_of_record
TN:
SF:src/store/store.js
FN:4,(anonymous_0)
FNF:1
FNH:1
FNDA:11,(anonymous_0)
DA:4,1
DA:5,11
DA:8,1
LF:3
LH:3
BRDA:4,0,0,11
BRF:1
BRH:1
end_of_record
TN:
SF:src/utils/formatters.js
FN:10,(anonymous_0)
FN:25,(anonymous_1)
FN:42,(anonymous_2)
FN:53,(anonymous_3)
FNF:4
FNH:4
FNDA:5,(anonymous_0)
FNDA:5,(anonymous_1)
FNDA:8,(anonymous_2)
FNDA:5,(anonymous_3)
DA:10,1
DA:11,5
DA:12,2
DA:13,2
DA:25,1
DA:26,5
DA:27,2
DA:28,2
DA:42,1
DA:43,8
DA:44,5
DA:53,1
DA:54,5
DA:55,1
LF:14
LH:14
BRDA:11,0,0,3
BRDA:11,0,1,2
BRDA:26,1,0,3
BRDA:26,1,1,2
BRDA:43,2,0,3
BRDA:43,2,1,5
BRDA:53,3,0,5
BRDA:54,4,0,4
BRDA:54,4,1,1
BRDA:54,5,0,5
BRDA:54,5,1,2
BRF:11
BRH:11
end_of_record
TN:
SF:src/utils/validators.js
FN:11,(anonymous_0)
FN:21,(anonymous_1)
FN:31,(anonymous_2)
FN:40,(anonymous_3)
FN:52,(anonymous_4)
FNF:5
FNH:5
FNDA:8,(anonymous_0)
FNDA:7,(anonymous_1)
FNDA:8,(anonymous_2)
FNDA:10,(anonymous_3)
FNDA:7,(anonymous_4)
DA:5,1
DA:12,8
DA:13,8
DA:22,7
DA:23,7
DA:32,8
DA:41,10
DA:53,7
LF:8
LH:8
BRDA:32,0,0,8
BRDA:32,0,1,5
BRDA:42,1,0,10
BRDA:42,1,1,9
BRDA:42,1,2,8
BRDA:53,2,0,7
BRDA:53,2,1,4
BRF:7
BRH:7
end_of_record
TN:
SF:src/views/AdminDashboard.jsx
FN:6,AdminDashboard
FN:11,(anonymous_1)
FN:17,(anonymous_2)
FN:140,(anonymous_3)
FNF:4
FNH:4
FNDA:23,AdminDashboard
FNDA:10,(anonymous_1)
FNDA:10,(anonymous_2)
FNDA:1,(anonymous_3)
DA:7,23
DA:8,23
DA:9,23
DA:11,23
DA:13,10
DA:14,10
DA:17,10
DA:18,10
DA:19,10
DA:20,9
DA:21,9
DA:24,1
DA:28,10
DA:31,23
DA:32,10
DA:35,12
DA:140,1
LF:17
LH:17
BRDA:20,0,0,9
BRDA:20,0,1,0
BRDA:31,1,0,10
BRDA:31,1,1,13
BRDA:68,2,0,3
BRDA:68,2,1,9
BRF:6
BRH:5
end_of_record
TN:
SF:src/views/Login.jsx
FN:5,Login
FN:15,(anonymous_1)
FN:22,(anonymous_2)
FN:24,(anonymous_3)
FN:32,(anonymous_4)
FN:40,(anonymous_5)
FN:51,(anonymous_6)
FN:61,(anonymous_7)
FNF:8
FNH:8
FNDA:47,Login
FNDA:10,(anonymous_1)
FNDA:17,(anonymous_2)
FNDA:17,(anonymous_3)
FNDA:7,(anonymous_4)
FNDA:5,(anonymous_5)
FNDA:5,(anonymous_6)
FNDA:7,(anonymous_7)
DA:6,47
DA:7,47
DA:8,47
DA:12,47
DA:13,47
DA:15,47
DA:17,10
DA:18,1
DA:22,47
DA:23,17
DA:24,17
DA:29,17
DA:32,47
DA:33,7
DA:34,7
DA:35,7
DA:36,7
DA:38,7
DA:42,5
DA:45,5
DA:46,1
DA:48,1
DA:54,5
DA:59,5
DA:62,7
DA:65,7
DA:68,47
LF:27
LH:27
BRDA:17,0,0,1
BRDA:17,0,1,9
BRDA:29,1,0,1
BRDA:29,1,1,16
BRDA:42,2,0,5
BRDA:42,2,1,1
BRDA:45,3,0,1
BRDA:45,3,1,1
BRDA:45,4,0,5
BRDA:45,4,1,2
BRDA:54,5,0,5
BRDA:54,5,1,3
BRDA:54,5,2,3
BRDA:54,5,3,0
BRDA:127,6,0,47
BRDA:127,6,1,11
BRDA:159,7,0,12
BRDA:159,7,1,35
BRF:18
BRH:17
end_of_record
TN:
SF:src/views/Register.jsx
FN:5,Register
FN:22,(anonymous_1)
FN:44,(anonymous_2)
FN:49,(anonymous_3)
FN:59,(anonymous_4)
FN:83,(anonymous_5)
FN:87,(anonymous_6)
FN:97,(anonymous_7)
FNF:8
FNH:8
FNDA:57,Register
FNDA:36,(anonymous_1)
FNDA:2,(anonymous_2)
FNDA:34,(anonymous_3)
FNDA:6,(anonymous_4)
FNDA:2,(anonymous_5)
FNDA:1,(anonymous_6)
FNDA:3,(anonymous_7)
DA:6,57
DA:7,57
DA:19,57
DA:20,57
DA:22,57
DA:23,36
DA:26,36
DA:28,2
DA:31,2
DA:34,2
DA:35,2
DA:36,1
DA:37,1
DA:38,1
DA:44,2
DA:49,34
DA:56,36
DA:59,57
DA:60,6
DA:61,6
DA:62,6
DA:65,6
DA:66,1
DA:67,1
DA:71,5
DA:72,2
DA:73,2
DA:76,3
DA:79,3
DA:81,3
DA:85,2
DA:90,1
DA:95,1
DA:98,3
DA:101,3
DA:104,57
LF:36
LH:36
BRDA:26,0,0,2
BRDA:26,0,1,34
BRDA:35,1,0,1
BRDA:35,1,1,1
BRDA:35,2,0,2
BRDA:35,2,1,2
BRDA:37,3,0,1
BRDA:37,3,1,0
BRDA:56,4,0,1
BRDA:56,4,1,35
BRDA:65,5,0,1
BRDA:65,5,1,5
BRDA:71,6,0,2
BRDA:71,6,1,3
BRDA:90,7,0,1
BRDA:90,7,1,0
BRDA:90,7,2,0
BRDA:90,7,3,0
BRDA:321,8,0,57
BRDA:321,8,1,5
BRDA:334,9,0,4
BRDA:334,9,1,53
BRF:22
BRH:18
end_of_record
TN:
SF:src/views/StudentDashboard.jsx
FN:5,StudentDashboard
FN:8,(anonymous_1)
FN:16,(anonymous_2)
FNF:3
FNH:3
FNDA:19,StudentDashboard
FNDA:10,(anonymous_1)
FNDA:2,(anonymous_2)
DA:6,19
DA:8,19
DA:10,10
DA:11,10
DA:16,10
DA:17,2
DA:19,1
DA:22,1
DA:26,19
DA:27,10
DA:30,9
LF:11
LH:11
BRDA:17,0,0,1
BRDA:17,0,1,1
BRDA:26,1,0,10
BRDA:26,1,1,9
BRF:4
BRH:4
end_of_record
TN:
SF:src/views/Unauthorized.jsx
FN:4,Unauthorized
FN:71,(anonymous_1)
FN:90,(anonymous_2)
FNF:3
FNH:3
FNDA:10,Unauthorized
FNDA:1,(anonymous_1)
FNDA:4,(anonymous_2)
DA:5,10
DA:6,10
DA:7,10
DA:8,10
DA:10,10
DA:71,1
DA:91,4
DA:92,1
DA:93,3
DA:94,1
DA:96,2
LF:11
LH:11
BRDA:7,0,0,10
BRDA:7,0,1,10
BRDA:91,1,0,1
BRDA:91,1,1,3
BRDA:91,2,0,4
BRDA:91,2,1,2
BRDA:93,3,0,1
BRDA:93,3,1,2
BRF:8
BRH:8
end_of_record
TN:
SF:src/views/UserManagement.jsx
FN:6,UserManagement
FN:19,(anonymous_1)
FN:23,(anonymous_2)
FN:45,(anonymous_3)
FN:50,(anonymous_4)
FN:55,(anonymous_5)
FN:60,(anonymous_6)
FN:75,(anonymous_7)
FN:83,(anonymous_8)
FN:87,(anonymous_9)
FN:99,(anonymous_10)
FN:111,(anonymous_11)
FN:262,(anonymous_12)
FN:315,(anonymous_13)
FN:321,(anonymous_14)
FN:343,(anonymous_15)
FN:350,(anonymous_16)
FN:378,(anonymous_17)
FN:395,(anonymous_18)
FN:407,(anonymous_19)
FN:433,(anonymous_20)
FNF:21
FNH:7
FNDA:7,UserManagement
FNDA:4,(anonymous_1)
FNDA:4,(anonymous_2)
FNDA:0,(anonymous_3)
FNDA:0,(anonymous_4)
FNDA:0,(anonymous_5)
FNDA:0,(anonymous_6)
FNDA:0,(anonymous_7)
FNDA:0,(anonymous_8)
FNDA:4,(anonymous_9)
FNDA:4,(anonymous_10)
FNDA:0,(anonymous_11)
FNDA:4,(anonymous_12)
FNDA:0,(anonymous_13)
FNDA:0,(anonymous_14)
FNDA:0,(anonymous_15)
FNDA:0,(anonymous_16)
FNDA:0,(anonymous_17)
FNDA:2,(anonymous_18)
FNDA:0,(anonymous_19)
FNDA:0,(anonymous_20)
DA:7,7
DA:8,7
DA:9,7
DA:10,7
DA:11,7
DA:12,7
DA:13,7
DA:14,7
DA:15,7
DA:16,7
DA:17,7
DA:19,7
DA:20,4
DA:23,7
DA:24,4
DA:25,4
DA:26,4
DA:27,4
DA:33,2
DA:34,2
DA:35,2
DA:36,2
DA:39,1
DA:41,3
DA:45,7
DA:46,0
DA:47,0
DA:50,7
DA:51,0
DA:52,0
DA:55,7
DA:56,0
DA:57,0
DA:60,7
DA:61,0
DA:62,0
DA:63,0
DA:66,0
DA:67,0
DA:68,0
DA:69,0
DA:71,0
DA:75,7
DA:76,0
DA:77,0
DA:78,0
DA:79,0
DA:83,7
DA:84,0
DA:87,7
DA:88,4
DA:90,0
DA:92,0
DA:95,4
DA:99,7
DA:100,4
DA:103,7
DA:105,7
DA:111,0
DA:263,4
DA:315,0
DA:321,0
DA:343,0
DA:350,0
DA:378,0
DA:396,2
DA:398,2
DA:404,2
DA:407,0
DA:417,0
DA:421,0
DA:430,0
DA:433,0
LF:73
LH:41
BRDA:33,0,0,2
BRDA:33,0,1,0
BRDA:39,1,0,1
BRDA:39,1,1,0
BRDA:61,2,0,0
BRDA:61,2,1,0
BRDA:71,3,0,0
BRDA:71,3,1,0
BRDA:78,4,0,0
BRDA:78,4,1,0
BRDA:88,5,0,0
BRDA:88,5,1,0
BRDA:88,5,2,2
BRDA:88,5,3,4
BRDA:100,6,0,4
BRDA:100,6,1,0
BRDA:191,7,0,7
BRDA:191,7,1,1
BRDA:214,8,0,4
BRDA:214,8,1,3
BRDA:218,9,0,1
BRDA:218,9,1,2
BRDA:278,10,0,4
BRDA:278,10,1,0
BRDA:307,11,0,4
BRDA:307,11,1,0
BRDA:323,12,0,0
BRDA:323,12,1,4
BRDA:328,13,0,0
BRDA:328,13,1,4
BRDA:398,14,0,2
BRDA:398,14,1,0
BRDA:399,15,0,2
BRDA:399,15,1,0
BRDA:399,15,2,0
BRDA:399,15,3,0
BRDA:409,16,0,2
BRDA:409,16,1,0
BRDA:417,17,0,0
BRDA:417,17,1,0
BRDA:418,18,0,0
BRDA:418,18,1,0
BRDA:460,19,0,7
BRDA:460,19,1,0
BRF:44
BRH:19
end_of_record
