TN:
SF:src/components/AdminRoute.jsx
FN:11,AdminRoute
FNF:1
FNH:1
FNDA:14,AdminRoute
DA:12,14
DA:13,14
DA:14,14
DA:16,14
DA:18,3
DA:21,11
DA:23,8
DA:33,3
LF:8
LH:8
BRDA:16,0,0,3
BRDA:16,0,1,11
BRDA:21,1,0,8
BRDA:21,1,1,3
BRF:4
BRH:4
end_of_record
TN:
SF:src/components/ChatBoard.jsx
FN:14,ChatBoard
FN:37,(anonymous_1)
FN:48,(anonymous_2)
FN:53,(anonymous_3)
FN:66,(anonymous_4)
FN:71,(anonymous_5)
FN:76,(anonymous_6)
FN:89,(anonymous_7)
FN:93,(anonymous_8)
FN:98,(anonymous_9)
FN:131,(anonymous_10)
FN:160,(anonymous_11)
FN:195,(anonymous_12)
FN:211,(anonymous_13)
FN:221,(anonymous_14)
FN:241,(anonymous_15)
FNF:16
FNH:8
FNDA:39,ChatBoard
FNDA:0,(anonymous_1)
FNDA:0,(anonymous_2)
FNDA:0,(anonymous_3)
FNDA:0,(anonymous_4)
FNDA:2,(anonymous_5)
FNDA:0,(anonymous_6)
FNDA:0,(anonymous_7)
FNDA:1,(anonymous_8)
FNDA:1,(anonymous_9)
FNDA:0,(anonymous_10)
FNDA:2,(anonymous_11)
FNDA:36,(anonymous_12)
FNDA:0,(anonymous_13)
FNDA:2,(anonymous_14)
FNDA:1,(anonymous_15)
DA:15,39
DA:16,39
DA:17,39
DA:18,39
DA:19,39
DA:20,39
DA:27,39
DA:29,39
DA:30,39
DA:31,39
DA:33,39
DA:34,39
DA:35,39
DA:37,39
DA:38,0
DA:39,0
DA:40,0
DA:44,0
DA:46,0
DA:47,0
DA:48,0
DA:49,0
DA:53,39
DA:54,0
DA:55,0
DA:56,0
DA:61,0
DA:62,0
DA:64,0
DA:65,0
DA:66,0
DA:67,0
DA:71,39
DA:72,2
DA:73,2
DA:76,39
DA:77,0
DA:79,0
DA:80,0
DA:81,0
DA:85,0
DA:87,0
DA:88,0
DA:89,0
DA:93,39
DA:94,1
DA:95,1
DA:98,39
DA:99,1
DA:100,1
DA:103,39
DA:104,2
DA:112,37
DA:131,0
DA:161,2
DA:162,2
DA:196,36
DA:211,0
DA:221,2
DA:242,1
DA:243,1
DA:253,1
LF:62
LH:35
BRDA:33,0,0,39
BRDA:33,0,1,8
BRDA:34,1,0,39
BRDA:34,1,1,9
BRDA:35,2,0,39
BRDA:35,2,1,20
BRDA:47,3,0,0
BRDA:47,3,1,0
BRDA:65,4,0,0
BRDA:65,4,1,0
BRDA:77,5,0,0
BRDA:77,5,1,0
BRDA:88,6,0,0
BRDA:88,6,1,0
BRDA:103,7,0,2
BRDA:103,7,1,37
BRDA:103,8,0,39
BRDA:103,8,1,2
BRDA:115,9,0,37
BRDA:115,9,1,37
BRDA:115,9,2,6
BRDA:124,10,0,6
BRDA:124,10,1,6
BRDA:124,10,2,2
BRDA:129,11,0,6
BRDA:129,11,1,0
BRDA:148,12,0,19
BRDA:148,12,1,18
BRDA:152,13,0,2
BRDA:152,13,1,17
BRDA:176,14,0,39
BRDA:176,14,1,0
BRDA:183,15,0,18
BRDA:183,15,1,19
BRDA:208,16,0,39
BRDA:208,16,1,6
BRDA:234,17,0,1
BRDA:234,17,1,36
BRF:38
BRH:28
end_of_record
TN:
SF:src/components/ConfirmModal.jsx
FN:3,ConfirmModal
FN:29,(anonymous_1)
FNF:2
FNH:2
FNDA:30,ConfirmModal
FNDA:3,(anonymous_1)
DA:4,30
DA:6,27
DA:30,3
DA:31,3
DA:44,1
LF:5
LH:5
BRDA:4,0,0,3
BRDA:4,0,1,27
BRDA:12,1,0,27
BRDA:12,1,1,24
BRDA:17,2,0,30
BRDA:17,2,1,22
BRF:6
BRH:6
end_of_record
TN:
SF:src/components/CourseModal.jsx
FN:9,CourseModal
FN:29,(anonymous_1)
FN:61,(anonymous_2)
FN:63,(anonymous_3)
FN:69,(anonymous_4)
FN:73,(anonymous_5)
FN:96,(anonymous_6)
FN:246,(anonymous_7)
FN:277,(anonymous_8)
FNF:9
FNH:8
FNDA:131,CourseModal
FNDA:25,(anonymous_1)
FNDA:26,(anonymous_2)
FNDA:26,(anonymous_3)
FNDA:1,(anonymous_4)
FNDA:4,(anonymous_5)
FNDA:4,(anonymous_6)
FNDA:0,(anonymous_7)
FNDA:1,(anonymous_8)
DA:10,131
DA:17,131
DA:18,131
DA:21,131
DA:22,131
DA:23,131
DA:26,131
DA:27,131
DA:29,131
DA:30,25
DA:32,5
DA:33,5
DA:34,5
DA:35,1
DA:36,4
DA:37,4
DA:41,5
DA:49,20
DA:57,25
DA:58,25
DA:61,131
DA:62,26
DA:63,26
DA:68,26
DA:69,1
DA:73,131
DA:74,4
DA:76,4
DA:77,4
DA:80,4
DA:81,4
DA:84,4
DA:85,4
DA:88,4
DA:89,4
DA:92,4
DA:93,4
DA:96,131
DA:97,4
DA:99,4
DA:100,4
DA:103,0
DA:105,0
DA:106,0
DA:108,0
DA:115,0
DA:117,0
DA:119,0
DA:123,131
DA:125,126
DA:247,0
DA:277,1
LF:52
LH:44
BRDA:26,0,0,131
BRDA:26,0,1,130
BRDA:27,1,0,131
BRDA:27,1,1,130
BRDA:30,2,0,5
BRDA:30,2,1,20
BRDA:33,3,0,5
BRDA:33,3,1,0
BRDA:34,4,0,1
BRDA:34,4,1,4
BRDA:34,5,0,5
BRDA:34,5,1,1
BRDA:36,6,0,4
BRDA:36,6,1,0
BRDA:42,7,0,5
BRDA:42,7,1,0
BRDA:43,8,0,5
BRDA:43,8,1,0
BRDA:44,9,0,5
BRDA:44,9,1,0
BRDA:46,10,0,2
BRDA:46,10,1,3
BRDA:65,11,0,1
BRDA:65,11,1,25
BRDA:68,12,0,1
BRDA:68,12,1,25
BRDA:76,13,0,4
BRDA:76,13,1,0
BRDA:80,14,0,4
BRDA:80,14,1,0
BRDA:84,15,0,4
BRDA:84,15,1,0
BRDA:88,16,0,4
BRDA:88,16,1,0
BRDA:99,17,0,4
BRDA:99,17,1,0
BRDA:106,18,0,0
BRDA:106,18,1,0
BRDA:119,19,0,0
BRDA:119,19,1,0
BRDA:123,20,0,4
BRDA:123,20,1,127
BRDA:131,21,0,20
BRDA:131,21,1,106
BRDA:144,22,0,131
BRDA:144,22,1,0
BRDA:166,23,0,4
BRDA:166,23,1,122
BRDA:167,24,0,20
BRDA:167,24,1,106
BRDA:170,25,0,131
BRDA:170,25,1,4
BRDA:190,26,0,9
BRDA:190,26,1,117
BRDA:194,27,0,131
BRDA:194,27,1,9
BRDA:214,28,0,9
BRDA:214,28,1,117
BRDA:218,29,0,131
BRDA:218,29,1,9
BRDA:238,30,0,9
BRDA:238,30,1,117
BRDA:239,31,0,72
BRDA:239,31,1,54
BRDA:242,32,0,72
BRDA:242,32,1,54
BRDA:252,33,0,131
BRDA:252,33,1,9
BRDA:288,34,0,0
BRDA:288,34,1,126
BRDA:288,35,0,20
BRDA:288,35,1,106
BRF:72
BRH:56
end_of_record
TN:
SF:src/components/CourseRating.jsx
FN:3,CourseRating
FN:29,(anonymous_1)
FN:50,(anonymous_2)
FN:61,(anonymous_3)
FN:79,(anonymous_4)
FNF:5
FNH:5
FNDA:53,CourseRating
FNDA:7,(anonymous_1)
FNDA:2,(anonymous_2)
FNDA:164,(anonymous_3)
FNDA:86,(anonymous_4)
DA:12,53
DA:15,53
DA:22,53
DA:25,53
DA:26,53
DA:27,53
DA:29,53
DA:30,7
DA:31,5
DA:32,5
DA:36,53
DA:38,53
DA:51,2
DA:52,2
DA:53,2
DA:62,164
DA:80,86
DA:104,1
LF:18
LH:18
BRDA:4,0,0,53
BRDA:5,1,0,53
BRDA:6,2,0,53
BRDA:7,3,0,53
BRDA:8,4,0,53
BRDA:9,5,0,53
BRDA:22,6,0,53
BRDA:22,6,1,1
BRDA:27,7,0,10
BRDA:27,7,1,42
BRDA:30,8,0,5
BRDA:30,8,1,2
BRDA:30,9,0,7
BRDA:30,9,1,6
BRDA:30,9,2,2
BRDA:36,10,0,53
BRDA:36,10,1,44
BRDA:36,10,2,14
BRDA:41,11,0,9
BRDA:41,11,1,43
BRDA:46,12,0,9
BRDA:46,12,1,43
BRDA:47,13,0,9
BRDA:47,13,1,43
BRDA:49,14,0,2
BRDA:49,14,1,43
BRDA:51,15,0,2
BRDA:51,15,1,0
BRDA:51,16,0,2
BRDA:51,16,1,1
BRDA:70,17,0,53
BRDA:70,17,1,10
BRDA:89,18,0,53
BRDA:89,18,1,51
BRDA:92,19,0,9
BRDA:92,19,1,42
BRDA:97,20,0,51
BRDA:97,20,1,5
BRF:38
BRH:37
end_of_record
TN:
SF:src/components/ErrorAlert.jsx
FN:13,ErrorAlert
FN:22,(anonymous_1)
FNF:2
FNH:2
FNDA:105,ErrorAlert
FNDA:43,(anonymous_1)
DA:19,105
DA:22,43
DA:24,43
DA:25,2
DA:29,41
DA:30,3
DA:34,38
DA:35,1
DA:39,37
DA:40,1
DA:44,36
DA:45,1
DA:49,35
DA:50,3
DA:54,32
DA:55,4
DA:59,2
DA:64,30
DA:65,11
DA:68,19
DA:77,43
DA:79,43
LF:22
LH:22
BRDA:16,0,0,105
BRDA:17,1,0,105
BRDA:19,2,0,62
BRDA:19,2,1,43
BRDA:24,3,0,2
BRDA:24,3,1,41
BRDA:24,4,0,43
BRDA:24,4,1,42
BRDA:29,5,0,3
BRDA:29,5,1,38
BRDA:29,6,0,41
BRDA:29,6,1,39
BRDA:34,7,0,1
BRDA:34,7,1,37
BRDA:34,8,0,38
BRDA:34,8,1,37
BRDA:39,9,0,1
BRDA:39,9,1,36
BRDA:39,10,0,37
BRDA:39,10,1,36
BRDA:44,11,0,1
BRDA:44,11,1,35
BRDA:44,12,0,36
BRDA:44,12,1,35
BRDA:49,13,0,3
BRDA:49,13,1,32
BRDA:49,14,0,35
BRDA:49,14,1,32
BRDA:50,15,0,3
BRDA:50,15,1,1
BRDA:54,16,0,4
BRDA:54,16,1,28
BRDA:54,17,0,32
BRDA:54,17,1,4
BRDA:55,18,0,2
BRDA:55,18,1,2
BRDA:56,19,0,4
BRDA:56,19,1,3
BRDA:64,20,0,11
BRDA:64,20,1,19
BRDA:69,21,0,19
BRDA:69,21,1,14
BRDA:69,21,2,12
BRDA:69,21,3,11
BRDA:69,21,4,9
BRDA:91,22,0,43
BRDA:91,22,1,11
BRF:47
BRH:47
end_of_record
TN:
SF:src/components/FacultyRoute.jsx
FN:14,FacultyRoute
FNF:1
FNH:1
FNDA:18,FacultyRoute
DA:15,18
DA:16,18
DA:17,18
DA:19,18
DA:21,3
DA:24,15
DA:26,9
DA:36,6
LF:8
LH:8
BRDA:19,0,0,3
BRDA:19,0,1,15
BRDA:24,1,0,9
BRDA:24,1,1,6
BRF:4
BRH:4
end_of_record
TN:
SF:src/components/Footer.jsx
FN:1,Footer
FNF:1
FNH:1
FNDA:19,Footer
DA:2,19
LF:1
LH:1
BRF:0
BRH:0
end_of_record
TN:
SF:src/components/Header.jsx
FN:9,Header
FN:15,(anonymous_1)
FNF:2
FNH:2
FNDA:22,Header
FNDA:1,(anonymous_1)
DA:10,22
DA:11,22
DA:12,22
DA:13,22
DA:15,22
DA:16,1
DA:17,1
DA:20,22
LF:8
LH:8
BRDA:30,0,0,22
BRDA:30,0,1,14
BRDA:30,0,2,14
BRDA:36,1,0,12
BRDA:36,1,1,2
BRDA:36,2,0,14
BRDA:36,2,1,13
BRDA:38,3,0,2
BRDA:38,3,1,1
BRF:9
BRH:9
end_of_record
TN:
SF:src/components/Icon.jsx
FN:4,Icon
FNF:1
FNH:1
FNDA:96,Icon
DA:6,96
DA:286,96
DA:288,96
DA:289,2
DA:290,2
DA:293,94
DA:308,3
LF:7
LH:7
BRDA:4,0,0,96
BRDA:288,1,0,2
BRDA:288,1,1,94
BRF:3
BRH:3
end_of_record
TN:
SF:src/components/PostCard.jsx
FN:16,PostCard
FN:52,(anonymous_1)
FN:64,(anonymous_2)
FN:68,(anonymous_3)
FN:80,(anonymous_4)
FN:84,(anonymous_5)
FN:98,(anonymous_6)
FN:102,(anonymous_7)
FN:107,(anonymous_8)
FN:117,(anonymous_9)
FN:121,(anonymous_10)
FN:131,(anonymous_11)
FN:147,(anonymous_12)
FN:217,(anonymous_13)
FN:228,(anonymous_14)
FN:265,(anonymous_15)
FN:296,(anonymous_16)
FN:307,(anonymous_17)
FN:320,(anonymous_18)
FN:326,(anonymous_19)
FN:332,(anonymous_20)
FN:354,(anonymous_21)
FN:376,(anonymous_22)
FNF:23
FNH:13
FNDA:99,PostCard
FNDA:264,(anonymous_1)
FNDA:15,(anonymous_2)
FNDA:0,(anonymous_3)
FNDA:0,(anonymous_4)
FNDA:0,(anonymous_5)
FNDA:0,(anonymous_6)
FNDA:2,(anonymous_7)
FNDA:0,(anonymous_8)
FNDA:0,(anonymous_9)
FNDA:1,(anonymous_10)
FNDA:0,(anonymous_11)
FNDA:0,(anonymous_12)
FNDA:2,(anonymous_13)
FNDA:1,(anonymous_14)
FNDA:33,(anonymous_15)
FNDA:3,(anonymous_16)
FNDA:2,(anonymous_17)
FNDA:14,(anonymous_18)
FNDA:0,(anonymous_19)
FNDA:1,(anonymous_20)
FNDA:10,(anonymous_21)
FNDA:0,(anonymous_22)
DA:24,99
DA:25,99
DA:26,99
DA:27,99
DA:28,99
DA:29,99
DA:30,99
DA:32,99
DA:33,99
DA:34,99
DA:35,99
DA:36,99
DA:39,99
DA:43,99
DA:45,99
DA:46,99
DA:47,99
DA:49,99
DA:52,99
DA:53,264
DA:61,264
DA:64,99
DA:65,15
DA:68,99
DA:69,0
DA:70,0
DA:72,0
DA:73,0
DA:74,0
DA:75,0
DA:76,0
DA:78,0
DA:79,0
DA:80,0
DA:84,99
DA:85,0
DA:87,0
DA:88,0
DA:89,0
DA:93,0
DA:94,0
DA:96,0
DA:97,0
DA:98,0
DA:102,99
DA:103,2
DA:104,2
DA:107,99
DA:108,0
DA:110,0
DA:111,0
DA:112,0
DA:113,0
DA:115,0
DA:116,0
DA:117,0
DA:121,99
DA:122,1
DA:123,1
DA:124,1
DA:125,1
DA:126,1
DA:127,0
DA:129,1
DA:130,1
DA:131,1
DA:135,99
DA:147,0
DA:218,2
DA:219,2
DA:220,2
DA:229,1
DA:230,1
DA:231,1
DA:266,33
DA:297,3
DA:298,3
DA:307,2
DA:320,14
DA:326,0
DA:333,1
DA:334,1
DA:354,10
DA:377,0
DA:378,0
DA:388,1
LF:86
LH:54
BRDA:34,0,0,99
BRDA:34,0,1,0
BRDA:49,1,0,99
BRDA:49,1,1,0
BRDA:61,2,0,264
BRDA:61,2,1,0
BRDA:70,3,0,0
BRDA:70,3,1,0
BRDA:76,4,0,0
BRDA:76,4,1,0
BRDA:79,5,0,0
BRDA:79,5,1,0
BRDA:85,6,0,0
BRDA:85,6,1,0
BRDA:97,7,0,0
BRDA:97,7,1,0
BRDA:108,8,0,0
BRDA:108,8,1,0
BRDA:116,9,0,0
BRDA:116,9,1,0
BRDA:127,10,0,0
BRDA:127,10,1,0
BRDA:130,11,0,1
BRDA:130,11,1,1
BRDA:138,12,0,99
BRDA:138,12,1,1
BRDA:160,13,0,99
BRDA:160,13,1,2
BRDA:183,14,0,99
BRDA:183,14,1,1
BRDA:190,15,0,99
BRDA:190,15,1,95
BRDA:190,15,2,87
BRDA:190,15,3,17
BRDA:195,16,0,17
BRDA:195,16,1,9
BRDA:195,16,2,13
BRDA:199,17,0,1
BRDA:199,17,1,12
BRDA:203,18,0,1
BRDA:203,18,1,12
BRDA:205,19,0,1
BRDA:205,19,1,12
BRDA:212,20,0,17
BRDA:212,20,1,13
BRDA:212,20,2,5
BRDA:212,20,3,17
BRDA:220,21,0,2
BRDA:220,21,1,2
BRDA:231,22,0,1
BRDA:231,22,1,1
BRDA:254,23,0,45
BRDA:254,23,1,54
BRDA:254,24,0,99
BRDA:254,24,1,98
BRDA:259,25,0,99
BRDA:259,25,1,45
BRDA:261,26,0,0
BRDA:261,26,1,45
BRDA:282,27,0,33
BRDA:282,27,1,3
BRDA:287,28,0,33
BRDA:287,28,1,8
BRDA:287,28,2,7
BRDA:287,28,3,27
BRDA:292,29,0,27
BRDA:292,29,1,2
BRDA:292,29,2,1
BRDA:292,29,3,27
BRDA:316,30,0,17
BRDA:316,30,1,16
BRDA:362,31,0,45
BRDA:362,31,1,45
BRDA:365,32,0,0
BRDA:365,32,1,45
BRF:75
BRH:54
end_of_record
TN:
SF:src/components/PrivateRoute.jsx
FN:10,PrivateRoute
FNF:1
FNH:1
FNDA:9,PrivateRoute
DA:11,9
DA:12,9
DA:14,9
DA:16,5
DA:20,4
LF:5
LH:5
BRDA:14,0,0,5
BRDA:14,0,1,4
BRF:2
BRH:2
end_of_record
TN:
SF:src/components/UserModal.jsx
FN:6,UserModal
FN:31,(anonymous_1)
FN:50,(anonymous_2)
FN:72,(anonymous_3)
FN:77,(anonymous_4)
FN:85,(anonymous_5)
FN:93,(anonymous_6)
FN:134,(anonymous_7)
FN:524,(anonymous_8)
FNF:9
FNH:9
FNDA:121,UserModal
FNDA:32,(anonymous_1)
FNDA:81,(anonymous_2)
FNDA:55,(anonymous_3)
FNDA:26,(anonymous_4)
FNDA:1,(anonymous_5)
FNDA:4,(anonymous_6)
FNDA:4,(anonymous_7)
FNDA:1,(anonymous_8)
DA:7,121
DA:21,121
DA:22,121
DA:24,121
DA:27,121
DA:28,121
DA:29,121
DA:31,121
DA:32,32
DA:33,4
DA:50,121
DA:51,81
DA:54,81
DA:56,55
DA:59,55
DA:62,55
DA:63,55
DA:64,17
DA:65,38
DA:66,20
DA:72,55
DA:77,26
DA:84,81
DA:85,1
DA:86,1
DA:87,1
DA:88,1
DA:93,121
DA:94,4
DA:96,4
DA:97,4
DA:100,4
DA:101,4
DA:104,4
DA:105,4
DA:106,0
DA:107,0
DA:110,4
DA:111,4
DA:112,4
DA:113,0
DA:114,0
DA:117,4
DA:118,0
DA:122,4
DA:123,0
DA:126,4
DA:127,0
DA:130,4
DA:131,4
DA:134,121
DA:135,4
DA:137,4
DA:138,4
DA:141,0
DA:143,0
DA:145,0
DA:159,0
DA:160,0
DA:163,0
DA:165,0
DA:166,0
DA:168,0
DA:171,0
DA:173,0
DA:177,121
DA:524,1
DA:545,1
LF:68
LH:50
BRDA:29,0,0,121
BRDA:29,0,1,121
BRDA:32,1,0,4
BRDA:32,1,1,28
BRDA:34,2,0,4
BRDA:34,2,1,0
BRDA:35,3,0,4
BRDA:35,3,1,0
BRDA:36,4,0,4
BRDA:36,4,1,0
BRDA:39,5,0,4
BRDA:39,5,1,3
BRDA:40,6,0,4
BRDA:40,6,1,3
BRDA:41,7,0,4
BRDA:41,7,1,3
BRDA:42,8,0,4
BRDA:42,8,1,3
BRDA:43,9,0,4
BRDA:43,9,1,3
BRDA:44,10,0,4
BRDA:44,10,1,0
BRDA:45,11,0,1
BRDA:45,11,1,3
BRDA:54,12,0,55
BRDA:54,12,1,26
BRDA:63,13,0,17
BRDA:63,13,1,38
BRDA:63,14,0,55
BRDA:63,14,1,37
BRDA:65,15,0,20
BRDA:65,15,1,18
BRDA:79,16,0,1
BRDA:79,16,1,25
BRDA:84,17,0,1
BRDA:84,17,1,80
BRDA:96,18,0,4
BRDA:96,18,1,0
BRDA:100,19,0,4
BRDA:100,19,1,0
BRDA:104,20,0,4
BRDA:104,20,1,0
BRDA:106,21,0,0
BRDA:106,21,1,0
BRDA:110,22,0,4
BRDA:110,22,1,0
BRDA:110,23,0,4
BRDA:110,23,1,0
BRDA:111,24,0,4
BRDA:111,24,1,0
BRDA:113,25,0,0
BRDA:113,25,1,0
BRDA:117,26,0,0
BRDA:117,26,1,4
BRDA:122,27,0,0
BRDA:122,27,1,4
BRDA:122,28,0,4
BRDA:122,28,1,0
BRDA:126,29,0,0
BRDA:126,29,1,4
BRDA:126,30,0,4
BRDA:126,30,1,0
BRDA:137,31,0,4
BRDA:137,31,1,0
BRDA:159,32,0,0
BRDA:159,32,1,0
BRDA:163,33,0,0
BRDA:163,33,1,0
BRDA:173,34,0,0
BRDA:173,34,1,0
BRDA:199,35,0,8
BRDA:199,35,1,113
BRDA:211,36,0,121
BRDA:211,36,1,0
BRDA:235,37,0,4
BRDA:235,37,1,117
BRDA:240,38,0,121
BRDA:240,38,1,4
BRDA:262,39,0,8
BRDA:262,39,1,113
BRDA:267,40,0,121
BRDA:267,40,1,8
BRDA:290,41,0,8
BRDA:290,41,1,113
BRDA:294,42,0,8
BRDA:294,42,1,113
BRDA:297,43,0,121
BRDA:297,43,1,8
BRDA:311,44,0,121
BRDA:311,44,1,113
BRDA:312,45,0,121
BRDA:312,45,1,8
BRDA:326,46,0,8
BRDA:326,46,1,113
BRDA:331,47,0,121
BRDA:331,47,1,8
BRDA:345,48,0,121
BRDA:345,48,1,113
BRDA:355,49,0,0
BRDA:355,49,1,121
BRDA:360,50,0,121
BRDA:360,50,1,0
BRDA:383,51,0,0
BRDA:383,51,1,121
BRDA:388,52,0,121
BRDA:388,52,1,0
BRDA:468,53,0,0
BRDA:468,53,1,121
BRDA:473,54,0,121
BRDA:473,54,1,0
BRDA:534,55,0,0
BRDA:534,55,1,121
BRDA:534,56,0,8
BRDA:534,56,1,113
BRF:114
BRH:80
end_of_record
TN:
SF:src/services/authService.js
FN:13,(anonymous_0)
FN:29,(anonymous_1)
FN:43,(anonymous_2)
FN:52,(anonymous_3)
FN:82,(anonymous_4)
FN:90,(anonymous_5)
FN:99,(anonymous_6)
FNF:7
FNH:7
FNDA:3,(anonymous_0)
FNDA:3,(anonymous_1)
FNDA:1,(anonymous_2)
FNDA:11,(anonymous_3)
FNDA:2,(anonymous_4)
FNDA:3,(anonymous_5)
FNDA:3,(anonymous_6)
DA:7,1
DA:14,3
DA:15,2
DA:16,1
DA:18,2
DA:19,2
DA:21,2
DA:30,3
DA:31,2
DA:32,1
DA:34,2
DA:35,2
DA:37,2
DA:44,1
DA:45,1
DA:54,11
DA:55,11
DA:56,6
DA:57,6
DA:64,6
DA:65,6
DA:67,3
DA:69,3
DA:70,3
DA:71,3
DA:72,3
DA:74,2
DA:83,2
DA:91,3
DA:92,3
DA:100,3
DA:101,3
LF:32
LH:32
BRDA:15,0,0,1
BRDA:15,0,1,1
BRDA:18,1,0,2
BRDA:18,1,1,0
BRDA:31,2,0,1
BRDA:31,2,1,1
BRDA:34,3,0,2
BRDA:34,3,1,0
BRDA:55,4,0,6
BRDA:55,4,1,5
BRDA:65,5,0,3
BRDA:65,5,1,3
BRDA:92,6,0,3
BRDA:92,6,1,2
BRDA:101,7,0,3
BRDA:101,7,1,2
BRF:16
BRH:14
end_of_record
TN:
SF:src/services/courseEnrollmentService.js
FN:13,(anonymous_0)
FN:27,(anonymous_1)
FN:58,(anonymous_2)
FN:69,(anonymous_3)
FN:81,(anonymous_4)
FN:95,(anonymous_5)
FN:107,(anonymous_6)
FN:120,(anonymous_7)
FN:130,(anonymous_8)
FN:140,(anonymous_9)
FN:149,(anonymous_10)
FNF:11
FNH:11
FNDA:2,(anonymous_0)
FNDA:6,(anonymous_1)
FNDA:2,(anonymous_2)
FNDA:2,(anonymous_3)
FNDA:2,(anonymous_4)
FNDA:2,(anonymous_5)
FNDA:3,(anonymous_6)
FNDA:2,(anonymous_7)
FNDA:2,(anonymous_8)
FNDA:1,(anonymous_9)
FNDA:2,(anonymous_10)
DA:7,1
DA:14,2
DA:15,1
DA:34,6
DA:39,6
DA:40,2
DA:42,6
DA:43,2
DA:45,6
DA:46,2
DA:49,6
DA:50,6
DA:59,2
DA:60,1
DA:70,2
DA:71,2
DA:72,2
DA:82,2
DA:83,2
DA:86,2
DA:96,2
DA:97,1
DA:108,3
DA:112,2
DA:121,2
DA:122,1
DA:131,2
DA:132,1
DA:141,1
DA:142,1
DA:150,2
DA:151,1
LF:32
LH:32
BRDA:28,0,0,6
BRDA:29,1,0,6
BRDA:30,2,0,6
BRDA:31,3,0,6
BRDA:32,4,0,6
BRDA:39,5,0,2
BRDA:39,5,1,4
BRDA:42,6,0,2
BRDA:42,6,1,4
BRDA:45,7,0,2
BRDA:45,7,1,4
BRDA:69,8,0,2
BRDA:70,9,0,1
BRDA:70,9,1,1
BRDA:81,10,0,2
BRDA:82,11,0,1
BRDA:82,11,1,1
BRDA:107,12,0,3
BRF:18
BRH:18
end_of_record
TN:
SF:src/services/coursePostService.js
FN:15,(anonymous_0)
FN:27,(anonymous_1)
FN:37,(anonymous_2)
FN:51,(anonymous_3)
FN:61,(anonymous_4)
FN:71,(anonymous_5)
FN:83,(anonymous_6)
FN:96,(anonymous_7)
FN:111,(anonymous_8)
FN:122,(anonymous_9)
FNF:10
FNH:10
FNDA:3,(anonymous_0)
FNDA:2,(anonymous_1)
FNDA:2,(anonymous_2)
FNDA:2,(anonymous_3)
FNDA:2,(anonymous_4)
FNDA:2,(anonymous_5)
FNDA:3,(anonymous_6)
FNDA:2,(anonymous_7)
FNDA:2,(anonymous_8)
FNDA:2,(anonymous_9)
DA:7,1
DA:16,3
DA:19,2
DA:28,2
DA:29,1
DA:38,2
DA:42,1
DA:52,2
DA:53,1
DA:62,2
DA:63,1
DA:72,2
DA:73,1
DA:84,3
DA:87,2
DA:97,2
DA:101,1
DA:112,2
DA:113,1
DA:123,2
DA:124,1
LF:21
LH:21
BRDA:15,0,0,3
BRDA:15,1,0,3
BRDA:83,2,0,3
BRDA:83,3,0,3
BRF:4
BRH:4
end_of_record
TN:
SF:src/services/courseService.js
FN:15,(anonymous_0)
FN:35,(anonymous_1)
FN:46,(anonymous_2)
FN:57,(anonymous_3)
FN:67,(anonymous_4)
FN:79,(anonymous_5)
FN:92,(anonymous_6)
FN:102,(anonymous_7)
FNF:8
FNH:8
FNDA:4,(anonymous_0)
FNDA:3,(anonymous_1)
FNDA:2,(anonymous_2)
FNDA:2,(anonymous_3)
FNDA:2,(anonymous_4)
FNDA:3,(anonymous_5)
FNDA:2,(anonymous_6)
FNDA:2,(anonymous_7)
DA:7,1
DA:16,4
DA:21,4
DA:22,1
DA:25,4
DA:26,3
DA:36,3
DA:37,3
DA:38,2
DA:47,2
DA:48,1
DA:58,2
DA:59,1
DA:68,2
DA:69,1
DA:80,3
DA:84,2
DA:93,2
DA:94,1
DA:103,2
DA:104,1
LF:21
LH:21
BRDA:15,0,0,4
BRDA:15,1,0,4
BRDA:15,2,0,4
BRDA:21,3,0,1
BRDA:21,3,1,3
BRDA:35,4,0,3
BRDA:36,5,0,1
BRDA:36,5,1,2
BRDA:79,6,0,3
BRF:9
BRH:9
end_of_record
TN:
SF:src/services/enrollmentService.js
FN:14,(anonymous_0)
FN:32,(anonymous_1)
FN:44,(anonymous_2)
FN:58,(anonymous_3)
FN:72,(anonymous_4)
FN:97,(anonymous_5)
FN:107,(anonymous_6)
FNF:7
FNH:7
FNDA:4,(anonymous_0)
FNDA:2,(anonymous_1)
FNDA:3,(anonymous_2)
FNDA:2,(anonymous_3)
FNDA:7,(anonymous_4)
FNDA:2,(anonymous_5)
FNDA:2,(anonymous_6)
DA:7,1
DA:15,4
DA:16,4
DA:17,1
DA:19,4
DA:20,4
DA:23,4
DA:24,3
DA:33,2
DA:34,1
DA:45,3
DA:49,2
DA:59,2
DA:60,1
DA:79,7
DA:84,7
DA:85,7
DA:86,7
DA:88,7
DA:89,6
DA:98,2
DA:99,1
DA:108,2
DA:109,1
LF:24
LH:24
BRDA:14,0,0,4
BRDA:16,1,0,1
BRDA:16,1,1,3
BRDA:21,2,0,1
BRDA:21,2,1,3
BRDA:44,3,0,3
BRDA:73,4,0,7
BRDA:74,5,0,7
BRDA:75,6,0,7
BRDA:76,7,0,7
BRDA:77,8,0,7
BRDA:84,9,0,2
BRDA:84,9,1,5
BRDA:85,10,0,2
BRDA:85,10,1,5
BRDA:86,11,0,2
BRDA:86,11,1,5
BRF:17
BRH:17
end_of_record
TN:
SF:src/services/userService.js
FN:15,(anonymous_0)
FN:34,(anonymous_1)
FN:43,(anonymous_2)
FN:53,(anonymous_3)
FN:64,(anonymous_4)
FN:74,(anonymous_5)
FNF:6
FNH:6
FNDA:4,(anonymous_0)
FNDA:2,(anonymous_1)
FNDA:3,(anonymous_2)
FNDA:3,(anonymous_3)
FNDA:4,(anonymous_4)
FNDA:3,(anonymous_5)
DA:7,1
DA:16,4
DA:21,4
DA:22,1
DA:25,4
DA:26,3
DA:35,2
DA:36,1
DA:44,3
DA:45,2
DA:54,3
DA:55,1
DA:65,4
DA:66,2
DA:75,3
DA:76,1
LF:16
LH:16
BRDA:15,0,0,4
BRDA:15,1,0,4
BRDA:15,2,0,4
BRDA:21,3,0,1
BRDA:21,3,1,3
BRF:5
BRH:5
end_of_record
TN:
SF:src/store/apiSlice.js
FN:9,(anonymous_0)
FN:22,(anonymous_1)
FN:46,(anonymous_2)
FN:49,(anonymous_3)
FN:56,(anonymous_4)
FN:65,(anonymous_5)
FN:70,(anonymous_6)
FN:71,(anonymous_7)
FN:74,(anonymous_8)
FN:82,(anonymous_9)
FN:87,(anonymous_10)
FN:93,(anonymous_11)
FN:100,(anonymous_12)
FN:106,(anonymous_13)
FN:111,(anonymous_14)
FN:112,(anonymous_15)
FN:115,(anonymous_16)
FN:123,(anonymous_17)
FN:128,(anonymous_18)
FN:134,(anonymous_19)
FN:143,(anonymous_20)
FN:152,(anonymous_21)
FN:160,(anonymous_22)
FN:168,(anonymous_23)
FN:175,(anonymous_24)
FN:180,(anonymous_25)
FN:186,(anonymous_26)
FN:187,(anonymous_27)
FN:192,(anonymous_28)
FN:197,(anonymous_29)
FN:205,(anonymous_30)
FN:206,(anonymous_31)
FN:211,(anonymous_32)
FN:216,(anonymous_33)
FN:223,(anonymous_34)
FN:227,(anonymous_35)
FN:234,(anonymous_36)
FN:235,(anonymous_37)
FN:242,(anonymous_38)
FN:243,(anonymous_39)
FN:248,(anonymous_40)
FN:253,(anonymous_41)
FN:258,(anonymous_42)
FN:266,(anonymous_43)
FN:275,(anonymous_44)
FN:277,(anonymous_45)
FN:282,(anonymous_46)
FN:287,(anonymous_47)
FN:292,(anonymous_48)
FN:297,(anonymous_49)
FN:302,(anonymous_50)
FN:306,(anonymous_51)
FN:311,(anonymous_52)
FN:318,(anonymous_53)
FN:319,(anonymous_54)
FN:324,(anonymous_55)
FN:329,(anonymous_56)
FN:334,(anonymous_57)
FN:342,(anonymous_58)
FNF:59
FNH:4
FNDA:25,(anonymous_0)
FNDA:25,(anonymous_1)
FNDA:7,(anonymous_2)
FNDA:0,(anonymous_3)
FNDA:0,(anonymous_4)
FNDA:0,(anonymous_5)
FNDA:0,(anonymous_6)
FNDA:0,(anonymous_7)
FNDA:0,(anonymous_8)
FNDA:0,(anonymous_9)
FNDA:0,(anonymous_10)
FNDA:0,(anonymous_11)
FNDA:25,(anonymous_12)
FNDA:0,(anonymous_13)
FNDA:0,(anonymous_14)
FNDA:0,(anonymous_15)
FNDA:0,(anonymous_16)
FNDA:0,(anonymous_17)
FNDA:0,(anonymous_18)
FNDA:0,(anonymous_19)
FNDA:0,(anonymous_20)
FNDA:0,(anonymous_21)
FNDA:0,(anonymous_22)
FNDA:0,(anonymous_23)
FNDA:0,(anonymous_24)
FNDA:0,(anonymous_25)
FNDA:0,(anonymous_26)
FNDA:0,(anonymous_27)
FNDA:0,(anonymous_28)
FNDA:0,(anonymous_29)
FNDA:0,(anonymous_30)
FNDA:0,(anonymous_31)
FNDA:0,(anonymous_32)
FNDA:0,(anonymous_33)
FNDA:0,(anonymous_34)
FNDA:0,(anonymous_35)
FNDA:0,(anonymous_36)
FNDA:0,(anonymous_37)
FNDA:0,(anonymous_38)
FNDA:0,(anonymous_39)
FNDA:0,(anonymous_40)
FNDA:0,(anonymous_41)
FNDA:0,(anonymous_42)
FNDA:0,(anonymous_43)
FNDA:0,(anonymous_44)
FNDA:0,(anonymous_45)
FNDA:0,(anonymous_46)
FNDA:0,(anonymous_47)
FNDA:0,(anonymous_48)
FNDA:0,(anonymous_49)
FNDA:0,(anonymous_50)
FNDA:0,(anonymous_51)
FNDA:0,(anonymous_52)
FNDA:0,(anonymous_53)
FNDA:0,(anonymous_54)
FNDA:0,(anonymous_55)
FNDA:0,(anonymous_56)
FNDA:0,(anonymous_57)
FNDA:0,(anonymous_58)
DA:7,7
DA:11,25
DA:12,25
DA:13,0
DA:15,0
DA:22,7
DA:23,25
DA:26,0
DA:27,0
DA:30,0
DA:31,0
DA:35,0
DA:42,7
DA:46,7
DA:49,0
DA:56,0
DA:66,0
DA:70,0
DA:71,0
DA:74,0
DA:82,0
DA:87,0
DA:93,0
DA:100,25
DA:107,0
DA:111,0
DA:112,0
DA:115,0
DA:123,0
DA:128,0
DA:134,0
DA:144,0
DA:145,0
DA:146,0
DA:147,0
DA:152,0
DA:160,0
DA:168,0
DA:176,0
DA:177,0
DA:178,0
DA:180,0
DA:186,0
DA:187,0
DA:192,0
DA:197,0
DA:205,0
DA:206,0
DA:211,0
DA:216,0
DA:223,0
DA:227,0
DA:234,0
DA:235,0
DA:242,0
DA:243,0
DA:248,0
DA:253,0
DA:258,0
DA:266,0
DA:276,0
DA:277,0
DA:282,0
DA:287,0
DA:292,0
DA:297,0
DA:302,0
DA:306,0
DA:311,0
DA:318,0
DA:319,0
DA:324,0
DA:329,0
DA:334,0
DA:342,0
DA:397,7
LF:76
LH:9
BRDA:11,0,0,25
BRDA:11,0,1,0
BRDA:12,1,0,0
BRDA:12,1,1,25
BRDA:26,2,0,0
BRDA:26,2,1,0
BRDA:26,3,0,0
BRDA:26,3,1,0
BRDA:30,4,0,0
BRDA:30,4,1,0
BRDA:65,5,0,0
BRDA:65,6,0,0
BRDA:65,7,0,0
BRDA:106,8,0,0
BRDA:106,9,0,0
BRDA:106,10,0,0
BRDA:143,11,0,0
BRDA:143,12,0,0
BRDA:145,13,0,0
BRDA:145,13,1,0
BRDA:146,14,0,0
BRDA:146,14,1,0
BRDA:177,15,0,0
BRDA:177,15,1,0
BRDA:275,16,0,0
BRDA:275,17,0,0
BRF:26
BRH:2
end_of_record
TN:
SF:src/store/slices/authSlice.js
FN:6,(anonymous_0)
FN:21,(anonymous_1)
FN:50,(anonymous_2)
FN:60,(anonymous_3)
FN:69,(anonymous_4)
FN:80,(anonymous_5)
FN:81,(anonymous_6)
FN:82,(anonymous_7)
FN:83,(anonymous_8)
FN:84,(anonymous_9)
FN:85,(anonymous_10)
FNF:11
FNH:10
FNDA:0,(anonymous_0)
FNDA:12,(anonymous_1)
FNDA:17,(anonymous_2)
FNDA:3,(anonymous_3)
FNDA:5,(anonymous_4)
FNDA:199,(anonymous_5)
FNDA:2,(anonymous_6)
FNDA:127,(anonymous_7)
FNDA:31,(anonymous_8)
FNDA:39,(anonymous_9)
FNDA:3,(anonymous_10)
DA:6,12
DA:7,0
DA:8,0
DA:9,0
DA:10,0
DA:11,0
DA:12,0
DA:14,0
DA:21,12
DA:22,12
DA:23,12
DA:25,12
DA:26,12
DA:27,0
DA:28,0
DA:31,0
DA:33,12
DA:34,0
DA:37,12
DA:44,12
DA:46,12
DA:51,17
DA:52,17
DA:53,17
DA:54,17
DA:57,17
DA:58,17
DA:61,3
DA:62,3
DA:63,3
DA:66,3
DA:67,3
DA:70,5
DA:72,5
DA:77,12
DA:80,199
DA:81,12
DA:82,127
DA:83,31
DA:84,39
DA:85,12
LF:41
LH:30
BRDA:7,0,0,0
BRDA:7,0,1,0
BRDA:26,1,0,0
BRDA:26,1,1,12
BRDA:33,2,0,0
BRDA:33,2,1,12
BRF:6
BRH:2
end_of_record
TN:
SF:src/store/slices/coursesSlice.js
FN:14,(anonymous_0)
FN:17,(anonymous_1)
FN:21,(anonymous_2)
FN:26,(anonymous_3)
FN:29,(anonymous_4)
FN:32,(anonymous_5)
FN:34,(anonymous_6)
FN:43,(anonymous_7)
FN:45,(anonymous_8)
FN:51,(anonymous_9)
FN:72,(anonymous_10)
FN:73,(anonymous_11)
FN:74,(anonymous_12)
FN:75,(anonymous_13)
FNF:14
FNH:14
FNDA:2,(anonymous_0)
FNDA:3,(anonymous_1)
FNDA:4,(anonymous_2)
FNDA:3,(anonymous_3)
FNDA:4,(anonymous_4)
FNDA:5,(anonymous_5)
FNDA:5,(anonymous_6)
FNDA:5,(anonymous_7)
FNDA:6,(anonymous_8)
FNDA:2,(anonymous_9)
FNDA:2,(anonymous_10)
FNDA:2,(anonymous_11)
FNDA:2,(anonymous_12)
FNDA:2,(anonymous_13)
DA:3,1
DA:10,1
DA:15,2
DA:18,3
DA:19,3
DA:22,4
DA:23,4
DA:24,4
DA:27,3
DA:30,4
DA:33,5
DA:34,5
DA:36,5
DA:37,4
DA:39,5
DA:40,1
DA:44,5
DA:45,6
DA:47,5
DA:48,1
DA:52,2
DA:53,2
DA:54,2
DA:55,2
DA:69,1
DA:72,2
DA:73,2
DA:74,2
DA:75,2
LF:29
LH:29
BRDA:36,0,0,4
BRDA:36,0,1,1
BRDA:39,1,0,1
BRDA:39,1,1,4
BRDA:47,2,0,1
BRDA:47,2,1,4
BRF:6
BRH:6
end_of_record
TN:
SF:src/store/slices/enrollmentsSlice.js
FN:19,(anonymous_0)
FN:22,(anonymous_1)
FN:26,(anonymous_2)
FN:34,(anonymous_3)
FN:35,(anonymous_4)
FN:36,(anonymous_5)
FN:39,(anonymous_6)
FN:44,(anonymous_7)
FN:46,(anonymous_8)
FN:66,(anonymous_9)
FN:67,(anonymous_10)
FN:75,(anonymous_11)
FN:78,(anonymous_12)
FN:103,(anonymous_13)
FN:104,(anonymous_14)
FN:105,(anonymous_15)
FN:106,(anonymous_16)
FN:107,(anonymous_17)
FN:107,(anonymous_18)
FN:108,(anonymous_19)
FNF:20
FNH:20
FNDA:2,(anonymous_0)
FNDA:2,(anonymous_1)
FNDA:4,(anonymous_2)
FNDA:7,(anonymous_3)
FNDA:7,(anonymous_4)
FNDA:7,(anonymous_5)
FNDA:4,(anonymous_6)
FNDA:6,(anonymous_7)
FNDA:7,(anonymous_8)
FNDA:4,(anonymous_9)
FNDA:4,(anonymous_10)
FNDA:5,(anonymous_11)
FNDA:1,(anonymous_12)
FNDA:2,(anonymous_13)
FNDA:2,(anonymous_14)
FNDA:2,(anonymous_15)
FNDA:2,(anonymous_16)
FNDA:3,(anonymous_17)
FNDA:3,(anonymous_18)
FNDA:6,(anonymous_19)
DA:3,1
DA:15,1
DA:20,2
DA:23,2
DA:24,2
DA:27,4
DA:28,4
DA:29,4
DA:32,4
DA:34,7
DA:35,7
DA:36,7
DA:40,4
DA:41,4
DA:42,4
DA:45,6
DA:46,7
DA:48,6
DA:49,5
DA:50,5
DA:53,5
DA:54,3
DA:55,3
DA:56,3
DA:58,3
DA:59,3
DA:60,3
DA:63,5
DA:67,4
DA:68,4
DA:69,3
DA:70,3
DA:71,3
DA:72,3
DA:74,4
DA:75,5
DA:79,1
DA:80,1
DA:81,1
DA:82,1
DA:100,1
DA:103,2
DA:104,2
DA:105,2
DA:106,2
DA:107,3
DA:108,6
LF:47
LH:47
BRDA:42,0,0,1
BRDA:42,0,1,3
BRDA:48,1,0,5
BRDA:48,1,1,1
BRDA:53,2,0,3
BRDA:53,2,1,2
BRDA:54,3,0,1
BRDA:54,3,1,2
BRDA:55,4,0,1
BRDA:55,4,1,2
BRDA:56,5,0,1
BRDA:56,5,1,2
BRDA:58,6,0,1
BRDA:58,6,1,2
BRDA:59,7,0,1
BRDA:59,7,1,2
BRDA:60,8,0,1
BRDA:60,8,1,2
BRDA:68,9,0,3
BRDA:68,9,1,1
BRDA:70,10,0,1
BRDA:70,10,1,2
BRDA:71,11,0,1
BRDA:71,11,1,2
BRDA:72,12,0,1
BRDA:72,12,1,2
BRF:26
BRH:26
end_of_record
TN:
SF:src/utils/formatters.js
FN:10,(anonymous_0)
FN:25,(anonymous_1)
FN:42,(anonymous_2)
FN:53,(anonymous_3)
FNF:4
FNH:4
FNDA:8,(anonymous_0)
FNDA:9,(anonymous_1)
FNDA:11,(anonymous_2)
FNDA:13,(anonymous_3)
DA:10,1
DA:11,8
DA:12,5
DA:13,5
DA:25,1
DA:26,9
DA:27,6
DA:28,6
DA:42,1
DA:43,11
DA:44,8
DA:53,1
DA:54,13
DA:55,8
LF:14
LH:14
BRDA:11,0,0,3
BRDA:11,0,1,5
BRDA:26,1,0,3
BRDA:26,1,1,6
BRDA:43,2,0,3
BRDA:43,2,1,8
BRDA:53,3,0,13
BRDA:54,4,0,5
BRDA:54,4,1,8
BRDA:54,5,0,13
BRDA:54,5,1,10
BRF:11
BRH:11
end_of_record
TN:
SF:src/utils/validators.js
FN:11,(anonymous_0)
FN:21,(anonymous_1)
FN:31,(anonymous_2)
FN:40,(anonymous_3)
FN:52,(anonymous_4)
FNF:5
FNH:5
FNDA:21,(anonymous_0)
FNDA:23,(anonymous_1)
FNDA:19,(anonymous_2)
FNDA:21,(anonymous_3)
FNDA:23,(anonymous_4)
DA:5,1
DA:12,21
DA:13,21
DA:22,23
DA:23,23
DA:32,19
DA:41,21
DA:53,23
LF:8
LH:8
BRDA:32,0,0,19
BRDA:32,0,1,16
BRDA:42,1,0,21
BRDA:42,1,1,20
BRDA:42,1,2,19
BRDA:53,2,0,23
BRDA:53,2,1,17
BRF:7
BRH:7
end_of_record
TN:
SF:src/views/ExploreCourses.jsx
FN:15,ExploreCourses
FN:58,(anonymous_1)
FN:59,(anonymous_2)
FN:62,(anonymous_3)
FN:71,(anonymous_4)
FN:76,(anonymous_5)
FN:82,(anonymous_6)
FN:98,(anonymous_7)
FN:106,(anonymous_8)
FN:112,(anonymous_9)
FN:157,(anonymous_10)
FN:249,(anonymous_11)
FN:268,(anonymous_12)
FN:276,(anonymous_13)
FN:309,(anonymous_14)
FN:341,(anonymous_15)
FN:350,(anonymous_16)
FN:385,(anonymous_17)
FN:392,(anonymous_18)
FN:420,(anonymous_19)
FN:427,(anonymous_20)
FN:428,(anonymous_21)
FN:431,(anonymous_22)
FN:443,(anonymous_23)
FN:462,(anonymous_24)
FNF:25
FNH:17
FNDA:53,ExploreCourses
FNDA:50,(anonymous_1)
FNDA:50,(anonymous_2)
FNDA:175,(anonymous_3)
FNDA:20,(anonymous_4)
FNDA:1,(anonymous_5)
FNDA:3,(anonymous_6)
FNDA:0,(anonymous_7)
FNDA:0,(anonymous_8)
FNDA:2,(anonymous_9)
FNDA:1,(anonymous_10)
FNDA:106,(anonymous_11)
FNDA:2,(anonymous_12)
FNDA:3,(anonymous_13)
FNDA:106,(anonymous_14)
FNDA:0,(anonymous_15)
FNDA:0,(anonymous_16)
FNDA:0,(anonymous_17)
FNDA:1,(anonymous_18)
FNDA:0,(anonymous_19)
FNDA:6,(anonymous_20)
FNDA:6,(anonymous_21)
FNDA:0,(anonymous_22)
FNDA:0,(anonymous_23)
FNDA:1,(anonymous_24)
DA:16,53
DA:17,53
DA:18,53
DA:19,53
DA:20,53
DA:23,53
DA:24,53
DA:25,53
DA:28,53
DA:29,53
DA:36,53
DA:42,53
DA:48,53
DA:50,53
DA:51,53
DA:52,53
DA:53,53
DA:54,53
DA:57,53
DA:58,50
DA:59,50
DA:61,53
DA:62,175
DA:66,53
DA:67,53
DA:68,53
DA:69,53
DA:71,53
DA:72,20
DA:73,20
DA:76,53
DA:77,1
DA:78,1
DA:82,53
DA:83,3
DA:84,3
DA:85,3
DA:87,3
DA:93,1
DA:98,1
DA:100,2
DA:101,2
DA:106,2
DA:108,3
DA:112,53
DA:113,2
DA:114,2
DA:117,53
DA:118,1
DA:121,52
DA:122,2
DA:132,50
DA:157,1
DA:250,106
DA:268,2
DA:276,3
DA:310,106
DA:341,0
DA:350,0
DA:385,0
DA:392,1
DA:420,0
DA:427,6
DA:429,6
DA:431,0
DA:443,0
DA:462,1
LF:67
LH:61
BRDA:50,0,0,53
BRDA:50,0,1,2
BRDA:51,1,0,53
BRDA:51,1,1,3
BRDA:52,2,0,53
BRDA:52,2,1,1
BRDA:53,3,0,53
BRDA:53,3,1,52
BRDA:58,4,0,50
BRDA:58,4,1,50
BRDA:77,5,0,1
BRDA:77,5,1,0
BRDA:77,6,0,1
BRDA:77,6,1,1
BRDA:102,7,0,2
BRDA:102,7,1,1
BRDA:117,8,0,1
BRDA:117,8,1,52
BRDA:121,9,0,2
BRDA:121,9,1,50
BRDA:167,10,0,50
BRDA:167,10,1,1
BRDA:173,11,0,53
BRDA:173,11,1,49
BRDA:186,12,0,53
BRDA:186,12,1,47
BRDA:190,13,0,7
BRDA:190,13,1,40
BRDA:209,14,0,3
BRDA:209,14,1,47
BRDA:216,15,0,2
BRDA:216,15,1,1
BRDA:258,16,0,106
BRDA:258,16,1,0
BRDA:280,17,0,2
BRDA:280,17,1,104
BRDA:327,18,0,106
BRDA:327,18,1,106
BRDA:354,19,0,2
BRDA:354,19,1,104
BRDA:381,20,0,53
BRDA:381,20,1,47
BRDA:381,20,2,3
BRDA:433,21,0,3
BRDA:433,21,1,3
BRF:45
BRH:43
end_of_record
TN:
SF:src/views/Login.jsx
FN:8,Login
FN:13,(anonymous_1)
FN:21,(anonymous_2)
FN:34,(anonymous_3)
FN:41,(anonymous_4)
FN:43,(anonymous_5)
FN:51,(anonymous_6)
FN:145,(anonymous_7)
FNF:8
FNH:7
FNDA:80,Login
FNDA:112,(anonymous_1)
FNDA:33,(anonymous_2)
FNDA:26,(anonymous_3)
FNDA:26,(anonymous_4)
FNDA:26,(anonymous_5)
FNDA:13,(anonymous_6)
FNDA:0,(anonymous_7)
DA:9,80
DA:10,80
DA:11,80
DA:12,80
DA:13,112
DA:15,80
DA:19,80
DA:21,80
DA:23,33
DA:24,10
DA:25,2
DA:26,8
DA:27,2
DA:29,6
DA:34,80
DA:36,26
DA:37,2
DA:41,80
DA:42,26
DA:43,26
DA:48,26
DA:51,80
DA:52,13
DA:53,13
DA:54,13
DA:56,13
DA:57,13
DA:60,7
DA:68,7
DA:69,7
DA:70,1
DA:71,6
DA:72,1
DA:74,5
DA:78,6
DA:81,13
DA:84,80
DA:145,0
LF:38
LH:37
BRDA:23,0,0,10
BRDA:23,0,1,23
BRDA:23,1,0,33
BRDA:23,1,1,10
BRDA:24,2,0,2
BRDA:24,2,1,8
BRDA:26,3,0,2
BRDA:26,3,1,6
BRDA:36,4,0,2
BRDA:36,4,1,24
BRDA:48,5,0,2
BRDA:48,5,1,24
BRDA:69,6,0,1
BRDA:69,6,1,6
BRDA:69,7,0,7
BRDA:69,7,1,7
BRDA:71,8,0,1
BRDA:71,8,1,5
BRDA:71,9,0,6
BRDA:71,9,1,6
BRDA:158,10,0,0
BRDA:158,10,1,79
BRF:22
BRH:21
end_of_record
TN:
SF:src/views/Register.jsx
FN:7,Register
FN:11,(anonymous_1)
FN:13,(anonymous_2)
FN:40,(anonymous_3)
FN:62,(anonymous_4)
FN:67,(anonymous_5)
FN:77,(anonymous_6)
FNF:7
FNH:7
FNDA:150,Register
FNDA:194,(anonymous_1)
FNDA:44,(anonymous_2)
FNDA:87,(anonymous_3)
FNDA:7,(anonymous_4)
FNDA:80,(anonymous_5)
FNDA:15,(anonymous_6)
DA:8,150
DA:9,150
DA:10,150
DA:11,194
DA:13,150
DA:15,44
DA:16,9
DA:17,1
DA:18,8
DA:19,1
DA:21,7
DA:26,150
DA:38,150
DA:40,150
DA:41,87
DA:44,87
DA:46,7
DA:49,7
DA:52,7
DA:53,7
DA:54,1
DA:55,6
DA:56,5
DA:62,7
DA:67,80
DA:74,87
DA:77,150
DA:78,15
DA:79,15
DA:80,15
DA:83,15
DA:84,3
DA:85,3
DA:89,12
DA:90,2
DA:91,2
DA:94,10
DA:96,10
DA:98,10
DA:101,6
DA:109,6
DA:113,4
DA:117,4
DA:120,10
DA:123,150
LF:45
LH:45
BRDA:15,0,0,9
BRDA:15,0,1,35
BRDA:15,1,0,44
BRDA:15,1,1,9
BRDA:16,2,0,1
BRDA:16,2,1,8
BRDA:18,3,0,1
BRDA:18,3,1,7
BRDA:44,4,0,7
BRDA:44,4,1,80
BRDA:53,5,0,1
BRDA:53,5,1,6
BRDA:53,6,0,7
BRDA:53,6,1,6
BRDA:55,7,0,5
BRDA:55,7,1,1
BRDA:74,8,0,2
BRDA:74,8,1,85
BRDA:83,9,0,3
BRDA:83,9,1,12
BRDA:89,10,0,2
BRDA:89,10,1,10
BRDA:113,11,0,4
BRDA:113,11,1,2
BRDA:113,11,2,1
BRDA:113,11,3,1
BRDA:340,12,0,150
BRDA:340,12,1,9
BRDA:353,13,0,0
BRDA:353,13,1,150
BRF:30
BRH:29
end_of_record
