<?xml version="1.0" encoding="UTF-8"?>
<coverage generated="1766177494395" clover="3.2.0">
  <project timestamp="1766177494395" name="All files">
    <metrics statements="202" coveredstatements="202" conditionals="50" coveredconditionals="49" methods="30" coveredmethods="30" elements="282" coveredelements="281" complexity="0" loc="202" ncloc="202" packages="7" files="9" classes="9"/>
    <package name="config">
      <metrics statements="16" coveredstatements="16" conditionals="2" coveredconditionals="1" methods="3" coveredmethods="3"/>
      <file name="database.js" path="/Users/greg/purdue-bootcamp/capstone-project/PurdueUniversity-Capstone-Project-LearnEasePro/backend/src/config/database.js">
        <metrics statements="8" coveredstatements="8" conditionals="0" coveredconditionals="0" methods="1" coveredmethods="1"/>
        <line num="1" count="2" type="stmt"/>
        <line num="3" count="2" type="stmt"/>
        <line num="4" count="3" type="stmt"/>
        <line num="5" count="3" type="stmt"/>
        <line num="9" count="2" type="stmt"/>
        <line num="11" count="1" type="stmt"/>
        <line num="12" count="1" type="stmt"/>
        <line num="16" count="2" type="stmt"/>
      </file>
      <file name="jwt.js" path="/Users/greg/purdue-bootcamp/capstone-project/PurdueUniversity-Capstone-Project-LearnEasePro/backend/src/config/jwt.js">
        <metrics statements="8" coveredstatements="8" conditionals="2" coveredconditionals="1" methods="2" coveredmethods="2"/>
        <line num="1" count="6" type="stmt"/>
        <line num="6" count="6" type="stmt"/>
        <line num="7" count="165" type="stmt"/>
        <line num="15" count="6" type="stmt"/>
        <line num="16" count="62" type="stmt"/>
        <line num="17" count="62" type="stmt"/>
        <line num="19" count="11" type="stmt"/>
        <line num="23" count="6" type="stmt"/>
      </file>
    </package>
    <package name="controllers">
      <metrics statements="41" coveredstatements="41" conditionals="10" coveredconditionals="10" methods="6" coveredmethods="6"/>
      <file name="userController.js" path="/Users/greg/purdue-bootcamp/capstone-project/PurdueUniversity-Capstone-Project-LearnEasePro/backend/src/controllers/userController.js">
        <metrics statements="41" coveredstatements="41" conditionals="10" coveredconditionals="10" methods="6" coveredmethods="6"/>
        <line num="1" count="4" type="stmt"/>
        <line num="2" count="4" type="stmt"/>
        <line num="9" count="4" type="stmt"/>
        <line num="10" count="151" type="stmt"/>
        <line num="22" count="151" type="stmt"/>
        <line num="25" count="151" type="cond" truecount="6" falsecount="0"/>
        <line num="26" count="3" type="stmt"/>
        <line num="33" count="148" type="stmt"/>
        <line num="47" count="143" type="stmt"/>
        <line num="49" count="143" type="stmt"/>
        <line num="55" count="5" type="stmt"/>
        <line num="67" count="4" type="stmt"/>
        <line num="68" count="9" type="stmt"/>
        <line num="69" count="9" type="stmt"/>
        <line num="72" count="9" type="cond" truecount="4" falsecount="0"/>
        <line num="73" count="2" type="stmt"/>
        <line num="79" count="7" type="stmt"/>
        <line num="82" count="4" type="stmt"/>
        <line num="84" count="4" type="stmt"/>
        <line num="90" count="3" type="stmt"/>
        <line num="102" count="4" type="stmt"/>
        <line num="103" count="5" type="stmt"/>
        <line num="104" count="5" type="stmt"/>
        <line num="106" count="4" type="stmt"/>
        <line num="112" count="1" type="stmt"/>
        <line num="124" count="4" type="stmt"/>
        <line num="125" count="8" type="stmt"/>
        <line num="126" count="8" type="stmt"/>
        <line num="128" count="6" type="stmt"/>
        <line num="133" count="2" type="stmt"/>
        <line num="146" count="4" type="stmt"/>
        <line num="147" count="13" type="stmt"/>
        <line num="149" count="13" type="stmt"/>
        <line num="151" count="13" type="stmt"/>
        <line num="153" count="7" type="stmt"/>
        <line num="158" count="6" type="stmt"/>
        <line num="170" count="4" type="stmt"/>
        <line num="171" count="8" type="stmt"/>
        <line num="172" count="8" type="stmt"/>
        <line num="174" count="4" type="stmt"/>
        <line num="179" count="4" type="stmt"/>
      </file>
    </package>
    <package name="middleware">
      <metrics statements="40" coveredstatements="40" conditionals="17" coveredconditionals="17" methods="5" coveredmethods="5"/>
      <file name="auth.js" path="/Users/greg/purdue-bootcamp/capstone-project/PurdueUniversity-Capstone-Project-LearnEasePro/backend/src/middleware/auth.js">
        <metrics statements="40" coveredstatements="40" conditionals="17" coveredconditionals="17" methods="5" coveredmethods="5"/>
        <line num="1" count="3" type="stmt"/>
        <line num="10" count="3" type="stmt"/>
        <line num="12" count="63" type="stmt"/>
        <line num="14" count="60" type="cond" truecount="4" falsecount="0"/>
        <line num="15" count="11" type="stmt"/>
        <line num="18" count="49" type="stmt"/>
        <line num="19" count="49" type="stmt"/>
        <line num="26" count="3" type="cond" truecount="1" falsecount="0"/>
        <line num="27" count="15" type="stmt"/>
        <line num="28" count="39" type="stmt"/>
        <line num="29" count="39" type="stmt"/>
        <line num="31" count="38" type="cond" truecount="2" falsecount="0"/>
        <line num="32" count="5" type="stmt"/>
        <line num="38" count="33" type="stmt"/>
        <line num="41" count="33" type="cond" truecount="2" falsecount="0"/>
        <line num="42" count="14" type="stmt"/>
        <line num="43" count="14" type="stmt"/>
        <line num="47" count="19" type="cond" truecount="2" falsecount="0"/>
        <line num="48" count="10" type="stmt"/>
        <line num="55" count="9" type="stmt"/>
        <line num="56" count="9" type="stmt"/>
        <line num="58" count="1" type="stmt"/>
        <line num="69" count="3" type="stmt"/>
        <line num="70" count="17" type="stmt"/>
        <line num="71" count="17" type="stmt"/>
        <line num="73" count="16" type="cond" truecount="2" falsecount="0"/>
        <line num="74" count="7" type="stmt"/>
        <line num="80" count="9" type="cond" truecount="2" falsecount="0"/>
        <line num="81" count="6" type="stmt"/>
        <line num="87" count="3" type="stmt"/>
        <line num="88" count="3" type="stmt"/>
        <line num="90" count="1" type="stmt"/>
        <line num="100" count="3" type="stmt"/>
        <line num="101" count="7" type="stmt"/>
        <line num="102" count="7" type="stmt"/>
        <line num="104" count="6" type="cond" truecount="2" falsecount="0"/>
        <line num="105" count="5" type="stmt"/>
        <line num="111" count="1" type="stmt"/>
        <line num="112" count="1" type="stmt"/>
        <line num="114" count="1" type="stmt"/>
      </file>
    </package>
    <package name="models">
      <metrics statements="11" coveredstatements="11" conditionals="2" coveredconditionals="2" methods="2" coveredmethods="2"/>
      <file name="User.js" path="/Users/greg/purdue-bootcamp/capstone-project/PurdueUniversity-Capstone-Project-LearnEasePro/backend/src/models/User.js">
        <metrics statements="11" coveredstatements="11" conditionals="2" coveredconditionals="2" methods="2" coveredmethods="2"/>
        <line num="1" count="8" type="stmt"/>
        <line num="2" count="8" type="stmt"/>
        <line num="4" count="8" type="stmt"/>
        <line num="79" count="8" type="stmt"/>
        <line num="80" count="175" type="cond" truecount="2" falsecount="0"/>
        <line num="81" count="1" type="stmt"/>
        <line num="84" count="175" type="stmt"/>
        <line num="85" count="175" type="stmt"/>
        <line num="89" count="8" type="stmt"/>
        <line num="90" count="6" type="stmt"/>
        <line num="93" count="8" type="stmt"/>
      </file>
    </package>
    <package name="repositories">
      <metrics statements="30" coveredstatements="30" conditionals="1" coveredconditionals="1" methods="7" coveredmethods="7"/>
      <file name="userRepository.js" path="/Users/greg/purdue-bootcamp/capstone-project/PurdueUniversity-Capstone-Project-LearnEasePro/backend/src/repositories/userRepository.js">
        <metrics statements="30" coveredstatements="30" conditionals="1" coveredconditionals="1" methods="7" coveredmethods="7"/>
        <line num="1" count="6" type="stmt"/>
        <line num="8" count="148" type="stmt"/>
        <line num="9" count="148" type="stmt"/>
        <line num="10" count="143" type="stmt"/>
        <line num="12" count="5" type="stmt"/>
        <line num="20" count="9" type="stmt"/>
        <line num="21" count="9" type="stmt"/>
        <line num="22" count="8" type="stmt"/>
        <line num="24" count="1" type="stmt"/>
        <line num="32" count="154" type="stmt"/>
        <line num="33" count="154" type="stmt"/>
        <line num="34" count="153" type="stmt"/>
        <line num="36" count="1" type="stmt"/>
        <line num="44" count="6" type="stmt"/>
        <line num="45" count="6" type="stmt"/>
        <line num="46" count="5" type="stmt"/>
        <line num="48" count="1" type="stmt"/>
        <line num="56" count="11" type="stmt"/>
        <line num="57" count="11" type="stmt"/>
        <line num="61" count="7" type="stmt"/>
        <line num="63" count="4" type="stmt"/>
        <line num="74" count="8" type="stmt"/>
        <line num="76" count="8" type="stmt"/>
        <line num="84" count="7" type="stmt"/>
        <line num="86" count="1" type="stmt"/>
        <line num="94" count="8" type="stmt"/>
        <line num="95" count="8" type="stmt"/>
        <line num="96" count="6" type="stmt"/>
        <line num="98" count="2" type="stmt"/>
        <line num="103" count="6" type="stmt"/>
      </file>
    </package>
    <package name="routes">
      <metrics statements="18" coveredstatements="18" conditionals="0" coveredconditionals="0" methods="1" coveredmethods="1"/>
      <file name="index.js" path="/Users/greg/purdue-bootcamp/capstone-project/PurdueUniversity-Capstone-Project-LearnEasePro/backend/src/routes/index.js">
        <metrics statements="7" coveredstatements="7" conditionals="0" coveredconditionals="0" methods="1" coveredmethods="1"/>
        <line num="1" count="2" type="stmt"/>
        <line num="2" count="2" type="stmt"/>
        <line num="3" count="2" type="stmt"/>
        <line num="6" count="2" type="stmt"/>
        <line num="9" count="2" type="stmt"/>
        <line num="10" count="2" type="stmt"/>
        <line num="17" count="2" type="stmt"/>
      </file>
      <file name="userRoutes.js" path="/Users/greg/purdue-bootcamp/capstone-project/PurdueUniversity-Capstone-Project-LearnEasePro/backend/src/routes/userRoutes.js">
        <metrics statements="11" coveredstatements="11" conditionals="0" coveredconditionals="0" methods="0" coveredmethods="0"/>
        <line num="1" count="3" type="stmt"/>
        <line num="2" count="3" type="stmt"/>
        <line num="3" count="3" type="stmt"/>
        <line num="8" count="3" type="stmt"/>
        <line num="11" count="3" type="stmt"/>
        <line num="12" count="3" type="stmt"/>
        <line num="15" count="3" type="stmt"/>
        <line num="16" count="3" type="stmt"/>
        <line num="17" count="3" type="stmt"/>
        <line num="18" count="3" type="stmt"/>
        <line num="20" count="3" type="stmt"/>
      </file>
    </package>
    <package name="services">
      <metrics statements="46" coveredstatements="46" conditionals="18" coveredconditionals="18" methods="6" coveredmethods="6"/>
      <file name="userService.js" path="/Users/greg/purdue-bootcamp/capstone-project/PurdueUniversity-Capstone-Project-LearnEasePro/backend/src/services/userService.js">
        <metrics statements="46" coveredstatements="46" conditionals="18" coveredconditionals="18" methods="6" coveredmethods="6"/>
        <line num="1" count="5" type="stmt"/>
        <line num="8" count="149" type="stmt"/>
        <line num="10" count="149" type="stmt"/>
        <line num="11" count="149" type="cond" truecount="2" falsecount="0"/>
        <line num="12" count="2" type="stmt"/>
        <line num="16" count="147" type="stmt"/>
        <line num="19" count="143" type="stmt"/>
        <line num="34" count="6" type="stmt"/>
        <line num="42" count="9" type="stmt"/>
        <line num="44" count="9" type="stmt"/>
        <line num="46" count="8" type="cond" truecount="2" falsecount="0"/>
        <line num="47" count="2" type="stmt"/>
        <line num="51" count="6" type="stmt"/>
        <line num="53" count="6" type="cond" truecount="2" falsecount="0"/>
        <line num="54" count="2" type="stmt"/>
        <line num="58" count="4" type="stmt"/>
        <line num="72" count="5" type="stmt"/>
        <line num="80" count="9" type="stmt"/>
        <line num="81" count="9" type="stmt"/>
        <line num="82" count="8" type="cond" truecount="2" falsecount="0"/>
        <line num="83" count="2" type="stmt"/>
        <line num="85" count="6" type="stmt"/>
        <line num="87" count="3" type="stmt"/>
        <line num="95" count="5" type="stmt"/>
        <line num="96" count="5" type="stmt"/>
        <line num="97" count="4" type="stmt"/>
        <line num="99" count="1" type="stmt"/>
        <line num="107" count="15" type="stmt"/>
        <line num="109" count="15" type="cond" truecount="2" falsecount="0"/>
        <line num="110" count="2" type="stmt"/>
        <line num="115" count="15" type="cond" truecount="2" falsecount="0"/>
        <line num="116" count="4" type="stmt"/>
        <line num="117" count="4" type="cond" truecount="2" falsecount="0"/>
        <line num="118" count="2" type="stmt"/>
        <line num="124" count="11" type="stmt"/>
        <line num="125" count="8" type="cond" truecount="2" falsecount="0"/>
        <line num="126" count="2" type="stmt"/>
        <line num="129" count="8" type="stmt"/>
        <line num="131" count="7" type="stmt"/>
        <line num="139" count="8" type="stmt"/>
        <line num="140" count="8" type="stmt"/>
        <line num="141" count="6" type="cond" truecount="2" falsecount="0"/>
        <line num="142" count="2" type="stmt"/>
        <line num="144" count="4" type="stmt"/>
        <line num="146" count="4" type="stmt"/>
        <line num="151" count="5" type="stmt"/>
      </file>
    </package>
  </project>
</coverage>
