{"/Users/greg/purdue-bootcamp/capstone-project/PurdueUniversity-Capstone-Project-LearnEasePro/backend/src/config/database.js": {"path":"/Users/greg/purdue-bootcamp/capstone-project/PurdueUniversity-Capstone-Project-LearnEasePro/backend/src/config/database.js","statementMap":{"0":{"start":{"line":1,"column":17},"end":{"line":1,"column":36}},"1":{"start":{"line":3,"column":18},"end":{"line":14,"column":1}},"2":{"start":{"line":4,"column":2},"end":{"line":13,"column":3}},"3":{"start":{"line":5,"column":17},"end":{"line":7,"column":6}},"4":{"start":{"line":9,"column":4},"end":{"line":9,"column":62}},"5":{"start":{"line":11,"column":4},"end":{"line":11,"column":45}},"6":{"start":{"line":12,"column":4},"end":{"line":12,"column":20}},"7":{"start":{"line":16,"column":0},"end":{"line":16,"column":27}}},"fnMap":{"0":{"name":"(anonymous_0)","decl":{"start":{"line":3,"column":18},"end":{"line":3,"column":19}},"loc":{"start":{"line":3,"column":30},"end":{"line":14,"column":1}},"line":3}},"branchMap":{},"s":{"0":3,"1":3,"2":3,"3":3,"4":2,"5":1,"6":1,"7":3},"f":{"0":3},"b":{},"_coverageSchema":"1a1c01bbd47fc00a2c39e90264f33305004495a9","hash":"cf0109e200ded2c7e2b002be4771d69dc5ca61ac"}
,"/Users/greg/purdue-bootcamp/capstone-project/PurdueUniversity-Capstone-Project-LearnEasePro/backend/src/config/jwt.js": {"path":"/Users/greg/purdue-bootcamp/capstone-project/PurdueUniversity-Capstone-Project-LearnEasePro/backend/src/config/jwt.js","statementMap":{"0":{"start":{"line":1,"column":12},"end":{"line":1,"column":35}},"1":{"start":{"line":6,"column":22},"end":{"line":20,"column":1}},"2":{"start":{"line":7,"column":2},"end":{"line":19,"column":4}},"3":{"start":{"line":25,"column":20},"end":{"line":31,"column":1}},"4":{"start":{"line":26,"column":2},"end":{"line":30,"column":3}},"5":{"start":{"line":27,"column":4},"end":{"line":27,"column":53}},"6":{"start":{"line":29,"column":4},"end":{"line":29,"column":16}},"7":{"start":{"line":33,"column":0},"end":{"line":36,"column":2}}},"fnMap":{"0":{"name":"(anonymous_0)","decl":{"start":{"line":6,"column":22},"end":{"line":6,"column":23}},"loc":{"start":{"line":6,"column":68},"end":{"line":20,"column":1}},"line":6},"1":{"name":"(anonymous_1)","decl":{"start":{"line":25,"column":20},"end":{"line":25,"column":21}},"loc":{"start":{"line":25,"column":31},"end":{"line":31,"column":1}},"line":25}},"branchMap":{"0":{"loc":{"start":{"line":17,"column":17},"end":{"line":17,"column":47}},"type":"binary-expr","locations":[{"start":{"line":17,"column":17},"end":{"line":17,"column":39}},{"start":{"line":17,"column":43},"end":{"line":17,"column":47}}],"line":17}},"s":{"0":7,"1":7,"2":293,"3":7,"4":106,"5":106,"6":11,"7":7},"f":{"0":293,"1":106},"b":{"0":[293,0]},"_coverageSchema":"1a1c01bbd47fc00a2c39e90264f33305004495a9","hash":"d41cb4bdca8badc5034375e1c5c581fe66b2c341"}
,"/Users/greg/purdue-bootcamp/capstone-project/PurdueUniversity-Capstone-Project-LearnEasePro/backend/src/controllers/courseController.js": {"path":"/Users/greg/purdue-bootcamp/capstone-project/PurdueUniversity-Capstone-Project-LearnEasePro/backend/src/controllers/courseController.js","statementMap":{"0":{"start":{"line":1,"column":22},"end":{"line":1,"column":58}},"1":{"start":{"line":8,"column":0},"end":{"line":38,"column":2}},"2":{"start":{"line":9,"column":2},"end":{"line":37,"column":3}},"3":{"start":{"line":10,"column":56},"end":{"line":10,"column":64}},"4":{"start":{"line":13,"column":4},"end":{"line":19,"column":5}},"5":{"start":{"line":14,"column":6},"end":{"line":18,"column":9}},"6":{"start":{"line":21,"column":19},"end":{"line":26,"column":6}},"7":{"start":{"line":28,"column":4},"end":{"line":31,"column":7}},"8":{"start":{"line":33,"column":4},"end":{"line":36,"column":7}},"9":{"start":{"line":45,"column":0},"end":{"line":68,"column":2}},"10":{"start":{"line":46,"column":2},"end":{"line":67,"column":3}},"11":{"start":{"line":47,"column":50},"end":{"line":47,"column":59}},"12":{"start":{"line":49,"column":19},"end":{"line":53,"column":5}},"13":{"start":{"line":55,"column":4},"end":{"line":61,"column":7}},"14":{"start":{"line":63,"column":4},"end":{"line":66,"column":7}},"15":{"start":{"line":75,"column":0},"end":{"line":93,"column":2}},"16":{"start":{"line":76,"column":2},"end":{"line":92,"column":3}},"17":{"start":{"line":77,"column":31},"end":{"line":77,"column":40}},"18":{"start":{"line":78,"column":19},"end":{"line":81,"column":5}},"19":{"start":{"line":83,"column":4},"end":{"line":86,"column":7}},"20":{"start":{"line":88,"column":4},"end":{"line":91,"column":7}},"21":{"start":{"line":100,"column":0},"end":{"line":120,"column":2}},"22":{"start":{"line":101,"column":2},"end":{"line":119,"column":3}},"23":{"start":{"line":102,"column":35},"end":{"line":102,"column":43}},"24":{"start":{"line":104,"column":19},"end":{"line":108,"column":5}},"25":{"start":{"line":110,"column":4},"end":{"line":113,"column":7}},"26":{"start":{"line":115,"column":4},"end":{"line":118,"column":7}},"27":{"start":{"line":127,"column":0},"end":{"line":141,"column":2}},"28":{"start":{"line":128,"column":2},"end":{"line":140,"column":3}},"29":{"start":{"line":129,"column":19},"end":{"line":129,"column":66}},"30":{"start":{"line":131,"column":4},"end":{"line":134,"column":7}},"31":{"start":{"line":136,"column":4},"end":{"line":139,"column":7}},"32":{"start":{"line":148,"column":0},"end":{"line":180,"column":2}},"33":{"start":{"line":149,"column":2},"end":{"line":179,"column":3}},"34":{"start":{"line":150,"column":63},"end":{"line":150,"column":71}},"35":{"start":{"line":153,"column":4},"end":{"line":158,"column":5}},"36":{"start":{"line":154,"column":6},"end":{"line":157,"column":9}},"37":{"start":{"line":160,"column":19},"end":{"line":168,"column":6}},"38":{"start":{"line":170,"column":4},"end":{"line":173,"column":7}},"39":{"start":{"line":175,"column":4},"end":{"line":178,"column":7}},"40":{"start":{"line":187,"column":0},"end":{"line":203,"column":2}},"41":{"start":{"line":188,"column":2},"end":{"line":202,"column":3}},"42":{"start":{"line":189,"column":21},"end":{"line":189,"column":30}},"43":{"start":{"line":190,"column":20},"end":{"line":190,"column":77}},"44":{"start":{"line":192,"column":4},"end":{"line":196,"column":7}},"45":{"start":{"line":198,"column":4},"end":{"line":201,"column":7}},"46":{"start":{"line":210,"column":0},"end":{"line":227,"column":2}},"47":{"start":{"line":211,"column":2},"end":{"line":226,"column":3}},"48":{"start":{"line":212,"column":19},"end":{"line":215,"column":5}},"49":{"start":{"line":217,"column":4},"end":{"line":220,"column":7}},"50":{"start":{"line":222,"column":4},"end":{"line":225,"column":7}},"51":{"start":{"line":234,"column":0},"end":{"line":248,"column":2}},"52":{"start":{"line":235,"column":2},"end":{"line":247,"column":3}},"53":{"start":{"line":236,"column":19},"end":{"line":236,"column":78}},"54":{"start":{"line":238,"column":4},"end":{"line":241,"column":7}},"55":{"start":{"line":243,"column":4},"end":{"line":246,"column":7}},"56":{"start":{"line":255,"column":0},"end":{"line":290,"column":2}},"57":{"start":{"line":256,"column":2},"end":{"line":289,"column":3}},"58":{"start":{"line":257,"column":32},"end":{"line":257,"column":40}},"59":{"start":{"line":260,"column":4},"end":{"line":265,"column":5}},"60":{"start":{"line":261,"column":6},"end":{"line":264,"column":9}},"61":{"start":{"line":267,"column":4},"end":{"line":272,"column":5}},"62":{"start":{"line":268,"column":6},"end":{"line":271,"column":9}},"63":{"start":{"line":274,"column":21},"end":{"line":278,"column":5}},"64":{"start":{"line":280,"column":4},"end":{"line":283,"column":7}},"65":{"start":{"line":285,"column":4},"end":{"line":288,"column":7}},"66":{"start":{"line":297,"column":0},"end":{"line":311,"column":2}},"67":{"start":{"line":298,"column":2},"end":{"line":310,"column":3}},"68":{"start":{"line":299,"column":19},"end":{"line":299,"column":71}},"69":{"start":{"line":301,"column":4},"end":{"line":304,"column":7}},"70":{"start":{"line":306,"column":4},"end":{"line":309,"column":7}},"71":{"start":{"line":318,"column":0},"end":{"line":335,"column":2}},"72":{"start":{"line":319,"column":2},"end":{"line":334,"column":3}},"73":{"start":{"line":320,"column":21},"end":{"line":323,"column":5}},"74":{"start":{"line":325,"column":4},"end":{"line":328,"column":7}},"75":{"start":{"line":330,"column":4},"end":{"line":333,"column":7}},"76":{"start":{"line":342,"column":0},"end":{"line":360,"column":2}},"77":{"start":{"line":343,"column":2},"end":{"line":359,"column":3}},"78":{"start":{"line":344,"column":19},"end":{"line":348,"column":5}},"79":{"start":{"line":350,"column":4},"end":{"line":353,"column":7}},"80":{"start":{"line":355,"column":4},"end":{"line":358,"column":7}}},"fnMap":{"0":{"name":"(anonymous_0)","decl":{"start":{"line":8,"column":23},"end":{"line":8,"column":24}},"loc":{"start":{"line":8,"column":43},"end":{"line":38,"column":1}},"line":8},"1":{"name":"(anonymous_1)","decl":{"start":{"line":45,"column":24},"end":{"line":45,"column":25}},"loc":{"start":{"line":45,"column":44},"end":{"line":68,"column":1}},"line":45},"2":{"name":"(anonymous_2)","decl":{"start":{"line":75,"column":24},"end":{"line":75,"column":25}},"loc":{"start":{"line":75,"column":44},"end":{"line":93,"column":1}},"line":75},"3":{"name":"(anonymous_3)","decl":{"start":{"line":100,"column":23},"end":{"line":100,"column":24}},"loc":{"start":{"line":100,"column":43},"end":{"line":120,"column":1}},"line":100},"4":{"name":"(anonymous_4)","decl":{"start":{"line":127,"column":23},"end":{"line":127,"column":24}},"loc":{"start":{"line":127,"column":43},"end":{"line":141,"column":1}},"line":127},"5":{"name":"(anonymous_5)","decl":{"start":{"line":148,"column":26},"end":{"line":148,"column":27}},"loc":{"start":{"line":148,"column":46},"end":{"line":180,"column":1}},"line":148},"6":{"name":"(anonymous_6)","decl":{"start":{"line":187,"column":27},"end":{"line":187,"column":28}},"loc":{"start":{"line":187,"column":47},"end":{"line":203,"column":1}},"line":187},"7":{"name":"(anonymous_7)","decl":{"start":{"line":210,"column":29},"end":{"line":210,"column":30}},"loc":{"start":{"line":210,"column":49},"end":{"line":227,"column":1}},"line":210},"8":{"name":"(anonymous_8)","decl":{"start":{"line":234,"column":29},"end":{"line":234,"column":30}},"loc":{"start":{"line":234,"column":49},"end":{"line":248,"column":1}},"line":234},"9":{"name":"(anonymous_9)","decl":{"start":{"line":255,"column":30},"end":{"line":255,"column":31}},"loc":{"start":{"line":255,"column":50},"end":{"line":290,"column":1}},"line":255},"10":{"name":"(anonymous_10)","decl":{"start":{"line":297,"column":28},"end":{"line":297,"column":29}},"loc":{"start":{"line":297,"column":48},"end":{"line":311,"column":1}},"line":297},"11":{"name":"(anonymous_11)","decl":{"start":{"line":318,"column":30},"end":{"line":318,"column":31}},"loc":{"start":{"line":318,"column":50},"end":{"line":335,"column":1}},"line":318},"12":{"name":"(anonymous_12)","decl":{"start":{"line":342,"column":25},"end":{"line":342,"column":26}},"loc":{"start":{"line":342,"column":45},"end":{"line":360,"column":1}},"line":342}},"branchMap":{"0":{"loc":{"start":{"line":13,"column":4},"end":{"line":19,"column":5}},"type":"if","locations":[{"start":{"line":13,"column":4},"end":{"line":19,"column":5}},{"start":{},"end":{}}],"line":13},"1":{"loc":{"start":{"line":13,"column":8},"end":{"line":13,"column":44}},"type":"binary-expr","locations":[{"start":{"line":13,"column":8},"end":{"line":13,"column":19}},{"start":{"line":13,"column":23},"end":{"line":13,"column":28}},{"start":{"line":13,"column":32},"end":{"line":13,"column":44}}],"line":13},"2":{"loc":{"start":{"line":25,"column":16},"end":{"line":25,"column":56}},"type":"cond-expr","locations":[{"start":{"line":25,"column":41},"end":{"line":25,"column":49}},{"start":{"line":25,"column":52},"end":{"line":25,"column":56}}],"line":25},"3":{"loc":{"start":{"line":47,"column":12},"end":{"line":47,"column":20}},"type":"default-arg","locations":[{"start":{"line":47,"column":19},"end":{"line":47,"column":20}}],"line":47},"4":{"loc":{"start":{"line":47,"column":22},"end":{"line":47,"column":32}},"type":"default-arg","locations":[{"start":{"line":47,"column":30},"end":{"line":47,"column":32}}],"line":47},"5":{"loc":{"start":{"line":47,"column":34},"end":{"line":47,"column":45}},"type":"default-arg","locations":[{"start":{"line":47,"column":43},"end":{"line":47,"column":45}}],"line":47},"6":{"loc":{"start":{"line":153,"column":4},"end":{"line":158,"column":5}},"type":"if","locations":[{"start":{"line":153,"column":4},"end":{"line":158,"column":5}},{"start":{},"end":{}}],"line":153},"7":{"loc":{"start":{"line":153,"column":8},"end":{"line":153,"column":31}},"type":"binary-expr","locations":[{"start":{"line":153,"column":8},"end":{"line":153,"column":14}},{"start":{"line":153,"column":18},"end":{"line":153,"column":23}},{"start":{"line":153,"column":27},"end":{"line":153,"column":31}}],"line":153},"8":{"loc":{"start":{"line":166,"column":13},"end":{"line":166,"column":23}},"type":"binary-expr","locations":[{"start":{"line":166,"column":13},"end":{"line":166,"column":18}},{"start":{"line":166,"column":22},"end":{"line":166,"column":23}}],"line":166},"9":{"loc":{"start":{"line":167,"column":16},"end":{"line":167,"column":56}},"type":"cond-expr","locations":[{"start":{"line":167,"column":41},"end":{"line":167,"column":49}},{"start":{"line":167,"column":52},"end":{"line":167,"column":56}}],"line":167},"10":{"loc":{"start":{"line":260,"column":4},"end":{"line":265,"column":5}},"type":"if","locations":[{"start":{"line":260,"column":4},"end":{"line":265,"column":5}},{"start":{},"end":{}}],"line":260},"11":{"loc":{"start":{"line":260,"column":8},"end":{"line":260,"column":47}},"type":"binary-expr","locations":[{"start":{"line":260,"column":8},"end":{"line":260,"column":28}},{"start":{"line":260,"column":32},"end":{"line":260,"column":47}}],"line":260},"12":{"loc":{"start":{"line":267,"column":4},"end":{"line":272,"column":5}},"type":"if","locations":[{"start":{"line":267,"column":4},"end":{"line":272,"column":5}},{"start":{},"end":{}}],"line":267},"13":{"loc":{"start":{"line":267,"column":8},"end":{"line":267,"column":32}},"type":"binary-expr","locations":[{"start":{"line":267,"column":8},"end":{"line":267,"column":18}},{"start":{"line":267,"column":22},"end":{"line":267,"column":32}}],"line":267}},"s":{"0":4,"1":4,"2":7,"3":7,"4":7,"5":2,"6":5,"7":3,"8":2,"9":4,"10":5,"11":5,"12":5,"13":5,"14":0,"15":4,"16":6,"17":6,"18":6,"19":4,"20":2,"21":4,"22":5,"23":5,"24":5,"25":4,"26":1,"27":4,"28":3,"29":3,"30":2,"31":1,"32":4,"33":4,"34":4,"35":4,"36":1,"37":3,"38":3,"39":0,"40":4,"41":4,"42":4,"43":4,"44":4,"45":0,"46":4,"47":3,"48":3,"49":3,"50":0,"51":4,"52":3,"53":3,"54":3,"55":0,"56":4,"57":10,"58":10,"59":10,"60":2,"61":8,"62":3,"63":5,"64":5,"65":0,"66":4,"67":2,"68":2,"69":2,"70":0,"71":4,"72":3,"73":3,"74":3,"75":0,"76":4,"77":5,"78":5,"79":3,"80":2},"f":{"0":7,"1":5,"2":6,"3":5,"4":3,"5":4,"6":4,"7":3,"8":3,"9":10,"10":2,"11":3,"12":5},"b":{"0":[2,5],"1":[7,7,5],"2":[0,5],"3":[4],"4":[4],"5":[2],"6":[1,3],"7":[4,4,3],"8":[3,3],"9":[0,3],"10":[2,8],"11":[10,8],"12":[3,5],"13":[8,7]},"_coverageSchema":"1a1c01bbd47fc00a2c39e90264f33305004495a9","hash":"d02b8e72821e3354506a20026697f1eafd58967f"}
,"/Users/greg/purdue-bootcamp/capstone-project/PurdueUniversity-Capstone-Project-LearnEasePro/backend/src/controllers/userController.js": {"path":"/Users/greg/purdue-bootcamp/capstone-project/PurdueUniversity-Capstone-Project-LearnEasePro/backend/src/controllers/userController.js","statementMap":{"0":{"start":{"line":1,"column":20},"end":{"line":1,"column":54}},"1":{"start":{"line":2,"column":26},"end":{"line":2,"column":50}},"2":{"start":{"line":9,"column":0},"end":{"line":65,"column":2}},"3":{"start":{"line":10,"column":2},"end":{"line":64,"column":3}},"4":{"start":{"line":21,"column":8},"end":{"line":21,"column":16}},"5":{"start":{"line":24,"column":4},"end":{"line":30,"column":5}},"6":{"start":{"line":25,"column":6},"end":{"line":29,"column":9}},"7":{"start":{"line":33,"column":17},"end":{"line":43,"column":6}},"8":{"start":{"line":46,"column":18},"end":{"line":52,"column":5}},"9":{"start":{"line":54,"column":4},"end":{"line":58,"column":7}},"10":{"start":{"line":60,"column":4},"end":{"line":63,"column":7}},"11":{"start":{"line":72,"column":0},"end":{"line":106,"column":2}},"12":{"start":{"line":73,"column":2},"end":{"line":105,"column":3}},"13":{"start":{"line":74,"column":32},"end":{"line":74,"column":40}},"14":{"start":{"line":77,"column":4},"end":{"line":82,"column":5}},"15":{"start":{"line":78,"column":6},"end":{"line":81,"column":9}},"16":{"start":{"line":84,"column":17},"end":{"line":84,"column":68}},"17":{"start":{"line":87,"column":18},"end":{"line":93,"column":5}},"18":{"start":{"line":95,"column":4},"end":{"line":99,"column":7}},"19":{"start":{"line":101,"column":4},"end":{"line":104,"column":7}},"20":{"start":{"line":113,"column":0},"end":{"line":136,"column":2}},"21":{"start":{"line":114,"column":2},"end":{"line":135,"column":3}},"22":{"start":{"line":115,"column":50},"end":{"line":115,"column":59}},"23":{"start":{"line":117,"column":19},"end":{"line":121,"column":5}},"24":{"start":{"line":123,"column":4},"end":{"line":129,"column":7}},"25":{"start":{"line":131,"column":4},"end":{"line":134,"column":7}},"26":{"start":{"line":143,"column":0},"end":{"line":157,"column":2}},"27":{"start":{"line":144,"column":2},"end":{"line":156,"column":3}},"28":{"start":{"line":145,"column":17},"end":{"line":145,"column":61}},"29":{"start":{"line":147,"column":4},"end":{"line":150,"column":7}},"30":{"start":{"line":152,"column":4},"end":{"line":155,"column":7}},"31":{"start":{"line":165,"column":0},"end":{"line":182,"column":2}},"32":{"start":{"line":166,"column":2},"end":{"line":181,"column":3}},"33":{"start":{"line":168,"column":35},"end":{"line":168,"column":43}},"34":{"start":{"line":170,"column":17},"end":{"line":170,"column":77}},"35":{"start":{"line":172,"column":4},"end":{"line":175,"column":7}},"36":{"start":{"line":177,"column":4},"end":{"line":180,"column":7}},"37":{"start":{"line":189,"column":0},"end":{"line":203,"column":2}},"38":{"start":{"line":190,"column":2},"end":{"line":202,"column":3}},"39":{"start":{"line":191,"column":19},"end":{"line":191,"column":62}},"40":{"start":{"line":193,"column":4},"end":{"line":196,"column":7}},"41":{"start":{"line":198,"column":4},"end":{"line":201,"column":7}},"42":{"start":{"line":210,"column":0},"end":{"line":258,"column":2}},"43":{"start":{"line":211,"column":2},"end":{"line":257,"column":3}},"44":{"start":{"line":223,"column":8},"end":{"line":223,"column":16}},"45":{"start":{"line":226,"column":4},"end":{"line":232,"column":5}},"46":{"start":{"line":227,"column":6},"end":{"line":231,"column":9}},"47":{"start":{"line":235,"column":17},"end":{"line":246,"column":6}},"48":{"start":{"line":248,"column":4},"end":{"line":251,"column":7}},"49":{"start":{"line":253,"column":4},"end":{"line":256,"column":7}}},"fnMap":{"0":{"name":"(anonymous_0)","decl":{"start":{"line":9,"column":19},"end":{"line":9,"column":20}},"loc":{"start":{"line":9,"column":39},"end":{"line":65,"column":1}},"line":9},"1":{"name":"(anonymous_1)","decl":{"start":{"line":72,"column":16},"end":{"line":72,"column":17}},"loc":{"start":{"line":72,"column":36},"end":{"line":106,"column":1}},"line":72},"2":{"name":"(anonymous_2)","decl":{"start":{"line":113,"column":22},"end":{"line":113,"column":23}},"loc":{"start":{"line":113,"column":42},"end":{"line":136,"column":1}},"line":113},"3":{"name":"(anonymous_3)","decl":{"start":{"line":143,"column":22},"end":{"line":143,"column":23}},"loc":{"start":{"line":143,"column":42},"end":{"line":157,"column":1}},"line":143},"4":{"name":"(anonymous_4)","decl":{"start":{"line":165,"column":21},"end":{"line":165,"column":22}},"loc":{"start":{"line":165,"column":41},"end":{"line":182,"column":1}},"line":165},"5":{"name":"(anonymous_5)","decl":{"start":{"line":189,"column":21},"end":{"line":189,"column":22}},"loc":{"start":{"line":189,"column":41},"end":{"line":203,"column":1}},"line":189},"6":{"name":"(anonymous_6)","decl":{"start":{"line":210,"column":21},"end":{"line":210,"column":22}},"loc":{"start":{"line":210,"column":41},"end":{"line":258,"column":1}},"line":210}},"branchMap":{"0":{"loc":{"start":{"line":24,"column":4},"end":{"line":30,"column":5}},"type":"if","locations":[{"start":{"line":24,"column":4},"end":{"line":30,"column":5}},{"start":{},"end":{}}],"line":24},"1":{"loc":{"start":{"line":24,"column":8},"end":{"line":24,"column":54}},"type":"binary-expr","locations":[{"start":{"line":24,"column":8},"end":{"line":24,"column":18}},{"start":{"line":24,"column":22},"end":{"line":24,"column":31}},{"start":{"line":24,"column":35},"end":{"line":24,"column":41}},{"start":{"line":24,"column":45},"end":{"line":24,"column":54}}],"line":24},"2":{"loc":{"start":{"line":77,"column":4},"end":{"line":82,"column":5}},"type":"if","locations":[{"start":{"line":77,"column":4},"end":{"line":82,"column":5}},{"start":{},"end":{}}],"line":77},"3":{"loc":{"start":{"line":77,"column":8},"end":{"line":77,"column":27}},"type":"binary-expr","locations":[{"start":{"line":77,"column":8},"end":{"line":77,"column":14}},{"start":{"line":77,"column":18},"end":{"line":77,"column":27}}],"line":77},"4":{"loc":{"start":{"line":115,"column":12},"end":{"line":115,"column":20}},"type":"default-arg","locations":[{"start":{"line":115,"column":19},"end":{"line":115,"column":20}}],"line":115},"5":{"loc":{"start":{"line":115,"column":22},"end":{"line":115,"column":32}},"type":"default-arg","locations":[{"start":{"line":115,"column":30},"end":{"line":115,"column":32}}],"line":115},"6":{"loc":{"start":{"line":115,"column":34},"end":{"line":115,"column":45}},"type":"default-arg","locations":[{"start":{"line":115,"column":43},"end":{"line":115,"column":45}}],"line":115},"7":{"loc":{"start":{"line":226,"column":4},"end":{"line":232,"column":5}},"type":"if","locations":[{"start":{"line":226,"column":4},"end":{"line":232,"column":5}},{"start":{},"end":{}}],"line":226},"8":{"loc":{"start":{"line":226,"column":8},"end":{"line":226,"column":54}},"type":"binary-expr","locations":[{"start":{"line":226,"column":8},"end":{"line":226,"column":18}},{"start":{"line":226,"column":22},"end":{"line":226,"column":31}},{"start":{"line":226,"column":35},"end":{"line":226,"column":41}},{"start":{"line":226,"column":45},"end":{"line":226,"column":54}}],"line":226},"9":{"loc":{"start":{"line":245,"column":12},"end":{"line":245,"column":29}},"type":"binary-expr","locations":[{"start":{"line":245,"column":12},"end":{"line":245,"column":16}},{"start":{"line":245,"column":20},"end":{"line":245,"column":29}}],"line":245}},"s":{"0":5,"1":5,"2":5,"3":14,"4":14,"5":14,"6":3,"7":11,"8":6,"9":6,"10":5,"11":5,"12":10,"13":10,"14":10,"15":2,"16":8,"17":5,"18":5,"19":3,"20":5,"21":5,"22":5,"23":5,"24":4,"25":1,"26":5,"27":8,"28":8,"29":6,"30":2,"31":5,"32":13,"33":13,"34":13,"35":7,"36":6,"37":5,"38":8,"39":8,"40":4,"41":4,"42":5,"43":4,"44":4,"45":4,"46":1,"47":3,"48":2,"49":1},"f":{"0":14,"1":10,"2":5,"3":8,"4":13,"5":8,"6":4},"b":{"0":[3,11],"1":[14,13,11,11],"2":[2,8],"3":[10,10],"4":[5],"5":[5],"6":[5],"7":[1,3],"8":[4,4,3,3],"9":[3,2]},"_coverageSchema":"1a1c01bbd47fc00a2c39e90264f33305004495a9","hash":"5e7659bb90370dfea0a7bdbfce5a8464a3be36e6"}
,"/Users/greg/purdue-bootcamp/capstone-project/PurdueUniversity-Capstone-Project-LearnEasePro/backend/src/middleware/auth.js": {"path":"/Users/greg/purdue-bootcamp/capstone-project/PurdueUniversity-Capstone-Project-LearnEasePro/backend/src/middleware/auth.js","statementMap":{"0":{"start":{"line":1,"column":24},"end":{"line":1,"column":48}},"1":{"start":{"line":10,"column":20},"end":{"line":20,"column":1}},"2":{"start":{"line":12,"column":21},"end":{"line":12,"column":46}},"3":{"start":{"line":14,"column":2},"end":{"line":16,"column":3}},"4":{"start":{"line":15,"column":4},"end":{"line":15,"column":16}},"5":{"start":{"line":18,"column":16},"end":{"line":18,"column":39}},"6":{"start":{"line":19,"column":2},"end":{"line":19,"column":28}},"7":{"start":{"line":26,"column":0},"end":{"line":64,"column":2}},"8":{"start":{"line":27,"column":2},"end":{"line":63,"column":4}},"9":{"start":{"line":28,"column":4},"end":{"line":62,"column":5}},"10":{"start":{"line":29,"column":19},"end":{"line":29,"column":35}},"11":{"start":{"line":31,"column":6},"end":{"line":36,"column":7}},"12":{"start":{"line":32,"column":8},"end":{"line":35,"column":11}},"13":{"start":{"line":38,"column":25},"end":{"line":38,"column":52}},"14":{"start":{"line":41,"column":6},"end":{"line":44,"column":7}},"15":{"start":{"line":42,"column":8},"end":{"line":42,"column":24}},"16":{"start":{"line":43,"column":8},"end":{"line":43,"column":22}},"17":{"start":{"line":47,"column":6},"end":{"line":53,"column":7}},"18":{"start":{"line":48,"column":8},"end":{"line":52,"column":11}},"19":{"start":{"line":55,"column":6},"end":{"line":55,"column":22}},"20":{"start":{"line":56,"column":6},"end":{"line":56,"column":13}},"21":{"start":{"line":58,"column":6},"end":{"line":61,"column":9}},"22":{"start":{"line":69,"column":0},"end":{"line":95,"column":2}},"23":{"start":{"line":70,"column":2},"end":{"line":94,"column":3}},"24":{"start":{"line":71,"column":17},"end":{"line":71,"column":33}},"25":{"start":{"line":73,"column":4},"end":{"line":78,"column":5}},"26":{"start":{"line":74,"column":6},"end":{"line":77,"column":9}},"27":{"start":{"line":80,"column":4},"end":{"line":85,"column":5}},"28":{"start":{"line":81,"column":6},"end":{"line":84,"column":9}},"29":{"start":{"line":87,"column":4},"end":{"line":87,"column":20}},"30":{"start":{"line":88,"column":4},"end":{"line":88,"column":11}},"31":{"start":{"line":90,"column":4},"end":{"line":93,"column":7}},"32":{"start":{"line":100,"column":0},"end":{"line":119,"column":2}},"33":{"start":{"line":101,"column":2},"end":{"line":118,"column":3}},"34":{"start":{"line":102,"column":17},"end":{"line":102,"column":33}},"35":{"start":{"line":104,"column":4},"end":{"line":109,"column":5}},"36":{"start":{"line":105,"column":6},"end":{"line":108,"column":9}},"37":{"start":{"line":111,"column":4},"end":{"line":111,"column":20}},"38":{"start":{"line":112,"column":4},"end":{"line":112,"column":11}},"39":{"start":{"line":114,"column":4},"end":{"line":117,"column":7}}},"fnMap":{"0":{"name":"(anonymous_0)","decl":{"start":{"line":10,"column":20},"end":{"line":10,"column":21}},"loc":{"start":{"line":10,"column":29},"end":{"line":20,"column":1}},"line":10},"1":{"name":"(anonymous_1)","decl":{"start":{"line":26,"column":32},"end":{"line":26,"column":33}},"loc":{"start":{"line":26,"column":60},"end":{"line":64,"column":1}},"line":26},"2":{"name":"(anonymous_2)","decl":{"start":{"line":27,"column":9},"end":{"line":27,"column":10}},"loc":{"start":{"line":27,"column":29},"end":{"line":63,"column":3}},"line":27},"3":{"name":"(anonymous_3)","decl":{"start":{"line":69,"column":23},"end":{"line":69,"column":24}},"loc":{"start":{"line":69,"column":43},"end":{"line":95,"column":1}},"line":69},"4":{"name":"(anonymous_4)","decl":{"start":{"line":100,"column":22},"end":{"line":100,"column":23}},"loc":{"start":{"line":100,"column":42},"end":{"line":119,"column":1}},"line":100}},"branchMap":{"0":{"loc":{"start":{"line":14,"column":2},"end":{"line":16,"column":3}},"type":"if","locations":[{"start":{"line":14,"column":2},"end":{"line":16,"column":3}},{"start":{},"end":{}}],"line":14},"1":{"loc":{"start":{"line":14,"column":6},"end":{"line":14,"column":54}},"type":"binary-expr","locations":[{"start":{"line":14,"column":6},"end":{"line":14,"column":17}},{"start":{"line":14,"column":21},"end":{"line":14,"column":54}}],"line":14},"2":{"loc":{"start":{"line":26,"column":33},"end":{"line":26,"column":55}},"type":"default-arg","locations":[{"start":{"line":26,"column":51},"end":{"line":26,"column":55}}],"line":26},"3":{"loc":{"start":{"line":31,"column":6},"end":{"line":36,"column":7}},"type":"if","locations":[{"start":{"line":31,"column":6},"end":{"line":36,"column":7}},{"start":{},"end":{}}],"line":31},"4":{"loc":{"start":{"line":41,"column":6},"end":{"line":44,"column":7}},"type":"if","locations":[{"start":{"line":41,"column":6},"end":{"line":44,"column":7}},{"start":{},"end":{}}],"line":41},"5":{"loc":{"start":{"line":47,"column":6},"end":{"line":53,"column":7}},"type":"if","locations":[{"start":{"line":47,"column":6},"end":{"line":53,"column":7}},{"start":{},"end":{}}],"line":47},"6":{"loc":{"start":{"line":73,"column":4},"end":{"line":78,"column":5}},"type":"if","locations":[{"start":{"line":73,"column":4},"end":{"line":78,"column":5}},{"start":{},"end":{}}],"line":73},"7":{"loc":{"start":{"line":80,"column":4},"end":{"line":85,"column":5}},"type":"if","locations":[{"start":{"line":80,"column":4},"end":{"line":85,"column":5}},{"start":{},"end":{}}],"line":80},"8":{"loc":{"start":{"line":104,"column":4},"end":{"line":109,"column":5}},"type":"if","locations":[{"start":{"line":104,"column":4},"end":{"line":109,"column":5}},{"start":{},"end":{}}],"line":104}},"s":{"0":4,"1":4,"2":106,"3":103,"4":12,"5":91,"6":91,"7":4,"8":18,"9":39,"10":39,"11":38,"12":5,"13":33,"14":33,"15":14,"16":14,"17":19,"18":10,"19":9,"20":9,"21":1,"22":4,"23":20,"24":20,"25":19,"26":7,"27":12,"28":8,"29":4,"30":4,"31":1,"32":4,"33":47,"34":47,"35":46,"36":6,"37":40,"38":40,"39":1},"f":{"0":106,"1":18,"2":39,"3":20,"4":47},"b":{"0":[12,91],"1":[103,95],"2":[17],"3":[5,33],"4":[14,19],"5":[10,9],"6":[7,12],"7":[8,4],"8":[6,40]},"_coverageSchema":"1a1c01bbd47fc00a2c39e90264f33305004495a9","hash":"8e4fded1a565a0c0f5cf8ddbe1aa10b5e5098504"}
,"/Users/greg/purdue-bootcamp/capstone-project/PurdueUniversity-Capstone-Project-LearnEasePro/backend/src/models/Course.js": {"path":"/Users/greg/purdue-bootcamp/capstone-project/PurdueUniversity-Capstone-Project-LearnEasePro/backend/src/models/Course.js","statementMap":{"0":{"start":{"line":1,"column":17},"end":{"line":1,"column":36}},"1":{"start":{"line":3,"column":21},"end":{"line":33,"column":1}},"2":{"start":{"line":36,"column":0},"end":{"line":36,"column":47}},"3":{"start":{"line":38,"column":0},"end":{"line":38,"column":56}}},"fnMap":{},"branchMap":{},"s":{"0":11,"1":11,"2":11,"3":11},"f":{},"b":{},"_coverageSchema":"1a1c01bbd47fc00a2c39e90264f33305004495a9","hash":"c76c2f2ac8400815e6a029d95f8503015f96ee18"}
,"/Users/greg/purdue-bootcamp/capstone-project/PurdueUniversity-Capstone-Project-LearnEasePro/backend/src/models/CourseDetail.js": {"path":"/Users/greg/purdue-bootcamp/capstone-project/PurdueUniversity-Capstone-Project-LearnEasePro/backend/src/models/CourseDetail.js","statementMap":{"0":{"start":{"line":1,"column":17},"end":{"line":1,"column":36}},"1":{"start":{"line":3,"column":27},"end":{"line":45,"column":1}},"2":{"start":{"line":48,"column":0},"end":{"line":48,"column":50}},"3":{"start":{"line":49,"column":0},"end":{"line":49,"column":49}},"4":{"start":{"line":51,"column":0},"end":{"line":51,"column":68}}},"fnMap":{},"branchMap":{},"s":{"0":7,"1":7,"2":7,"3":7,"4":7},"f":{},"b":{},"_coverageSchema":"1a1c01bbd47fc00a2c39e90264f33305004495a9","hash":"2d2c3d03cc37ff6a668aaeb7d119aa4ae06f212b"}
,"/Users/greg/purdue-bootcamp/capstone-project/PurdueUniversity-Capstone-Project-LearnEasePro/backend/src/models/CourseFeedback.js": {"path":"/Users/greg/purdue-bootcamp/capstone-project/PurdueUniversity-Capstone-Project-LearnEasePro/backend/src/models/CourseFeedback.js","statementMap":{"0":{"start":{"line":1,"column":17},"end":{"line":1,"column":36}},"1":{"start":{"line":3,"column":29},"end":{"line":30,"column":1}},"2":{"start":{"line":33,"column":0},"end":{"line":33,"column":69}},"3":{"start":{"line":36,"column":0},"end":{"line":36,"column":54}},"4":{"start":{"line":38,"column":0},"end":{"line":38,"column":72}}},"fnMap":{},"branchMap":{},"s":{"0":7,"1":7,"2":7,"3":7,"4":7},"f":{},"b":{},"_coverageSchema":"1a1c01bbd47fc00a2c39e90264f33305004495a9","hash":"79a2181f5f2ee0ba3ed8eacd59eac60220e66adf"}
,"/Users/greg/purdue-bootcamp/capstone-project/PurdueUniversity-Capstone-Project-LearnEasePro/backend/src/models/User.js": {"path":"/Users/greg/purdue-bootcamp/capstone-project/PurdueUniversity-Capstone-Project-LearnEasePro/backend/src/models/User.js","statementMap":{"0":{"start":{"line":1,"column":17},"end":{"line":1,"column":36}},"1":{"start":{"line":2,"column":15},"end":{"line":2,"column":32}},"2":{"start":{"line":4,"column":19},"end":{"line":76,"column":1}},"3":{"start":{"line":79,"column":0},"end":{"line":86,"column":3}},"4":{"start":{"line":80,"column":2},"end":{"line":82,"column":3}},"5":{"start":{"line":81,"column":4},"end":{"line":81,"column":11}},"6":{"start":{"line":84,"column":15},"end":{"line":84,"column":39}},"7":{"start":{"line":85,"column":2},"end":{"line":85,"column":57}},"8":{"start":{"line":89,"column":0},"end":{"line":91,"column":2}},"9":{"start":{"line":90,"column":2},"end":{"line":90,"column":62}},"10":{"start":{"line":93,"column":0},"end":{"line":93,"column":52}}},"fnMap":{"0":{"name":"(anonymous_0)","decl":{"start":{"line":79,"column":23},"end":{"line":79,"column":24}},"loc":{"start":{"line":79,"column":45},"end":{"line":86,"column":1}},"line":79},"1":{"name":"(anonymous_1)","decl":{"start":{"line":89,"column":35},"end":{"line":89,"column":36}},"loc":{"start":{"line":89,"column":68},"end":{"line":91,"column":1}},"line":89}},"branchMap":{"0":{"loc":{"start":{"line":80,"column":2},"end":{"line":82,"column":3}},"type":"if","locations":[{"start":{"line":80,"column":2},"end":{"line":82,"column":3}},{"start":{},"end":{}}],"line":80}},"s":{"0":11,"1":11,"2":11,"3":11,"4":382,"5":1,"6":382,"7":382,"8":11,"9":7,"10":11},"f":{"0":382,"1":7},"b":{"0":[1,381]},"_coverageSchema":"1a1c01bbd47fc00a2c39e90264f33305004495a9","hash":"60d24b38cbd83b486d5a8d2d5b433a8de654e8e9"}
,"/Users/greg/purdue-bootcamp/capstone-project/PurdueUniversity-Capstone-Project-LearnEasePro/backend/src/repositories/courseDetailRepository.js": {"path":"/Users/greg/purdue-bootcamp/capstone-project/PurdueUniversity-Capstone-Project-LearnEasePro/backend/src/repositories/courseDetailRepository.js","statementMap":{"0":{"start":{"line":1,"column":21},"end":{"line":1,"column":54}},"1":{"start":{"line":8,"column":4},"end":{"line":13,"column":5}},"2":{"start":{"line":9,"column":21},"end":{"line":9,"column":58}},"3":{"start":{"line":10,"column":6},"end":{"line":10,"column":20}},"4":{"start":{"line":12,"column":6},"end":{"line":12,"column":18}},"5":{"start":{"line":20,"column":4},"end":{"line":25,"column":5}},"6":{"start":{"line":21,"column":21},"end":{"line":21,"column":71}},"7":{"start":{"line":22,"column":6},"end":{"line":22,"column":20}},"8":{"start":{"line":24,"column":6},"end":{"line":24,"column":18}},"9":{"start":{"line":32,"column":4},"end":{"line":40,"column":5}},"10":{"start":{"line":33,"column":22},"end":{"line":36,"column":42}},"11":{"start":{"line":37,"column":6},"end":{"line":37,"column":21}},"12":{"start":{"line":39,"column":6},"end":{"line":39,"column":18}},"13":{"start":{"line":47,"column":4},"end":{"line":55,"column":5}},"14":{"start":{"line":48,"column":22},"end":{"line":51,"column":42}},"15":{"start":{"line":52,"column":6},"end":{"line":52,"column":21}},"16":{"start":{"line":54,"column":6},"end":{"line":54,"column":18}},"17":{"start":{"line":62,"column":4},"end":{"line":69,"column":5}},"18":{"start":{"line":63,"column":22},"end":{"line":65,"column":32}},"19":{"start":{"line":66,"column":6},"end":{"line":66,"column":21}},"20":{"start":{"line":68,"column":6},"end":{"line":68,"column":18}},"21":{"start":{"line":76,"column":4},"end":{"line":81,"column":5}},"22":{"start":{"line":77,"column":20},"end":{"line":77,"column":61}},"23":{"start":{"line":78,"column":6},"end":{"line":78,"column":19}},"24":{"start":{"line":80,"column":6},"end":{"line":80,"column":18}},"25":{"start":{"line":88,"column":4},"end":{"line":96,"column":5}},"26":{"start":{"line":89,"column":21},"end":{"line":92,"column":27}},"27":{"start":{"line":93,"column":6},"end":{"line":93,"column":20}},"28":{"start":{"line":95,"column":6},"end":{"line":95,"column":18}},"29":{"start":{"line":103,"column":4},"end":{"line":108,"column":5}},"30":{"start":{"line":104,"column":21},"end":{"line":104,"column":61}},"31":{"start":{"line":105,"column":6},"end":{"line":105,"column":20}},"32":{"start":{"line":107,"column":6},"end":{"line":107,"column":18}},"33":{"start":{"line":115,"column":4},"end":{"line":120,"column":5}},"34":{"start":{"line":116,"column":21},"end":{"line":116,"column":72}},"35":{"start":{"line":117,"column":6},"end":{"line":117,"column":20}},"36":{"start":{"line":119,"column":6},"end":{"line":119,"column":18}},"37":{"start":{"line":124,"column":0},"end":{"line":124,"column":46}}},"fnMap":{"0":{"name":"(anonymous_0)","decl":{"start":{"line":7,"column":2},"end":{"line":7,"column":3}},"loc":{"start":{"line":7,"column":27},"end":{"line":14,"column":3}},"line":7},"1":{"name":"(anonymous_1)","decl":{"start":{"line":19,"column":2},"end":{"line":19,"column":3}},"loc":{"start":{"line":19,"column":21},"end":{"line":26,"column":3}},"line":19},"2":{"name":"(anonymous_2)","decl":{"start":{"line":31,"column":2},"end":{"line":31,"column":3}},"loc":{"start":{"line":31,"column":44},"end":{"line":41,"column":3}},"line":31},"3":{"name":"(anonymous_3)","decl":{"start":{"line":46,"column":2},"end":{"line":46,"column":3}},"loc":{"start":{"line":46,"column":35},"end":{"line":56,"column":3}},"line":46},"4":{"name":"(anonymous_4)","decl":{"start":{"line":61,"column":2},"end":{"line":61,"column":3}},"loc":{"start":{"line":61,"column":29},"end":{"line":70,"column":3}},"line":61},"5":{"name":"(anonymous_5)","decl":{"start":{"line":75,"column":2},"end":{"line":75,"column":3}},"loc":{"start":{"line":75,"column":27},"end":{"line":82,"column":3}},"line":75},"6":{"name":"(anonymous_6)","decl":{"start":{"line":87,"column":2},"end":{"line":87,"column":3}},"loc":{"start":{"line":87,"column":31},"end":{"line":97,"column":3}},"line":87},"7":{"name":"(anonymous_7)","decl":{"start":{"line":102,"column":2},"end":{"line":102,"column":3}},"loc":{"start":{"line":102,"column":19},"end":{"line":109,"column":3}},"line":102},"8":{"name":"(anonymous_8)","decl":{"start":{"line":114,"column":2},"end":{"line":114,"column":3}},"loc":{"start":{"line":114,"column":33},"end":{"line":121,"column":3}},"line":114}},"branchMap":{"0":{"loc":{"start":{"line":31,"column":31},"end":{"line":31,"column":42}},"type":"default-arg","locations":[{"start":{"line":31,"column":40},"end":{"line":31,"column":42}}],"line":31},"1":{"loc":{"start":{"line":61,"column":16},"end":{"line":61,"column":27}},"type":"default-arg","locations":[{"start":{"line":61,"column":25},"end":{"line":61,"column":27}}],"line":61},"2":{"loc":{"start":{"line":75,"column":14},"end":{"line":75,"column":25}},"type":"default-arg","locations":[{"start":{"line":75,"column":23},"end":{"line":75,"column":25}}],"line":75}},"s":{"0":6,"1":5,"2":5,"3":3,"4":2,"5":3,"6":3,"7":2,"8":1,"9":5,"10":5,"11":4,"12":1,"13":3,"14":3,"15":2,"16":1,"17":3,"18":3,"19":2,"20":1,"21":3,"22":3,"23":2,"24":1,"25":5,"26":5,"27":4,"28":1,"29":5,"30":5,"31":4,"32":1,"33":3,"34":3,"35":2,"36":1,"37":6},"f":{"0":5,"1":3,"2":5,"3":3,"4":3,"5":3,"6":5,"7":5,"8":3},"b":{"0":[4],"1":[2],"2":[2]},"_coverageSchema":"1a1c01bbd47fc00a2c39e90264f33305004495a9","hash":"8bada9fd84b8db66c1335d5c169448f67fee8a8e"}
,"/Users/greg/purdue-bootcamp/capstone-project/PurdueUniversity-Capstone-Project-LearnEasePro/backend/src/repositories/courseFeedbackRepository.js": {"path":"/Users/greg/purdue-bootcamp/capstone-project/PurdueUniversity-Capstone-Project-LearnEasePro/backend/src/repositories/courseFeedbackRepository.js","statementMap":{"0":{"start":{"line":1,"column":23},"end":{"line":1,"column":58}},"1":{"start":{"line":8,"column":4},"end":{"line":25,"column":5}},"2":{"start":{"line":10,"column":23},"end":{"line":21,"column":52}},"3":{"start":{"line":22,"column":6},"end":{"line":22,"column":22}},"4":{"start":{"line":24,"column":6},"end":{"line":24,"column":18}},"5":{"start":{"line":32,"column":4},"end":{"line":39,"column":5}},"6":{"start":{"line":33,"column":23},"end":{"line":35,"column":53}},"7":{"start":{"line":36,"column":6},"end":{"line":36,"column":22}},"8":{"start":{"line":38,"column":6},"end":{"line":38,"column":18}},"9":{"start":{"line":46,"column":4},"end":{"line":56,"column":5}},"10":{"start":{"line":47,"column":23},"end":{"line":52,"column":32}},"11":{"start":{"line":53,"column":6},"end":{"line":53,"column":22}},"12":{"start":{"line":55,"column":6},"end":{"line":55,"column":18}},"13":{"start":{"line":63,"column":4},"end":{"line":73,"column":5}},"14":{"start":{"line":64,"column":23},"end":{"line":69,"column":53}},"15":{"start":{"line":70,"column":6},"end":{"line":70,"column":22}},"16":{"start":{"line":72,"column":6},"end":{"line":72,"column":18}},"17":{"start":{"line":80,"column":4},"end":{"line":95,"column":5}},"18":{"start":{"line":81,"column":23},"end":{"line":81,"column":42}},"19":{"start":{"line":82,"column":21},"end":{"line":91,"column":8}},"20":{"start":{"line":92,"column":6},"end":{"line":92,"column":65}},"21":{"start":{"line":94,"column":6},"end":{"line":94,"column":18}},"22":{"start":{"line":102,"column":4},"end":{"line":117,"column":5}},"23":{"start":{"line":103,"column":23},"end":{"line":103,"column":42}},"24":{"start":{"line":104,"column":21},"end":{"line":113,"column":8}},"25":{"start":{"line":114,"column":6},"end":{"line":114,"column":20}},"26":{"start":{"line":116,"column":6},"end":{"line":116,"column":18}},"27":{"start":{"line":124,"column":4},"end":{"line":129,"column":5}},"28":{"start":{"line":125,"column":20},"end":{"line":125,"column":63}},"29":{"start":{"line":126,"column":6},"end":{"line":126,"column":19}},"30":{"start":{"line":128,"column":6},"end":{"line":128,"column":18}},"31":{"start":{"line":136,"column":4},"end":{"line":141,"column":5}},"32":{"start":{"line":137,"column":23},"end":{"line":137,"column":65}},"33":{"start":{"line":138,"column":6},"end":{"line":138,"column":22}},"34":{"start":{"line":140,"column":6},"end":{"line":140,"column":18}},"35":{"start":{"line":148,"column":4},"end":{"line":153,"column":5}},"36":{"start":{"line":149,"column":21},"end":{"line":149,"column":74}},"37":{"start":{"line":150,"column":6},"end":{"line":150,"column":20}},"38":{"start":{"line":152,"column":6},"end":{"line":152,"column":18}},"39":{"start":{"line":157,"column":0},"end":{"line":157,"column":48}}},"fnMap":{"0":{"name":"(anonymous_0)","decl":{"start":{"line":7,"column":2},"end":{"line":7,"column":3}},"loc":{"start":{"line":7,"column":37},"end":{"line":26,"column":3}},"line":7},"1":{"name":"(anonymous_1)","decl":{"start":{"line":31,"column":2},"end":{"line":31,"column":3}},"loc":{"start":{"line":31,"column":21},"end":{"line":40,"column":3}},"line":31},"2":{"name":"(anonymous_2)","decl":{"start":{"line":45,"column":2},"end":{"line":45,"column":3}},"loc":{"start":{"line":45,"column":44},"end":{"line":57,"column":3}},"line":45},"3":{"name":"(anonymous_3)","decl":{"start":{"line":62,"column":2},"end":{"line":62,"column":3}},"loc":{"start":{"line":62,"column":46},"end":{"line":74,"column":3}},"line":62},"4":{"name":"(anonymous_4)","decl":{"start":{"line":79,"column":2},"end":{"line":79,"column":3}},"loc":{"start":{"line":79,"column":35},"end":{"line":96,"column":3}},"line":79},"5":{"name":"(anonymous_5)","decl":{"start":{"line":101,"column":2},"end":{"line":101,"column":3}},"loc":{"start":{"line":101,"column":40},"end":{"line":118,"column":3}},"line":101},"6":{"name":"(anonymous_6)","decl":{"start":{"line":123,"column":2},"end":{"line":123,"column":3}},"loc":{"start":{"line":123,"column":27},"end":{"line":130,"column":3}},"line":123},"7":{"name":"(anonymous_7)","decl":{"start":{"line":135,"column":2},"end":{"line":135,"column":3}},"loc":{"start":{"line":135,"column":19},"end":{"line":142,"column":3}},"line":135},"8":{"name":"(anonymous_8)","decl":{"start":{"line":147,"column":2},"end":{"line":147,"column":3}},"loc":{"start":{"line":147,"column":33},"end":{"line":154,"column":3}},"line":147}},"branchMap":{"0":{"loc":{"start":{"line":45,"column":31},"end":{"line":45,"column":42}},"type":"default-arg","locations":[{"start":{"line":45,"column":40},"end":{"line":45,"column":42}}],"line":45},"1":{"loc":{"start":{"line":92,"column":13},"end":{"line":92,"column":64}},"type":"binary-expr","locations":[{"start":{"line":92,"column":13},"end":{"line":92,"column":22}},{"start":{"line":92,"column":26},"end":{"line":92,"column":64}}],"line":92},"2":{"loc":{"start":{"line":123,"column":14},"end":{"line":123,"column":25}},"type":"default-arg","locations":[{"start":{"line":123,"column":23},"end":{"line":123,"column":25}}],"line":123}},"s":{"0":6,"1":7,"2":7,"3":6,"4":1,"5":6,"6":6,"7":5,"8":1,"9":3,"10":3,"11":2,"12":1,"13":5,"14":5,"15":4,"16":1,"17":4,"18":4,"19":4,"20":3,"21":1,"22":3,"23":3,"24":3,"25":2,"26":1,"27":3,"28":3,"29":2,"30":1,"31":5,"32":5,"33":4,"34":1,"35":2,"36":2,"37":1,"38":1,"39":6},"f":{"0":7,"1":6,"2":3,"3":5,"4":4,"5":3,"6":3,"7":5,"8":2},"b":{"0":[3],"1":[3,1],"2":[0]},"_coverageSchema":"1a1c01bbd47fc00a2c39e90264f33305004495a9","hash":"628e868bbde055cd2b5ae24944585cef4e7b6a61"}
,"/Users/greg/purdue-bootcamp/capstone-project/PurdueUniversity-Capstone-Project-LearnEasePro/backend/src/repositories/courseRepository.js": {"path":"/Users/greg/purdue-bootcamp/capstone-project/PurdueUniversity-Capstone-Project-LearnEasePro/backend/src/repositories/courseRepository.js","statementMap":{"0":{"start":{"line":1,"column":15},"end":{"line":1,"column":42}},"1":{"start":{"line":8,"column":4},"end":{"line":13,"column":5}},"2":{"start":{"line":9,"column":21},"end":{"line":9,"column":52}},"3":{"start":{"line":10,"column":6},"end":{"line":10,"column":20}},"4":{"start":{"line":12,"column":6},"end":{"line":12,"column":18}},"5":{"start":{"line":20,"column":4},"end":{"line":25,"column":5}},"6":{"start":{"line":21,"column":21},"end":{"line":21,"column":46}},"7":{"start":{"line":22,"column":6},"end":{"line":22,"column":20}},"8":{"start":{"line":24,"column":6},"end":{"line":24,"column":18}},"9":{"start":{"line":32,"column":4},"end":{"line":39,"column":5}},"10":{"start":{"line":33,"column":21},"end":{"line":35,"column":8}},"11":{"start":{"line":36,"column":6},"end":{"line":36,"column":20}},"12":{"start":{"line":38,"column":6},"end":{"line":38,"column":18}},"13":{"start":{"line":46,"column":4},"end":{"line":51,"column":5}},"14":{"start":{"line":47,"column":22},"end":{"line":47,"column":71}},"15":{"start":{"line":48,"column":6},"end":{"line":48,"column":21}},"16":{"start":{"line":50,"column":6},"end":{"line":50,"column":18}},"17":{"start":{"line":58,"column":4},"end":{"line":66,"column":5}},"18":{"start":{"line":59,"column":22},"end":{"line":62,"column":32}},"19":{"start":{"line":63,"column":6},"end":{"line":63,"column":21}},"20":{"start":{"line":65,"column":6},"end":{"line":65,"column":18}},"21":{"start":{"line":73,"column":4},"end":{"line":78,"column":5}},"22":{"start":{"line":74,"column":20},"end":{"line":74,"column":55}},"23":{"start":{"line":75,"column":6},"end":{"line":75,"column":19}},"24":{"start":{"line":77,"column":6},"end":{"line":77,"column":18}},"25":{"start":{"line":85,"column":4},"end":{"line":93,"column":5}},"26":{"start":{"line":86,"column":21},"end":{"line":89,"column":8}},"27":{"start":{"line":90,"column":6},"end":{"line":90,"column":20}},"28":{"start":{"line":92,"column":6},"end":{"line":92,"column":18}},"29":{"start":{"line":100,"column":4},"end":{"line":112,"column":5}},"30":{"start":{"line":101,"column":21},"end":{"line":108,"column":7}},"31":{"start":{"line":109,"column":6},"end":{"line":109,"column":20}},"32":{"start":{"line":111,"column":6},"end":{"line":111,"column":18}},"33":{"start":{"line":119,"column":4},"end":{"line":124,"column":5}},"34":{"start":{"line":120,"column":21},"end":{"line":120,"column":55}},"35":{"start":{"line":121,"column":6},"end":{"line":121,"column":20}},"36":{"start":{"line":123,"column":6},"end":{"line":123,"column":18}},"37":{"start":{"line":128,"column":0},"end":{"line":128,"column":40}}},"fnMap":{"0":{"name":"(anonymous_0)","decl":{"start":{"line":7,"column":2},"end":{"line":7,"column":3}},"loc":{"start":{"line":7,"column":27},"end":{"line":14,"column":3}},"line":7},"1":{"name":"(anonymous_1)","decl":{"start":{"line":19,"column":2},"end":{"line":19,"column":3}},"loc":{"start":{"line":19,"column":21},"end":{"line":26,"column":3}},"line":19},"2":{"name":"(anonymous_2)","decl":{"start":{"line":31,"column":2},"end":{"line":31,"column":3}},"loc":{"start":{"line":31,"column":37},"end":{"line":40,"column":3}},"line":31},"3":{"name":"(anonymous_3)","decl":{"start":{"line":45,"column":2},"end":{"line":45,"column":3}},"loc":{"start":{"line":45,"column":29},"end":{"line":52,"column":3}},"line":45},"4":{"name":"(anonymous_4)","decl":{"start":{"line":57,"column":2},"end":{"line":57,"column":3}},"loc":{"start":{"line":57,"column":62},"end":{"line":67,"column":3}},"line":57},"5":{"name":"(anonymous_5)","decl":{"start":{"line":72,"column":2},"end":{"line":72,"column":3}},"loc":{"start":{"line":72,"column":27},"end":{"line":79,"column":3}},"line":72},"6":{"name":"(anonymous_6)","decl":{"start":{"line":84,"column":2},"end":{"line":84,"column":3}},"loc":{"start":{"line":84,"column":31},"end":{"line":94,"column":3}},"line":84},"7":{"name":"(anonymous_7)","decl":{"start":{"line":99,"column":2},"end":{"line":99,"column":3}},"loc":{"start":{"line":99,"column":51},"end":{"line":113,"column":3}},"line":99},"8":{"name":"(anonymous_8)","decl":{"start":{"line":118,"column":2},"end":{"line":118,"column":3}},"loc":{"start":{"line":118,"column":19},"end":{"line":125,"column":3}},"line":118}},"branchMap":{"0":{"loc":{"start":{"line":45,"column":16},"end":{"line":45,"column":27}},"type":"default-arg","locations":[{"start":{"line":45,"column":25},"end":{"line":45,"column":27}}],"line":45},"1":{"loc":{"start":{"line":57,"column":27},"end":{"line":57,"column":38}},"type":"default-arg","locations":[{"start":{"line":57,"column":36},"end":{"line":57,"column":38}}],"line":57},"2":{"loc":{"start":{"line":57,"column":40},"end":{"line":57,"column":48}},"type":"default-arg","locations":[{"start":{"line":57,"column":47},"end":{"line":57,"column":48}}],"line":57},"3":{"loc":{"start":{"line":57,"column":50},"end":{"line":57,"column":60}},"type":"default-arg","locations":[{"start":{"line":57,"column":58},"end":{"line":57,"column":60}}],"line":57},"4":{"loc":{"start":{"line":72,"column":14},"end":{"line":72,"column":25}},"type":"default-arg","locations":[{"start":{"line":72,"column":23},"end":{"line":72,"column":25}}],"line":72}},"s":{"0":6,"1":7,"2":7,"3":4,"4":3,"5":16,"6":16,"7":15,"8":1,"9":7,"10":7,"11":6,"12":1,"13":4,"14":4,"15":3,"16":1,"17":7,"18":7,"19":6,"20":1,"21":5,"22":5,"23":4,"24":1,"25":6,"26":6,"27":4,"28":2,"29":3,"30":3,"31":2,"32":1,"33":4,"34":4,"35":3,"36":1,"37":6},"f":{"0":7,"1":16,"2":7,"3":4,"4":7,"5":5,"6":6,"7":3,"8":4},"b":{"0":[3],"1":[1],"2":[1],"3":[1],"4":[2]},"_coverageSchema":"1a1c01bbd47fc00a2c39e90264f33305004495a9","hash":"976d16f85ed33328f222237bd14f41b60ae4e671"}
,"/Users/greg/purdue-bootcamp/capstone-project/PurdueUniversity-Capstone-Project-LearnEasePro/backend/src/repositories/userRepository.js": {"path":"/Users/greg/purdue-bootcamp/capstone-project/PurdueUniversity-Capstone-Project-LearnEasePro/backend/src/repositories/userRepository.js","statementMap":{"0":{"start":{"line":1,"column":13},"end":{"line":1,"column":38}},"1":{"start":{"line":8,"column":4},"end":{"line":13,"column":5}},"2":{"start":{"line":9,"column":19},"end":{"line":9,"column":46}},"3":{"start":{"line":10,"column":6},"end":{"line":10,"column":18}},"4":{"start":{"line":12,"column":6},"end":{"line":12,"column":18}},"5":{"start":{"line":20,"column":4},"end":{"line":25,"column":5}},"6":{"start":{"line":21,"column":19},"end":{"line":21,"column":42}},"7":{"start":{"line":22,"column":6},"end":{"line":22,"column":18}},"8":{"start":{"line":24,"column":6},"end":{"line":24,"column":18}},"9":{"start":{"line":32,"column":4},"end":{"line":37,"column":5}},"10":{"start":{"line":33,"column":19},"end":{"line":33,"column":68}},"11":{"start":{"line":34,"column":6},"end":{"line":34,"column":18}},"12":{"start":{"line":36,"column":6},"end":{"line":36,"column":18}},"13":{"start":{"line":44,"column":4},"end":{"line":49,"column":5}},"14":{"start":{"line":45,"column":20},"end":{"line":45,"column":43}},"15":{"start":{"line":46,"column":6},"end":{"line":46,"column":19}},"16":{"start":{"line":48,"column":6},"end":{"line":48,"column":18}},"17":{"start":{"line":56,"column":4},"end":{"line":64,"column":5}},"18":{"start":{"line":57,"column":20},"end":{"line":60,"column":32}},"19":{"start":{"line":61,"column":6},"end":{"line":61,"column":19}},"20":{"start":{"line":63,"column":6},"end":{"line":63,"column":18}},"21":{"start":{"line":71,"column":4},"end":{"line":76,"column":5}},"22":{"start":{"line":72,"column":20},"end":{"line":72,"column":53}},"23":{"start":{"line":73,"column":6},"end":{"line":73,"column":19}},"24":{"start":{"line":75,"column":6},"end":{"line":75,"column":18}},"25":{"start":{"line":83,"column":4},"end":{"line":91,"column":5}},"26":{"start":{"line":84,"column":19},"end":{"line":87,"column":8}},"27":{"start":{"line":88,"column":6},"end":{"line":88,"column":18}},"28":{"start":{"line":90,"column":6},"end":{"line":90,"column":18}},"29":{"start":{"line":101,"column":4},"end":{"line":114,"column":5}},"30":{"start":{"line":103,"column":19},"end":{"line":110,"column":7}},"31":{"start":{"line":111,"column":6},"end":{"line":111,"column":18}},"32":{"start":{"line":113,"column":6},"end":{"line":113,"column":18}},"33":{"start":{"line":121,"column":4},"end":{"line":126,"column":5}},"34":{"start":{"line":122,"column":19},"end":{"line":122,"column":51}},"35":{"start":{"line":123,"column":6},"end":{"line":123,"column":18}},"36":{"start":{"line":125,"column":6},"end":{"line":125,"column":18}},"37":{"start":{"line":130,"column":0},"end":{"line":130,"column":38}}},"fnMap":{"0":{"name":"(anonymous_0)","decl":{"start":{"line":7,"column":2},"end":{"line":7,"column":3}},"loc":{"start":{"line":7,"column":25},"end":{"line":14,"column":3}},"line":7},"1":{"name":"(anonymous_1)","decl":{"start":{"line":19,"column":2},"end":{"line":19,"column":3}},"loc":{"start":{"line":19,"column":21},"end":{"line":26,"column":3}},"line":19},"2":{"name":"(anonymous_2)","decl":{"start":{"line":31,"column":2},"end":{"line":31,"column":3}},"loc":{"start":{"line":31,"column":27},"end":{"line":38,"column":3}},"line":31},"3":{"name":"(anonymous_3)","decl":{"start":{"line":43,"column":2},"end":{"line":43,"column":3}},"loc":{"start":{"line":43,"column":29},"end":{"line":50,"column":3}},"line":43},"4":{"name":"(anonymous_4)","decl":{"start":{"line":55,"column":2},"end":{"line":55,"column":3}},"loc":{"start":{"line":55,"column":62},"end":{"line":65,"column":3}},"line":55},"5":{"name":"(anonymous_5)","decl":{"start":{"line":70,"column":2},"end":{"line":70,"column":3}},"loc":{"start":{"line":70,"column":27},"end":{"line":77,"column":3}},"line":70},"6":{"name":"(anonymous_6)","decl":{"start":{"line":82,"column":2},"end":{"line":82,"column":3}},"loc":{"start":{"line":82,"column":31},"end":{"line":92,"column":3}},"line":82},"7":{"name":"(anonymous_7)","decl":{"start":{"line":100,"column":2},"end":{"line":100,"column":3}},"loc":{"start":{"line":100,"column":51},"end":{"line":115,"column":3}},"line":100},"8":{"name":"(anonymous_8)","decl":{"start":{"line":120,"column":2},"end":{"line":120,"column":3}},"loc":{"start":{"line":120,"column":19},"end":{"line":127,"column":3}},"line":120}},"branchMap":{"0":{"loc":{"start":{"line":43,"column":16},"end":{"line":43,"column":27}},"type":"default-arg","locations":[{"start":{"line":43,"column":25},"end":{"line":43,"column":27}}],"line":43},"1":{"loc":{"start":{"line":55,"column":27},"end":{"line":55,"column":38}},"type":"default-arg","locations":[{"start":{"line":55,"column":36},"end":{"line":55,"column":38}}],"line":55},"2":{"loc":{"start":{"line":55,"column":40},"end":{"line":55,"column":48}},"type":"default-arg","locations":[{"start":{"line":55,"column":47},"end":{"line":55,"column":48}}],"line":55},"3":{"loc":{"start":{"line":55,"column":50},"end":{"line":55,"column":60}},"type":"default-arg","locations":[{"start":{"line":55,"column":58},"end":{"line":55,"column":60}}],"line":55},"4":{"loc":{"start":{"line":70,"column":14},"end":{"line":70,"column":25}},"type":"default-arg","locations":[{"start":{"line":70,"column":23},"end":{"line":70,"column":25}}],"line":70}},"s":{"0":7,"1":11,"2":11,"3":6,"4":5,"5":14,"6":14,"7":12,"8":2,"9":18,"10":18,"11":17,"12":1,"13":4,"14":4,"15":3,"16":1,"17":2,"18":2,"19":2,"20":0,"21":2,"22":2,"23":2,"24":0,"25":11,"26":11,"27":7,"28":4,"29":8,"30":8,"31":7,"32":1,"33":6,"34":6,"35":5,"36":1,"37":7},"f":{"0":11,"1":14,"2":18,"3":4,"4":2,"5":2,"6":11,"7":8,"8":6},"b":{"0":[3],"1":[0],"2":[0],"3":[0],"4":[0]},"_coverageSchema":"1a1c01bbd47fc00a2c39e90264f33305004495a9","hash":"cfc8c58389c8b5c6bccb114b1506a0ea254e6c50"}
,"/Users/greg/purdue-bootcamp/capstone-project/PurdueUniversity-Capstone-Project-LearnEasePro/backend/src/routes/courseRoutes.js": {"path":"/Users/greg/purdue-bootcamp/capstone-project/PurdueUniversity-Capstone-Project-LearnEasePro/backend/src/routes/courseRoutes.js","statementMap":{"0":{"start":{"line":1,"column":16},"end":{"line":1,"column":34}},"1":{"start":{"line":2,"column":15},"end":{"line":2,"column":31}},"2":{"start":{"line":3,"column":25},"end":{"line":3,"column":67}},"3":{"start":{"line":4,"column":38},"end":{"line":4,"column":67}},"4":{"start":{"line":7,"column":30},"end":{"line":16,"column":1}},"5":{"start":{"line":8,"column":2},"end":{"line":15,"column":3}},"6":{"start":{"line":9,"column":4},"end":{"line":9,"column":11}},"7":{"start":{"line":11,"column":4},"end":{"line":14,"column":7}},"8":{"start":{"line":19,"column":0},"end":{"line":24,"column":2}},"9":{"start":{"line":25,"column":0},"end":{"line":25,"column":61}},"10":{"start":{"line":26,"column":0},"end":{"line":26,"column":64}},"11":{"start":{"line":27,"column":0},"end":{"line":32,"column":2}},"12":{"start":{"line":33,"column":0},"end":{"line":33,"column":80}},"13":{"start":{"line":36,"column":0},"end":{"line":41,"column":2}},"14":{"start":{"line":42,"column":0},"end":{"line":42,"column":75}},"15":{"start":{"line":43,"column":0},"end":{"line":48,"column":2}},"16":{"start":{"line":49,"column":0},"end":{"line":54,"column":2}},"17":{"start":{"line":57,"column":0},"end":{"line":57,"column":80}},"18":{"start":{"line":58,"column":0},"end":{"line":58,"column":77}},"19":{"start":{"line":59,"column":0},"end":{"line":63,"column":2}},"20":{"start":{"line":64,"column":0},"end":{"line":68,"column":2}},"21":{"start":{"line":70,"column":0},"end":{"line":70,"column":24}}},"fnMap":{"0":{"name":"(anonymous_0)","decl":{"start":{"line":7,"column":30},"end":{"line":7,"column":31}},"loc":{"start":{"line":7,"column":50},"end":{"line":16,"column":1}},"line":7}},"branchMap":{"0":{"loc":{"start":{"line":8,"column":2},"end":{"line":15,"column":3}},"type":"if","locations":[{"start":{"line":8,"column":2},"end":{"line":15,"column":3}},{"start":{"line":10,"column":9},"end":{"line":15,"column":3}}],"line":8},"1":{"loc":{"start":{"line":8,"column":6},"end":{"line":8,"column":62}},"type":"binary-expr","locations":[{"start":{"line":8,"column":6},"end":{"line":8,"column":31}},{"start":{"line":8,"column":35},"end":{"line":8,"column":62}}],"line":8}},"s":{"0":3,"1":3,"2":3,"3":3,"4":3,"5":17,"6":12,"7":5,"8":3,"9":3,"10":3,"11":3,"12":3,"13":3,"14":3,"15":3,"16":3,"17":3,"18":3,"19":3,"20":3,"21":3},"f":{"0":17},"b":{"0":[12,5],"1":[17,10]},"_coverageSchema":"1a1c01bbd47fc00a2c39e90264f33305004495a9","hash":"1be0125d91a520c159cbb07e97f17c78034250ba"}
,"/Users/greg/purdue-bootcamp/capstone-project/PurdueUniversity-Capstone-Project-LearnEasePro/backend/src/routes/index.js": {"path":"/Users/greg/purdue-bootcamp/capstone-project/PurdueUniversity-Capstone-Project-LearnEasePro/backend/src/routes/index.js","statementMap":{"0":{"start":{"line":1,"column":16},"end":{"line":1,"column":34}},"1":{"start":{"line":2,"column":15},"end":{"line":2,"column":31}},"2":{"start":{"line":3,"column":19},"end":{"line":3,"column":42}},"3":{"start":{"line":4,"column":21},"end":{"line":4,"column":46}},"4":{"start":{"line":7,"column":0},"end":{"line":7,"column":33}},"5":{"start":{"line":8,"column":0},"end":{"line":8,"column":37}},"6":{"start":{"line":11,"column":0},"end":{"line":17,"column":3}},"7":{"start":{"line":12,"column":2},"end":{"line":16,"column":5}},"8":{"start":{"line":19,"column":0},"end":{"line":19,"column":24}}},"fnMap":{"0":{"name":"(anonymous_0)","decl":{"start":{"line":11,"column":22},"end":{"line":11,"column":23}},"loc":{"start":{"line":11,"column":36},"end":{"line":17,"column":1}},"line":11}},"branchMap":{},"s":{"0":3,"1":3,"2":3,"3":3,"4":3,"5":3,"6":3,"7":2,"8":3},"f":{"0":2},"b":{},"_coverageSchema":"1a1c01bbd47fc00a2c39e90264f33305004495a9","hash":"2df5524c2b3caa3b8621d02f3eb00109674fc23b"}
,"/Users/greg/purdue-bootcamp/capstone-project/PurdueUniversity-Capstone-Project-LearnEasePro/backend/src/routes/userRoutes.js": {"path":"/Users/greg/purdue-bootcamp/capstone-project/PurdueUniversity-Capstone-Project-LearnEasePro/backend/src/routes/userRoutes.js","statementMap":{"0":{"start":{"line":1,"column":16},"end":{"line":1,"column":34}},"1":{"start":{"line":2,"column":15},"end":{"line":2,"column":31}},"2":{"start":{"line":3,"column":23},"end":{"line":3,"column":63}},"3":{"start":{"line":8,"column":4},"end":{"line":8,"column":33}},"4":{"start":{"line":11,"column":0},"end":{"line":11,"column":50}},"5":{"start":{"line":12,"column":0},"end":{"line":12,"column":44}},"6":{"start":{"line":15,"column":0},"end":{"line":15,"column":58}},"7":{"start":{"line":16,"column":0},"end":{"line":16,"column":58}},"8":{"start":{"line":17,"column":0},"end":{"line":17,"column":72}},"9":{"start":{"line":18,"column":0},"end":{"line":18,"column":71}},"10":{"start":{"line":19,"column":0},"end":{"line":19,"column":74}},"11":{"start":{"line":21,"column":0},"end":{"line":21,"column":24}}},"fnMap":{},"branchMap":{},"s":{"0":4,"1":4,"2":4,"3":4,"4":4,"5":4,"6":4,"7":4,"8":4,"9":4,"10":4,"11":4},"f":{},"b":{},"_coverageSchema":"1a1c01bbd47fc00a2c39e90264f33305004495a9","hash":"8c8cb79b1d3460bc4b68412f7f4a540f3cfb690a"}
,"/Users/greg/purdue-bootcamp/capstone-project/PurdueUniversity-Capstone-Project-LearnEasePro/backend/src/services/courseService.js": {"path":"/Users/greg/purdue-bootcamp/capstone-project/PurdueUniversity-Capstone-Project-LearnEasePro/backend/src/services/courseService.js","statementMap":{"0":{"start":{"line":1,"column":25},"end":{"line":1,"column":68}},"1":{"start":{"line":2,"column":31},"end":{"line":2,"column":80}},"2":{"start":{"line":3,"column":33},"end":{"line":3,"column":84}},"3":{"start":{"line":10,"column":4},"end":{"line":23,"column":5}},"4":{"start":{"line":12,"column":29},"end":{"line":14,"column":7}},"5":{"start":{"line":15,"column":6},"end":{"line":17,"column":7}},"6":{"start":{"line":16,"column":8},"end":{"line":16,"column":54}},"7":{"start":{"line":19,"column":21},"end":{"line":19,"column":62}},"8":{"start":{"line":20,"column":6},"end":{"line":20,"column":20}},"9":{"start":{"line":22,"column":6},"end":{"line":22,"column":18}},"10":{"start":{"line":30,"column":4},"end":{"line":47,"column":5}},"11":{"start":{"line":31,"column":21},"end":{"line":31,"column":56}},"12":{"start":{"line":32,"column":6},"end":{"line":34,"column":7}},"13":{"start":{"line":33,"column":8},"end":{"line":33,"column":44}},"14":{"start":{"line":36,"column":6},"end":{"line":42,"column":7}},"15":{"start":{"line":37,"column":24},"end":{"line":37,"column":69}},"16":{"start":{"line":38,"column":8},"end":{"line":41,"column":10}},"17":{"start":{"line":44,"column":6},"end":{"line":44,"column":20}},"18":{"start":{"line":46,"column":6},"end":{"line":46,"column":18}},"19":{"start":{"line":54,"column":4},"end":{"line":84,"column":5}},"20":{"start":{"line":55,"column":19},"end":{"line":55,"column":37}},"21":{"start":{"line":58,"column":19},"end":{"line":58,"column":21}},"22":{"start":{"line":59,"column":6},"end":{"line":67,"column":7}},"23":{"start":{"line":60,"column":8},"end":{"line":66,"column":10}},"24":{"start":{"line":69,"column":22},"end":{"line":73,"column":7}},"25":{"start":{"line":74,"column":20},"end":{"line":74,"column":56}},"26":{"start":{"line":76,"column":6},"end":{"line":81,"column":8}},"27":{"start":{"line":83,"column":6},"end":{"line":83,"column":18}},"28":{"start":{"line":91,"column":4},"end":{"line":125,"column":5}},"29":{"start":{"line":93,"column":6},"end":{"line":100,"column":7}},"30":{"start":{"line":94,"column":31},"end":{"line":96,"column":9}},"31":{"start":{"line":97,"column":8},"end":{"line":99,"column":9}},"32":{"start":{"line":98,"column":10},"end":{"line":98,"column":56}},"33":{"start":{"line":104,"column":6},"end":{"line":120,"column":7}},"34":{"start":{"line":105,"column":8},"end":{"line":109,"column":10}},"35":{"start":{"line":110,"column":8},"end":{"line":114,"column":9}},"36":{"start":{"line":111,"column":10},"end":{"line":113,"column":12}},"37":{"start":{"line":116,"column":8},"end":{"line":116,"column":63}},"38":{"start":{"line":117,"column":8},"end":{"line":119,"column":9}},"39":{"start":{"line":118,"column":10},"end":{"line":118,"column":46}},"40":{"start":{"line":122,"column":6},"end":{"line":122,"column":20}},"41":{"start":{"line":124,"column":6},"end":{"line":124,"column":18}},"42":{"start":{"line":132,"column":4},"end":{"line":147,"column":5}},"43":{"start":{"line":133,"column":21},"end":{"line":133,"column":56}},"44":{"start":{"line":134,"column":6},"end":{"line":136,"column":7}},"45":{"start":{"line":135,"column":8},"end":{"line":135,"column":44}},"46":{"start":{"line":139,"column":6},"end":{"line":139,"column":54}},"47":{"start":{"line":142,"column":6},"end":{"line":142,"column":40}},"48":{"start":{"line":144,"column":6},"end":{"line":144,"column":80}},"49":{"start":{"line":146,"column":6},"end":{"line":146,"column":18}},"50":{"start":{"line":154,"column":4},"end":{"line":165,"column":5}},"51":{"start":{"line":156,"column":21},"end":{"line":156,"column":71}},"52":{"start":{"line":157,"column":6},"end":{"line":159,"column":7}},"53":{"start":{"line":158,"column":8},"end":{"line":158,"column":44}},"54":{"start":{"line":161,"column":21},"end":{"line":161,"column":68}},"55":{"start":{"line":162,"column":6},"end":{"line":162,"column":20}},"56":{"start":{"line":164,"column":6},"end":{"line":164,"column":18}},"57":{"start":{"line":172,"column":4},"end":{"line":189,"column":5}},"58":{"start":{"line":174,"column":21},"end":{"line":174,"column":62}},"59":{"start":{"line":175,"column":6},"end":{"line":177,"column":7}},"60":{"start":{"line":176,"column":8},"end":{"line":176,"column":44}},"61":{"start":{"line":180,"column":6},"end":{"line":184,"column":7}},"62":{"start":{"line":181,"column":8},"end":{"line":181,"column":74}},"63":{"start":{"line":183,"column":8},"end":{"line":183,"column":70}},"64":{"start":{"line":186,"column":6},"end":{"line":186,"column":21}},"65":{"start":{"line":188,"column":6},"end":{"line":188,"column":18}},"66":{"start":{"line":196,"column":4},"end":{"line":204,"column":5}},"67":{"start":{"line":197,"column":21},"end":{"line":197,"column":72}},"68":{"start":{"line":198,"column":6},"end":{"line":200,"column":7}},"69":{"start":{"line":199,"column":8},"end":{"line":199,"column":51}},"70":{"start":{"line":201,"column":6},"end":{"line":201,"column":20}},"71":{"start":{"line":203,"column":6},"end":{"line":203,"column":18}},"72":{"start":{"line":211,"column":4},"end":{"line":219,"column":5}},"73":{"start":{"line":212,"column":21},"end":{"line":212,"column":60}},"74":{"start":{"line":213,"column":6},"end":{"line":215,"column":7}},"75":{"start":{"line":214,"column":8},"end":{"line":214,"column":51}},"76":{"start":{"line":216,"column":6},"end":{"line":216,"column":63}},"77":{"start":{"line":218,"column":6},"end":{"line":218,"column":18}},"78":{"start":{"line":226,"column":4},"end":{"line":243,"column":5}},"79":{"start":{"line":228,"column":21},"end":{"line":228,"column":62}},"80":{"start":{"line":229,"column":6},"end":{"line":231,"column":7}},"81":{"start":{"line":230,"column":8},"end":{"line":230,"column":44}},"82":{"start":{"line":233,"column":23},"end":{"line":238,"column":8}},"83":{"start":{"line":240,"column":6},"end":{"line":240,"column":22}},"84":{"start":{"line":242,"column":6},"end":{"line":242,"column":18}},"85":{"start":{"line":250,"column":4},"end":{"line":273,"column":5}},"86":{"start":{"line":252,"column":21},"end":{"line":252,"column":62}},"87":{"start":{"line":253,"column":6},"end":{"line":255,"column":7}},"88":{"start":{"line":254,"column":8},"end":{"line":254,"column":44}},"89":{"start":{"line":257,"column":23},"end":{"line":257,"column":76}},"90":{"start":{"line":258,"column":20},"end":{"line":258,"column":77}},"91":{"start":{"line":259,"column":27},"end":{"line":261,"column":7}},"92":{"start":{"line":263,"column":6},"end":{"line":270,"column":8}},"93":{"start":{"line":272,"column":6},"end":{"line":272,"column":18}},"94":{"start":{"line":280,"column":4},"end":{"line":288,"column":5}},"95":{"start":{"line":281,"column":23},"end":{"line":284,"column":7}},"96":{"start":{"line":285,"column":6},"end":{"line":285,"column":22}},"97":{"start":{"line":287,"column":6},"end":{"line":287,"column":18}},"98":{"start":{"line":295,"column":4},"end":{"line":310,"column":5}},"99":{"start":{"line":296,"column":23},"end":{"line":296,"column":74}},"100":{"start":{"line":297,"column":6},"end":{"line":299,"column":7}},"101":{"start":{"line":298,"column":8},"end":{"line":298,"column":46}},"102":{"start":{"line":302,"column":6},"end":{"line":304,"column":7}},"103":{"start":{"line":303,"column":8},"end":{"line":303,"column":66}},"104":{"start":{"line":306,"column":6},"end":{"line":306,"column":56}},"105":{"start":{"line":307,"column":6},"end":{"line":307,"column":58}},"106":{"start":{"line":309,"column":6},"end":{"line":309,"column":18}},"107":{"start":{"line":314,"column":0},"end":{"line":314,"column":37}}},"fnMap":{"0":{"name":"(anonymous_0)","decl":{"start":{"line":9,"column":2},"end":{"line":9,"column":3}},"loc":{"start":{"line":9,"column":33},"end":{"line":24,"column":3}},"line":9},"1":{"name":"(anonymous_1)","decl":{"start":{"line":29,"column":2},"end":{"line":29,"column":3}},"loc":{"start":{"line":29,"column":50},"end":{"line":48,"column":3}},"line":29},"2":{"name":"(anonymous_2)","decl":{"start":{"line":53,"column":2},"end":{"line":53,"column":3}},"loc":{"start":{"line":53,"column":57},"end":{"line":85,"column":3}},"line":53},"3":{"name":"(anonymous_3)","decl":{"start":{"line":90,"column":2},"end":{"line":90,"column":3}},"loc":{"start":{"line":90,"column":46},"end":{"line":126,"column":3}},"line":90},"4":{"name":"(anonymous_4)","decl":{"start":{"line":131,"column":2},"end":{"line":131,"column":3}},"loc":{"start":{"line":131,"column":25},"end":{"line":148,"column":3}},"line":131},"5":{"name":"(anonymous_5)","decl":{"start":{"line":153,"column":2},"end":{"line":153,"column":3}},"loc":{"start":{"line":153,"column":36},"end":{"line":166,"column":3}},"line":153},"6":{"name":"(anonymous_6)","decl":{"start":{"line":171,"column":2},"end":{"line":171,"column":3}},"loc":{"start":{"line":171,"column":48},"end":{"line":190,"column":3}},"line":171},"7":{"name":"(anonymous_7)","decl":{"start":{"line":195,"column":2},"end":{"line":195,"column":3}},"loc":{"start":{"line":195,"column":43},"end":{"line":205,"column":3}},"line":195},"8":{"name":"(anonymous_8)","decl":{"start":{"line":210,"column":2},"end":{"line":210,"column":3}},"loc":{"start":{"line":210,"column":31},"end":{"line":220,"column":3}},"line":210},"9":{"name":"(anonymous_9)","decl":{"start":{"line":225,"column":2},"end":{"line":225,"column":3}},"loc":{"start":{"line":225,"column":60},"end":{"line":244,"column":3}},"line":225},"10":{"name":"(anonymous_10)","decl":{"start":{"line":249,"column":2},"end":{"line":249,"column":3}},"loc":{"start":{"line":249,"column":36},"end":{"line":274,"column":3}},"line":249},"11":{"name":"(anonymous_11)","decl":{"start":{"line":279,"column":2},"end":{"line":279,"column":3}},"loc":{"start":{"line":279,"column":48},"end":{"line":289,"column":3}},"line":279},"12":{"name":"(anonymous_12)","decl":{"start":{"line":294,"column":2},"end":{"line":294,"column":3}},"loc":{"start":{"line":294,"column":53},"end":{"line":311,"column":3}},"line":294}},"branchMap":{"0":{"loc":{"start":{"line":15,"column":6},"end":{"line":17,"column":7}},"type":"if","locations":[{"start":{"line":15,"column":6},"end":{"line":17,"column":7}},{"start":{},"end":{}}],"line":15},"1":{"loc":{"start":{"line":29,"column":26},"end":{"line":29,"column":48}},"type":"default-arg","locations":[{"start":{"line":29,"column":43},"end":{"line":29,"column":48}}],"line":29},"2":{"loc":{"start":{"line":32,"column":6},"end":{"line":34,"column":7}},"type":"if","locations":[{"start":{"line":32,"column":6},"end":{"line":34,"column":7}},{"start":{},"end":{}}],"line":32},"3":{"loc":{"start":{"line":36,"column":6},"end":{"line":42,"column":7}},"type":"if","locations":[{"start":{"line":36,"column":6},"end":{"line":42,"column":7}},{"start":{},"end":{}}],"line":36},"4":{"loc":{"start":{"line":53,"column":22},"end":{"line":53,"column":30}},"type":"default-arg","locations":[{"start":{"line":53,"column":29},"end":{"line":53,"column":30}}],"line":53},"5":{"loc":{"start":{"line":53,"column":32},"end":{"line":53,"column":42}},"type":"default-arg","locations":[{"start":{"line":53,"column":40},"end":{"line":53,"column":42}}],"line":53},"6":{"loc":{"start":{"line":53,"column":44},"end":{"line":53,"column":55}},"type":"default-arg","locations":[{"start":{"line":53,"column":53},"end":{"line":53,"column":55}}],"line":53},"7":{"loc":{"start":{"line":59,"column":6},"end":{"line":67,"column":7}},"type":"if","locations":[{"start":{"line":59,"column":6},"end":{"line":67,"column":7}},{"start":{},"end":{}}],"line":59},"8":{"loc":{"start":{"line":93,"column":6},"end":{"line":100,"column":7}},"type":"if","locations":[{"start":{"line":93,"column":6},"end":{"line":100,"column":7}},{"start":{},"end":{}}],"line":93},"9":{"loc":{"start":{"line":97,"column":8},"end":{"line":99,"column":9}},"type":"if","locations":[{"start":{"line":97,"column":8},"end":{"line":99,"column":9}},{"start":{},"end":{}}],"line":97},"10":{"loc":{"start":{"line":97,"column":12},"end":{"line":97,"column":66}},"type":"binary-expr","locations":[{"start":{"line":97,"column":12},"end":{"line":97,"column":26}},{"start":{"line":97,"column":30},"end":{"line":97,"column":66}}],"line":97},"11":{"loc":{"start":{"line":104,"column":6},"end":{"line":120,"column":7}},"type":"if","locations":[{"start":{"line":104,"column":6},"end":{"line":120,"column":7}},{"start":{"line":115,"column":13},"end":{"line":120,"column":7}}],"line":104},"12":{"loc":{"start":{"line":110,"column":8},"end":{"line":114,"column":9}},"type":"if","locations":[{"start":{"line":110,"column":8},"end":{"line":114,"column":9}},{"start":{},"end":{}}],"line":110},"13":{"loc":{"start":{"line":117,"column":8},"end":{"line":119,"column":9}},"type":"if","locations":[{"start":{"line":117,"column":8},"end":{"line":119,"column":9}},{"start":{},"end":{}}],"line":117},"14":{"loc":{"start":{"line":134,"column":6},"end":{"line":136,"column":7}},"type":"if","locations":[{"start":{"line":134,"column":6},"end":{"line":136,"column":7}},{"start":{},"end":{}}],"line":134},"15":{"loc":{"start":{"line":157,"column":6},"end":{"line":159,"column":7}},"type":"if","locations":[{"start":{"line":157,"column":6},"end":{"line":159,"column":7}},{"start":{},"end":{}}],"line":157},"16":{"loc":{"start":{"line":171,"column":35},"end":{"line":171,"column":46}},"type":"default-arg","locations":[{"start":{"line":171,"column":42},"end":{"line":171,"column":46}}],"line":171},"17":{"loc":{"start":{"line":175,"column":6},"end":{"line":177,"column":7}},"type":"if","locations":[{"start":{"line":175,"column":6},"end":{"line":177,"column":7}},{"start":{},"end":{}}],"line":175},"18":{"loc":{"start":{"line":180,"column":6},"end":{"line":184,"column":7}},"type":"if","locations":[{"start":{"line":180,"column":6},"end":{"line":184,"column":7}},{"start":{"line":182,"column":13},"end":{"line":184,"column":7}}],"line":180},"19":{"loc":{"start":{"line":198,"column":6},"end":{"line":200,"column":7}},"type":"if","locations":[{"start":{"line":198,"column":6},"end":{"line":200,"column":7}},{"start":{},"end":{}}],"line":198},"20":{"loc":{"start":{"line":213,"column":6},"end":{"line":215,"column":7}},"type":"if","locations":[{"start":{"line":213,"column":6},"end":{"line":215,"column":7}},{"start":{},"end":{}}],"line":213},"21":{"loc":{"start":{"line":229,"column":6},"end":{"line":231,"column":7}},"type":"if","locations":[{"start":{"line":229,"column":6},"end":{"line":231,"column":7}},{"start":{},"end":{}}],"line":229},"22":{"loc":{"start":{"line":253,"column":6},"end":{"line":255,"column":7}},"type":"if","locations":[{"start":{"line":253,"column":6},"end":{"line":255,"column":7}},{"start":{},"end":{}}],"line":253},"23":{"loc":{"start":{"line":266,"column":25},"end":{"line":266,"column":49}},"type":"binary-expr","locations":[{"start":{"line":266,"column":25},"end":{"line":266,"column":44}},{"start":{"line":266,"column":48},"end":{"line":266,"column":49}}],"line":266},"24":{"loc":{"start":{"line":267,"column":25},"end":{"line":267,"column":49}},"type":"binary-expr","locations":[{"start":{"line":267,"column":25},"end":{"line":267,"column":44}},{"start":{"line":267,"column":48},"end":{"line":267,"column":49}}],"line":267},"25":{"loc":{"start":{"line":297,"column":6},"end":{"line":299,"column":7}},"type":"if","locations":[{"start":{"line":297,"column":6},"end":{"line":299,"column":7}},{"start":{},"end":{}}],"line":297},"26":{"loc":{"start":{"line":302,"column":6},"end":{"line":304,"column":7}},"type":"if","locations":[{"start":{"line":302,"column":6},"end":{"line":304,"column":7}},{"start":{},"end":{}}],"line":302},"27":{"loc":{"start":{"line":302,"column":10},"end":{"line":302,"column":73}},"type":"binary-expr","locations":[{"start":{"line":302,"column":10},"end":{"line":302,"column":49}},{"start":{"line":302,"column":53},"end":{"line":302,"column":73}}],"line":302}},"s":{"0":5,"1":5,"2":5,"3":5,"4":5,"5":5,"6":2,"7":3,"8":3,"9":2,"10":6,"11":6,"12":6,"13":2,"14":4,"15":2,"16":2,"17":2,"18":2,"19":4,"20":4,"21":4,"22":4,"23":2,"24":4,"25":4,"26":4,"27":0,"28":8,"29":8,"30":2,"31":2,"32":1,"33":7,"34":2,"35":2,"36":1,"37":5,"38":5,"39":1,"40":5,"41":3,"42":3,"43":3,"44":3,"45":1,"46":2,"47":2,"48":2,"49":1,"50":4,"51":4,"52":4,"53":1,"54":3,"55":3,"56":1,"57":5,"58":5,"59":5,"60":1,"61":4,"62":2,"63":2,"64":4,"65":1,"66":4,"67":4,"68":4,"69":1,"70":3,"71":1,"72":4,"73":4,"74":4,"75":1,"76":3,"77":1,"78":6,"79":6,"80":6,"81":1,"82":5,"83":5,"84":1,"85":4,"86":4,"87":4,"88":1,"89":3,"90":3,"91":3,"92":3,"93":1,"94":3,"95":3,"96":3,"97":0,"98":7,"99":7,"100":7,"101":1,"102":6,"103":2,"104":4,"105":4,"106":3,"107":5},"f":{"0":5,"1":6,"2":4,"3":8,"4":3,"5":4,"6":5,"7":4,"8":4,"9":6,"10":4,"11":3,"12":7},"b":{"0":[2,3],"1":[1],"2":[2,4],"3":[2,2],"4":[0],"5":[0],"6":[1],"7":[2,2],"8":[2,6],"9":[1,1],"10":[2,2],"11":[2,5],"12":[1,1],"13":[1,4],"14":[1,2],"15":[1,3],"16":[3],"17":[1,4],"18":[2,2],"19":[1,3],"20":[1,3],"21":[1,5],"22":[1,3],"23":[3,1],"24":[3,1],"25":[1,6],"26":[2,4],"27":[6,4]},"_coverageSchema":"1a1c01bbd47fc00a2c39e90264f33305004495a9","hash":"e640cfb142fef0ef60f6a3c182a91a81d054f2f8"}
,"/Users/greg/purdue-bootcamp/capstone-project/PurdueUniversity-Capstone-Project-LearnEasePro/backend/src/services/userService.js": {"path":"/Users/greg/purdue-bootcamp/capstone-project/PurdueUniversity-Capstone-Project-LearnEasePro/backend/src/services/userService.js","statementMap":{"0":{"start":{"line":1,"column":23},"end":{"line":1,"column":64}},"1":{"start":{"line":8,"column":4},"end":{"line":35,"column":5}},"2":{"start":{"line":10,"column":27},"end":{"line":10,"column":75}},"3":{"start":{"line":11,"column":6},"end":{"line":13,"column":7}},"4":{"start":{"line":12,"column":8},"end":{"line":12,"column":63}},"5":{"start":{"line":16,"column":19},"end":{"line":16,"column":56}},"6":{"start":{"line":19,"column":6},"end":{"line":32,"column":8}},"7":{"start":{"line":34,"column":6},"end":{"line":34,"column":18}},"8":{"start":{"line":42,"column":4},"end":{"line":73,"column":5}},"9":{"start":{"line":44,"column":19},"end":{"line":44,"column":58}},"10":{"start":{"line":46,"column":6},"end":{"line":48,"column":7}},"11":{"start":{"line":47,"column":8},"end":{"line":47,"column":47}},"12":{"start":{"line":51,"column":22},"end":{"line":51,"column":56}},"13":{"start":{"line":53,"column":6},"end":{"line":55,"column":7}},"14":{"start":{"line":54,"column":8},"end":{"line":54,"column":47}},"15":{"start":{"line":58,"column":6},"end":{"line":70,"column":8}},"16":{"start":{"line":72,"column":6},"end":{"line":72,"column":18}},"17":{"start":{"line":80,"column":4},"end":{"line":88,"column":5}},"18":{"start":{"line":81,"column":19},"end":{"line":81,"column":52}},"19":{"start":{"line":82,"column":6},"end":{"line":84,"column":7}},"20":{"start":{"line":83,"column":8},"end":{"line":83,"column":42}},"21":{"start":{"line":85,"column":6},"end":{"line":85,"column":18}},"22":{"start":{"line":87,"column":6},"end":{"line":87,"column":18}},"23":{"start":{"line":95,"column":4},"end":{"line":125,"column":5}},"24":{"start":{"line":96,"column":19},"end":{"line":96,"column":37}},"25":{"start":{"line":99,"column":19},"end":{"line":99,"column":21}},"26":{"start":{"line":100,"column":6},"end":{"line":108,"column":7}},"27":{"start":{"line":101,"column":8},"end":{"line":107,"column":10}},"28":{"start":{"line":110,"column":20},"end":{"line":114,"column":7}},"29":{"start":{"line":115,"column":20},"end":{"line":115,"column":54}},"30":{"start":{"line":117,"column":6},"end":{"line":122,"column":8}},"31":{"start":{"line":124,"column":6},"end":{"line":124,"column":18}},"32":{"start":{"line":132,"column":4},"end":{"line":157,"column":5}},"33":{"start":{"line":134,"column":6},"end":{"line":136,"column":7}},"34":{"start":{"line":135,"column":8},"end":{"line":135,"column":35}},"35":{"start":{"line":140,"column":6},"end":{"line":153,"column":7}},"36":{"start":{"line":141,"column":8},"end":{"line":141,"column":79}},"37":{"start":{"line":142,"column":8},"end":{"line":146,"column":9}},"38":{"start":{"line":143,"column":10},"end":{"line":145,"column":12}},"39":{"start":{"line":149,"column":8},"end":{"line":149,"column":59}},"40":{"start":{"line":150,"column":8},"end":{"line":152,"column":9}},"41":{"start":{"line":151,"column":10},"end":{"line":151,"column":44}},"42":{"start":{"line":154,"column":6},"end":{"line":154,"column":18}},"43":{"start":{"line":156,"column":6},"end":{"line":156,"column":18}},"44":{"start":{"line":164,"column":4},"end":{"line":188,"column":5}},"45":{"start":{"line":166,"column":27},"end":{"line":166,"column":60}},"46":{"start":{"line":167,"column":6},"end":{"line":169,"column":7}},"47":{"start":{"line":168,"column":8},"end":{"line":168,"column":42}},"48":{"start":{"line":172,"column":6},"end":{"line":179,"column":7}},"49":{"start":{"line":173,"column":27},"end":{"line":173,"column":72}},"50":{"start":{"line":174,"column":8},"end":{"line":178,"column":9}},"51":{"start":{"line":175,"column":10},"end":{"line":177,"column":12}},"52":{"start":{"line":181,"column":19},"end":{"line":181,"column":50}},"53":{"start":{"line":182,"column":6},"end":{"line":184,"column":7}},"54":{"start":{"line":183,"column":8},"end":{"line":183,"column":42}},"55":{"start":{"line":185,"column":6},"end":{"line":185,"column":54}},"56":{"start":{"line":187,"column":6},"end":{"line":187,"column":18}},"57":{"start":{"line":192,"column":0},"end":{"line":192,"column":35}}},"fnMap":{"0":{"name":"(anonymous_0)","decl":{"start":{"line":7,"column":2},"end":{"line":7,"column":3}},"loc":{"start":{"line":7,"column":31},"end":{"line":36,"column":3}},"line":7},"1":{"name":"(anonymous_1)","decl":{"start":{"line":41,"column":2},"end":{"line":41,"column":3}},"loc":{"start":{"line":41,"column":42},"end":{"line":74,"column":3}},"line":41},"2":{"name":"(anonymous_2)","decl":{"start":{"line":79,"column":2},"end":{"line":79,"column":3}},"loc":{"start":{"line":79,"column":24},"end":{"line":89,"column":3}},"line":79},"3":{"name":"(anonymous_3)","decl":{"start":{"line":94,"column":2},"end":{"line":94,"column":3}},"loc":{"start":{"line":94,"column":55},"end":{"line":126,"column":3}},"line":94},"4":{"name":"(anonymous_4)","decl":{"start":{"line":131,"column":2},"end":{"line":131,"column":3}},"loc":{"start":{"line":131,"column":44},"end":{"line":158,"column":3}},"line":131},"5":{"name":"(anonymous_5)","decl":{"start":{"line":163,"column":2},"end":{"line":163,"column":3}},"loc":{"start":{"line":163,"column":23},"end":{"line":189,"column":3}},"line":163}},"branchMap":{"0":{"loc":{"start":{"line":11,"column":6},"end":{"line":13,"column":7}},"type":"if","locations":[{"start":{"line":11,"column":6},"end":{"line":13,"column":7}},{"start":{},"end":{}}],"line":11},"1":{"loc":{"start":{"line":46,"column":6},"end":{"line":48,"column":7}},"type":"if","locations":[{"start":{"line":46,"column":6},"end":{"line":48,"column":7}},{"start":{},"end":{}}],"line":46},"2":{"loc":{"start":{"line":53,"column":6},"end":{"line":55,"column":7}},"type":"if","locations":[{"start":{"line":53,"column":6},"end":{"line":55,"column":7}},{"start":{},"end":{}}],"line":53},"3":{"loc":{"start":{"line":82,"column":6},"end":{"line":84,"column":7}},"type":"if","locations":[{"start":{"line":82,"column":6},"end":{"line":84,"column":7}},{"start":{},"end":{}}],"line":82},"4":{"loc":{"start":{"line":94,"column":20},"end":{"line":94,"column":28}},"type":"default-arg","locations":[{"start":{"line":94,"column":27},"end":{"line":94,"column":28}}],"line":94},"5":{"loc":{"start":{"line":94,"column":30},"end":{"line":94,"column":40}},"type":"default-arg","locations":[{"start":{"line":94,"column":38},"end":{"line":94,"column":40}}],"line":94},"6":{"loc":{"start":{"line":94,"column":42},"end":{"line":94,"column":53}},"type":"default-arg","locations":[{"start":{"line":94,"column":51},"end":{"line":94,"column":53}}],"line":94},"7":{"loc":{"start":{"line":100,"column":6},"end":{"line":108,"column":7}},"type":"if","locations":[{"start":{"line":100,"column":6},"end":{"line":108,"column":7}},{"start":{},"end":{}}],"line":100},"8":{"loc":{"start":{"line":134,"column":6},"end":{"line":136,"column":7}},"type":"if","locations":[{"start":{"line":134,"column":6},"end":{"line":136,"column":7}},{"start":{},"end":{}}],"line":134},"9":{"loc":{"start":{"line":140,"column":6},"end":{"line":153,"column":7}},"type":"if","locations":[{"start":{"line":140,"column":6},"end":{"line":153,"column":7}},{"start":{"line":147,"column":13},"end":{"line":153,"column":7}}],"line":140},"10":{"loc":{"start":{"line":142,"column":8},"end":{"line":146,"column":9}},"type":"if","locations":[{"start":{"line":142,"column":8},"end":{"line":146,"column":9}},{"start":{},"end":{}}],"line":142},"11":{"loc":{"start":{"line":150,"column":8},"end":{"line":152,"column":9}},"type":"if","locations":[{"start":{"line":150,"column":8},"end":{"line":152,"column":9}},{"start":{},"end":{}}],"line":150},"12":{"loc":{"start":{"line":167,"column":6},"end":{"line":169,"column":7}},"type":"if","locations":[{"start":{"line":167,"column":6},"end":{"line":169,"column":7}},{"start":{},"end":{}}],"line":167},"13":{"loc":{"start":{"line":172,"column":6},"end":{"line":179,"column":7}},"type":"if","locations":[{"start":{"line":172,"column":6},"end":{"line":179,"column":7}},{"start":{},"end":{}}],"line":172},"14":{"loc":{"start":{"line":174,"column":8},"end":{"line":178,"column":9}},"type":"if","locations":[{"start":{"line":174,"column":8},"end":{"line":178,"column":9}},{"start":{},"end":{}}],"line":174},"15":{"loc":{"start":{"line":182,"column":6},"end":{"line":184,"column":7}},"type":"if","locations":[{"start":{"line":182,"column":6},"end":{"line":184,"column":7}},{"start":{},"end":{}}],"line":182}},"s":{"0":6,"1":12,"2":12,"3":12,"4":2,"5":10,"6":6,"7":6,"8":10,"9":10,"10":9,"11":2,"12":7,"13":7,"14":2,"15":5,"16":5,"17":9,"18":9,"19":8,"20":2,"21":6,"22":3,"23":5,"24":5,"25":5,"26":5,"27":0,"28":5,"29":4,"30":4,"31":1,"32":15,"33":15,"34":2,"35":15,"36":4,"37":4,"38":2,"39":11,"40":8,"41":2,"42":8,"43":7,"44":10,"45":10,"46":8,"47":2,"48":6,"49":2,"50":2,"51":1,"52":5,"53":5,"54":0,"55":5,"56":5,"57":6},"f":{"0":12,"1":10,"2":9,"3":5,"4":15,"5":10},"b":{"0":[2,10],"1":[2,7],"2":[2,5],"3":[2,6],"4":[3],"5":[3],"6":[3],"7":[0,5],"8":[2,13],"9":[4,11],"10":[2,2],"11":[2,6],"12":[2,6],"13":[2,4],"14":[1,1],"15":[0,5]},"_coverageSchema":"1a1c01bbd47fc00a2c39e90264f33305004495a9","hash":"bdc176efb354d84b80c2900e022c25a8a84742cd"}
}
