{"/Users/greg/purdue-bootcamp/capstone-project/PurdueUniversity-Capstone-Project-LearnEasePro/backend/src/config/database.js": {"path":"/Users/greg/purdue-bootcamp/capstone-project/PurdueUniversity-Capstone-Project-LearnEasePro/backend/src/config/database.js","statementMap":{"0":{"start":{"line":1,"column":17},"end":{"line":1,"column":36}},"1":{"start":{"line":3,"column":18},"end":{"line":14,"column":1}},"2":{"start":{"line":4,"column":2},"end":{"line":13,"column":3}},"3":{"start":{"line":5,"column":17},"end":{"line":7,"column":6}},"4":{"start":{"line":9,"column":4},"end":{"line":9,"column":62}},"5":{"start":{"line":11,"column":4},"end":{"line":11,"column":45}},"6":{"start":{"line":12,"column":4},"end":{"line":12,"column":20}},"7":{"start":{"line":16,"column":0},"end":{"line":16,"column":27}}},"fnMap":{"0":{"name":"(anonymous_0)","decl":{"start":{"line":3,"column":18},"end":{"line":3,"column":19}},"loc":{"start":{"line":3,"column":30},"end":{"line":14,"column":1}},"line":3}},"branchMap":{},"s":{"0":3,"1":3,"2":3,"3":3,"4":2,"5":1,"6":1,"7":3},"f":{"0":3},"b":{},"_coverageSchema":"1a1c01bbd47fc00a2c39e90264f33305004495a9","hash":"cf0109e200ded2c7e2b002be4771d69dc5ca61ac"}
,"/Users/greg/purdue-bootcamp/capstone-project/PurdueUniversity-Capstone-Project-LearnEasePro/backend/src/config/jwt.js": {"path":"/Users/greg/purdue-bootcamp/capstone-project/PurdueUniversity-Capstone-Project-LearnEasePro/backend/src/config/jwt.js","statementMap":{"0":{"start":{"line":1,"column":12},"end":{"line":1,"column":35}},"1":{"start":{"line":6,"column":22},"end":{"line":20,"column":1}},"2":{"start":{"line":7,"column":2},"end":{"line":19,"column":4}},"3":{"start":{"line":25,"column":20},"end":{"line":31,"column":1}},"4":{"start":{"line":26,"column":2},"end":{"line":30,"column":3}},"5":{"start":{"line":27,"column":4},"end":{"line":27,"column":53}},"6":{"start":{"line":29,"column":4},"end":{"line":29,"column":16}},"7":{"start":{"line":33,"column":0},"end":{"line":36,"column":2}}},"fnMap":{"0":{"name":"(anonymous_0)","decl":{"start":{"line":6,"column":22},"end":{"line":6,"column":23}},"loc":{"start":{"line":6,"column":68},"end":{"line":20,"column":1}},"line":6},"1":{"name":"(anonymous_1)","decl":{"start":{"line":25,"column":20},"end":{"line":25,"column":21}},"loc":{"start":{"line":25,"column":31},"end":{"line":31,"column":1}},"line":25}},"branchMap":{"0":{"loc":{"start":{"line":17,"column":17},"end":{"line":17,"column":47}},"type":"binary-expr","locations":[{"start":{"line":17,"column":17},"end":{"line":17,"column":39}},{"start":{"line":17,"column":43},"end":{"line":17,"column":47}}],"line":17}},"s":{"0":7,"1":7,"2":293,"3":7,"4":106,"5":106,"6":11,"7":7},"f":{"0":293,"1":106},"b":{"0":[293,0]},"_coverageSchema":"1a1c01bbd47fc00a2c39e90264f33305004495a9","hash":"d41cb4bdca8badc5034375e1c5c581fe66b2c341"}
,"/Users/greg/purdue-bootcamp/capstone-project/PurdueUniversity-Capstone-Project-LearnEasePro/backend/src/controllers/courseController.js": {"path":"/Users/greg/purdue-bootcamp/capstone-project/PurdueUniversity-Capstone-Project-LearnEasePro/backend/src/controllers/courseController.js","statementMap":{"0":{"start":{"line":1,"column":22},"end":{"line":1,"column":58}},"1":{"start":{"line":8,"column":0},"end":{"line":39,"column":2}},"2":{"start":{"line":9,"column":2},"end":{"line":38,"column":3}},"3":{"start":{"line":10,"column":68},"end":{"line":10,"column":76}},"4":{"start":{"line":13,"column":4},"end":{"line":19,"column":5}},"5":{"start":{"line":14,"column":6},"end":{"line":18,"column":9}},"6":{"start":{"line":21,"column":19},"end":{"line":27,"column":6}},"7":{"start":{"line":29,"column":4},"end":{"line":32,"column":7}},"8":{"start":{"line":34,"column":4},"end":{"line":37,"column":7}},"9":{"start":{"line":46,"column":0},"end":{"line":77,"column":2}},"10":{"start":{"line":47,"column":2},"end":{"line":76,"column":3}},"11":{"start":{"line":48,"column":50},"end":{"line":48,"column":59}},"12":{"start":{"line":51,"column":23},"end":{"line":51,"column":27}},"13":{"start":{"line":52,"column":4},"end":{"line":54,"column":5}},"14":{"start":{"line":53,"column":6},"end":{"line":53,"column":33}},"15":{"start":{"line":56,"column":19},"end":{"line":61,"column":5}},"16":{"start":{"line":63,"column":4},"end":{"line":69,"column":7}},"17":{"start":{"line":71,"column":4},"end":{"line":71,"column":52}},"18":{"start":{"line":72,"column":4},"end":{"line":75,"column":7}},"19":{"start":{"line":84,"column":0},"end":{"line":102,"column":2}},"20":{"start":{"line":85,"column":2},"end":{"line":101,"column":3}},"21":{"start":{"line":86,"column":31},"end":{"line":86,"column":40}},"22":{"start":{"line":87,"column":19},"end":{"line":90,"column":5}},"23":{"start":{"line":92,"column":4},"end":{"line":95,"column":7}},"24":{"start":{"line":97,"column":4},"end":{"line":100,"column":7}},"25":{"start":{"line":109,"column":0},"end":{"line":129,"column":2}},"26":{"start":{"line":110,"column":2},"end":{"line":128,"column":3}},"27":{"start":{"line":111,"column":35},"end":{"line":111,"column":43}},"28":{"start":{"line":113,"column":19},"end":{"line":117,"column":5}},"29":{"start":{"line":119,"column":4},"end":{"line":122,"column":7}},"30":{"start":{"line":124,"column":4},"end":{"line":127,"column":7}},"31":{"start":{"line":136,"column":0},"end":{"line":150,"column":2}},"32":{"start":{"line":137,"column":2},"end":{"line":149,"column":3}},"33":{"start":{"line":138,"column":19},"end":{"line":138,"column":66}},"34":{"start":{"line":140,"column":4},"end":{"line":143,"column":7}},"35":{"start":{"line":145,"column":4},"end":{"line":148,"column":7}},"36":{"start":{"line":157,"column":0},"end":{"line":189,"column":2}},"37":{"start":{"line":158,"column":2},"end":{"line":188,"column":3}},"38":{"start":{"line":159,"column":63},"end":{"line":159,"column":71}},"39":{"start":{"line":162,"column":4},"end":{"line":167,"column":5}},"40":{"start":{"line":163,"column":6},"end":{"line":166,"column":9}},"41":{"start":{"line":169,"column":19},"end":{"line":177,"column":6}},"42":{"start":{"line":179,"column":4},"end":{"line":182,"column":7}},"43":{"start":{"line":184,"column":4},"end":{"line":187,"column":7}},"44":{"start":{"line":196,"column":0},"end":{"line":212,"column":2}},"45":{"start":{"line":197,"column":2},"end":{"line":211,"column":3}},"46":{"start":{"line":198,"column":21},"end":{"line":198,"column":30}},"47":{"start":{"line":199,"column":20},"end":{"line":199,"column":77}},"48":{"start":{"line":201,"column":4},"end":{"line":205,"column":7}},"49":{"start":{"line":207,"column":4},"end":{"line":210,"column":7}},"50":{"start":{"line":219,"column":0},"end":{"line":236,"column":2}},"51":{"start":{"line":220,"column":2},"end":{"line":235,"column":3}},"52":{"start":{"line":221,"column":19},"end":{"line":224,"column":5}},"53":{"start":{"line":226,"column":4},"end":{"line":229,"column":7}},"54":{"start":{"line":231,"column":4},"end":{"line":234,"column":7}},"55":{"start":{"line":243,"column":0},"end":{"line":257,"column":2}},"56":{"start":{"line":244,"column":2},"end":{"line":256,"column":3}},"57":{"start":{"line":245,"column":19},"end":{"line":245,"column":78}},"58":{"start":{"line":247,"column":4},"end":{"line":250,"column":7}},"59":{"start":{"line":252,"column":4},"end":{"line":255,"column":7}},"60":{"start":{"line":264,"column":0},"end":{"line":299,"column":2}},"61":{"start":{"line":265,"column":2},"end":{"line":298,"column":3}},"62":{"start":{"line":266,"column":32},"end":{"line":266,"column":40}},"63":{"start":{"line":269,"column":4},"end":{"line":274,"column":5}},"64":{"start":{"line":270,"column":6},"end":{"line":273,"column":9}},"65":{"start":{"line":276,"column":4},"end":{"line":281,"column":5}},"66":{"start":{"line":277,"column":6},"end":{"line":280,"column":9}},"67":{"start":{"line":283,"column":21},"end":{"line":287,"column":5}},"68":{"start":{"line":289,"column":4},"end":{"line":292,"column":7}},"69":{"start":{"line":294,"column":4},"end":{"line":297,"column":7}},"70":{"start":{"line":306,"column":0},"end":{"line":320,"column":2}},"71":{"start":{"line":307,"column":2},"end":{"line":319,"column":3}},"72":{"start":{"line":308,"column":19},"end":{"line":308,"column":71}},"73":{"start":{"line":310,"column":4},"end":{"line":313,"column":7}},"74":{"start":{"line":315,"column":4},"end":{"line":318,"column":7}},"75":{"start":{"line":327,"column":0},"end":{"line":344,"column":2}},"76":{"start":{"line":328,"column":2},"end":{"line":343,"column":3}},"77":{"start":{"line":329,"column":21},"end":{"line":332,"column":5}},"78":{"start":{"line":334,"column":4},"end":{"line":337,"column":7}},"79":{"start":{"line":339,"column":4},"end":{"line":342,"column":7}},"80":{"start":{"line":351,"column":0},"end":{"line":369,"column":2}},"81":{"start":{"line":352,"column":2},"end":{"line":368,"column":3}},"82":{"start":{"line":353,"column":19},"end":{"line":357,"column":5}},"83":{"start":{"line":359,"column":4},"end":{"line":362,"column":7}},"84":{"start":{"line":364,"column":4},"end":{"line":367,"column":7}}},"fnMap":{"0":{"name":"(anonymous_0)","decl":{"start":{"line":8,"column":23},"end":{"line":8,"column":24}},"loc":{"start":{"line":8,"column":43},"end":{"line":39,"column":1}},"line":8},"1":{"name":"(anonymous_1)","decl":{"start":{"line":46,"column":24},"end":{"line":46,"column":25}},"loc":{"start":{"line":46,"column":44},"end":{"line":77,"column":1}},"line":46},"2":{"name":"(anonymous_2)","decl":{"start":{"line":84,"column":24},"end":{"line":84,"column":25}},"loc":{"start":{"line":84,"column":44},"end":{"line":102,"column":1}},"line":84},"3":{"name":"(anonymous_3)","decl":{"start":{"line":109,"column":23},"end":{"line":109,"column":24}},"loc":{"start":{"line":109,"column":43},"end":{"line":129,"column":1}},"line":109},"4":{"name":"(anonymous_4)","decl":{"start":{"line":136,"column":23},"end":{"line":136,"column":24}},"loc":{"start":{"line":136,"column":43},"end":{"line":150,"column":1}},"line":136},"5":{"name":"(anonymous_5)","decl":{"start":{"line":157,"column":26},"end":{"line":157,"column":27}},"loc":{"start":{"line":157,"column":46},"end":{"line":189,"column":1}},"line":157},"6":{"name":"(anonymous_6)","decl":{"start":{"line":196,"column":27},"end":{"line":196,"column":28}},"loc":{"start":{"line":196,"column":47},"end":{"line":212,"column":1}},"line":196},"7":{"name":"(anonymous_7)","decl":{"start":{"line":219,"column":29},"end":{"line":219,"column":30}},"loc":{"start":{"line":219,"column":49},"end":{"line":236,"column":1}},"line":219},"8":{"name":"(anonymous_8)","decl":{"start":{"line":243,"column":29},"end":{"line":243,"column":30}},"loc":{"start":{"line":243,"column":49},"end":{"line":257,"column":1}},"line":243},"9":{"name":"(anonymous_9)","decl":{"start":{"line":264,"column":30},"end":{"line":264,"column":31}},"loc":{"start":{"line":264,"column":50},"end":{"line":299,"column":1}},"line":264},"10":{"name":"(anonymous_10)","decl":{"start":{"line":306,"column":28},"end":{"line":306,"column":29}},"loc":{"start":{"line":306,"column":48},"end":{"line":320,"column":1}},"line":306},"11":{"name":"(anonymous_11)","decl":{"start":{"line":327,"column":30},"end":{"line":327,"column":31}},"loc":{"start":{"line":327,"column":50},"end":{"line":344,"column":1}},"line":327},"12":{"name":"(anonymous_12)","decl":{"start":{"line":351,"column":25},"end":{"line":351,"column":26}},"loc":{"start":{"line":351,"column":45},"end":{"line":369,"column":1}},"line":351}},"branchMap":{"0":{"loc":{"start":{"line":13,"column":4},"end":{"line":19,"column":5}},"type":"if","locations":[{"start":{"line":13,"column":4},"end":{"line":19,"column":5}},{"start":{},"end":{}}],"line":13},"1":{"loc":{"start":{"line":13,"column":8},"end":{"line":13,"column":44}},"type":"binary-expr","locations":[{"start":{"line":13,"column":8},"end":{"line":13,"column":19}},{"start":{"line":13,"column":23},"end":{"line":13,"column":28}},{"start":{"line":13,"column":32},"end":{"line":13,"column":44}}],"line":13},"2":{"loc":{"start":{"line":25,"column":18},"end":{"line":25,"column":41}},"type":"binary-expr","locations":[{"start":{"line":25,"column":18},"end":{"line":25,"column":28}},{"start":{"line":25,"column":32},"end":{"line":25,"column":41}}],"line":25},"3":{"loc":{"start":{"line":26,"column":16},"end":{"line":26,"column":56}},"type":"cond-expr","locations":[{"start":{"line":26,"column":41},"end":{"line":26,"column":49}},{"start":{"line":26,"column":52},"end":{"line":26,"column":56}}],"line":26},"4":{"loc":{"start":{"line":48,"column":12},"end":{"line":48,"column":20}},"type":"default-arg","locations":[{"start":{"line":48,"column":19},"end":{"line":48,"column":20}}],"line":48},"5":{"loc":{"start":{"line":48,"column":22},"end":{"line":48,"column":32}},"type":"default-arg","locations":[{"start":{"line":48,"column":30},"end":{"line":48,"column":32}}],"line":48},"6":{"loc":{"start":{"line":48,"column":34},"end":{"line":48,"column":45}},"type":"default-arg","locations":[{"start":{"line":48,"column":43},"end":{"line":48,"column":45}}],"line":48},"7":{"loc":{"start":{"line":52,"column":4},"end":{"line":54,"column":5}},"type":"if","locations":[{"start":{"line":52,"column":4},"end":{"line":54,"column":5}},{"start":{},"end":{}}],"line":52},"8":{"loc":{"start":{"line":52,"column":8},"end":{"line":52,"column":47}},"type":"binary-expr","locations":[{"start":{"line":52,"column":8},"end":{"line":52,"column":16}},{"start":{"line":52,"column":20},"end":{"line":52,"column":47}}],"line":52},"9":{"loc":{"start":{"line":162,"column":4},"end":{"line":167,"column":5}},"type":"if","locations":[{"start":{"line":162,"column":4},"end":{"line":167,"column":5}},{"start":{},"end":{}}],"line":162},"10":{"loc":{"start":{"line":162,"column":8},"end":{"line":162,"column":31}},"type":"binary-expr","locations":[{"start":{"line":162,"column":8},"end":{"line":162,"column":14}},{"start":{"line":162,"column":18},"end":{"line":162,"column":23}},{"start":{"line":162,"column":27},"end":{"line":162,"column":31}}],"line":162},"11":{"loc":{"start":{"line":175,"column":13},"end":{"line":175,"column":23}},"type":"binary-expr","locations":[{"start":{"line":175,"column":13},"end":{"line":175,"column":18}},{"start":{"line":175,"column":22},"end":{"line":175,"column":23}}],"line":175},"12":{"loc":{"start":{"line":176,"column":16},"end":{"line":176,"column":56}},"type":"cond-expr","locations":[{"start":{"line":176,"column":41},"end":{"line":176,"column":49}},{"start":{"line":176,"column":52},"end":{"line":176,"column":56}}],"line":176},"13":{"loc":{"start":{"line":269,"column":4},"end":{"line":274,"column":5}},"type":"if","locations":[{"start":{"line":269,"column":4},"end":{"line":274,"column":5}},{"start":{},"end":{}}],"line":269},"14":{"loc":{"start":{"line":269,"column":8},"end":{"line":269,"column":47}},"type":"binary-expr","locations":[{"start":{"line":269,"column":8},"end":{"line":269,"column":28}},{"start":{"line":269,"column":32},"end":{"line":269,"column":47}}],"line":269},"15":{"loc":{"start":{"line":276,"column":4},"end":{"line":281,"column":5}},"type":"if","locations":[{"start":{"line":276,"column":4},"end":{"line":281,"column":5}},{"start":{},"end":{}}],"line":276},"16":{"loc":{"start":{"line":276,"column":8},"end":{"line":276,"column":32}},"type":"binary-expr","locations":[{"start":{"line":276,"column":8},"end":{"line":276,"column":18}},{"start":{"line":276,"column":22},"end":{"line":276,"column":32}}],"line":276}},"s":{"0":4,"1":4,"2":10,"3":10,"4":10,"5":2,"6":8,"7":5,"8":3,"9":4,"10":5,"11":5,"12":5,"13":5,"14":0,"15":5,"16":5,"17":0,"18":0,"19":4,"20":6,"21":6,"22":6,"23":4,"24":2,"25":4,"26":5,"27":5,"28":5,"29":4,"30":1,"31":4,"32":3,"33":3,"34":2,"35":1,"36":4,"37":4,"38":4,"39":4,"40":1,"41":3,"42":3,"43":0,"44":4,"45":4,"46":4,"47":4,"48":4,"49":0,"50":4,"51":3,"52":3,"53":3,"54":0,"55":4,"56":3,"57":3,"58":3,"59":0,"60":4,"61":8,"62":8,"63":8,"64":2,"65":6,"66":3,"67":3,"68":3,"69":0,"70":4,"71":2,"72":2,"73":2,"74":0,"75":4,"76":3,"77":3,"78":3,"79":0,"80":4,"81":5,"82":5,"83":3,"84":2},"f":{"0":10,"1":5,"2":6,"3":5,"4":3,"5":4,"6":4,"7":3,"8":3,"9":8,"10":2,"11":3,"12":5},"b":{"0":[2,8],"1":[10,10,8],"2":[8,3],"3":[0,8],"4":[4],"5":[4],"6":[2],"7":[0,5],"8":[5,5],"9":[1,3],"10":[4,4,3],"11":[3,3],"12":[0,3],"13":[2,6],"14":[8,6],"15":[3,3],"16":[6,5]},"_coverageSchema":"1a1c01bbd47fc00a2c39e90264f33305004495a9","hash":"efcf78e467dd364f083629338474778e19beafc3"}
,"/Users/greg/purdue-bootcamp/capstone-project/PurdueUniversity-Capstone-Project-LearnEasePro/backend/src/controllers/courseEnrollmentController.js": {"path":"/Users/greg/purdue-bootcamp/capstone-project/PurdueUniversity-Capstone-Project-LearnEasePro/backend/src/controllers/courseEnrollmentController.js","statementMap":{"0":{"start":{"line":1,"column":32},"end":{"line":1,"column":78}},"1":{"start":{"line":8,"column":0},"end":{"line":45,"column":2}},"2":{"start":{"line":9,"column":2},"end":{"line":44,"column":3}},"3":{"start":{"line":10,"column":50},"end":{"line":10,"column":58}},"4":{"start":{"line":13,"column":4},"end":{"line":18,"column":5}},"5":{"start":{"line":14,"column":6},"end":{"line":17,"column":9}},"6":{"start":{"line":21,"column":4},"end":{"line":26,"column":5}},"7":{"start":{"line":22,"column":6},"end":{"line":25,"column":9}},"8":{"start":{"line":28,"column":23},"end":{"line":33,"column":6}},"9":{"start":{"line":35,"column":4},"end":{"line":38,"column":7}},"10":{"start":{"line":40,"column":4},"end":{"line":43,"column":7}},"11":{"start":{"line":52,"column":0},"end":{"line":83,"column":2}},"12":{"start":{"line":53,"column":2},"end":{"line":82,"column":3}},"13":{"start":{"line":54,"column":66},"end":{"line":54,"column":75}},"14":{"start":{"line":57,"column":25},"end":{"line":57,"column":34}},"15":{"start":{"line":58,"column":4},"end":{"line":60,"column":5}},"16":{"start":{"line":59,"column":6},"end":{"line":59,"column":35}},"17":{"start":{"line":62,"column":19},"end":{"line":68,"column":5}},"18":{"start":{"line":70,"column":4},"end":{"line":76,"column":7}},"19":{"start":{"line":78,"column":4},"end":{"line":81,"column":7}},"20":{"start":{"line":90,"column":0},"end":{"line":117,"column":2}},"21":{"start":{"line":91,"column":2},"end":{"line":116,"column":3}},"22":{"start":{"line":92,"column":23},"end":{"line":94,"column":5}},"23":{"start":{"line":97,"column":4},"end":{"line":105,"column":5}},"24":{"start":{"line":101,"column":6},"end":{"line":104,"column":9}},"25":{"start":{"line":107,"column":4},"end":{"line":110,"column":7}},"26":{"start":{"line":112,"column":4},"end":{"line":115,"column":7}},"27":{"start":{"line":124,"column":0},"end":{"line":143,"column":2}},"28":{"start":{"line":125,"column":2},"end":{"line":142,"column":3}},"29":{"start":{"line":126,"column":23},"end":{"line":126,"column":32}},"30":{"start":{"line":127,"column":24},"end":{"line":130,"column":5}},"31":{"start":{"line":132,"column":4},"end":{"line":136,"column":7}},"32":{"start":{"line":138,"column":4},"end":{"line":141,"column":7}},"33":{"start":{"line":150,"column":0},"end":{"line":177,"column":2}},"34":{"start":{"line":151,"column":2},"end":{"line":176,"column":3}},"35":{"start":{"line":153,"column":4},"end":{"line":158,"column":5}},"36":{"start":{"line":154,"column":6},"end":{"line":157,"column":9}},"37":{"start":{"line":160,"column":23},"end":{"line":160,"column":32}},"38":{"start":{"line":161,"column":24},"end":{"line":164,"column":5}},"39":{"start":{"line":166,"column":4},"end":{"line":170,"column":7}},"40":{"start":{"line":172,"column":4},"end":{"line":175,"column":7}},"41":{"start":{"line":184,"column":0},"end":{"line":203,"column":2}},"42":{"start":{"line":185,"column":2},"end":{"line":202,"column":3}},"43":{"start":{"line":186,"column":23},"end":{"line":186,"column":31}},"44":{"start":{"line":188,"column":23},"end":{"line":191,"column":5}},"45":{"start":{"line":193,"column":4},"end":{"line":196,"column":7}},"46":{"start":{"line":198,"column":4},"end":{"line":201,"column":7}},"47":{"start":{"line":210,"column":0},"end":{"line":237,"column":2}},"48":{"start":{"line":211,"column":2},"end":{"line":236,"column":3}},"49":{"start":{"line":212,"column":33},"end":{"line":212,"column":41}},"50":{"start":{"line":214,"column":4},"end":{"line":219,"column":5}},"51":{"start":{"line":215,"column":6},"end":{"line":218,"column":9}},"52":{"start":{"line":221,"column":23},"end":{"line":225,"column":5}},"53":{"start":{"line":227,"column":4},"end":{"line":230,"column":7}},"54":{"start":{"line":232,"column":4},"end":{"line":235,"column":7}},"55":{"start":{"line":244,"column":0},"end":{"line":276,"column":2}},"56":{"start":{"line":245,"column":2},"end":{"line":275,"column":3}},"57":{"start":{"line":247,"column":23},"end":{"line":249,"column":5}},"58":{"start":{"line":252,"column":4},"end":{"line":260,"column":5}},"59":{"start":{"line":256,"column":6},"end":{"line":259,"column":9}},"60":{"start":{"line":262,"column":19},"end":{"line":264,"column":5}},"61":{"start":{"line":266,"column":4},"end":{"line":269,"column":7}},"62":{"start":{"line":271,"column":4},"end":{"line":274,"column":7}},"63":{"start":{"line":283,"column":0},"end":{"line":299,"column":2}},"64":{"start":{"line":284,"column":2},"end":{"line":298,"column":3}},"65":{"start":{"line":285,"column":18},"end":{"line":287,"column":5}},"66":{"start":{"line":289,"column":4},"end":{"line":292,"column":7}},"67":{"start":{"line":294,"column":4},"end":{"line":297,"column":7}},"68":{"start":{"line":306,"column":0},"end":{"line":330,"column":2}},"69":{"start":{"line":307,"column":2},"end":{"line":329,"column":3}},"70":{"start":{"line":309,"column":4},"end":{"line":314,"column":5}},"71":{"start":{"line":310,"column":6},"end":{"line":313,"column":9}},"72":{"start":{"line":316,"column":18},"end":{"line":318,"column":5}},"73":{"start":{"line":320,"column":4},"end":{"line":323,"column":7}},"74":{"start":{"line":325,"column":4},"end":{"line":328,"column":7}},"75":{"start":{"line":337,"column":0},"end":{"line":351,"column":2}},"76":{"start":{"line":338,"column":2},"end":{"line":350,"column":3}},"77":{"start":{"line":339,"column":18},"end":{"line":339,"column":74}},"78":{"start":{"line":341,"column":4},"end":{"line":344,"column":7}},"79":{"start":{"line":346,"column":4},"end":{"line":349,"column":7}}},"fnMap":{"0":{"name":"(anonymous_0)","decl":{"start":{"line":8,"column":27},"end":{"line":8,"column":28}},"loc":{"start":{"line":8,"column":47},"end":{"line":45,"column":1}},"line":8},"1":{"name":"(anonymous_1)","decl":{"start":{"line":52,"column":28},"end":{"line":52,"column":29}},"loc":{"start":{"line":52,"column":48},"end":{"line":83,"column":1}},"line":52},"2":{"name":"(anonymous_2)","decl":{"start":{"line":90,"column":28},"end":{"line":90,"column":29}},"loc":{"start":{"line":90,"column":48},"end":{"line":117,"column":1}},"line":90},"3":{"name":"(anonymous_3)","decl":{"start":{"line":124,"column":33},"end":{"line":124,"column":34}},"loc":{"start":{"line":124,"column":53},"end":{"line":143,"column":1}},"line":124},"4":{"name":"(anonymous_4)","decl":{"start":{"line":150,"column":34},"end":{"line":150,"column":35}},"loc":{"start":{"line":150,"column":54},"end":{"line":177,"column":1}},"line":150},"5":{"name":"(anonymous_5)","decl":{"start":{"line":184,"column":27},"end":{"line":184,"column":28}},"loc":{"start":{"line":184,"column":47},"end":{"line":203,"column":1}},"line":184},"6":{"name":"(anonymous_6)","decl":{"start":{"line":210,"column":33},"end":{"line":210,"column":34}},"loc":{"start":{"line":210,"column":53},"end":{"line":237,"column":1}},"line":210},"7":{"name":"(anonymous_7)","decl":{"start":{"line":244,"column":27},"end":{"line":244,"column":28}},"loc":{"start":{"line":244,"column":47},"end":{"line":276,"column":1}},"line":244},"8":{"name":"(anonymous_8)","decl":{"start":{"line":283,"column":35},"end":{"line":283,"column":36}},"loc":{"start":{"line":283,"column":55},"end":{"line":299,"column":1}},"line":283},"9":{"name":"(anonymous_9)","decl":{"start":{"line":306,"column":36},"end":{"line":306,"column":37}},"loc":{"start":{"line":306,"column":56},"end":{"line":330,"column":1}},"line":306},"10":{"name":"(anonymous_10)","decl":{"start":{"line":337,"column":35},"end":{"line":337,"column":36}},"loc":{"start":{"line":337,"column":55},"end":{"line":351,"column":1}},"line":337}},"branchMap":{"0":{"loc":{"start":{"line":13,"column":4},"end":{"line":18,"column":5}},"type":"if","locations":[{"start":{"line":13,"column":4},"end":{"line":18,"column":5}},{"start":{},"end":{}}],"line":13},"1":{"loc":{"start":{"line":13,"column":8},"end":{"line":13,"column":27}},"type":"binary-expr","locations":[{"start":{"line":13,"column":8},"end":{"line":13,"column":15}},{"start":{"line":13,"column":19},"end":{"line":13,"column":27}}],"line":13},"2":{"loc":{"start":{"line":21,"column":4},"end":{"line":26,"column":5}},"type":"if","locations":[{"start":{"line":21,"column":4},"end":{"line":26,"column":5}},{"start":{},"end":{}}],"line":21},"3":{"loc":{"start":{"line":21,"column":8},"end":{"line":21,"column":62}},"type":"binary-expr","locations":[{"start":{"line":21,"column":8},"end":{"line":21,"column":35}},{"start":{"line":21,"column":39},"end":{"line":21,"column":62}}],"line":21},"4":{"loc":{"start":{"line":54,"column":12},"end":{"line":54,"column":20}},"type":"default-arg","locations":[{"start":{"line":54,"column":19},"end":{"line":54,"column":20}}],"line":54},"5":{"loc":{"start":{"line":54,"column":22},"end":{"line":54,"column":32}},"type":"default-arg","locations":[{"start":{"line":54,"column":30},"end":{"line":54,"column":32}}],"line":54},"6":{"loc":{"start":{"line":58,"column":4},"end":{"line":60,"column":5}},"type":"if","locations":[{"start":{"line":58,"column":4},"end":{"line":60,"column":5}},{"start":{},"end":{}}],"line":58},"7":{"loc":{"start":{"line":97,"column":4},"end":{"line":105,"column":5}},"type":"if","locations":[{"start":{"line":97,"column":4},"end":{"line":105,"column":5}},{"start":{},"end":{}}],"line":97},"8":{"loc":{"start":{"line":98,"column":6},"end":{"line":99,"column":55}},"type":"binary-expr","locations":[{"start":{"line":98,"column":6},"end":{"line":98,"column":33}},{"start":{"line":99,"column":6},"end":{"line":99,"column":55}}],"line":98},"9":{"loc":{"start":{"line":153,"column":4},"end":{"line":158,"column":5}},"type":"if","locations":[{"start":{"line":153,"column":4},"end":{"line":158,"column":5}},{"start":{},"end":{}}],"line":153},"10":{"loc":{"start":{"line":153,"column":8},"end":{"line":153,"column":75}},"type":"binary-expr","locations":[{"start":{"line":153,"column":8},"end":{"line":153,"column":35}},{"start":{"line":153,"column":39},"end":{"line":153,"column":75}}],"line":153},"11":{"loc":{"start":{"line":214,"column":4},"end":{"line":219,"column":5}},"type":"if","locations":[{"start":{"line":214,"column":4},"end":{"line":219,"column":5}},{"start":{},"end":{}}],"line":214},"12":{"loc":{"start":{"line":252,"column":4},"end":{"line":260,"column":5}},"type":"if","locations":[{"start":{"line":252,"column":4},"end":{"line":260,"column":5}},{"start":{},"end":{}}],"line":252},"13":{"loc":{"start":{"line":253,"column":6},"end":{"line":254,"column":55}},"type":"binary-expr","locations":[{"start":{"line":253,"column":6},"end":{"line":253,"column":33}},{"start":{"line":254,"column":6},"end":{"line":254,"column":55}}],"line":253},"14":{"loc":{"start":{"line":309,"column":4},"end":{"line":314,"column":5}},"type":"if","locations":[{"start":{"line":309,"column":4},"end":{"line":314,"column":5}},{"start":{},"end":{}}],"line":309},"15":{"loc":{"start":{"line":309,"column":8},"end":{"line":309,"column":75}},"type":"binary-expr","locations":[{"start":{"line":309,"column":8},"end":{"line":309,"column":35}},{"start":{"line":309,"column":39},"end":{"line":309,"column":75}}],"line":309}},"s":{"0":3,"1":3,"2":0,"3":0,"4":0,"5":0,"6":0,"7":0,"8":0,"9":0,"10":0,"11":3,"12":0,"13":0,"14":0,"15":0,"16":0,"17":0,"18":0,"19":0,"20":3,"21":0,"22":0,"23":0,"24":0,"25":0,"26":0,"27":3,"28":0,"29":0,"30":0,"31":0,"32":0,"33":3,"34":0,"35":0,"36":0,"37":0,"38":0,"39":0,"40":0,"41":3,"42":0,"43":0,"44":0,"45":0,"46":0,"47":3,"48":0,"49":0,"50":0,"51":0,"52":0,"53":0,"54":0,"55":3,"56":0,"57":0,"58":0,"59":0,"60":0,"61":0,"62":0,"63":3,"64":0,"65":0,"66":0,"67":0,"68":3,"69":0,"70":0,"71":0,"72":0,"73":0,"74":0,"75":3,"76":0,"77":0,"78":0,"79":0},"f":{"0":0,"1":0,"2":0,"3":0,"4":0,"5":0,"6":0,"7":0,"8":0,"9":0,"10":0},"b":{"0":[0,0],"1":[0,0],"2":[0,0],"3":[0,0],"4":[0],"5":[0],"6":[0,0],"7":[0,0],"8":[0,0],"9":[0,0],"10":[0,0],"11":[0,0],"12":[0,0],"13":[0,0],"14":[0,0],"15":[0,0]},"_coverageSchema":"1a1c01bbd47fc00a2c39e90264f33305004495a9","hash":"3cb1666b7f8283c8e40e08460c42bae3d878e4f2"}
,"/Users/greg/purdue-bootcamp/capstone-project/PurdueUniversity-Capstone-Project-LearnEasePro/backend/src/controllers/coursePostController.js": {"path":"/Users/greg/purdue-bootcamp/capstone-project/PurdueUniversity-Capstone-Project-LearnEasePro/backend/src/controllers/coursePostController.js","statementMap":{"0":{"start":{"line":1,"column":26},"end":{"line":1,"column":66}},"1":{"start":{"line":8,"column":0},"end":{"line":38,"column":2}},"2":{"start":{"line":9,"column":2},"end":{"line":37,"column":3}},"3":{"start":{"line":10,"column":25},"end":{"line":10,"column":35}},"4":{"start":{"line":11,"column":31},"end":{"line":11,"column":39}},"5":{"start":{"line":12,"column":19},"end":{"line":12,"column":30}},"6":{"start":{"line":14,"column":4},"end":{"line":19,"column":5}},"7":{"start":{"line":15,"column":6},"end":{"line":18,"column":9}},"8":{"start":{"line":21,"column":17},"end":{"line":26,"column":6}},"9":{"start":{"line":28,"column":4},"end":{"line":31,"column":7}},"10":{"start":{"line":33,"column":4},"end":{"line":36,"column":7}},"11":{"start":{"line":45,"column":0},"end":{"line":70,"column":2}},"12":{"start":{"line":46,"column":2},"end":{"line":69,"column":3}},"13":{"start":{"line":47,"column":25},"end":{"line":47,"column":35}},"14":{"start":{"line":48,"column":37},"end":{"line":48,"column":46}},"15":{"start":{"line":50,"column":19},"end":{"line":53,"column":6}},"16":{"start":{"line":55,"column":4},"end":{"line":63,"column":7}},"17":{"start":{"line":65,"column":4},"end":{"line":68,"column":7}},"18":{"start":{"line":77,"column":0},"end":{"line":92,"column":2}},"19":{"start":{"line":78,"column":2},"end":{"line":91,"column":3}},"20":{"start":{"line":79,"column":19},"end":{"line":79,"column":29}},"21":{"start":{"line":80,"column":17},"end":{"line":80,"column":56}},"22":{"start":{"line":82,"column":4},"end":{"line":85,"column":7}},"23":{"start":{"line":87,"column":4},"end":{"line":90,"column":7}},"24":{"start":{"line":99,"column":0},"end":{"line":121,"column":2}},"25":{"start":{"line":100,"column":2},"end":{"line":120,"column":3}},"26":{"start":{"line":101,"column":19},"end":{"line":101,"column":29}},"27":{"start":{"line":102,"column":31},"end":{"line":102,"column":39}},"28":{"start":{"line":103,"column":19},"end":{"line":103,"column":30}},"29":{"start":{"line":104,"column":21},"end":{"line":104,"column":34}},"30":{"start":{"line":106,"column":17},"end":{"line":109,"column":6}},"31":{"start":{"line":111,"column":4},"end":{"line":114,"column":7}},"32":{"start":{"line":116,"column":4},"end":{"line":119,"column":7}},"33":{"start":{"line":128,"column":0},"end":{"line":146,"column":2}},"34":{"start":{"line":129,"column":2},"end":{"line":145,"column":3}},"35":{"start":{"line":130,"column":19},"end":{"line":130,"column":29}},"36":{"start":{"line":131,"column":19},"end":{"line":131,"column":30}},"37":{"start":{"line":132,"column":21},"end":{"line":132,"column":34}},"38":{"start":{"line":134,"column":4},"end":{"line":134,"column":61}},"39":{"start":{"line":136,"column":4},"end":{"line":139,"column":7}},"40":{"start":{"line":141,"column":4},"end":{"line":144,"column":7}},"41":{"start":{"line":153,"column":0},"end":{"line":170,"column":2}},"42":{"start":{"line":154,"column":2},"end":{"line":169,"column":3}},"43":{"start":{"line":155,"column":19},"end":{"line":155,"column":29}},"44":{"start":{"line":156,"column":21},"end":{"line":156,"column":34}},"45":{"start":{"line":158,"column":17},"end":{"line":158,"column":68}},"46":{"start":{"line":160,"column":4},"end":{"line":163,"column":7}},"47":{"start":{"line":165,"column":4},"end":{"line":168,"column":7}},"48":{"start":{"line":177,"column":0},"end":{"line":206,"column":2}},"49":{"start":{"line":178,"column":2},"end":{"line":205,"column":3}},"50":{"start":{"line":179,"column":23},"end":{"line":179,"column":33}},"51":{"start":{"line":180,"column":24},"end":{"line":180,"column":32}},"52":{"start":{"line":181,"column":19},"end":{"line":181,"column":30}},"53":{"start":{"line":183,"column":4},"end":{"line":188,"column":5}},"54":{"start":{"line":184,"column":6},"end":{"line":187,"column":9}},"55":{"start":{"line":190,"column":18},"end":{"line":194,"column":6}},"56":{"start":{"line":196,"column":4},"end":{"line":199,"column":7}},"57":{"start":{"line":201,"column":4},"end":{"line":204,"column":7}},"58":{"start":{"line":213,"column":0},"end":{"line":238,"column":2}},"59":{"start":{"line":214,"column":2},"end":{"line":237,"column":3}},"60":{"start":{"line":215,"column":23},"end":{"line":215,"column":33}},"61":{"start":{"line":216,"column":37},"end":{"line":216,"column":46}},"62":{"start":{"line":218,"column":19},"end":{"line":221,"column":6}},"63":{"start":{"line":223,"column":4},"end":{"line":231,"column":7}},"64":{"start":{"line":233,"column":4},"end":{"line":236,"column":7}},"65":{"start":{"line":245,"column":0},"end":{"line":266,"column":2}},"66":{"start":{"line":246,"column":2},"end":{"line":265,"column":3}},"67":{"start":{"line":247,"column":19},"end":{"line":247,"column":29}},"68":{"start":{"line":248,"column":24},"end":{"line":248,"column":32}},"69":{"start":{"line":249,"column":19},"end":{"line":249,"column":30}},"70":{"start":{"line":250,"column":21},"end":{"line":250,"column":34}},"71":{"start":{"line":252,"column":18},"end":{"line":254,"column":6}},"72":{"start":{"line":256,"column":4},"end":{"line":259,"column":7}},"73":{"start":{"line":261,"column":4},"end":{"line":264,"column":7}},"74":{"start":{"line":273,"column":0},"end":{"line":291,"column":2}},"75":{"start":{"line":274,"column":2},"end":{"line":290,"column":3}},"76":{"start":{"line":275,"column":19},"end":{"line":275,"column":29}},"77":{"start":{"line":276,"column":19},"end":{"line":276,"column":30}},"78":{"start":{"line":277,"column":21},"end":{"line":277,"column":34}},"79":{"start":{"line":279,"column":4},"end":{"line":279,"column":62}},"80":{"start":{"line":281,"column":4},"end":{"line":284,"column":7}},"81":{"start":{"line":286,"column":4},"end":{"line":289,"column":7}}},"fnMap":{"0":{"name":"(anonymous_0)","decl":{"start":{"line":8,"column":21},"end":{"line":8,"column":22}},"loc":{"start":{"line":8,"column":41},"end":{"line":38,"column":1}},"line":8},"1":{"name":"(anonymous_1)","decl":{"start":{"line":45,"column":27},"end":{"line":45,"column":28}},"loc":{"start":{"line":45,"column":47},"end":{"line":70,"column":1}},"line":45},"2":{"name":"(anonymous_2)","decl":{"start":{"line":77,"column":22},"end":{"line":77,"column":23}},"loc":{"start":{"line":77,"column":42},"end":{"line":92,"column":1}},"line":77},"3":{"name":"(anonymous_3)","decl":{"start":{"line":99,"column":21},"end":{"line":99,"column":22}},"loc":{"start":{"line":99,"column":41},"end":{"line":121,"column":1}},"line":99},"4":{"name":"(anonymous_4)","decl":{"start":{"line":128,"column":21},"end":{"line":128,"column":22}},"loc":{"start":{"line":128,"column":41},"end":{"line":146,"column":1}},"line":128},"5":{"name":"(anonymous_5)","decl":{"start":{"line":153,"column":24},"end":{"line":153,"column":25}},"loc":{"start":{"line":153,"column":44},"end":{"line":170,"column":1}},"line":153},"6":{"name":"(anonymous_6)","decl":{"start":{"line":177,"column":22},"end":{"line":177,"column":23}},"loc":{"start":{"line":177,"column":42},"end":{"line":206,"column":1}},"line":177},"7":{"name":"(anonymous_7)","decl":{"start":{"line":213,"column":27},"end":{"line":213,"column":28}},"loc":{"start":{"line":213,"column":47},"end":{"line":238,"column":1}},"line":213},"8":{"name":"(anonymous_8)","decl":{"start":{"line":245,"column":22},"end":{"line":245,"column":23}},"loc":{"start":{"line":245,"column":42},"end":{"line":266,"column":1}},"line":245},"9":{"name":"(anonymous_9)","decl":{"start":{"line":273,"column":22},"end":{"line":273,"column":23}},"loc":{"start":{"line":273,"column":42},"end":{"line":291,"column":1}},"line":273}},"branchMap":{"0":{"loc":{"start":{"line":14,"column":4},"end":{"line":19,"column":5}},"type":"if","locations":[{"start":{"line":14,"column":4},"end":{"line":19,"column":5}},{"start":{},"end":{}}],"line":14},"1":{"loc":{"start":{"line":14,"column":8},"end":{"line":14,"column":26}},"type":"binary-expr","locations":[{"start":{"line":14,"column":8},"end":{"line":14,"column":14}},{"start":{"line":14,"column":18},"end":{"line":14,"column":26}}],"line":14},"2":{"loc":{"start":{"line":48,"column":12},"end":{"line":48,"column":20}},"type":"default-arg","locations":[{"start":{"line":48,"column":19},"end":{"line":48,"column":20}}],"line":48},"3":{"loc":{"start":{"line":48,"column":22},"end":{"line":48,"column":32}},"type":"default-arg","locations":[{"start":{"line":48,"column":30},"end":{"line":48,"column":32}}],"line":48},"4":{"loc":{"start":{"line":183,"column":4},"end":{"line":188,"column":5}},"type":"if","locations":[{"start":{"line":183,"column":4},"end":{"line":188,"column":5}},{"start":{},"end":{}}],"line":183},"5":{"loc":{"start":{"line":216,"column":12},"end":{"line":216,"column":20}},"type":"default-arg","locations":[{"start":{"line":216,"column":19},"end":{"line":216,"column":20}}],"line":216},"6":{"loc":{"start":{"line":216,"column":22},"end":{"line":216,"column":32}},"type":"default-arg","locations":[{"start":{"line":216,"column":30},"end":{"line":216,"column":32}}],"line":216}},"s":{"0":3,"1":3,"2":0,"3":0,"4":0,"5":0,"6":0,"7":0,"8":0,"9":0,"10":0,"11":3,"12":0,"13":0,"14":0,"15":0,"16":0,"17":0,"18":3,"19":0,"20":0,"21":0,"22":0,"23":0,"24":3,"25":0,"26":0,"27":0,"28":0,"29":0,"30":0,"31":0,"32":0,"33":3,"34":0,"35":0,"36":0,"37":0,"38":0,"39":0,"40":0,"41":3,"42":0,"43":0,"44":0,"45":0,"46":0,"47":0,"48":3,"49":0,"50":0,"51":0,"52":0,"53":0,"54":0,"55":0,"56":0,"57":0,"58":3,"59":0,"60":0,"61":0,"62":0,"63":0,"64":0,"65":3,"66":0,"67":0,"68":0,"69":0,"70":0,"71":0,"72":0,"73":0,"74":3,"75":0,"76":0,"77":0,"78":0,"79":0,"80":0,"81":0},"f":{"0":0,"1":0,"2":0,"3":0,"4":0,"5":0,"6":0,"7":0,"8":0,"9":0},"b":{"0":[0,0],"1":[0,0],"2":[0],"3":[0],"4":[0,0],"5":[0],"6":[0]},"_coverageSchema":"1a1c01bbd47fc00a2c39e90264f33305004495a9","hash":"e5f6fe6428f8e2b2b0b81b87896105f68eabdd40"}
,"/Users/greg/purdue-bootcamp/capstone-project/PurdueUniversity-Capstone-Project-LearnEasePro/backend/src/controllers/uploadController.js": {"path":"/Users/greg/purdue-bootcamp/capstone-project/PurdueUniversity-Capstone-Project-LearnEasePro/backend/src/controllers/uploadController.js","statementMap":{"0":{"start":{"line":1,"column":13},"end":{"line":1,"column":28}},"1":{"start":{"line":2,"column":11},"end":{"line":2,"column":24}},"2":{"start":{"line":3,"column":22},"end":{"line":3,"column":58}},"3":{"start":{"line":10,"column":0},"end":{"line":91,"column":2}},"4":{"start":{"line":11,"column":2},"end":{"line":90,"column":3}},"5":{"start":{"line":12,"column":4},"end":{"line":17,"column":5}},"6":{"start":{"line":13,"column":6},"end":{"line":16,"column":9}},"7":{"start":{"line":19,"column":48},"end":{"line":19,"column":56}},"8":{"start":{"line":20,"column":21},"end":{"line":20,"column":34}},"9":{"start":{"line":23,"column":19},"end":{"line":23,"column":62}},"10":{"start":{"line":24,"column":4},"end":{"line":31,"column":5}},"11":{"start":{"line":26,"column":6},"end":{"line":26,"column":35}},"12":{"start":{"line":27,"column":6},"end":{"line":30,"column":9}},"13":{"start":{"line":34,"column":23},"end":{"line":34,"column":27}},"14":{"start":{"line":35,"column":4},"end":{"line":48,"column":5}},"15":{"start":{"line":36,"column":23},"end":{"line":36,"column":40}},"16":{"start":{"line":37,"column":6},"end":{"line":47,"column":7}},"17":{"start":{"line":38,"column":8},"end":{"line":38,"column":31}},"18":{"start":{"line":39,"column":13},"end":{"line":47,"column":7}},"19":{"start":{"line":44,"column":8},"end":{"line":44,"column":38}},"20":{"start":{"line":46,"column":8},"end":{"line":46,"column":34}},"21":{"start":{"line":51,"column":20},"end":{"line":53,"column":6}},"22":{"start":{"line":55,"column":19},"end":{"line":63,"column":6}},"23":{"start":{"line":65,"column":4},"end":{"line":75,"column":7}},"24":{"start":{"line":78,"column":4},"end":{"line":84,"column":5}},"25":{"start":{"line":79,"column":6},"end":{"line":83,"column":7}},"26":{"start":{"line":80,"column":8},"end":{"line":80,"column":37}},"27":{"start":{"line":82,"column":8},"end":{"line":82,"column":59}},"28":{"start":{"line":86,"column":4},"end":{"line":89,"column":7}},"29":{"start":{"line":98,"column":0},"end":{"line":134,"column":2}},"30":{"start":{"line":99,"column":2},"end":{"line":133,"column":3}},"31":{"start":{"line":100,"column":19},"end":{"line":100,"column":79}},"32":{"start":{"line":102,"column":4},"end":{"line":107,"column":5}},"33":{"start":{"line":103,"column":6},"end":{"line":106,"column":9}},"34":{"start":{"line":110,"column":4},"end":{"line":119,"column":5}},"35":{"start":{"line":111,"column":23},"end":{"line":111,"column":64}},"36":{"start":{"line":112,"column":6},"end":{"line":118,"column":7}},"37":{"start":{"line":113,"column":8},"end":{"line":117,"column":9}},"38":{"start":{"line":114,"column":10},"end":{"line":114,"column":34}},"39":{"start":{"line":116,"column":10},"end":{"line":116,"column":55}},"40":{"start":{"line":122,"column":4},"end":{"line":122,"column":64}},"41":{"start":{"line":124,"column":4},"end":{"line":127,"column":7}},"42":{"start":{"line":129,"column":4},"end":{"line":132,"column":7}},"43":{"start":{"line":141,"column":0},"end":{"line":231,"column":2}},"44":{"start":{"line":142,"column":2},"end":{"line":230,"column":3}},"45":{"start":{"line":143,"column":48},"end":{"line":143,"column":56}},"46":{"start":{"line":144,"column":25},"end":{"line":144,"column":35}},"47":{"start":{"line":147,"column":27},"end":{"line":147,"column":76}},"48":{"start":{"line":148,"column":4},"end":{"line":157,"column":5}},"49":{"start":{"line":150,"column":6},"end":{"line":152,"column":7}},"50":{"start":{"line":151,"column":8},"end":{"line":151,"column":37}},"51":{"start":{"line":153,"column":6},"end":{"line":156,"column":9}},"52":{"start":{"line":160,"column":23},"end":{"line":166,"column":5}},"53":{"start":{"line":169,"column":4},"end":{"line":203,"column":5}},"54":{"start":{"line":171,"column":6},"end":{"line":180,"column":7}},"55":{"start":{"line":172,"column":28},"end":{"line":172,"column":77}},"56":{"start":{"line":173,"column":8},"end":{"line":179,"column":9}},"57":{"start":{"line":174,"column":10},"end":{"line":178,"column":11}},"58":{"start":{"line":175,"column":12},"end":{"line":175,"column":39}},"59":{"start":{"line":177,"column":12},"end":{"line":177,"column":61}},"60":{"start":{"line":183,"column":22},"end":{"line":185,"column":8}},"61":{"start":{"line":186,"column":6},"end":{"line":186,"column":31}},"62":{"start":{"line":189,"column":6},"end":{"line":202,"column":7}},"63":{"start":{"line":190,"column":25},"end":{"line":190,"column":42}},"64":{"start":{"line":191,"column":8},"end":{"line":201,"column":9}},"65":{"start":{"line":192,"column":10},"end":{"line":192,"column":36}},"66":{"start":{"line":193,"column":15},"end":{"line":201,"column":9}},"67":{"start":{"line":198,"column":10},"end":{"line":198,"column":43}},"68":{"start":{"line":200,"column":10},"end":{"line":200,"column":39}},"69":{"start":{"line":206,"column":26},"end":{"line":209,"column":5}},"70":{"start":{"line":211,"column":4},"end":{"line":215,"column":7}},"71":{"start":{"line":218,"column":4},"end":{"line":224,"column":5}},"72":{"start":{"line":219,"column":6},"end":{"line":223,"column":7}},"73":{"start":{"line":220,"column":8},"end":{"line":220,"column":37}},"74":{"start":{"line":222,"column":8},"end":{"line":222,"column":59}},"75":{"start":{"line":226,"column":4},"end":{"line":229,"column":7}}},"fnMap":{"0":{"name":"(anonymous_0)","decl":{"start":{"line":10,"column":31},"end":{"line":10,"column":32}},"loc":{"start":{"line":10,"column":51},"end":{"line":91,"column":1}},"line":10},"1":{"name":"(anonymous_1)","decl":{"start":{"line":98,"column":31},"end":{"line":98,"column":32}},"loc":{"start":{"line":98,"column":51},"end":{"line":134,"column":1}},"line":98},"2":{"name":"(anonymous_2)","decl":{"start":{"line":141,"column":31},"end":{"line":141,"column":32}},"loc":{"start":{"line":141,"column":51},"end":{"line":231,"column":1}},"line":141}},"branchMap":{"0":{"loc":{"start":{"line":12,"column":4},"end":{"line":17,"column":5}},"type":"if","locations":[{"start":{"line":12,"column":4},"end":{"line":17,"column":5}},{"start":{},"end":{}}],"line":12},"1":{"loc":{"start":{"line":24,"column":4},"end":{"line":31,"column":5}},"type":"if","locations":[{"start":{"line":24,"column":4},"end":{"line":31,"column":5}},{"start":{},"end":{}}],"line":24},"2":{"loc":{"start":{"line":35,"column":4},"end":{"line":48,"column":5}},"type":"if","locations":[{"start":{"line":35,"column":4},"end":{"line":48,"column":5}},{"start":{},"end":{}}],"line":35},"3":{"loc":{"start":{"line":37,"column":6},"end":{"line":47,"column":7}},"type":"if","locations":[{"start":{"line":37,"column":6},"end":{"line":47,"column":7}},{"start":{"line":39,"column":13},"end":{"line":47,"column":7}}],"line":37},"4":{"loc":{"start":{"line":39,"column":13},"end":{"line":47,"column":7}},"type":"if","locations":[{"start":{"line":39,"column":13},"end":{"line":47,"column":7}},{"start":{"line":45,"column":13},"end":{"line":47,"column":7}}],"line":39},"5":{"loc":{"start":{"line":40,"column":8},"end":{"line":42,"column":32}},"type":"binary-expr","locations":[{"start":{"line":40,"column":8},"end":{"line":40,"column":41}},{"start":{"line":41,"column":8},"end":{"line":41,"column":39}},{"start":{"line":42,"column":8},"end":{"line":42,"column":32}}],"line":40},"6":{"loc":{"start":{"line":57,"column":13},"end":{"line":57,"column":43}},"type":"binary-expr","locations":[{"start":{"line":57,"column":13},"end":{"line":57,"column":18}},{"start":{"line":57,"column":22},"end":{"line":57,"column":43}}],"line":57},"7":{"loc":{"start":{"line":60,"column":19},"end":{"line":60,"column":36}},"type":"binary-expr","locations":[{"start":{"line":60,"column":19},"end":{"line":60,"column":30}},{"start":{"line":60,"column":34},"end":{"line":60,"column":36}}],"line":60},"8":{"loc":{"start":{"line":61,"column":13},"end":{"line":61,"column":40}},"type":"cond-expr","locations":[{"start":{"line":61,"column":21},"end":{"line":61,"column":36}},{"start":{"line":61,"column":39},"end":{"line":61,"column":40}}],"line":61},"9":{"loc":{"start":{"line":78,"column":4},"end":{"line":84,"column":5}},"type":"if","locations":[{"start":{"line":78,"column":4},"end":{"line":84,"column":5}},{"start":{},"end":{}}],"line":78},"10":{"loc":{"start":{"line":102,"column":4},"end":{"line":107,"column":5}},"type":"if","locations":[{"start":{"line":102,"column":4},"end":{"line":107,"column":5}},{"start":{},"end":{}}],"line":102},"11":{"loc":{"start":{"line":110,"column":4},"end":{"line":119,"column":5}},"type":"if","locations":[{"start":{"line":110,"column":4},"end":{"line":119,"column":5}},{"start":{},"end":{}}],"line":110},"12":{"loc":{"start":{"line":110,"column":8},"end":{"line":110,"column":56}},"type":"binary-expr","locations":[{"start":{"line":110,"column":8},"end":{"line":110,"column":18}},{"start":{"line":110,"column":22},"end":{"line":110,"column":56}}],"line":110},"13":{"loc":{"start":{"line":112,"column":6},"end":{"line":118,"column":7}},"type":"if","locations":[{"start":{"line":112,"column":6},"end":{"line":118,"column":7}},{"start":{},"end":{}}],"line":112},"14":{"loc":{"start":{"line":148,"column":4},"end":{"line":157,"column":5}},"type":"if","locations":[{"start":{"line":148,"column":4},"end":{"line":157,"column":5}},{"start":{},"end":{}}],"line":148},"15":{"loc":{"start":{"line":150,"column":6},"end":{"line":152,"column":7}},"type":"if","locations":[{"start":{"line":150,"column":6},"end":{"line":152,"column":7}},{"start":{},"end":{}}],"line":150},"16":{"loc":{"start":{"line":161,"column":13},"end":{"line":161,"column":42}},"type":"binary-expr","locations":[{"start":{"line":161,"column":13},"end":{"line":161,"column":18}},{"start":{"line":161,"column":22},"end":{"line":161,"column":42}}],"line":161},"17":{"loc":{"start":{"line":162,"column":12},"end":{"line":162,"column":39}},"type":"binary-expr","locations":[{"start":{"line":162,"column":12},"end":{"line":162,"column":16}},{"start":{"line":162,"column":20},"end":{"line":162,"column":39}}],"line":162},"18":{"loc":{"start":{"line":164,"column":8},"end":{"line":164,"column":76}},"type":"cond-expr","locations":[{"start":{"line":164,"column":36},"end":{"line":164,"column":47}},{"start":{"line":164,"column":50},"end":{"line":164,"column":76}}],"line":164},"19":{"loc":{"start":{"line":165,"column":13},"end":{"line":165,"column":73}},"type":"cond-expr","locations":[{"start":{"line":165,"column":35},"end":{"line":165,"column":50}},{"start":{"line":165,"column":53},"end":{"line":165,"column":73}}],"line":165},"20":{"loc":{"start":{"line":169,"column":4},"end":{"line":203,"column":5}},"type":"if","locations":[{"start":{"line":169,"column":4},"end":{"line":203,"column":5}},{"start":{},"end":{}}],"line":169},"21":{"loc":{"start":{"line":171,"column":6},"end":{"line":180,"column":7}},"type":"if","locations":[{"start":{"line":171,"column":6},"end":{"line":180,"column":7}},{"start":{},"end":{}}],"line":171},"22":{"loc":{"start":{"line":171,"column":10},"end":{"line":171,"column":74}},"type":"binary-expr","locations":[{"start":{"line":171,"column":10},"end":{"line":171,"column":28}},{"start":{"line":171,"column":32},"end":{"line":171,"column":74}}],"line":171},"23":{"loc":{"start":{"line":173,"column":8},"end":{"line":179,"column":9}},"type":"if","locations":[{"start":{"line":173,"column":8},"end":{"line":179,"column":9}},{"start":{},"end":{}}],"line":173},"24":{"loc":{"start":{"line":189,"column":6},"end":{"line":202,"column":7}},"type":"if","locations":[{"start":{"line":189,"column":6},"end":{"line":202,"column":7}},{"start":{},"end":{}}],"line":189},"25":{"loc":{"start":{"line":191,"column":8},"end":{"line":201,"column":9}},"type":"if","locations":[{"start":{"line":191,"column":8},"end":{"line":201,"column":9}},{"start":{"line":193,"column":15},"end":{"line":201,"column":9}}],"line":191},"26":{"loc":{"start":{"line":193,"column":15},"end":{"line":201,"column":9}},"type":"if","locations":[{"start":{"line":193,"column":15},"end":{"line":201,"column":9}},{"start":{"line":199,"column":15},"end":{"line":201,"column":9}}],"line":193},"27":{"loc":{"start":{"line":194,"column":10},"end":{"line":196,"column":34}},"type":"binary-expr","locations":[{"start":{"line":194,"column":10},"end":{"line":194,"column":43}},{"start":{"line":195,"column":10},"end":{"line":195,"column":41}},{"start":{"line":196,"column":10},"end":{"line":196,"column":34}}],"line":194},"28":{"loc":{"start":{"line":218,"column":4},"end":{"line":224,"column":5}},"type":"if","locations":[{"start":{"line":218,"column":4},"end":{"line":224,"column":5}},{"start":{},"end":{}}],"line":218}},"s":{"0":3,"1":3,"2":3,"3":3,"4":0,"5":0,"6":0,"7":0,"8":0,"9":0,"10":0,"11":0,"12":0,"13":0,"14":0,"15":0,"16":0,"17":0,"18":0,"19":0,"20":0,"21":0,"22":0,"23":0,"24":0,"25":0,"26":0,"27":0,"28":0,"29":3,"30":0,"31":0,"32":0,"33":0,"34":0,"35":0,"36":0,"37":0,"38":0,"39":0,"40":0,"41":0,"42":0,"43":3,"44":0,"45":0,"46":0,"47":0,"48":0,"49":0,"50":0,"51":0,"52":0,"53":0,"54":0,"55":0,"56":0,"57":0,"58":0,"59":0,"60":0,"61":0,"62":0,"63":0,"64":0,"65":0,"66":0,"67":0,"68":0,"69":0,"70":0,"71":0,"72":0,"73":0,"74":0,"75":0},"f":{"0":0,"1":0,"2":0},"b":{"0":[0,0],"1":[0,0],"2":[0,0],"3":[0,0],"4":[0,0],"5":[0,0,0],"6":[0,0],"7":[0,0],"8":[0,0],"9":[0,0],"10":[0,0],"11":[0,0],"12":[0,0],"13":[0,0],"14":[0,0],"15":[0,0],"16":[0,0],"17":[0,0],"18":[0,0],"19":[0,0],"20":[0,0],"21":[0,0],"22":[0,0],"23":[0,0],"24":[0,0],"25":[0,0],"26":[0,0],"27":[0,0,0],"28":[0,0]},"_coverageSchema":"1a1c01bbd47fc00a2c39e90264f33305004495a9","hash":"cabae8e23215c7f6c340bc83cd695e53f1237ad2"}
,"/Users/greg/purdue-bootcamp/capstone-project/PurdueUniversity-Capstone-Project-LearnEasePro/backend/src/controllers/userController.js": {"path":"/Users/greg/purdue-bootcamp/capstone-project/PurdueUniversity-Capstone-Project-LearnEasePro/backend/src/controllers/userController.js","statementMap":{"0":{"start":{"line":1,"column":20},"end":{"line":1,"column":54}},"1":{"start":{"line":2,"column":26},"end":{"line":2,"column":50}},"2":{"start":{"line":9,"column":0},"end":{"line":65,"column":2}},"3":{"start":{"line":10,"column":2},"end":{"line":64,"column":3}},"4":{"start":{"line":21,"column":8},"end":{"line":21,"column":16}},"5":{"start":{"line":24,"column":4},"end":{"line":30,"column":5}},"6":{"start":{"line":25,"column":6},"end":{"line":29,"column":9}},"7":{"start":{"line":33,"column":17},"end":{"line":43,"column":6}},"8":{"start":{"line":46,"column":18},"end":{"line":52,"column":5}},"9":{"start":{"line":54,"column":4},"end":{"line":58,"column":7}},"10":{"start":{"line":60,"column":4},"end":{"line":63,"column":7}},"11":{"start":{"line":72,"column":0},"end":{"line":106,"column":2}},"12":{"start":{"line":73,"column":2},"end":{"line":105,"column":3}},"13":{"start":{"line":74,"column":32},"end":{"line":74,"column":40}},"14":{"start":{"line":77,"column":4},"end":{"line":82,"column":5}},"15":{"start":{"line":78,"column":6},"end":{"line":81,"column":9}},"16":{"start":{"line":84,"column":17},"end":{"line":84,"column":68}},"17":{"start":{"line":87,"column":18},"end":{"line":93,"column":5}},"18":{"start":{"line":95,"column":4},"end":{"line":99,"column":7}},"19":{"start":{"line":101,"column":4},"end":{"line":104,"column":7}},"20":{"start":{"line":113,"column":0},"end":{"line":136,"column":2}},"21":{"start":{"line":114,"column":2},"end":{"line":135,"column":3}},"22":{"start":{"line":115,"column":50},"end":{"line":115,"column":59}},"23":{"start":{"line":117,"column":19},"end":{"line":121,"column":5}},"24":{"start":{"line":123,"column":4},"end":{"line":129,"column":7}},"25":{"start":{"line":131,"column":4},"end":{"line":134,"column":7}},"26":{"start":{"line":143,"column":0},"end":{"line":157,"column":2}},"27":{"start":{"line":144,"column":2},"end":{"line":156,"column":3}},"28":{"start":{"line":145,"column":25},"end":{"line":145,"column":60}},"29":{"start":{"line":147,"column":4},"end":{"line":150,"column":7}},"30":{"start":{"line":152,"column":4},"end":{"line":155,"column":7}},"31":{"start":{"line":164,"column":0},"end":{"line":178,"column":2}},"32":{"start":{"line":165,"column":2},"end":{"line":177,"column":3}},"33":{"start":{"line":166,"column":17},"end":{"line":166,"column":61}},"34":{"start":{"line":168,"column":4},"end":{"line":171,"column":7}},"35":{"start":{"line":173,"column":4},"end":{"line":176,"column":7}},"36":{"start":{"line":186,"column":0},"end":{"line":203,"column":2}},"37":{"start":{"line":187,"column":2},"end":{"line":202,"column":3}},"38":{"start":{"line":189,"column":35},"end":{"line":189,"column":43}},"39":{"start":{"line":191,"column":17},"end":{"line":191,"column":77}},"40":{"start":{"line":193,"column":4},"end":{"line":196,"column":7}},"41":{"start":{"line":198,"column":4},"end":{"line":201,"column":7}},"42":{"start":{"line":210,"column":0},"end":{"line":224,"column":2}},"43":{"start":{"line":211,"column":2},"end":{"line":223,"column":3}},"44":{"start":{"line":212,"column":19},"end":{"line":212,"column":62}},"45":{"start":{"line":214,"column":4},"end":{"line":217,"column":7}},"46":{"start":{"line":219,"column":4},"end":{"line":222,"column":7}},"47":{"start":{"line":231,"column":0},"end":{"line":279,"column":2}},"48":{"start":{"line":232,"column":2},"end":{"line":278,"column":3}},"49":{"start":{"line":244,"column":8},"end":{"line":244,"column":16}},"50":{"start":{"line":247,"column":4},"end":{"line":253,"column":5}},"51":{"start":{"line":248,"column":6},"end":{"line":252,"column":9}},"52":{"start":{"line":256,"column":17},"end":{"line":267,"column":6}},"53":{"start":{"line":269,"column":4},"end":{"line":272,"column":7}},"54":{"start":{"line":274,"column":4},"end":{"line":277,"column":7}}},"fnMap":{"0":{"name":"(anonymous_0)","decl":{"start":{"line":9,"column":19},"end":{"line":9,"column":20}},"loc":{"start":{"line":9,"column":39},"end":{"line":65,"column":1}},"line":9},"1":{"name":"(anonymous_1)","decl":{"start":{"line":72,"column":16},"end":{"line":72,"column":17}},"loc":{"start":{"line":72,"column":36},"end":{"line":106,"column":1}},"line":72},"2":{"name":"(anonymous_2)","decl":{"start":{"line":113,"column":22},"end":{"line":113,"column":23}},"loc":{"start":{"line":113,"column":42},"end":{"line":136,"column":1}},"line":113},"3":{"name":"(anonymous_3)","decl":{"start":{"line":143,"column":26},"end":{"line":143,"column":27}},"loc":{"start":{"line":143,"column":46},"end":{"line":157,"column":1}},"line":143},"4":{"name":"(anonymous_4)","decl":{"start":{"line":164,"column":22},"end":{"line":164,"column":23}},"loc":{"start":{"line":164,"column":42},"end":{"line":178,"column":1}},"line":164},"5":{"name":"(anonymous_5)","decl":{"start":{"line":186,"column":21},"end":{"line":186,"column":22}},"loc":{"start":{"line":186,"column":41},"end":{"line":203,"column":1}},"line":186},"6":{"name":"(anonymous_6)","decl":{"start":{"line":210,"column":21},"end":{"line":210,"column":22}},"loc":{"start":{"line":210,"column":41},"end":{"line":224,"column":1}},"line":210},"7":{"name":"(anonymous_7)","decl":{"start":{"line":231,"column":21},"end":{"line":231,"column":22}},"loc":{"start":{"line":231,"column":41},"end":{"line":279,"column":1}},"line":231}},"branchMap":{"0":{"loc":{"start":{"line":24,"column":4},"end":{"line":30,"column":5}},"type":"if","locations":[{"start":{"line":24,"column":4},"end":{"line":30,"column":5}},{"start":{},"end":{}}],"line":24},"1":{"loc":{"start":{"line":24,"column":8},"end":{"line":24,"column":54}},"type":"binary-expr","locations":[{"start":{"line":24,"column":8},"end":{"line":24,"column":18}},{"start":{"line":24,"column":22},"end":{"line":24,"column":31}},{"start":{"line":24,"column":35},"end":{"line":24,"column":41}},{"start":{"line":24,"column":45},"end":{"line":24,"column":54}}],"line":24},"2":{"loc":{"start":{"line":77,"column":4},"end":{"line":82,"column":5}},"type":"if","locations":[{"start":{"line":77,"column":4},"end":{"line":82,"column":5}},{"start":{},"end":{}}],"line":77},"3":{"loc":{"start":{"line":77,"column":8},"end":{"line":77,"column":27}},"type":"binary-expr","locations":[{"start":{"line":77,"column":8},"end":{"line":77,"column":14}},{"start":{"line":77,"column":18},"end":{"line":77,"column":27}}],"line":77},"4":{"loc":{"start":{"line":115,"column":12},"end":{"line":115,"column":20}},"type":"default-arg","locations":[{"start":{"line":115,"column":19},"end":{"line":115,"column":20}}],"line":115},"5":{"loc":{"start":{"line":115,"column":22},"end":{"line":115,"column":32}},"type":"default-arg","locations":[{"start":{"line":115,"column":30},"end":{"line":115,"column":32}}],"line":115},"6":{"loc":{"start":{"line":115,"column":34},"end":{"line":115,"column":45}},"type":"default-arg","locations":[{"start":{"line":115,"column":43},"end":{"line":115,"column":45}}],"line":115},"7":{"loc":{"start":{"line":247,"column":4},"end":{"line":253,"column":5}},"type":"if","locations":[{"start":{"line":247,"column":4},"end":{"line":253,"column":5}},{"start":{},"end":{}}],"line":247},"8":{"loc":{"start":{"line":247,"column":8},"end":{"line":247,"column":54}},"type":"binary-expr","locations":[{"start":{"line":247,"column":8},"end":{"line":247,"column":18}},{"start":{"line":247,"column":22},"end":{"line":247,"column":31}},{"start":{"line":247,"column":35},"end":{"line":247,"column":41}},{"start":{"line":247,"column":45},"end":{"line":247,"column":54}}],"line":247},"9":{"loc":{"start":{"line":266,"column":12},"end":{"line":266,"column":29}},"type":"binary-expr","locations":[{"start":{"line":266,"column":12},"end":{"line":266,"column":16}},{"start":{"line":266,"column":20},"end":{"line":266,"column":29}}],"line":266}},"s":{"0":5,"1":5,"2":5,"3":14,"4":14,"5":14,"6":3,"7":11,"8":6,"9":6,"10":5,"11":5,"12":10,"13":10,"14":10,"15":2,"16":8,"17":5,"18":5,"19":3,"20":5,"21":5,"22":5,"23":5,"24":4,"25":1,"26":5,"27":0,"28":0,"29":0,"30":0,"31":5,"32":8,"33":8,"34":6,"35":2,"36":5,"37":13,"38":13,"39":13,"40":7,"41":6,"42":5,"43":8,"44":8,"45":4,"46":4,"47":5,"48":4,"49":4,"50":4,"51":1,"52":3,"53":2,"54":1},"f":{"0":14,"1":10,"2":5,"3":0,"4":8,"5":13,"6":8,"7":4},"b":{"0":[3,11],"1":[14,13,11,11],"2":[2,8],"3":[10,10],"4":[5],"5":[5],"6":[5],"7":[1,3],"8":[4,4,3,3],"9":[3,2]},"_coverageSchema":"1a1c01bbd47fc00a2c39e90264f33305004495a9","hash":"1a4a9d0758deff199e352db4989b82b7f2e9868b"}
,"/Users/greg/purdue-bootcamp/capstone-project/PurdueUniversity-Capstone-Project-LearnEasePro/backend/src/middleware/auth.js": {"path":"/Users/greg/purdue-bootcamp/capstone-project/PurdueUniversity-Capstone-Project-LearnEasePro/backend/src/middleware/auth.js","statementMap":{"0":{"start":{"line":1,"column":24},"end":{"line":1,"column":48}},"1":{"start":{"line":10,"column":20},"end":{"line":20,"column":1}},"2":{"start":{"line":12,"column":21},"end":{"line":12,"column":46}},"3":{"start":{"line":14,"column":2},"end":{"line":16,"column":3}},"4":{"start":{"line":15,"column":4},"end":{"line":15,"column":16}},"5":{"start":{"line":18,"column":16},"end":{"line":18,"column":39}},"6":{"start":{"line":19,"column":2},"end":{"line":19,"column":28}},"7":{"start":{"line":26,"column":0},"end":{"line":64,"column":2}},"8":{"start":{"line":27,"column":2},"end":{"line":63,"column":4}},"9":{"start":{"line":28,"column":4},"end":{"line":62,"column":5}},"10":{"start":{"line":29,"column":19},"end":{"line":29,"column":35}},"11":{"start":{"line":31,"column":6},"end":{"line":36,"column":7}},"12":{"start":{"line":32,"column":8},"end":{"line":35,"column":11}},"13":{"start":{"line":38,"column":25},"end":{"line":38,"column":52}},"14":{"start":{"line":41,"column":6},"end":{"line":44,"column":7}},"15":{"start":{"line":42,"column":8},"end":{"line":42,"column":24}},"16":{"start":{"line":43,"column":8},"end":{"line":43,"column":22}},"17":{"start":{"line":47,"column":6},"end":{"line":53,"column":7}},"18":{"start":{"line":48,"column":8},"end":{"line":52,"column":11}},"19":{"start":{"line":55,"column":6},"end":{"line":55,"column":22}},"20":{"start":{"line":56,"column":6},"end":{"line":56,"column":13}},"21":{"start":{"line":58,"column":6},"end":{"line":61,"column":9}},"22":{"start":{"line":69,"column":0},"end":{"line":95,"column":2}},"23":{"start":{"line":70,"column":2},"end":{"line":94,"column":3}},"24":{"start":{"line":71,"column":17},"end":{"line":71,"column":33}},"25":{"start":{"line":73,"column":4},"end":{"line":78,"column":5}},"26":{"start":{"line":74,"column":6},"end":{"line":77,"column":9}},"27":{"start":{"line":80,"column":4},"end":{"line":85,"column":5}},"28":{"start":{"line":81,"column":6},"end":{"line":84,"column":9}},"29":{"start":{"line":87,"column":4},"end":{"line":87,"column":20}},"30":{"start":{"line":88,"column":4},"end":{"line":88,"column":11}},"31":{"start":{"line":90,"column":4},"end":{"line":93,"column":7}},"32":{"start":{"line":100,"column":0},"end":{"line":119,"column":2}},"33":{"start":{"line":101,"column":2},"end":{"line":118,"column":3}},"34":{"start":{"line":102,"column":17},"end":{"line":102,"column":33}},"35":{"start":{"line":104,"column":4},"end":{"line":109,"column":5}},"36":{"start":{"line":105,"column":6},"end":{"line":108,"column":9}},"37":{"start":{"line":111,"column":4},"end":{"line":111,"column":20}},"38":{"start":{"line":112,"column":4},"end":{"line":112,"column":11}},"39":{"start":{"line":114,"column":4},"end":{"line":117,"column":7}}},"fnMap":{"0":{"name":"(anonymous_0)","decl":{"start":{"line":10,"column":20},"end":{"line":10,"column":21}},"loc":{"start":{"line":10,"column":29},"end":{"line":20,"column":1}},"line":10},"1":{"name":"(anonymous_1)","decl":{"start":{"line":26,"column":32},"end":{"line":26,"column":33}},"loc":{"start":{"line":26,"column":60},"end":{"line":64,"column":1}},"line":26},"2":{"name":"(anonymous_2)","decl":{"start":{"line":27,"column":9},"end":{"line":27,"column":10}},"loc":{"start":{"line":27,"column":29},"end":{"line":63,"column":3}},"line":27},"3":{"name":"(anonymous_3)","decl":{"start":{"line":69,"column":23},"end":{"line":69,"column":24}},"loc":{"start":{"line":69,"column":43},"end":{"line":95,"column":1}},"line":69},"4":{"name":"(anonymous_4)","decl":{"start":{"line":100,"column":22},"end":{"line":100,"column":23}},"loc":{"start":{"line":100,"column":42},"end":{"line":119,"column":1}},"line":100}},"branchMap":{"0":{"loc":{"start":{"line":14,"column":2},"end":{"line":16,"column":3}},"type":"if","locations":[{"start":{"line":14,"column":2},"end":{"line":16,"column":3}},{"start":{},"end":{}}],"line":14},"1":{"loc":{"start":{"line":14,"column":6},"end":{"line":14,"column":54}},"type":"binary-expr","locations":[{"start":{"line":14,"column":6},"end":{"line":14,"column":17}},{"start":{"line":14,"column":21},"end":{"line":14,"column":54}}],"line":14},"2":{"loc":{"start":{"line":26,"column":33},"end":{"line":26,"column":55}},"type":"default-arg","locations":[{"start":{"line":26,"column":51},"end":{"line":26,"column":55}}],"line":26},"3":{"loc":{"start":{"line":31,"column":6},"end":{"line":36,"column":7}},"type":"if","locations":[{"start":{"line":31,"column":6},"end":{"line":36,"column":7}},{"start":{},"end":{}}],"line":31},"4":{"loc":{"start":{"line":41,"column":6},"end":{"line":44,"column":7}},"type":"if","locations":[{"start":{"line":41,"column":6},"end":{"line":44,"column":7}},{"start":{},"end":{}}],"line":41},"5":{"loc":{"start":{"line":47,"column":6},"end":{"line":53,"column":7}},"type":"if","locations":[{"start":{"line":47,"column":6},"end":{"line":53,"column":7}},{"start":{},"end":{}}],"line":47},"6":{"loc":{"start":{"line":73,"column":4},"end":{"line":78,"column":5}},"type":"if","locations":[{"start":{"line":73,"column":4},"end":{"line":78,"column":5}},{"start":{},"end":{}}],"line":73},"7":{"loc":{"start":{"line":80,"column":4},"end":{"line":85,"column":5}},"type":"if","locations":[{"start":{"line":80,"column":4},"end":{"line":85,"column":5}},{"start":{},"end":{}}],"line":80},"8":{"loc":{"start":{"line":104,"column":4},"end":{"line":109,"column":5}},"type":"if","locations":[{"start":{"line":104,"column":4},"end":{"line":109,"column":5}},{"start":{},"end":{}}],"line":104}},"s":{"0":4,"1":4,"2":106,"3":103,"4":12,"5":91,"6":91,"7":4,"8":18,"9":39,"10":39,"11":38,"12":5,"13":33,"14":33,"15":14,"16":14,"17":19,"18":10,"19":9,"20":9,"21":1,"22":4,"23":20,"24":20,"25":19,"26":7,"27":12,"28":8,"29":4,"30":4,"31":1,"32":4,"33":47,"34":47,"35":46,"36":6,"37":40,"38":40,"39":1},"f":{"0":106,"1":18,"2":39,"3":20,"4":47},"b":{"0":[12,91],"1":[103,95],"2":[17],"3":[5,33],"4":[14,19],"5":[10,9],"6":[7,12],"7":[8,4],"8":[6,40]},"_coverageSchema":"1a1c01bbd47fc00a2c39e90264f33305004495a9","hash":"8e4fded1a565a0c0f5cf8ddbe1aa10b5e5098504"}
,"/Users/greg/purdue-bootcamp/capstone-project/PurdueUniversity-Capstone-Project-LearnEasePro/backend/src/middleware/upload.js": {"path":"/Users/greg/purdue-bootcamp/capstone-project/PurdueUniversity-Capstone-Project-LearnEasePro/backend/src/middleware/upload.js","statementMap":{"0":{"start":{"line":1,"column":15},"end":{"line":1,"column":32}},"1":{"start":{"line":2,"column":13},"end":{"line":2,"column":28}},"2":{"start":{"line":3,"column":11},"end":{"line":3,"column":24}},"3":{"start":{"line":6,"column":19},"end":{"line":6,"column":56}},"4":{"start":{"line":7,"column":0},"end":{"line":9,"column":1}},"5":{"start":{"line":8,"column":2},"end":{"line":8,"column":48}},"6":{"start":{"line":12,"column":16},"end":{"line":44,"column":2}},"7":{"start":{"line":15,"column":17},"end":{"line":15,"column":24}},"8":{"start":{"line":16,"column":21},"end":{"line":16,"column":48}},"9":{"start":{"line":18,"column":4},"end":{"line":28,"column":5}},"10":{"start":{"line":19,"column":6},"end":{"line":19,"column":24}},"11":{"start":{"line":20,"column":11},"end":{"line":28,"column":5}},"12":{"start":{"line":21,"column":6},"end":{"line":21,"column":27}},"13":{"start":{"line":22,"column":11},"end":{"line":28,"column":5}},"14":{"start":{"line":27,"column":6},"end":{"line":27,"column":31}},"15":{"start":{"line":30,"column":16},"end":{"line":30,"column":45}},"16":{"start":{"line":31,"column":4},"end":{"line":33,"column":5}},"17":{"start":{"line":32,"column":6},"end":{"line":32,"column":45}},"18":{"start":{"line":35,"column":4},"end":{"line":35,"column":18}},"19":{"start":{"line":39,"column":25},"end":{"line":39,"column":75}},"20":{"start":{"line":40,"column":16},"end":{"line":40,"column":47}},"21":{"start":{"line":41,"column":27},"end":{"line":41,"column":64}},"22":{"start":{"line":42,"column":4},"end":{"line":42,"column":56}},"23":{"start":{"line":47,"column":19},"end":{"line":86,"column":1}},"24":{"start":{"line":49,"column":23},"end":{"line":74,"column":3}},"25":{"start":{"line":76,"column":2},"end":{"line":85,"column":3}},"26":{"start":{"line":77,"column":4},"end":{"line":77,"column":19}},"27":{"start":{"line":79,"column":4},"end":{"line":84,"column":6}},"28":{"start":{"line":89,"column":15},"end":{"line":95,"column":2}},"29":{"start":{"line":97,"column":0},"end":{"line":97,"column":24}}},"fnMap":{"0":{"name":"(anonymous_0)","decl":{"start":{"line":13,"column":15},"end":{"line":13,"column":16}},"loc":{"start":{"line":13,"column":40},"end":{"line":36,"column":3}},"line":13},"1":{"name":"(anonymous_1)","decl":{"start":{"line":37,"column":12},"end":{"line":37,"column":13}},"loc":{"start":{"line":37,"column":37},"end":{"line":43,"column":3}},"line":37},"2":{"name":"(anonymous_2)","decl":{"start":{"line":47,"column":19},"end":{"line":47,"column":20}},"loc":{"start":{"line":47,"column":38},"end":{"line":86,"column":1}},"line":47}},"branchMap":{"0":{"loc":{"start":{"line":7,"column":0},"end":{"line":9,"column":1}},"type":"if","locations":[{"start":{"line":7,"column":0},"end":{"line":9,"column":1}},{"start":{},"end":{}}],"line":7},"1":{"loc":{"start":{"line":18,"column":4},"end":{"line":28,"column":5}},"type":"if","locations":[{"start":{"line":18,"column":4},"end":{"line":28,"column":5}},{"start":{"line":20,"column":11},"end":{"line":28,"column":5}}],"line":18},"2":{"loc":{"start":{"line":20,"column":11},"end":{"line":28,"column":5}},"type":"if","locations":[{"start":{"line":20,"column":11},"end":{"line":28,"column":5}},{"start":{"line":22,"column":11},"end":{"line":28,"column":5}}],"line":20},"3":{"loc":{"start":{"line":20,"column":15},"end":{"line":20,"column":68}},"type":"binary-expr","locations":[{"start":{"line":20,"column":15},"end":{"line":20,"column":35}},{"start":{"line":20,"column":39},"end":{"line":20,"column":68}}],"line":20},"4":{"loc":{"start":{"line":22,"column":11},"end":{"line":28,"column":5}},"type":"if","locations":[{"start":{"line":22,"column":11},"end":{"line":28,"column":5}},{"start":{},"end":{}}],"line":22},"5":{"loc":{"start":{"line":23,"column":6},"end":{"line":25,"column":35}},"type":"binary-expr","locations":[{"start":{"line":23,"column":6},"end":{"line":23,"column":44}},{"start":{"line":24,"column":6},"end":{"line":24,"column":42}},{"start":{"line":25,"column":6},"end":{"line":25,"column":35}}],"line":23},"6":{"loc":{"start":{"line":31,"column":4},"end":{"line":33,"column":5}},"type":"if","locations":[{"start":{"line":31,"column":4},"end":{"line":33,"column":5}},{"start":{},"end":{}}],"line":31},"7":{"loc":{"start":{"line":76,"column":2},"end":{"line":85,"column":3}},"type":"if","locations":[{"start":{"line":76,"column":2},"end":{"line":85,"column":3}},{"start":{"line":78,"column":9},"end":{"line":85,"column":3}}],"line":76}},"s":{"0":3,"1":3,"2":3,"3":3,"4":3,"5":0,"6":3,"7":0,"8":0,"9":0,"10":0,"11":0,"12":0,"13":0,"14":0,"15":0,"16":0,"17":0,"18":0,"19":0,"20":0,"21":0,"22":0,"23":3,"24":0,"25":0,"26":0,"27":0,"28":3,"29":3},"f":{"0":0,"1":0,"2":0},"b":{"0":[0,3],"1":[0,0],"2":[0,0],"3":[0,0],"4":[0,0],"5":[0,0,0],"6":[0,0],"7":[0,0]},"_coverageSchema":"1a1c01bbd47fc00a2c39e90264f33305004495a9","hash":"6616962dfe8fabf4bfc52ed1f8c38560080502cd"}
,"/Users/greg/purdue-bootcamp/capstone-project/PurdueUniversity-Capstone-Project-LearnEasePro/backend/src/models/Course.js": {"path":"/Users/greg/purdue-bootcamp/capstone-project/PurdueUniversity-Capstone-Project-LearnEasePro/backend/src/models/Course.js","statementMap":{"0":{"start":{"line":1,"column":17},"end":{"line":1,"column":36}},"1":{"start":{"line":3,"column":21},"end":{"line":38,"column":1}},"2":{"start":{"line":41,"column":0},"end":{"line":53,"column":3}},"3":{"start":{"line":42,"column":2},"end":{"line":51,"column":3}},"4":{"start":{"line":43,"column":17},"end":{"line":43,"column":39}},"5":{"start":{"line":44,"column":17},"end":{"line":44,"column":53}},"6":{"start":{"line":45,"column":4},"end":{"line":47,"column":5}},"7":{"start":{"line":46,"column":6},"end":{"line":46,"column":63}},"8":{"start":{"line":48,"column":4},"end":{"line":50,"column":5}},"9":{"start":{"line":49,"column":6},"end":{"line":49,"column":76}},"10":{"start":{"line":52,"column":2},"end":{"line":52,"column":9}},"11":{"start":{"line":56,"column":0},"end":{"line":71,"column":3}},"12":{"start":{"line":57,"column":17},"end":{"line":57,"column":33}},"13":{"start":{"line":58,"column":21},"end":{"line":58,"column":65}},"14":{"start":{"line":60,"column":2},"end":{"line":69,"column":3}},"15":{"start":{"line":61,"column":17},"end":{"line":61,"column":39}},"16":{"start":{"line":62,"column":17},"end":{"line":62,"column":48}},"17":{"start":{"line":63,"column":4},"end":{"line":65,"column":5}},"18":{"start":{"line":64,"column":6},"end":{"line":64,"column":63}},"19":{"start":{"line":66,"column":4},"end":{"line":68,"column":5}},"20":{"start":{"line":67,"column":6},"end":{"line":67,"column":76}},"21":{"start":{"line":70,"column":2},"end":{"line":70,"column":9}},"22":{"start":{"line":74,"column":0},"end":{"line":74,"column":47}},"23":{"start":{"line":75,"column":0},"end":{"line":75,"column":38}},"24":{"start":{"line":77,"column":0},"end":{"line":77,"column":56}}},"fnMap":{"0":{"name":"(anonymous_0)","decl":{"start":{"line":41,"column":25},"end":{"line":41,"column":26}},"loc":{"start":{"line":41,"column":47},"end":{"line":53,"column":1}},"line":41},"1":{"name":"(anonymous_1)","decl":{"start":{"line":56,"column":37},"end":{"line":56,"column":38}},"loc":{"start":{"line":56,"column":59},"end":{"line":71,"column":1}},"line":56}},"branchMap":{"0":{"loc":{"start":{"line":42,"column":2},"end":{"line":51,"column":3}},"type":"if","locations":[{"start":{"line":42,"column":2},"end":{"line":51,"column":3}},{"start":{},"end":{}}],"line":42},"1":{"loc":{"start":{"line":42,"column":6},"end":{"line":42,"column":54}},"type":"binary-expr","locations":[{"start":{"line":42,"column":6},"end":{"line":42,"column":21}},{"start":{"line":42,"column":25},"end":{"line":42,"column":54}}],"line":42},"2":{"loc":{"start":{"line":45,"column":4},"end":{"line":47,"column":5}},"type":"if","locations":[{"start":{"line":45,"column":4},"end":{"line":47,"column":5}},{"start":{},"end":{}}],"line":45},"3":{"loc":{"start":{"line":48,"column":4},"end":{"line":50,"column":5}},"type":"if","locations":[{"start":{"line":48,"column":4},"end":{"line":50,"column":5}},{"start":{},"end":{}}],"line":48},"4":{"loc":{"start":{"line":58,"column":21},"end":{"line":58,"column":65}},"type":"binary-expr","locations":[{"start":{"line":58,"column":21},"end":{"line":58,"column":38}},{"start":{"line":58,"column":42},"end":{"line":58,"column":65}}],"line":58},"5":{"loc":{"start":{"line":60,"column":2},"end":{"line":69,"column":3}},"type":"if","locations":[{"start":{"line":60,"column":2},"end":{"line":69,"column":3}},{"start":{},"end":{}}],"line":60},"6":{"loc":{"start":{"line":63,"column":4},"end":{"line":65,"column":5}},"type":"if","locations":[{"start":{"line":63,"column":4},"end":{"line":65,"column":5}},{"start":{},"end":{}}],"line":63},"7":{"loc":{"start":{"line":66,"column":4},"end":{"line":68,"column":5}},"type":"if","locations":[{"start":{"line":66,"column":4},"end":{"line":68,"column":5}},{"start":{},"end":{}}],"line":66}},"s":{"0":11,"1":11,"2":11,"3":234,"4":233,"5":233,"6":233,"7":1,"8":232,"9":2,"10":231,"11":11,"12":7,"13":7,"14":7,"15":0,"16":0,"17":0,"18":0,"19":0,"20":0,"21":7,"22":11,"23":11,"24":11},"f":{"0":234,"1":7},"b":{"0":[233,1],"1":[234,234],"2":[1,232],"3":[2,230],"4":[7,7],"5":[0,7],"6":[0,0],"7":[0,0]},"_coverageSchema":"1a1c01bbd47fc00a2c39e90264f33305004495a9","hash":"99c253b746bf37589eeda137d1a55be5d0a314d7"}
,"/Users/greg/purdue-bootcamp/capstone-project/PurdueUniversity-Capstone-Project-LearnEasePro/backend/src/models/CourseDetail.js": {"path":"/Users/greg/purdue-bootcamp/capstone-project/PurdueUniversity-Capstone-Project-LearnEasePro/backend/src/models/CourseDetail.js","statementMap":{"0":{"start":{"line":1,"column":17},"end":{"line":1,"column":36}},"1":{"start":{"line":3,"column":27},"end":{"line":45,"column":1}},"2":{"start":{"line":48,"column":0},"end":{"line":48,"column":50}},"3":{"start":{"line":49,"column":0},"end":{"line":49,"column":49}},"4":{"start":{"line":51,"column":0},"end":{"line":51,"column":68}}},"fnMap":{},"branchMap":{},"s":{"0":7,"1":7,"2":7,"3":7,"4":7},"f":{},"b":{},"_coverageSchema":"1a1c01bbd47fc00a2c39e90264f33305004495a9","hash":"2d2c3d03cc37ff6a668aaeb7d119aa4ae06f212b"}
,"/Users/greg/purdue-bootcamp/capstone-project/PurdueUniversity-Capstone-Project-LearnEasePro/backend/src/models/CourseEnrollment.js": {"path":"/Users/greg/purdue-bootcamp/capstone-project/PurdueUniversity-Capstone-Project-LearnEasePro/backend/src/models/CourseEnrollment.js","statementMap":{"0":{"start":{"line":1,"column":17},"end":{"line":1,"column":36}},"1":{"start":{"line":3,"column":31},"end":{"line":33,"column":1}},"2":{"start":{"line":36,"column":0},"end":{"line":48,"column":3}},"3":{"start":{"line":37,"column":2},"end":{"line":46,"column":3}},"4":{"start":{"line":38,"column":17},"end":{"line":38,"column":39}},"5":{"start":{"line":39,"column":17},"end":{"line":39,"column":50}},"6":{"start":{"line":40,"column":4},"end":{"line":42,"column":5}},"7":{"start":{"line":41,"column":6},"end":{"line":41,"column":60}},"8":{"start":{"line":43,"column":4},"end":{"line":45,"column":5}},"9":{"start":{"line":44,"column":6},"end":{"line":44,"column":80}},"10":{"start":{"line":47,"column":2},"end":{"line":47,"column":9}},"11":{"start":{"line":51,"column":0},"end":{"line":66,"column":3}},"12":{"start":{"line":52,"column":17},"end":{"line":52,"column":33}},"13":{"start":{"line":53,"column":18},"end":{"line":53,"column":56}},"14":{"start":{"line":55,"column":2},"end":{"line":64,"column":3}},"15":{"start":{"line":56,"column":17},"end":{"line":56,"column":39}},"16":{"start":{"line":57,"column":17},"end":{"line":57,"column":45}},"17":{"start":{"line":58,"column":4},"end":{"line":60,"column":5}},"18":{"start":{"line":59,"column":6},"end":{"line":59,"column":60}},"19":{"start":{"line":61,"column":4},"end":{"line":63,"column":5}},"20":{"start":{"line":62,"column":6},"end":{"line":62,"column":80}},"21":{"start":{"line":65,"column":2},"end":{"line":65,"column":9}},"22":{"start":{"line":69,"column":0},"end":{"line":69,"column":74}},"23":{"start":{"line":72,"column":0},"end":{"line":72,"column":55}},"24":{"start":{"line":75,"column":0},"end":{"line":75,"column":56}},"25":{"start":{"line":77,"column":0},"end":{"line":77,"column":76}}},"fnMap":{"0":{"name":"(anonymous_0)","decl":{"start":{"line":36,"column":35},"end":{"line":36,"column":36}},"loc":{"start":{"line":36,"column":57},"end":{"line":48,"column":1}},"line":36},"1":{"name":"(anonymous_1)","decl":{"start":{"line":51,"column":47},"end":{"line":51,"column":48}},"loc":{"start":{"line":51,"column":69},"end":{"line":66,"column":1}},"line":51}},"branchMap":{"0":{"loc":{"start":{"line":37,"column":2},"e
[...]
,"end":{"line":252,"column":3}},"loc":{"start":{"line":252,"column":31},"end":{"line":262,"column":3}},"line":252},"11":{"name":"(anonymous_11)","decl":{"start":{"line":267,"column":2},"end":{"line":267,"column":3}},"loc":{"start":{"line":267,"column":60},"end":{"line":305,"column":3}},"line":267},"12":{"name":"(anonymous_12)","decl":{"start":{"line":310,"column":2},"end":{"line":310,"column":3}},"loc":{"start":{"line":310,"column":36},"end":{"line":335,"column":3}},"line":310},"13":{"name":"(anonymous_13)","decl":{"start":{"line":340,"column":2},"end":{"line":340,"column":3}},"loc":{"start":{"line":340,"column":48},"end":{"line":350,"column":3}},"line":340},"14":{"name":"(anonymous_14)","decl":{"start":{"line":355,"column":2},"end":{"line":355,"column":3}},"loc":{"start":{"line":355,"column":53},"end":{"line":372,"column":3}},"line":355}},"branchMap":{"0":{"loc":{"start":{"line":16,"column":6},"end":{"line":18,"column":7}},"type":"if","locations":[{"start":{"line":16,"column":6},"end":{"line":18,"column":7}},{"start":{},"end":{}}],"line":16},"1":{"loc":{"start":{"line":30,"column":26},"end":{"line":30,"column":48}},"type":"default-arg","locations":[{"start":{"line":30,"column":43},"end":{"line":30,"column":48}}],"line":30},"2":{"loc":{"start":{"line":33,"column":6},"end":{"line":35,"column":7}},"type":"if","locations":[{"start":{"line":33,"column":6},"end":{"line":35,"column":7}},{"start":{},"end":{}}],"line":33},"3":{"loc":{"start":{"line":42,"column":32},"end":{"line":42,"column":62}},"type":"binary-expr","locations":[{"start":{"line":42,"column":32},"end":{"line":42,"column":57}},{"start":{"line":42,"column":61},"end":{"line":42,"column":62}}],"line":42},"4":{"loc":{"start":{"line":43,"column":30},"end":{"line":43,"column":60}},"type":"binary-expr","locations":[{"start":{"line":43,"column":30},"end":{"line":43,"column":55}},{"start":{"line":43,"column":59},"end":{"line":43,"column":60}}],"line":43},"5":{"loc":{"start":{"line":45,"column":6},"end":{"line":51,"column":7}},"type":"if","locations":[{"start":{"line":45,"column":6},"end":{"line":51,"column":7}},{"start":{},"end":{}}],"line":45},"6":{"loc":{"start":{"line":62,"column":22},"end":{"line":62,"column":30}},"type":"default-arg","locations":[{"start":{"line":62,"column":29},"end":{"line":62,"column":30}}],"line":62},"7":{"loc":{"start":{"line":62,"column":32},"end":{"line":62,"column":42}},"type":"default-arg","locations":[{"start":{"line":62,"column":40},"end":{"line":62,"column":42}}],"line":62},"8":{"loc":{"start":{"line":62,"column":44},"end":{"line":62,"column":55}},"type":"default-arg","locations":[{"start":{"line":62,"column":53},"end":{"line":62,"column":55}}],"line":62},"9":{"loc":{"start":{"line":62,"column":57},"end":{"line":62,"column":76}},"type":"default-arg","locations":[{"start":{"line":62,"column":72},"end":{"line":62,"column":76}}],"line":62},"10":{"loc":{"start":{"line":68,"column":6},"end":{"line":76,"column":7}},"type":"if","locations":[{"start":{"line":68,"column":6},"end":{"line":76,"column":7}},{"start":{},"end":{}}],"line":68},"11":{"loc":{"start":{"line":79,"column":6},"end":{"line":81,"column":7}},"type":"if","locations":[{"start":{"line":79,"column":6},"end":{"line":81,"column":7}},{"start":{},"end":{}}],"line":79},"12":{"loc":{"start":{"line":97,"column":36},"end":{"line":97,"column":66}},"type":"binary-expr","locations":[{"start":{"line":97,"column":36},"end":{"line":97,"column":61}},{"start":{"line":97,"column":65},"end":{"line":97,"column":66}}],"line":97},"13":{"loc":{"start":{"line":98,"column":34},"end":{"line":98,"column":64}},"type":"binary-expr","locations":[{"start":{"line":98,"column":34},"end":{"line":98,"column":59}},{"start":{"line":98,"column":63},"end":{"line":98,"column":64}}],"line":98},"14":{"loc":{"start":{"line":120,"column":6},"end":{"line":127,"column":7}},"type":"if","locations":[{"start":{"line":120,"column":6},"end":{"line":127,"column":7}},{"start":{},"end":{}}],"line":120},"15":{"loc":{"start":{"line":124,"column":8},"end":{"line":126,"column":9}},"type":"if","locations":[{"start":{"line":124,"column":8},"end":{"line":126,"column":9}},{"start":{},"end":{}}],"line":124},"16":{"loc":{"start":{"line":124,"column":12},"end":{"line":124,"column":66}},"type":"binary-expr","locations":[{"start":{"line":124,"column":12},"end":{"line":124,"column":26}},{"start":{"line":124,"column":30},"end":{"line":124,"column":66}}],"line":124},"17":{"loc":{"start":{"line":131,"column":6},"end":{"line":147,"column":7}},"type":"if","locations":[{"start":{"line":131,"column":6},"end":{"line":147,"column":7}},{"start":{"line":142,"column":13},"end":{"line":147,"column":7}}],"line":131},"18":{"loc":{"start":{"line":137,"column":8},"end":{"line":141,"column":9}},"type":"if","locations":[{"start":{"line":137,"column":8},"end":{"line":141,"column":9}},{"start":{},"end":{}}],"line":137},"19":{"loc":{"start":{"line":144,"column":8},"end":{"line":146,"column":9}},"type":"if","locations":[{"start":{"line":144,"column":8},"end":{"line":146,"column":9}},{"start":{},"end":{}}],"line":144},"20":{"loc":{"start":{"line":161,"column":6},"end":{"line":163,"column":7}},"type":"if","locations":[{"start":{"line":161,"column":6},"end":{"line":163,"column":7}},{"start":{},"end":{}}],"line":161},"21":{"loc":{"start":{"line":184,"column":6},"end":{"line":186,"column":7}},"type":"if","locations":[{"start":{"line":184,"column":6},"end":{"line":186,"column":7}},{"start":{},"end":{}}],"line":184},"22":{"loc":{"start":{"line":198,"column":35},"end":{"line":198,"column":46}},"type":"default-arg","locations":[{"start":{"line":198,"column":42},"end":{"line":198,"column":46}}],"line":198},"23":{"loc":{"start":{"line":202,"column":6},"end":{"line":204,"column":7}},"type":"if","locations":[{"start":{"line":202,"column":6},"end":{"line":204,"column":7}},{"start":{},"end":{}}],"line":202},"24":{"loc":{"start":{"line":207,"column":6},"end":{"line":211,"column":7}},"type":"if","locations":[{"start":{"line":207,"column":6},"end":{"line":211,"column":7}},{"start":{"line":209,"column":13},"end":{"line":211,"column":7}}],"line":207},"25":{"loc":{"start":{"line":225,"column":6},"end":{"line":227,"column":7}},"type":"if","locations":[{"start":{"line":225,"column":6},"end":{"line":227,"column":7}},{"start":{},"end":{}}],"line":225},"26":{"loc":{"start":{"line":240,"column":6},"end":{"line":242,"column":7}},"type":"if","locations":[{"start":{"line":240,"column":6},"end":{"line":242,"column":7}},{"start":{},"end":{}}],"line":240},"27":{"loc":{"start":{"line":255,"column":6},"end":{"line":257,"column":7}},"type":"if","locations":[{"start":{"line":255,"column":6},"end":{"line":257,"column":7}},{"start":{},"end":{}}],"line":255},"28":{"loc":{"start":{"line":271,"column":6},"end":{"line":273,"column":7}},"type":"if","locations":[{"start":{"line":271,"column":6},"end":{"line":273,"column":7}},{"start":{},"end":{}}],"line":271},"29":{"loc":{"start":{"line":282,"column":6},"end":{"line":286,"column":7}},"type":"if","locations":[{"start":{"line":282,"column":6},"end":{"line":286,"column":7}},{"start":{},"end":{}}],"line":282},"30":{"loc":{"start":{"line":288,"column":6},"end":{"line":292,"column":7}},"type":"if","locations":[{"start":{"line":288,"column":6},"end":{"line":292,"column":7}},{"start":{},"end":{}}],"line":288},"31":{"loc":{"start":{"line":314,"column":6},"end":{"line":316,"column":7}},"type":"if","locations":[{"start":{"line":314,"column":6},"end":{"line":316,"column":7}},{"start":{},"end":{}}],"line":314},"32":{"loc":{"start":{"line":327,"column":25},"end":{"line":327,"column":49}},"type":"binary-expr","locations":[{"start":{"line":327,"column":25},"end":{"line":327,"column":44}},{"start":{"line":327,"column":48},"end":{"line":327,"column":49}}],"line":327},"33":{"loc":{"start":{"line":328,"column":25},"end":{"line":328,"column":49}},"type":"binary-expr","locations":[{"start":{"line":328,"column":25},"end":{"line":328,"column":44}},{"start":{"line":328,"column":48},"end":{"line":328,"column":49}}],"line":328},"34":{"loc":{"start":{"line":358,"column":6},"end":{"line":360,"column":7}},"type":"if","locations":[{"start":{"line":358,"column":6},"end":{"line":360,"column":7}},{"start":{},"end":{}}],"line":358},"35":{"loc":{"start":{"line":363,"column":6},"end":{"line":365,"column":7}},"type":"if","locations":[{"start":{"line":363,"column":6},"end":{"line":365,"column":7}},{"start":{},"end":{}}],"line":363},"36":{"loc":{"start":{"line":363,"column":10},"end":{"line":363,"column":73}},"type":"binary-expr","locations":[{"start":{"line":363,"column":10},"end":{"line":363,"column":49}},{"start":{"line":363,"column":53},"end":{"line":363,"column":73}}],"line":363}},"s":{"0":5,"1":5,"2":5,"3":5,"4":8,"5":8,"6":8,"7":2,"8":6,"9":5,"10":3,"11":6,"12":6,"13":6,"14":2,"15":4,"16":4,"17":4,"18":4,"19":4,"20":2,"21":2,"22":2,"23":2,"24":4,"25":4,"26":4,"27":4,"28":2,"29":4,"30":0,"31":4,"32":4,"33":4,"34":7,"35":7,"36":7,"37":7,"38":7,"39":4,"40":0,"41":8,"42":8,"43":2,"44":2,"45":1,"46":7,"47":2,"48":2,"49":1,"50":5,"51":5,"52":1,"53":5,"54":3,"55":3,"56":3,"57":3,"58":1,"59":2,"60":2,"61":2,"62":1,"63":4,"64":4,"65":4,"66":1,"67":3,"68":3,"69":1,"70":5,"71":5,"72":5,"73":1,"74":4,"75":2,"76":2,"77":4,"78":1,"79":0,"80":0,"81":0,"82":0,"83":0,"84":0,"85":4,"86":4,"87":4,"88":1,"89":3,"90":1,"91":4,"92":4,"93":4,"94":1,"95":3,"96":1,"97":6,"98":6,"99":6,"100":1,"101":5,"102":5,"103":1,"104":4,"105":1,"106":3,"107":3,"108":3,"109":4,"110":4,"111":4,"112":1,"113":3,"114":3,"115":3,"116":3,"117":1,"118":3,"119":3,"120":3,"121":0,"122":7,"123":7,"124":7,"125":1,"126":6,"127":2,"128":4,"129":4,"130":3,"131":5},"f":{"0":8,"1":6,"2":4,"3":7,"4":8,"5":3,"6":4,"7":5,"8":0,"9":4,"10":4,"11":6,"12":4,"13":3,"14":7},"b":{"0":[2,6],"1":[1],"2":[2,4],"3":[4,2],"4":[4,2],"5":[2,2],"6":[0],"7":[0],"8":[1],"9":[2],"10":[2,2],"11":[0,4],"12":[7,4],"13":[7,4],"14":[2,6],"15":[1,1],"16":[2,2],"17":[2,5],"18":[1,1],"19":[1,4],"20":[1,2],"21":[1,3],"22":[3],"23":[1,4],"24":[2,2],"25":[0,0],"26":[1,3],"27":[1,3],"28":[1,5],"29":[1,4],"30":[1,3],"31":[1,3],"32":[3,1],"33":[3,1],"34":[1,6],"35":[2,4],"36":[6,4]},"_coverageSchema":"1a1c01bbd47fc00a2c39e90264f33305004495a9","hash":"df2378b3de2a9c416dd95ce57d0c64fb358b325e"}
,"/Users/greg/purdue-bootcamp/capstone-project/PurdueUniversity-Capstone-Project-LearnEasePro/backend/src/services/userService.js": {"path":"/Users/greg/purdue-bootcamp/capstone-project/PurdueUniversity-Capstone-Project-LearnEasePro/backend/src/services/userService.js","statementMap":{"0":{"start":{"line":1,"column":23},"end":{"line":1,"column":64}},"1":{"start":{"line":8,"column":4},"end":{"line":35,"column":5}},"2":{"start":{"line":10,"column":27},"end":{"line":10,"column":75}},"3":{"start":{"line":11,"column":6},"end":{"line":13,"column":7}},"4":{"start":{"line":12,"column":8},"end":{"line":12,"column":63}},"5":{"start":{"line":16,"column":19},"end":{"line":16,"column":56}},"6":{"start":{"line":19,"column":6},"end":{"line":32,"column":8}},"7":{"start":{"line":34,"column":6},"end":{"line":34,"column":18}},"8":{"start":{"line":42,"column":4},"end":{"line":73,"column":5}},"9":{"start":{"line":44,"column":19},"end":{"line":44,"column":58}},"10":{"start":{"line":46,"column":6},"end":{"line":48,"column":7}},"11":{"start":{"line":47,"column":8},"end":{"line":47,"column":47}},"12":{"start":{"line":51,"column":22},"end":{"line":51,"column":56}},"13":{"start":{"line":53,"column":6},"end":{"line":55,"column":7}},"14":{"start":{"line":54,"column":8},"end":{"line":54,"column":47}},"15":{"start":{"line":58,"column":6},"end":{"line":70,"column":8}},"16":{"start":{"line":72,"column":6},"end":{"line":72,"column":18}},"17":{"start":{"line":80,"column":4},"end":{"line":88,"column":5}},"18":{"start":{"line":81,"column":19},"end":{"line":81,"column":52}},"19":{"start":{"line":82,"column":6},"end":{"line":84,"column":7}},"20":{"start":{"line":83,"column":8},"end":{"line":83,"column":42}},"21":{"start":{"line":85,"column":6},"end":{"line":85,"column":18}},"22":{"start":{"line":87,"column":6},"end":{"line":87,"column":18}},"23":{"start":{"line":95,"column":4},"end":{"line":125,"column":5}},"24":{"start":{"line":96,"column":19},"end":{"line":96,"column":37}},"25":{"start":{"line":99,"column":19},"end":{"line":99,"column":21}},"26":{"start":{"line":100,"column":6},"end":{"line":108,"column":7}},"27":{"start":{"line":101,"column":8},"end":{"line":107,"column":10}},"28":{"start":{"line":110,"column":20},"end":{"line":114,"column":7}},"29":{"start":{"line":115,"column":20},"end":{"line":115,"column":54}},"30":{"start":{"line":117,"column":6},"end":{"line":122,"column":8}},"31":{"start":{"line":124,"column":6},"end":{"line":124,"column":18}},"32":{"start":{"line":132,"column":4},"end":{"line":140,"column":5}},"33":{"start":{"line":133,"column":27},"end":{"line":136,"column":8}},"34":{"start":{"line":137,"column":6},"end":{"line":137,"column":26}},"35":{"start":{"line":139,"column":6},"end":{"line":139,"column":18}},"36":{"start":{"line":147,"column":4},"end":{"line":172,"column":5}},"37":{"start":{"line":149,"column":6},"end":{"line":151,"column":7}},"38":{"start":{"line":150,"column":8},"end":{"line":150,"column":35}},"39":{"start":{"line":155,"column":6},"end":{"line":168,"column":7}},"40":{"start":{"line":156,"column":8},"end":{"line":156,"column":79}},"41":{"start":{"line":157,"column":8},"end":{"line":161,"column":9}},"42":{"start":{"line":158,"column":10},"end":{"line":160,"column":12}},"43":{"start":{"line":164,"column":8},"end":{"line":164,"column":59}},"44":{"start":{"line":165,"column":8},"end":{"line":167,"column":9}},"45":{"start":{"line":166,"column":10},"end":{"line":166,"column":44}},"46":{"start":{"line":169,"column":6},"end":{"line":169,"column":18}},"47":{"start":{"line":171,"column":6},"end":{"line":171,"column":18}},"48":{"start":{"line":179,"column":4},"end":{"line":203,"column":5}},"49":{"start":{"line":181,"column":27},"end":{"line":181,"column":60}},"50":{"start":{"line":182,"column":6},"end":{"line":184,"column":7}},"51":{"start":{"line":183,"column":8},"end":{"line":183,"column":42}},"52":{"start":{"line":187,"column":6},"end":{"line":194,"column":7}},"53":{"start":{"line":188,"column":27},"end":{"line":188,"column":72}},"54":{"start":{"line":189,"column":8},"end":{"line":193,"column":9}},"55":{"start":{"line":190,"column":10},"end":{"line":192,"column":12}},"56":{"start":{"line":196,"column":19},"end":{"line":196,"column":50}},"57":{"start":{"line":197,"column":6},"end":{"line":199,"column":7}},"58":{"start":{"line":198,"column":8},"end":{"line":198,"column":42}},"59":{"start":{"line":200,"column":6},"end":{"line":200,"column":54}},"60":{"start":{"line":202,"column":6},"end":{"line":202,"column":18}},"61":{"start":{"line":207,"column":0},"end":{"line":207,"column":35}}},"fnMap":{"0":{"name":"(anonymous_0)","decl":{"start":{"line":7,"column":2},"end":{"line":7,"column":3}},"loc":{"start":{"line":7,"column":31},"end":{"line":36,"column":3}},"line":7},"1":{"name":"(anonymous_1)","decl":{"start":{"line":41,"column":2},"end":{"line":41,"column":3}},"loc":{"start":{"line":41,"column":42},"end":{"line":74,"column":3}},"line":41},"2":{"name":"(anonymous_2)","decl":{"start":{"line":79,"column":2},"end":{"line":79,"column":3}},"loc":{"start":{"line":79,"column":24},"end":{"line":89,"column":3}},"line":79},"3":{"name":"(anonymous_3)","decl":{"start":{"line":94,"column":2},"end":{"line":94,"column":3}},"loc":{"start":{"line":94,"column":55},"end":{"line":126,"column":3}},"line":94},"4":{"name":"(anonymous_4)","decl":{"start":{"line":131,"column":2},"end":{"line":131,"column":3}},"loc":{"start":{"line":131,"column":26},"end":{"line":141,"column":3}},"line":131},"5":{"name":"(anonymous_5)","decl":{"start":{"line":146,"column":2},"end":{"line":146,"column":3}},"loc":{"start":{"line":146,"column":44},"end":{"line":173,"column":3}},"line":146},"6":{"name":"(anonymous_6)","decl":{"start":{"line":178,"column":2},"end":{"line":178,"column":3}},"loc":{"start":{"line":178,"column":23},"end":{"line":204,"column":3}},"line":178}},"branchMap":{"0":{"loc":{"start":{"line":11,"column":6},"end":{"line":13,"column":7}},"type":"if","locations":[{"start":{"line":11,"column":6},"end":{"line":13,"column":7}},{"start":{},"end":{}}],"line":11},"1":{"loc":{"start":{"line":46,"column":6},"end":{"line":48,"column":7}},"type":"if","locations":[{"start":{"line":46,"column":6},"end":{"line":48,"column":7}},{"start":{},"end":{}}],"line":46},"2":{"loc":{"start":{"line":53,"column":6},"end":{"line":55,"column":7}},"type":"if","locations":[{"start":{"line":53,"column":6},"end":{"line":55,"column":7}},{"start":{},"end":{}}],"line":53},"3":{"loc":{"start":{"line":82,"column":6},"end":{"line":84,"column":7}},"type":"if","locations":[{"start":{"line":82,"column":6},"end":{"line":84,"column":7}},{"start":{},"end":{}}],"line":82},"4":{"loc":{"start":{"line":94,"column":20},"end":{"line":94,"column":28}},"type":"default-arg","locations":[{"start":{"line":94,"column":27},"end":{"line":94,"column":28}}],"line":94},"5":{"loc":{"start":{"line":94,"column":30},"end":{"line":94,"column":40}},"type":"default-arg","locations":[{"start":{"line":94,"column":38},"end":{"line":94,"column":40}}],"line":94},"6":{"loc":{"start":{"line":94,"column":42},"end":{"line":94,"column":53}},"type":"default-arg","locations":[{"start":{"line":94,"column":51},"end":{"line":94,"column":53}}],"line":94},"7":{"loc":{"start":{"line":100,"column":6},"end":{"line":108,"column":7}},"type":"if","locations":[{"start":{"line":100,"column":6},"end":{"line":108,"column":7}},{"start":{},"end":{}}],"line":100},"8":{"loc":{"start":{"line":149,"column":6},"end":{"line":151,"column":7}},"type":"if","locations":[{"start":{"line":149,"column":6},"end":{"line":151,"column":7}},{"start":{},"end":{}}],"line":149},"9":{"loc":{"start":{"line":155,"column":6},"end":{"line":168,"column":7}},"type":"if","locations":[{"start":{"line":155,"column":6},"end":{"line":168,"column":7}},{"start":{"line":162,"column":13},"end":{"line":168,"column":7}}],"line":155},"10":{"loc":{"start":{"line":157,"column":8},"end":{"line":161,"column":9}},"type":"if","locations":[{"start":{"line":157,"column":8},"end":{"line":161,"column":9}},{"start":{},"end":{}}],"line":157},"11":{"loc":{"start":{"line":165,"column":8},"end":{"line":167,"column":9}},"type":"if","locations":[{"start":{"line":165,"column":8},"end":{"line":167,"column":9}},{"start":{},"end":{}}],"line":165},"12":{"loc":{"start":{"line":182,"column":6},"end":{"line":184,"column":7}},"type":"if","locations":[{"start":{"line":182,"column":6},"end":{"line":184,"column":7}},{"start":{},"end":{}}],"line":182},"13":{"loc":{"start":{"line":187,"column":6},"end":{"line":194,"column":7}},"type":"if","locations":[{"start":{"line":187,"column":6},"end":{"line":194,"column":7}},{"start":{},"end":{}}],"line":187},"14":{"loc":{"start":{"line":189,"column":8},"end":{"line":193,"column":9}},"type":"if","locations":[{"start":{"line":189,"column":8},"end":{"line":193,"column":9}},{"start":{},"end":{}}],"line":189},"15":{"loc":{"start":{"line":197,"column":6},"end":{"line":199,"column":7}},"type":"if","locations":[{"start":{"line":197,"column":6},"end":{"line":199,"column":7}},{"start":{},"end":{}}],"line":197}},"s":{"0":6,"1":12,"2":12,"3":12,"4":2,"5":10,"6":6,"7":6,"8":10,"9":10,"10":9,"11":2,"12":7,"13":7,"14":2,"15":5,"16":5,"17":9,"18":9,"19":8,"20":2,"21":6,"22":3,"23":5,"24":5,"25":5,"26":5,"27":0,"28":5,"29":4,"30":4,"31":1,"32":0,"33":0,"34":0,"35":0,"36":15,"37":15,"38":2,"39":15,"40":4,"41":4,"42":2,"43":11,"44":8,"45":2,"46":8,"47":7,"48":10,"49":10,"50":8,"51":2,"52":6,"53":2,"54":2,"55":1,"56":5,"57":5,"58":0,"59":5,"60":5,"61":6},"f":{"0":12,"1":10,"2":9,"3":5,"4":0,"5":15,"6":10},"b":{"0":[2,10],"1":[2,7],"2":[2,5],"3":[2,6],"4":[3],"5":[3],"6":[3],"7":[0,5],"8":[2,13],"9":[4,11],"10":[2,2],"11":[2,6],"12":[2,6],"13":[2,4],"14":[1,1],"15":[0,5]},"_coverageSchema":"1a1c01bbd47fc00a2c39e90264f33305004495a9","hash":"878ef2279c9fc6c5520e0cb6bc579e782740cf1b"}
}
