TN:
SF:src/config/database.js
FN:3,(anonymous_0)
FNF:1
FNH:0
FNDA:0,(anonymous_0)
DA:1,0
DA:3,0
DA:4,0
DA:5,0
DA:9,0
DA:11,0
DA:12,0
DA:16,0
LF:8
LH:0
BRF:0
BRH:0
end_of_record
TN:
SF:src/config/jwt.js
FN:6,(anonymous_0)
FN:25,(anonymous_1)
FNF:2
FNH:0
FNDA:0,(anonymous_0)
FNDA:0,(anonymous_1)
DA:1,0
DA:6,0
DA:7,0
DA:25,0
DA:26,0
DA:27,0
DA:29,0
DA:33,0
LF:8
LH:0
BRDA:17,0,0,0
BRDA:17,0,1,0
BRF:2
BRH:0
end_of_record
TN:
SF:src/controllers/courseController.js
FN:8,(anonymous_0)
FN:46,(anonymous_1)
FN:83,(anonymous_2)
FN:108,(anonymous_3)
FN:135,(anonymous_4)
FN:156,(anonymous_5)
FN:195,(anonymous_6)
FN:218,(anonymous_7)
FN:242,(anonymous_8)
FN:263,(anonymous_9)
FN:305,(anonymous_10)
FN:326,(anonymous_11)
FN:350,(anonymous_12)
FNF:13
FNH:0
FNDA:0,(anonymous_0)
FNDA:0,(anonymous_1)
FNDA:0,(anonymous_2)
FNDA:0,(anonymous_3)
FNDA:0,(anonymous_4)
FNDA:0,(anonymous_5)
FNDA:0,(anonymous_6)
FNDA:0,(anonymous_7)
FNDA:0,(anonymous_8)
FNDA:0,(anonymous_9)
FNDA:0,(anonymous_10)
FNDA:0,(anonymous_11)
FNDA:0,(anonymous_12)
DA:1,0
DA:8,0
DA:9,0
DA:10,0
DA:13,0
DA:14,0
DA:21,0
DA:29,0
DA:34,0
DA:46,0
DA:47,0
DA:48,0
DA:51,0
DA:52,0
DA:53,0
DA:56,0
DA:63,0
DA:71,0
DA:83,0
DA:84,0
DA:85,0
DA:86,0
DA:91,0
DA:96,0
DA:108,0
DA:109,0
DA:110,0
DA:112,0
DA:118,0
DA:123,0
DA:135,0
DA:136,0
DA:137,0
DA:139,0
DA:144,0
DA:156,0
DA:157,0
DA:158,0
DA:161,0
DA:162,0
DA:168,0
DA:178,0
DA:183,0
DA:195,0
DA:196,0
DA:197,0
DA:198,0
DA:200,0
DA:206,0
DA:218,0
DA:219,0
DA:220,0
DA:225,0
DA:230,0
DA:242,0
DA:243,0
DA:244,0
DA:246,0
DA:251,0
DA:263,0
DA:264,0
DA:265,0
DA:268,0
DA:269,0
DA:275,0
DA:276,0
DA:282,0
DA:288,0
DA:293,0
DA:305,0
DA:306,0
DA:307,0
DA:309,0
DA:314,0
DA:326,0
DA:327,0
DA:328,0
DA:333,0
DA:338,0
DA:350,0
DA:351,0
DA:352,0
DA:358,0
DA:363,0
LF:84
LH:0
BRDA:13,0,0,0
BRDA:13,0,1,0
BRDA:13,1,0,0
BRDA:13,1,1,0
BRDA:13,1,2,0
BRDA:25,2,0,0
BRDA:25,2,1,0
BRDA:26,3,0,0
BRDA:26,3,1,0
BRDA:48,4,0,0
BRDA:48,5,0,0
BRDA:48,6,0,0
BRDA:52,7,0,0
BRDA:52,7,1,0
BRDA:52,8,0,0
BRDA:52,8,1,0
BRDA:161,9,0,0
BRDA:161,9,1,0
BRDA:161,10,0,0
BRDA:161,10,1,0
BRDA:161,10,2,0
BRDA:174,11,0,0
BRDA:174,11,1,0
BRDA:175,12,0,0
BRDA:175,12,1,0
BRDA:268,13,0,0
BRDA:268,13,1,0
BRDA:268,14,0,0
BRDA:268,14,1,0
BRDA:275,15,0,0
BRDA:275,15,1,0
BRDA:275,16,0,0
BRDA:275,16,1,0
BRF:33
BRH:0
end_of_record
TN:
SF:src/controllers/courseEnrollmentController.js
FN:8,(anonymous_0)
FN:52,(anonymous_1)
FN:90,(anonymous_2)
FN:124,(anonymous_3)
FN:150,(anonymous_4)
FN:184,(anonymous_5)
FN:210,(anonymous_6)
FN:244,(anonymous_7)
FN:283,(anonymous_8)
FN:306,(anonymous_9)
FNF:10
FNH:0
FNDA:0,(anonymous_0)
FNDA:0,(anonymous_1)
FNDA:0,(anonymous_2)
FNDA:0,(anonymous_3)
FNDA:0,(anonymous_4)
FNDA:0,(anonymous_5)
FNDA:0,(anonymous_6)
FNDA:0,(anonymous_7)
FNDA:0,(anonymous_8)
FNDA:0,(anonymous_9)
DA:1,0
DA:8,0
DA:9,0
DA:10,0
DA:13,0
DA:14,0
DA:21,0
DA:22,0
DA:28,0
DA:35,0
DA:40,0
DA:52,0
DA:53,0
DA:54,0
DA:57,0
DA:58,0
DA:59,0
DA:62,0
DA:70,0
DA:78,0
DA:90,0
DA:91,0
DA:92,0
DA:97,0
DA:101,0
DA:107,0
DA:112,0
DA:124,0
DA:125,0
DA:126,0
DA:127,0
DA:132,0
DA:138,0
DA:150,0
DA:151,0
DA:153,0
DA:154,0
DA:160,0
DA:161,0
DA:166,0
DA:172,0
DA:184,0
DA:185,0
DA:186,0
DA:188,0
DA:193,0
DA:198,0
DA:210,0
DA:211,0
DA:212,0
DA:214,0
DA:215,0
DA:221,0
DA:227,0
DA:232,0
DA:244,0
DA:245,0
DA:247,0
DA:252,0
DA:256,0
DA:262,0
DA:266,0
DA:271,0
DA:283,0
DA:284,0
DA:285,0
DA:289,0
DA:294,0
DA:306,0
DA:307,0
DA:309,0
DA:310,0
DA:316,0
DA:320,0
DA:325,0
LF:75
LH:0
BRDA:13,0,0,0
BRDA:13,0,1,0
BRDA:13,1,0,0
BRDA:13,1,1,0
BRDA:21,2,0,0
BRDA:21,2,1,0
BRDA:21,3,0,0
BRDA:21,3,1,0
BRDA:54,4,0,0
BRDA:54,5,0,0
BRDA:58,6,0,0
BRDA:58,6,1,0
BRDA:97,7,0,0
BRDA:97,7,1,0
BRDA:98,8,0,0
BRDA:98,8,1,0
BRDA:153,9,0,0
BRDA:153,9,1,0
BRDA:153,10,0,0
BRDA:153,10,1,0
BRDA:214,11,0,0
BRDA:214,11,1,0
BRDA:252,12,0,0
BRDA:252,12,1,0
BRDA:253,13,0,0
BRDA:253,13,1,0
BRDA:309,14,0,0
BRDA:309,14,1,0
BRDA:309,15,0,0
BRDA:309,15,1,0
BRF:30
BRH:0
end_of_record
TN:
SF:src/controllers/uploadController.js
FN:10,(anonymous_0)
FN:98,(anonymous_1)
FNF:2
FNH:0
FNDA:0,(anonymous_0)
FNDA:0,(anonymous_1)
DA:1,0
DA:2,0
DA:3,0
DA:10,0
DA:11,0
DA:12,0
DA:13,0
DA:19,0
DA:20,0
DA:23,0
DA:24,0
DA:26,0
DA:27,0
DA:34,0
DA:35,0
DA:36,0
DA:37,0
DA:38,0
DA:39,0
DA:44,0
DA:46,0
DA:51,0
DA:55,0
DA:65,0
DA:78,0
DA:79,0
DA:80,0
DA:82,0
DA:86,0
DA:98,0
DA:99,0
DA:100,0
DA:102,0
DA:103,0
DA:110,0
DA:111,0
DA:112,0
DA:113,0
DA:114,0
DA:116,0
DA:122,0
DA:124,0
DA:129,0
LF:43
LH:0
BRDA:12,0,0,0
BRDA:12,0,1,0
BRDA:24,1,0,0
BRDA:24,1,1,0
BRDA:35,2,0,0
BRDA:35,2,1,0
BRDA:37,3,0,0
BRDA:37,3,1,0
BRDA:39,4,0,0
BRDA:39,4,1,0
BRDA:40,5,0,0
BRDA:40,5,1,0
BRDA:40,5,2,0
BRDA:57,6,0,0
BRDA:57,6,1,0
BRDA:60,7,0,0
BRDA:60,7,1,0
BRDA:61,8,0,0
BRDA:61,8,1,0
BRDA:78,9,0,0
BRDA:78,9,1,0
BRDA:102,10,0,0
BRDA:102,10,1,0
BRDA:110,11,0,0
BRDA:110,11,1,0
BRDA:110,12,0,0
BRDA:110,12,1,0
BRDA:112,13,0,0
BRDA:112,13,1,0
BRF:29
BRH:0
end_of_record
TN:
SF:src/controllers/userController.js
FN:9,(anonymous_0)
FN:72,(anonymous_1)
FN:113,(anonymous_2)
FN:143,(anonymous_3)
FN:164,(anonymous_4)
FN:186,(anonymous_5)
FN:210,(anonymous_6)
FN:231,(anonymous_7)
FNF:8
FNH:0
FNDA:0,(anonymous_0)
FNDA:0,(anonymous_1)
FNDA:0,(anonymous_2)
FNDA:0,(anonymous_3)
FNDA:0,(anonymous_4)
FNDA:0,(anonymous_5)
FNDA:0,(anonymous_6)
FNDA:0,(anonymous_7)
DA:1,0
DA:2,0
DA:9,0
DA:10,0
DA:21,0
DA:24,0
DA:25,0
DA:33,0
DA:46,0
DA:54,0
DA:60,0
DA:72,0
DA:73,0
DA:74,0
DA:77,0
DA:78,0
DA:84,0
DA:87,0
DA:95,0
DA:101,0
DA:113,0
DA:114,0
DA:115,0
DA:117,0
DA:123,0
DA:131,0
DA:143,0
DA:144,0
DA:145,0
DA:147,0
DA:152,0
DA:164,0
DA:165,0
DA:166,0
DA:168,0
DA:173,0
DA:186,0
DA:187,0
DA:189,0
DA:191,0
DA:193,0
DA:198,0
DA:210,0
DA:211,0
DA:212,0
DA:214,0
DA:219,0
DA:231,0
DA:232,0
DA:244,0
DA:247,0
DA:248,0
DA:256,0
DA:269,0
DA:274,0
LF:55
LH:0
BRDA:24,0,0,0
BRDA:24,0,1,0
BRDA:24,1,0,0
BRDA:24,1,1,0
BRDA:24,1,2,0
BRDA:24,1,3,0
BRDA:77,2,0,0
BRDA:77,2,1,0
BRDA:77,3,0,0
BRDA:77,3,1,0
BRDA:115,4,0,0
BRDA:115,5,0,0
BRDA:115,6,0,0
BRDA:247,7,0,0
BRDA:247,7,1,0
BRDA:247,8,0,0
BRDA:247,8,1,0
BRDA:247,8,2,0
BRDA:247,8,3,0
BRDA:266,9,0,0
BRDA:266,9,1,0
BRF:21
BRH:0
end_of_record
TN:
SF:src/middleware/auth.js
FN:10,(anonymous_0)
FN:26,(anonymous_1)
FN:27,(anonymous_2)
FN:69,(anonymous_3)
FN:100,(anonymous_4)
FNF:5
FNH:0
FNDA:0,(anonymous_0)
FNDA:0,(anonymous_1)
FNDA:0,(anonymous_2)
FNDA:0,(anonymous_3)
FNDA:0,(anonymous_4)
DA:1,0
DA:10,0
DA:12,0
DA:14,0
DA:15,0
DA:18,0
DA:19,0
DA:26,0
DA:27,0
DA:28,0
DA:29,0
DA:31,0
DA:32,0
DA:38,0
DA:41,0
DA:42,0
DA:43,0
DA:47,0
DA:48,0
DA:55,0
DA:56,0
DA:58,0
DA:69,0
DA:70,0
DA:71,0
DA:73,0
DA:74,0
DA:80,0
DA:81,0
DA:87,0
DA:88,0
DA:90,0
DA:100,0
DA:101,0
DA:102,0
DA:104,0
DA:105,0
DA:111,0
DA:112,0
DA:114,0
LF:40
LH:0
BRDA:14,0,0,0
BRDA:14,0,1,0
BRDA:14,1,0,0
BRDA:14,1,1,0
BRDA:26,2,0,0
BRDA:31,3,0,0
BRDA:31,3,1,0
BRDA:41,4,0,0
BRDA:41,4,1,0
BRDA:47,5,0,0
BRDA:47,5,1,0
BRDA:73,6,0,0
BRDA:73,6,1,0
BRDA:80,7,0,0
BRDA:80,7,1,0
BRDA:104,8,0,0
BRDA:104,8,1,0
BRF:17
BRH:0
end_of_record
TN:
SF:src/middleware/upload.js
FN:13,(anonymous_0)
FN:37,(anonymous_1)
FN:47,(anonymous_2)
FNF:3
FNH:0
FNDA:0,(anonymous_0)
FNDA:0,(anonymous_1)
FNDA:0,(anonymous_2)
DA:1,0
DA:2,0
DA:3,0
DA:6,0
DA:7,0
DA:8,0
DA:12,0
DA:15,0
DA:16,0
DA:18,0
DA:19,0
DA:20,0
DA:21,0
DA:22,0
DA:27,0
DA:30,0
DA:31,0
DA:32,0
DA:35,0
DA:39,0
DA:40,0
DA:41,0
DA:42,0
DA:47,0
DA:49,0
DA:76,0
DA:77,0
DA:79,0
DA:89,0
DA:97,0
LF:30
LH:0
BRDA:7,0,0,0
BRDA:7,0,1,0
BRDA:18,1,0,0
BRDA:18,1,1,0
BRDA:20,2,0,0
BRDA:20,2,1,0
BRDA:20,3,0,0
BRDA:20,3,1,0
BRDA:22,4,0,0
BRDA:22,4,1,0
BRDA:23,5,0,0
BRDA:23,5,1,0
BRDA:23,5,2,0
BRDA:31,6,0,0
BRDA:31,6,1,0
BRDA:76,7,0,0
BRDA:76,7,1,0
BRF:17
BRH:0
end_of_record
TN:
SF:src/models/Course.js
FN:41,(anonymous_0)
FN:56,(anonymous_1)
FNF:2
FNH:0
FNDA:0,(anonymous_0)
FNDA:0,(anonymous_1)
DA:1,1
DA:3,1
DA:41,1
DA:42,0
DA:43,0
DA:44,0
DA:45,0
DA:46,0
DA:48,0
DA:49,0
DA:52,0
DA:56,1
DA:57,0
DA:58,0
DA:60,0
DA:61,0
DA:62,0
DA:63,0
DA:64,0
DA:66,0
DA:67,0
DA:70,0
DA:74,1
DA:75,1
DA:77,1
LF:25
LH:7
BRDA:42,0,0,0
BRDA:42,0,1,0
BRDA:42,1,0,0
BRDA:42,1,1,0
BRDA:45,2,0,0
BRDA:45,2,1,0
BRDA:48,3,0,0
BRDA:48,3,1,0
BRDA:58,4,0,0
BRDA:58,4,1,0
BRDA:60,5,0,0
BRDA:60,5,1,0
BRDA:63,6,0,0
BRDA:63,6,1,0
BRDA:66,7,0,0
BRDA:66,7,1,0
BRF:16
BRH:0
end_of_record
TN:
SF:src/models/CourseDetail.js
FNF:0
FNH:0
DA:1,1
DA:3,1
DA:48,1
DA:49,1
DA:51,1
LF:5
LH:5
BRF:0
BRH:0
end_of_record
TN:
SF:src/models/CourseEnrollment.js
FN:36,(anonymous_0)
FN:51,(anonymous_1)
FNF:2
FNH:0
FNDA:0,(anonymous_0)
FNDA:0,(anonymous_1)
DA:1,1
DA:3,1
DA:36,1
DA:37,0
DA:38,0
DA:39,0
DA:40,0
DA:41,0
DA:43,0
DA:44,0
DA:47,0
DA:51,1
DA:52,0
DA:53,0
DA:55,0
DA:56,0
DA:57,0
DA:58,0
DA:59,0
DA:61,0
DA:62,0
DA:65,0
DA:69,1
DA:72,1
DA:75,1
DA:77,1
LF:26
LH:8
BRDA:37,0,0,0
BRDA:37,0,1,0
BRDA:37,1,0,0
BRDA:37,1,1,0
BRDA:40,2,0,0
BRDA:40,2,1,0
BRDA:43,3,0,0
BRDA:43,3,1,0
BRDA:53,4,0,0
BRDA:53,4,1,0
BRDA:55,5,0,0
BRDA:55,5,1,0
BRDA:58,6,0,0
BRDA:58,6,1,0
BRDA:61,7,0,0
BRDA:61,7,1,0
BRF:16
BRH:0
end_of_record
TN:
SF:src/models/CourseFeedback.js
FNF:0
FNH:0
DA:1,1
DA:3,1
DA:33,1
DA:36,1
DA:38,1
LF:5
LH:5
BRF:0
BRH:0
end_of_record
TN:
SF:src/models/User.js
FN:79,(anonymous_0)
FN:89,(anonymous_1)
FNF:2
FNH:0
FNDA:0,(anonymous_0)
FNDA:0,(anonymous_1)
DA:1,0
DA:2,0
DA:4,0
DA:79,0
DA:80,0
DA:81,0
DA:84,0
DA:85,0
DA:89,0
DA:90,0
DA:93,0
LF:11
LH:0
BRDA:80,0,0,0
BRDA:80,0,1,0
BRF:2
BRH:0
end_of_record
TN:
SF:src/repositories/courseDetailRepository.js
FN:7,(anonymous_0)
FN:19,(anonymous_1)
FN:31,(anonymous_2)
FN:46,(anonymous_3)
FN:61,(anonymous_4)
FN:75,(anonymous_5)
FN:87,(anonymous_6)
FN:102,(anonymous_7)
FN:114,(anonymous_8)
FNF:9
FNH:0
FNDA:0,(anonymous_0)
FNDA:0,(anonymous_1)
FNDA:0,(anonymous_2)
FNDA:0,(anonymous_3)
FNDA:0,(anonymous_4)
FNDA:0,(anonymous_5)
FNDA:0,(anonymous_6)
FNDA:0,(anonymous_7)
FNDA:0,(anonymous_8)
DA:1,1
DA:8,0
DA:9,0
DA:10,0
DA:12,0
DA:20,0
DA:21,0
DA:22,0
DA:24,0
DA:32,0
DA:33,0
DA:37,0
DA:39,0
DA:47,0
DA:48,0
DA:52,0
DA:54,0
DA:62,0
DA:63,0
DA:66,0
DA:68,0
DA:76,0
DA:77,0
DA:78,0
DA:80,0
DA:88,0
DA:89,0
DA:93,0
DA:95,0
DA:103,0
DA:104,0
DA:105,0
DA:107,0
DA:115,0
DA:116,0
DA:117,0
DA:119,0
DA:124,1
LF:38
LH:2
BRDA:31,0,0,0
BRDA:61,1,0,0
BRDA:75,2,0,0
BRF:3
BRH:0
end_of_record
TN:
SF:src/repositories/courseEnrollmentRepository.js
FN:7,(anonymous_0)
FN:34,(anonymous_1)
FN:59,(anonymous_2)
FN:83,(anonymous_3)
FN:110,(anonymous_4)
FN:139,(anonymous_5)
FN:157,(anonymous_6)
FN:182,(anonymous_7)
FN:214,(anonymous_8)
FN:226,(anonymous_9)
FN:238,(anonymous_10)
FN:254,(anonymous_11)
FNF:12
FNH:0
FNDA:0,(anonymous_0)
FNDA:0,(anonymous_1)
FNDA:0,(anonymous_2)
FNDA:0,(anonymous_3)
FNDA:0,(anonymous_4)
FNDA:0,(anonymous_5)
FNDA:0,(anonymous_6)
FNDA:0,(anonymous_7)
FNDA:0,(anonymous_8)
FNDA:0,(anonymous_9)
FNDA:0,(anonymous_10)
FNDA:0,(anonymous_11)
DA:1,1
DA:8,0
DA:9,0
DA:11,0
DA:25,0
DA:27,0
DA:35,0
DA:36,0
DA:50,0
DA:52,0
DA:60,0
DA:61,0
DA:74,0
DA:76,0
DA:84,0
DA:85,0
DA:101,0
DA:103,0
DA:111,0
DA:112,0
DA:130,0
DA:132,0
DA:140,0
DA:141,0
DA:142,0
DA:143,0
DA:145,0
DA:148,0
DA:150,0
DA:158,0
DA:159,0
DA:160,0
DA:161,0
DA:163,0
DA:173,0
DA:175,0
DA:183,0
DA:184,0
DA:205,0
DA:207,0
DA:215,0
DA:216,0
DA:217,0
DA:219,0
DA:227,0
DA:228,0
DA:229,0
DA:231,0
DA:239,0
DA:240,0
DA:241,0
DA:242,0
DA:244,0
DA:245,0
DA:247,0
DA:255,0
DA:256,0
DA:257,0
DA:258,0
DA:260,0
DA:261,0
DA:263,0
DA:268,1
LF:63
LH:2
BRDA:83,0,0,0
BRDA:110,1,0,0
BRDA:110,2,0,0
BRDA:110,3,0,0
BRDA:139,4,0,0
BRDA:142,5,0,0
BRDA:142,5,1,0
BRDA:157,6,0,0
BRDA:160,7,0,0
BRDA:160,7,1,0
BRDA:226,8,0,0
BRDA:238,9,0,0
BRDA:241,10,0,0
BRDA:241,10,1,0
BRDA:254,11,0,0
BRDA:257,12,0,0
BRDA:257,12,1,0
BRF:17
BRH:0
end_of_record
TN:
SF:src/repositories/courseFeedbackRepository.js
FN:7,(anonymous_0)
FN:31,(anonymous_1)
FN:45,(anonymous_2)
FN:62,(anonymous_3)
FN:79,(anonymous_4)
FN:101,(anonymous_5)
FN:123,(anonymous_6)
FN:135,(anonymous_7)
FN:147,(anonymous_8)
FNF:9
FNH:0
FNDA:0,(anonymous_0)
FNDA:0,(anonymous_1)
FNDA:0,(anonymous_2)
FNDA:0,(anonymous_3)
FNDA:0,(anonymous_4)
FNDA:0,(anonymous_5)
FNDA:0,(anonymous_6)
FNDA:0,(anonymous_7)
FNDA:0,(anonymous_8)
DA:1,1
DA:8,0
DA:10,0
DA:22,0
DA:24,0
DA:32,0
DA:33,0
DA:36,0
DA:38,0
DA:46,0
DA:47,0
DA:53,0
DA:55,0
DA:63,0
DA:64,0
DA:70,0
DA:72,0
DA:80,0
DA:81,0
DA:82,0
DA:92,0
DA:94,0
DA:102,0
DA:103,0
DA:104,0
DA:114,0
DA:116,0
DA:124,0
DA:125,0
DA:126,0
DA:128,0
DA:136,0
DA:137,0
DA:138,0
DA:140,0
DA:148,0
DA:149,0
DA:150,0
DA:152,0
DA:157,1
LF:40
LH:2
BRDA:45,0,0,0
BRDA:92,1,0,0
BRDA:92,1,1,0
BRDA:123,2,0,0
BRF:4
BRH:0
end_of_record
TN:
SF:src/repositories/courseRepository.js
FN:7,(anonymous_0)
FN:23,(anonymous_1)
FN:38,(anonymous_2)
FN:52,(anonymous_3)
FN:66,(anonymous_4)
FN:82,(anonymous_5)
FN:94,(anonymous_6)
FN:109,(anonymous_7)
FN:128,(anonymous_8)
FNF:9
FNH:0
FNDA:0,(anonymous_0)
FNDA:0,(anonymous_1)
FNDA:0,(anonymous_2)
FNDA:0,(anonymous_3)
FNDA:0,(anonymous_4)
FNDA:0,(anonymous_5)
FNDA:0,(anonymous_6)
FNDA:0,(anonymous_7)
FNDA:0,(anonymous_8)
DA:1,1
DA:8,0
DA:9,0
DA:11,0
DA:12,0
DA:14,0
DA:16,0
DA:24,0
DA:25,0
DA:29,0
DA:31,0
DA:39,0
DA:40,0
DA:43,0
DA:45,0
DA:53,0
DA:54,0
DA:57,0
DA:59,0
DA:67,0
DA:68,0
DA:73,0
DA:75,0
DA:83,0
DA:84,0
DA:85,0
DA:87,0
DA:95,0
DA:96,0
DA:100,0
DA:102,0
DA:110,0
DA:111,0
DA:119,0
DA:121,0
DA:129,0
DA:130,0
DA:131,0
DA:133,0
DA:138,1
LF:40
LH:2
BRDA:11,0,0,0
BRDA:11,0,1,0
BRDA:52,1,0,0
BRDA:66,2,0,0
BRDA:66,3,0,0
BRDA:66,4,0,0
BRDA:82,5,0,0
BRF:7
BRH:0
end_of_record
TN:
SF:src/repositories/userRepository.js
FN:7,(anonymous_0)
FN:19,(anonymous_1)
FN:31,(anonymous_2)
FN:43,(anonymous_3)
FN:55,(anonymous_4)
FN:70,(anonymous_5)
FN:82,(anonymous_6)
FN:100,(anonymous_7)
FN:120,(anonymous_8)
FNF:9
FNH:0
FNDA:0,(anonymous_0)
FNDA:0,(anonymous_1)
FNDA:0,(anonymous_2)
FNDA:0,(anonymous_3)
FNDA:0,(anonymous_4)
FNDA:0,(anonymous_5)
FNDA:0,(anonymous_6)
FNDA:0,(anonymous_7)
FNDA:0,(anonymous_8)
DA:1,0
DA:8,0
DA:9,0
DA:10,0
DA:12,0
DA:20,0
DA:21,0
DA:22,0
DA:24,0
DA:32,0
DA:33,0
DA:34,0
DA:36,0
DA:44,0
DA:45,0
DA:46,0
DA:48,0
DA:56,0
DA:57,0
DA:61,0
DA:63,0
DA:71,0
DA:72,0
DA:73,0
DA:75,0
DA:83,0
DA:84,0
DA:88,0
DA:90,0
DA:101,0
DA:103,0
DA:111,0
DA:113,0
DA:121,0
DA:122,0
DA:123,0
DA:125,0
DA:130,0
LF:38
LH:0
BRDA:43,0,0,0
BRDA:55,1,0,0
BRDA:55,2,0,0
BRDA:55,3,0,0
BRDA:70,4,0,0
BRF:5
BRH:0
end_of_record
TN:
SF:src/routes/courseEnrollmentRoutes.js
FN:7,(anonymous_0)
FNF:1
FNH:0
FNDA:0,(anonymous_0)
DA:1,0
DA:2,0
DA:3,0
DA:4,0
DA:7,0
DA:8,0
DA:9,0
DA:11,0
DA:19,0
DA:20,0
DA:21,0
DA:22,0
DA:28,0
DA:34,0
DA:37,0
DA:45,0
DA:52,0
DA:59,0
DA:65,0
LF:19
LH:0
BRDA:8,0,0,0
BRDA:8,0,1,0
BRDA:8,1,0,0
BRDA:8,1,1,0
BRF:4
BRH:0
end_of_record
TN:
SF:src/routes/courseRoutes.js
FN:9,(anonymous_0)
FNF:1
FNH:0
FNDA:0,(anonymous_0)
DA:1,0
DA:2,0
DA:3,0
DA:4,0
DA:5,0
DA:6,0
DA:9,0
DA:10,0
DA:11,0
DA:13,0
DA:21,0
DA:27,0
DA:28,0
DA:29,0
DA:35,0
DA:38,0
DA:47,0
DA:53,0
DA:54,0
DA:60,0
DA:66,0
DA:74,0
DA:75,0
DA:76,0
DA:81,0
DA:87,0
LF:26
LH:0
BRDA:10,0,0,0
BRDA:10,0,1,0
BRDA:10,1,0,0
BRDA:10,1,1,0
BRF:4
BRH:0
end_of_record
TN:
SF:src/routes/index.js
FN:13,(anonymous_0)
FNF:1
FNH:0
FNDA:0,(anonymous_0)
DA:1,0
DA:2,0
DA:3,0
DA:4,0
DA:5,0
DA:8,0
DA:9,0
DA:10,0
DA:13,0
DA:14,0
DA:21,0
LF:11
LH:0
BRF:0
BRH:0
end_of_record
TN:
SF:src/routes/userRoutes.js
FNF:0
FNH:0
DA:1,0
DA:2,0
DA:3,0
DA:8,0
DA:11,0
DA:12,0
DA:15,0
DA:18,0
DA:19,0
DA:20,0
DA:21,0
DA:22,0
DA:24,0
LF:13
LH:0
BRF:0
BRH:0
end_of_record
TN:
SF:src/services/courseEnrollmentService.js
FN:9,(anonymous_0)
FN:55,(anonymous_1)
FN:70,(anonymous_2)
FN:113,(anonymous_3)
FN:134,(anonymous_4)
FN:155,(anonymous_5)
FN:184,(anonymous_6)
FN:230,(anonymous_7)
FN:247,(anonymous_8)
FN:283,(anonymous_9)
FNF:10
FNH:0
FNDA:0,(anonymous_0)
FNDA:0,(anonymous_1)
FNDA:0,(anonymous_2)
FNDA:0,(anonymous_3)
FNDA:0,(anonymous_4)
FNDA:0,(anonymous_5)
FNDA:0,(anonymous_6)
FNDA:0,(anonymous_7)
FNDA:0,(anonymous_8)
FNDA:0,(anonymous_9)
DA:1,0
DA:2,0
DA:3,0
DA:10,0
DA:11,0
DA:14,0
DA:15,0
DA:16,0
DA:20,0
DA:21,0
DA:22,0
DA:24,0
DA:25,0
DA:30,0
DA:34,0
DA:35,0
DA:39,0
DA:46,0
DA:48,0
DA:56,0
DA:57,0
DA:58,0
DA:59,0
DA:61,0
DA:63,0
DA:77,0
DA:78,0
DA:81,0
DA:82,0
DA:83,0
DA:85,0
DA:86,0
DA:88,0
DA:89,0
DA:92,0
DA:97,0
DA:99,0
DA:106,0
DA:114,0
DA:116,0
DA:117,0
DA:118,0
DA:121,0
DA:125,0
DA:127,0
DA:135,0
DA:137,0
DA:138,0
DA:139,0
DA:142,0
DA:146,0
DA:148,0
DA:156,0
DA:158,0
DA:159,0
DA:164,0
DA:165,0
DA:166,0
DA:170,0
DA:175,0
DA:177,0
DA:185,0
DA:186,0
DA:187,0
DA:188,0
DA:192,0
DA:196,0
DA:202,0
DA:203,0
DA:204,0
DA:207,0
DA:212,0
DA:213,0
DA:217,0
DA:221,0
DA:223,0
DA:231,0
DA:232,0
DA:233,0
DA:234,0
DA:237,0
DA:238,0
DA:240,0
DA:248,0
DA:249,0
DA:250,0
DA:251,0
DA:254,0
DA:255,0
DA:259,0
DA:263,0
DA:268,0
DA:276,0
DA:284,0
DA:285,0
DA:286,0
DA:287,0
DA:290,0
DA:291,0
DA:295,0
DA:299,0
DA:304,0
DA:312,0
DA:317,0
LF:104
LH:0
BRDA:15,0,0,0
BRDA:15,0,1,0
BRDA:21,1,0,0
BRDA:21,1,1,0
BRDA:24,2,0,0
BRDA:24,2,1,0
BRDA:34,3,0,0
BRDA:34,3,1,0
BRDA:42,4,0,0
BRDA:42,4,1,0
BRDA:58,5,0,0
BRDA:58,5,1,0
BRDA:71,6,0,0
BRDA:72,7,0,0
BRDA:73,8,0,0
BRDA:74,9,0,0
BRDA:75,10,0,0
BRDA:82,11,0,0
BRDA:82,11,1,0
BRDA:85,12,0,0
BRDA:85,12,1,0
BRDA:88,13,0,0
BRDA:88,13,1,0
BRDA:113,14,0,0
BRDA:117,15,0,0
BRDA:117,15,1,0
BRDA:134,16,0,0
BRDA:138,17,0,0
BRDA:138,17,1,0
BRDA:158,18,0,0
BRDA:158,18,1,0
BRDA:165,19,0,0
BRDA:165,19,1,0
BRDA:187,20,0,0
BRDA:187,20,1,0
BRDA:192,21,0,0
BRDA:192,21,1,0
BRDA:193,22,0,0
BRDA:193,22,1,0
BRDA:202,23,0,0
BRDA:202,23,1,0
BRDA:202,24,0,0
BRDA:202,24,1,0
BRDA:203,25,0,0
BRDA:203,25,1,0
BRDA:204,26,0,0
BRDA:204,26,1,0
BRDA:212,27,0,0
BRDA:212,27,1,0
BRDA:212,28,0,0
BRDA:212,28,1,0
BRDA:233,29,0,0
BRDA:233,29,1,0
BRDA:250,30,0,0
BRDA:250,30,1,0
BRDA:286,31,0,0
BRDA:286,31,1,0
BRF:57
BRH:0
end_of_record
TN:
SF:src/services/courseService.js
FN:10,(anonymous_0)
FN:30,(anonymous_1)
FN:54,(anonymous_2)
FN:96,(anonymous_3)
FN:137,(anonymous_4)
FN:159,(anonymous_5)
FN:177,(anonymous_6)
FN:201,(anonymous_7)
FN:216,(anonymous_8)
FN:231,(anonymous_9)
FN:246,(anonymous_10)
FN:289,(anonymous_11)
FN:319,(anonymous_12)
FN:334,(anonymous_13)
FNF:14
FNH:13
FNDA:3,(anonymous_0)
FNDA:3,(anonymous_1)
FNDA:2,(anonymous_2)
FNDA:6,(anonymous_3)
FNDA:2,(anonymous_4)
FNDA:2,(anonymous_5)
FNDA:3,(anonymous_6)
FNDA:0,(anonymous_7)
FNDA:2,(anonymous_8)
FNDA:2,(anonymous_9)
FNDA:4,(anonymous_10)
FNDA:3,(anonymous_11)
FNDA:1,(anonymous_12)
FNDA:4,(anonymous_13)
DA:1,1
DA:2,1
DA:3,1
DA:4,1
DA:11,3
DA:13,3
DA:16,3
DA:17,1
DA:20,2
DA:21,2
DA:23,1
DA:31,3
DA:32,3
DA:33,3
DA:34,1
DA:37,2
DA:38,1
DA:39,1
DA:45,1
DA:47,1
DA:55,2
DA:56,2
DA:59,2
DA:60,2
DA:61,1
DA:71,2
DA:72,0
DA:75,2
DA:80,2
DA:82,2
DA:89,0
DA:97,6
DA:99,6
DA:100,2
DA:103,2
DA:104,1
DA:110,5
DA:111,2
DA:116,2
DA:117,1
DA:122,3
DA:123,3
DA:124,1
DA:128,3
DA:130,3
DA:138,2
DA:139,2
DA:140,2
DA:141,1
DA:145,1
DA:148,1
DA:150,1
DA:152,1
DA:160,2
DA:162,2
DA:163,2
DA:164,1
DA:167,1
DA:168,1
DA:170,1
DA:178,3
DA:180,3
DA:181,3
DA:182,1
DA:186,2
DA:187,1
DA:189,1
DA:192,2
DA:194,1
DA:202,0
DA:203,0
DA:204,0
DA:205,0
DA:207,0
DA:209,0
DA:217,2
DA:218,2
DA:219,2
DA:220,1
DA:222,1
DA:224,1
DA:232,2
DA:233,2
DA:234,2
DA:235,1
DA:237,1
DA:239,1
DA:247,4
DA:249,4
DA:250,4
DA:251,1
DA:256,3
DA:261,3
DA:262,1
DA:267,2
DA:268,1
DA:273,1
DA:280,1
DA:282,3
DA:290,3
DA:292,3
DA:293,3
DA:294,1
DA:297,2
DA:298,2
DA:299,2
DA:303,2
DA:312,1
DA:320,1
DA:321,1
DA:325,1
DA:327,0
DA:335,4
DA:336,4
DA:337,4
DA:338,1
DA:342,3
DA:343,1
DA:346,2
DA:347,2
DA:349,2
DA:354,1
LF:122
LH:113
BRDA:16,0,0,1
BRDA:16,0,1,2
BRDA:30,1,0,1
BRDA:33,2,0,1
BRDA:33,2,1,2
BRDA:37,3,0,1
BRDA:37,3,1,1
BRDA:54,4,0,0
BRDA:54,5,0,0
BRDA:54,6,0,1
BRDA:54,7,0,2
BRDA:60,8,0,1
BRDA:60,8,1,1
BRDA:71,9,0,0
BRDA:71,9,1,2
BRDA:99,10,0,2
BRDA:99,10,1,4
BRDA:103,11,0,1
BRDA:103,11,1,1
BRDA:103,12,0,2
BRDA:103,12,1,2
BRDA:110,13,0,2
BRDA:110,13,1,3
BRDA:116,14,0,1
BRDA:116,14,1,1
BRDA:123,15,0,1
BRDA:123,15,1,2
BRDA:140,16,0,1
BRDA:140,16,1,1
BRDA:163,17,0,1
BRDA:163,17,1,1
BRDA:177,18,0,2
BRDA:181,19,0,1
BRDA:181,19,1,2
BRDA:186,20,0,1
BRDA:186,20,1,1
BRDA:204,21,0,0
BRDA:204,21,1,0
BRDA:219,22,0,1
BRDA:219,22,1,1
BRDA:234,23,0,1
BRDA:234,23,1,1
BRDA:250,24,0,1
BRDA:250,24,1,3
BRDA:261,25,0,1
BRDA:261,25,1,2
BRDA:267,26,0,1
BRDA:267,26,1,1
BRDA:293,27,0,1
BRDA:293,27,1,2
BRDA:306,28,0,2
BRDA:306,28,1,1
BRDA:307,29,0,2
BRDA:307,29,1,1
BRDA:337,30,0,1
BRDA:337,30,1,3
BRDA:342,31,0,1
BRDA:342,31,1,2
BRDA:342,32,0,3
BRDA:342,32,1,2
BRF:60
BRH:55
end_of_record
TN:
SF:src/services/userService.js
FN:7,(anonymous_0)
FN:41,(anonymous_1)
FN:79,(anonymous_2)
FN:94,(anonymous_3)
FN:131,(anonymous_4)
FN:146,(anonymous_5)
FN:178,(anonymous_6)
FNF:7
FNH:0
FNDA:0,(anonymous_0)
FNDA:0,(anonymous_1)
FNDA:0,(anonymous_2)
FNDA:0,(anonymous_3)
FNDA:0,(anonymous_4)
FNDA:0,(anonymous_5)
FNDA:0,(anonymous_6)
DA:1,0
DA:8,0
DA:10,0
DA:11,0
DA:12,0
DA:16,0
DA:19,0
DA:34,0
DA:42,0
DA:44,0
DA:46,0
DA:47,0
DA:51,0
DA:53,0
DA:54,0
DA:58,0
DA:72,0
DA:80,0
DA:81,0
DA:82,0
DA:83,0
DA:85,0
DA:87,0
DA:95,0
DA:96,0
DA:99,0
DA:100,0
DA:101,0
DA:110,0
DA:115,0
DA:117,0
DA:124,0
DA:132,0
DA:133,0
DA:137,0
DA:139,0
DA:147,0
DA:149,0
DA:150,0
DA:155,0
DA:156,0
DA:157,0
DA:158,0
DA:164,0
DA:165,0
DA:166,0
DA:169,0
DA:171,0
DA:179,0
DA:181,0
DA:182,0
DA:183,0
DA:187,0
DA:188,0
DA:189,0
DA:190,0
DA:196,0
DA:197,0
DA:198,0
DA:200,0
DA:202,0
DA:207,0
LF:62
LH:0
BRDA:11,0,0,0
BRDA:11,0,1,0
BRDA:46,1,0,0
BRDA:46,1,1,0
BRDA:53,2,0,0
BRDA:53,2,1,0
BRDA:82,3,0,0
BRDA:82,3,1,0
BRDA:94,4,0,0
BRDA:94,5,0,0
BRDA:94,6,0,0
BRDA:100,7,0,0
BRDA:100,7,1,0
BRDA:149,8,0,0
BRDA:149,8,1,0
BRDA:155,9,0,0
BRDA:155,9,1,0
BRDA:157,10,0,0
BRDA:157,10,1,0
BRDA:165,11,0,0
BRDA:165,11,1,0
BRDA:182,12,0,0
BRDA:182,12,1,0
BRDA:187,13,0,0
BRDA:187,13,1,0
BRDA:189,14,0,0
BRDA:189,14,1,0
BRDA:197,15,0,0
BRDA:197,15,1,0
BRF:29
BRH:0
end_of_record
