TN:
SF:src/config/database.js
FN:3,(anonymous_0)
FNF:1
FNH:1
FNDA:3,(anonymous_0)
DA:1,3
DA:3,3
DA:4,3
DA:5,3
DA:9,2
DA:11,1
DA:12,1
DA:16,3
LF:8
LH:8
BRF:0
BRH:0
end_of_record
TN:
SF:src/config/jwt.js
FN:6,(anonymous_0)
FN:25,(anonymous_1)
FNF:2
FNH:2
FNDA:293,(anonymous_0)
FNDA:106,(anonymous_1)
DA:1,7
DA:6,7
DA:7,293
DA:25,7
DA:26,106
DA:27,106
DA:29,11
DA:33,7
LF:8
LH:8
BRDA:17,0,0,293
BRDA:17,0,1,0
BRF:2
BRH:1
end_of_record
TN:
SF:src/controllers/courseController.js
FN:8,(anonymous_0)
FN:45,(anonymous_1)
FN:75,(anonymous_2)
FN:100,(anonymous_3)
FN:127,(anonymous_4)
FN:148,(anonymous_5)
FN:187,(anonymous_6)
FN:210,(anonymous_7)
FN:234,(anonymous_8)
FN:255,(anonymous_9)
FN:297,(anonymous_10)
FN:318,(anonymous_11)
FN:342,(anonymous_12)
FNF:13
FNH:13
FNDA:7,(anonymous_0)
FNDA:5,(anonymous_1)
FNDA:6,(anonymous_2)
FNDA:5,(anonymous_3)
FNDA:3,(anonymous_4)
FNDA:4,(anonymous_5)
FNDA:4,(anonymous_6)
FNDA:3,(anonymous_7)
FNDA:3,(anonymous_8)
FNDA:10,(anonymous_9)
FNDA:2,(anonymous_10)
FNDA:3,(anonymous_11)
FNDA:5,(anonymous_12)
DA:1,4
DA:8,4
DA:9,7
DA:10,7
DA:13,7
DA:14,2
DA:21,5
DA:28,3
DA:33,2
DA:45,4
DA:46,5
DA:47,5
DA:49,5
DA:55,5
DA:63,0
DA:75,4
DA:76,6
DA:77,6
DA:78,6
DA:83,4
DA:88,2
DA:100,4
DA:101,5
DA:102,5
DA:104,5
DA:110,4
DA:115,1
DA:127,4
DA:128,3
DA:129,3
DA:131,2
DA:136,1
DA:148,4
DA:149,4
DA:150,4
DA:153,4
DA:154,1
DA:160,3
DA:170,3
DA:175,0
DA:187,4
DA:188,4
DA:189,4
DA:190,4
DA:192,4
DA:198,0
DA:210,4
DA:211,3
DA:212,3
DA:217,3
DA:222,0
DA:234,4
DA:235,3
DA:236,3
DA:238,3
DA:243,0
DA:255,4
DA:256,10
DA:257,10
DA:260,10
DA:261,2
DA:267,8
DA:268,3
DA:274,5
DA:280,5
DA:285,0
DA:297,4
DA:298,2
DA:299,2
DA:301,2
DA:306,0
DA:318,4
DA:319,3
DA:320,3
DA:325,3
DA:330,0
DA:342,4
DA:343,5
DA:344,5
DA:350,3
DA:355,2
LF:81
LH:73
BRDA:13,0,0,2
BRDA:13,0,1,5
BRDA:13,1,0,7
BRDA:13,1,1,7
BRDA:13,1,2,5
BRDA:25,2,0,0
BRDA:25,2,1,5
BRDA:47,3,0,4
BRDA:47,4,0,4
BRDA:47,5,0,2
BRDA:153,6,0,1
BRDA:153,6,1,3
BRDA:153,7,0,4
BRDA:153,7,1,4
BRDA:153,7,2,3
BRDA:166,8,0,3
BRDA:166,8,1,3
BRDA:167,9,0,0
BRDA:167,9,1,3
BRDA:260,10,0,2
BRDA:260,10,1,8
BRDA:260,11,0,10
BRDA:260,11,1,8
BRDA:267,12,0,3
BRDA:267,12,1,5
BRDA:267,13,0,8
BRDA:267,13,1,7
BRF:27
BRH:25
end_of_record
TN:
SF:src/controllers/userController.js
FN:9,(anonymous_0)
FN:72,(anonymous_1)
FN:113,(anonymous_2)
FN:143,(anonymous_3)
FN:165,(anonymous_4)
FN:189,(anonymous_5)
FN:210,(anonymous_6)
FNF:7
FNH:7
FNDA:14,(anonymous_0)
FNDA:10,(anonymous_1)
FNDA:5,(anonymous_2)
FNDA:8,(anonymous_3)
FNDA:13,(anonymous_4)
FNDA:8,(anonymous_5)
FNDA:4,(anonymous_6)
DA:1,5
DA:2,5
DA:9,5
DA:10,14
DA:21,14
DA:24,14
DA:25,3
DA:33,11
DA:46,6
DA:54,6
DA:60,5
DA:72,5
DA:73,10
DA:74,10
DA:77,10
DA:78,2
DA:84,8
DA:87,5
DA:95,5
DA:101,3
DA:113,5
DA:114,5
DA:115,5
DA:117,5
DA:123,4
DA:131,1
DA:143,5
DA:144,8
DA:145,8
DA:147,6
DA:152,2
DA:165,5
DA:166,13
DA:168,13
DA:170,13
DA:172,7
DA:177,6
DA:189,5
DA:190,8
DA:191,8
DA:193,4
DA:198,4
DA:210,5
DA:211,4
DA:223,4
DA:226,4
DA:227,1
DA:235,3
DA:248,2
DA:253,1
LF:50
LH:50
BRDA:24,0,0,3
BRDA:24,0,1,11
BRDA:24,1,0,14
BRDA:24,1,1,13
BRDA:24,1,2,11
BRDA:24,1,3,11
BRDA:77,2,0,2
BRDA:77,2,1,8
BRDA:77,3,0,10
BRDA:77,3,1,10
BRDA:115,4,0,5
BRDA:115,5,0,5
BRDA:115,6,0,5
BRDA:226,7,0,1
BRDA:226,7,1,3
BRDA:226,8,0,4
BRDA:226,8,1,4
BRDA:226,8,2,3
BRDA:226,8,3,3
BRDA:245,9,0,3
BRDA:245,9,1,2
BRF:21
BRH:21
end_of_record
TN:
SF:src/middleware/auth.js
FN:10,(anonymous_0)
FN:26,(anonymous_1)
FN:27,(anonymous_2)
FN:69,(anonymous_3)
FN:100,(anonymous_4)
FNF:5
FNH:5
FNDA:106,(anonymous_0)
FNDA:18,(anonymous_1)
FNDA:39,(anonymous_2)
FNDA:20,(anonymous_3)
FNDA:47,(anonymous_4)
DA:1,4
DA:10,4
DA:12,106
DA:14,103
DA:15,12
DA:18,91
DA:19,91
DA:26,4
DA:27,18
DA:28,39
DA:29,39
DA:31,38
DA:32,5
DA:38,33
DA:41,33
DA:42,14
DA:43,14
DA:47,19
DA:48,10
DA:55,9
DA:56,9
DA:58,1
DA:69,4
DA:70,20
DA:71,20
DA:73,19
DA:74,7
DA:80,12
DA:81,8
DA:87,4
DA:88,4
DA:90,1
DA:100,4
DA:101,47
DA:102,47
DA:104,46
DA:105,6
DA:111,40
DA:112,40
DA:114,1
LF:40
LH:40
BRDA:14,0,0,12
BRDA:14,0,1,91
BRDA:14,1,0,103
BRDA:14,1,1,95
BRDA:26,2,0,17
BRDA:31,3,0,5
BRDA:31,3,1,33
BRDA:41,4,0,14
BRDA:41,4,1,19
BRDA:47,5,0,10
BRDA:47,5,1,9
BRDA:73,6,0,7
BRDA:73,6,1,12
BRDA:80,7,0,8
BRDA:80,7,1,4
BRDA:104,8,0,6
BRDA:104,8,1,40
BRF:17
BRH:17
end_of_record
TN:
SF:src/models/Course.js
FNF:0
FNH:0
DA:1,11
DA:3,11
DA:36,11
DA:38,11
LF:4
LH:4
BRF:0
BRH:0
end_of_record
TN:
SF:src/models/CourseDetail.js
FNF:0
FNH:0
DA:1,7
DA:3,7
DA:48,7
DA:49,7
DA:51,7
LF:5
LH:5
BRF:0
BRH:0
end_of_record
TN:
SF:src/models/CourseFeedback.js
FNF:0
FNH:0
DA:1,7
DA:3,7
DA:33,7
DA:36,7
DA:38,7
LF:5
LH:5
BRF:0
BRH:0
end_of_record
TN:
SF:src/models/User.js
FN:79,(anonymous_0)
FN:89,(anonymous_1)
FNF:2
FNH:2
FNDA:382,(anonymous_0)
FNDA:7,(anonymous_1)
DA:1,11
DA:2,11
DA:4,11
DA:79,11
DA:80,382
DA:81,1
DA:84,382
DA:85,382
DA:89,11
DA:90,7
DA:93,11
LF:11
LH:11
BRDA:80,0,0,1
BRDA:80,0,1,381
BRF:2
BRH:2
end_of_record
TN:
SF:src/repositories/courseDetailRepository.js
FN:7,(anonymous_0)
FN:19,(anonymous_1)
FN:31,(anonymous_2)
FN:46,(anonymous_3)
FN:61,(anonymous_4)
FN:75,(anonymous_5)
FN:87,(anonymous_6)
FN:102,(anonymous_7)
FN:114,(anonymous_8)
FNF:9
FNH:9
FNDA:5,(anonymous_0)
FNDA:3,(anonymous_1)
FNDA:5,(anonymous_2)
FNDA:3,(anonymous_3)
FNDA:3,(anonymous_4)
FNDA:3,(anonymous_5)
FNDA:5,(anonymous_6)
FNDA:5,(anonymous_7)
FNDA:3,(anonymous_8)
DA:1,6
DA:8,5
DA:9,5
DA:10,3
DA:12,2
DA:20,3
DA:21,3
DA:22,2
DA:24,1
DA:32,5
DA:33,5
DA:37,4
DA:39,1
DA:47,3
DA:48,3
DA:52,2
DA:54,1
DA:62,3
DA:63,3
DA:66,2
DA:68,1
DA:76,3
DA:77,3
DA:78,2
DA:80,1
DA:88,5
DA:89,5
DA:93,4
DA:95,1
DA:103,5
DA:104,5
DA:105,4
DA:107,1
DA:115,3
DA:116,3
DA:117,2
DA:119,1
DA:124,6
LF:38
LH:38
BRDA:31,0,0,4
BRDA:61,1,0,2
BRDA:75,2,0,2
BRF:3
BRH:3
end_of_record
TN:
SF:src/repositories/courseFeedbackRepository.js
FN:7,(anonymous_0)
FN:31,(anonymous_1)
FN:45,(anonymous_2)
FN:62,(anonymous_3)
FN:79,(anonymous_4)
FN:101,(anonymous_5)
FN:123,(anonymous_6)
FN:135,(anonymous_7)
FN:147,(anonymous_8)
FNF:9
FNH:9
FNDA:7,(anonymous_0)
FNDA:6,(anonymous_1)
FNDA:3,(anonymous_2)
FNDA:5,(anonymous_3)
FNDA:4,(anonymous_4)
FNDA:3,(anonymous_5)
FNDA:3,(anonymous_6)
FNDA:5,(anonymous_7)
FNDA:2,(anonymous_8)
DA:1,6
DA:8,7
DA:10,7
DA:22,6
DA:24,1
DA:32,6
DA:33,6
DA:36,5
DA:38,1
DA:46,3
DA:47,3
DA:53,2
DA:55,1
DA:63,5
DA:64,5
DA:70,4
DA:72,1
DA:80,4
DA:81,4
DA:82,4
DA:92,3
DA:94,1
DA:102,3
DA:103,3
DA:104,3
DA:114,2
DA:116,1
DA:124,3
DA:125,3
DA:126,2
DA:128,1
DA:136,5
DA:137,5
DA:138,4
DA:140,1
DA:148,2
DA:149,2
DA:150,1
DA:152,1
DA:157,6
LF:40
LH:40
BRDA:45,0,0,3
BRDA:92,1,0,3
BRDA:92,1,1,1
BRDA:123,2,0,0
BRF:4
BRH:3
end_of_record
TN:
SF:src/repositories/courseRepository.js
FN:7,(anonymous_0)
FN:19,(anonymous_1)
FN:31,(anonymous_2)
FN:45,(anonymous_3)
FN:57,(anonymous_4)
FN:72,(anonymous_5)
FN:84,(anonymous_6)
FN:99,(anonymous_7)
FN:118,(anonymous_8)
FNF:9
FNH:9
FNDA:7,(anonymous_0)
FNDA:16,(anonymous_1)
FNDA:7,(anonymous_2)
FNDA:4,(anonymous_3)
FNDA:7,(anonymous_4)
FNDA:5,(anonymous_5)
FNDA:6,(anonymous_6)
FNDA:3,(anonymous_7)
FNDA:4,(anonymous_8)
DA:1,6
DA:8,7
DA:9,7
DA:10,4
DA:12,3
DA:20,16
DA:21,16
DA:22,15
DA:24,1
DA:32,7
DA:33,7
DA:36,6
DA:38,1
DA:46,4
DA:47,4
DA:48,3
DA:50,1
DA:58,7
DA:59,7
DA:63,6
DA:65,1
DA:73,5
DA:74,5
DA:75,4
DA:77,1
DA:85,6
DA:86,6
DA:90,4
DA:92,2
DA:100,3
DA:101,3
DA:109,2
DA:111,1
DA:119,4
DA:120,4
DA:121,3
DA:123,1
DA:128,6
LF:38
LH:38
BRDA:45,0,0,3
BRDA:57,1,0,1
BRDA:57,2,0,1
BRDA:57,3,0,1
BRDA:72,4,0,2
BRF:5
BRH:5
end_of_record
TN:
SF:src/repositories/userRepository.js
FN:7,(anonymous_0)
FN:19,(anonymous_1)
FN:31,(anonymous_2)
FN:43,(anonymous_3)
FN:55,(anonymous_4)
FN:70,(anonymous_5)
FN:82,(anonymous_6)
FN:100,(anonymous_7)
FN:120,(anonymous_8)
FNF:9
FNH:9
FNDA:11,(anonymous_0)
FNDA:14,(anonymous_1)
FNDA:18,(anonymous_2)
FNDA:4,(anonymous_3)
FNDA:2,(anonymous_4)
FNDA:2,(anonymous_5)
FNDA:11,(anonymous_6)
FNDA:8,(anonymous_7)
FNDA:6,(anonymous_8)
DA:1,7
DA:8,11
DA:9,11
DA:10,6
DA:12,5
DA:20,14
DA:21,14
DA:22,12
DA:24,2
DA:32,18
DA:33,18
DA:34,17
DA:36,1
DA:44,4
DA:45,4
DA:46,3
DA:48,1
DA:56,2
DA:57,2
DA:61,2
DA:63,0
DA:71,2
DA:72,2
DA:73,2
DA:75,0
DA:83,11
DA:84,11
DA:88,7
DA:90,4
DA:101,8
DA:103,8
DA:111,7
DA:113,1
DA:121,6
DA:122,6
DA:123,5
DA:125,1
DA:130,7
LF:38
LH:36
BRDA:43,0,0,3
BRDA:55,1,0,0
BRDA:55,2,0,0
BRDA:55,3,0,0
BRDA:70,4,0,0
BRF:5
BRH:1
end_of_record
TN:
SF:src/routes/courseRoutes.js
FN:7,(anonymous_0)
FNF:1
FNH:1
FNDA:17,(anonymous_0)
DA:1,3
DA:2,3
DA:3,3
DA:4,3
DA:7,3
DA:8,17
DA:9,12
DA:11,5
DA:19,3
DA:25,3
DA:26,3
DA:27,3
DA:33,3
DA:36,3
DA:42,3
DA:43,3
DA:49,3
DA:57,3
DA:58,3
DA:59,3
DA:64,3
DA:70,3
LF:22
LH:22
BRDA:8,0,0,12
BRDA:8,0,1,5
BRDA:8,1,0,17
BRDA:8,1,1,10
BRF:4
BRH:4
end_of_record
TN:
SF:src/routes/index.js
FN:11,(anonymous_0)
FNF:1
FNH:1
FNDA:2,(anonymous_0)
DA:1,3
DA:2,3
DA:3,3
DA:4,3
DA:7,3
DA:8,3
DA:11,3
DA:12,2
DA:19,3
LF:9
LH:9
BRF:0
BRH:0
end_of_record
TN:
SF:src/routes/userRoutes.js
FNF:0
FNH:0
DA:1,4
DA:2,4
DA:3,4
DA:8,4
DA:11,4
DA:12,4
DA:15,4
DA:16,4
DA:17,4
DA:18,4
DA:19,4
DA:21,4
LF:12
LH:12
BRF:0
BRH:0
end_of_record
TN:
SF:src/services/courseService.js
FN:9,(anonymous_0)
FN:29,(anonymous_1)
FN:53,(anonymous_2)
FN:90,(anonymous_3)
FN:131,(anonymous_4)
FN:153,(anonymous_5)
FN:171,(anonymous_6)
FN:195,(anonymous_7)
FN:210,(anonymous_8)
FN:225,(anonymous_9)
FN:249,(anonymous_10)
FN:279,(anonymous_11)
FN:294,(anonymous_12)
FNF:13
FNH:13
FNDA:5,(anonymous_0)
FNDA:6,(anonymous_1)
FNDA:4,(anonymous_2)
FNDA:8,(anonymous_3)
FNDA:3,(anonymous_4)
FNDA:4,(anonymous_5)
FNDA:5,(anonymous_6)
FNDA:4,(anonymous_7)
FNDA:4,(anonymous_8)
FNDA:6,(anonymous_9)
FNDA:4,(anonymous_10)
FNDA:3,(anonymous_11)
FNDA:7,(anonymous_12)
DA:1,5
DA:2,5
DA:3,5
DA:10,5
DA:12,5
DA:15,5
DA:16,2
DA:19,3
DA:20,3
DA:22,2
DA:30,6
DA:31,6
DA:32,6
DA:33,2
DA:36,4
DA:37,2
DA:38,2
DA:44,2
DA:46,2
DA:54,4
DA:55,4
DA:58,4
DA:59,4
DA:60,2
DA:69,4
DA:74,4
DA:76,4
DA:83,0
DA:91,8
DA:93,8
DA:94,2
DA:97,2
DA:98,1
DA:104,7
DA:105,2
DA:110,2
DA:111,1
DA:116,5
DA:117,5
DA:118,1
DA:122,5
DA:124,3
DA:132,3
DA:133,3
DA:134,3
DA:135,1
DA:139,2
DA:142,2
DA:144,2
DA:146,1
DA:154,4
DA:156,4
DA:157,4
DA:158,1
DA:161,3
DA:162,3
DA:164,1
DA:172,5
DA:174,5
DA:175,5
DA:176,1
DA:180,4
DA:181,2
DA:183,2
DA:186,4
DA:188,1
DA:196,4
DA:197,4
DA:198,4
DA:199,1
DA:201,3
DA:203,1
DA:211,4
DA:212,4
DA:213,4
DA:214,1
DA:216,3
DA:218,1
DA:226,6
DA:228,6
DA:229,6
DA:230,1
DA:233,5
DA:240,5
DA:242,1
DA:250,4
DA:252,4
DA:253,4
DA:254,1
DA:257,3
DA:258,3
DA:259,3
DA:263,3
DA:272,1
DA:280,3
DA:281,3
DA:285,3
DA:287,0
DA:295,7
DA:296,7
DA:297,7
DA:298,1
DA:302,6
DA:303,2
DA:306,4
DA:307,4
DA:309,3
DA:314,5
LF:108
LH:106
BRDA:15,0,0,2
BRDA:15,0,1,3
BRDA:29,1,0,1
BRDA:32,2,0,2
BRDA:32,2,1,4
BRDA:36,3,0,2
BRDA:36,3,1,2
BRDA:53,4,0,0
BRDA:53,5,0,0
BRDA:53,6,0,1
BRDA:59,7,0,2
BRDA:59,7,1,2
BRDA:93,8,0,2
BRDA:93,8,1,6
BRDA:97,9,0,1
BRDA:97,9,1,1
BRDA:97,10,0,2
BRDA:97,10,1,2
BRDA:104,11,0,2
BRDA:104,11,1,5
BRDA:110,12,0,1
BRDA:110,12,1,1
BRDA:117,13,0,1
BRDA:117,13,1,4
BRDA:134,14,0,1
BRDA:134,14,1,2
BRDA:157,15,0,1
BRDA:157,15,1,3
BRDA:171,16,0,3
BRDA:175,17,0,1
BRDA:175,17,1,4
BRDA:180,18,0,2
BRDA:180,18,1,2
BRDA:198,19,0,1
BRDA:198,19,1,3
BRDA:213,20,0,1
BRDA:213,20,1,3
BRDA:229,21,0,1
BRDA:229,21,1,5
BRDA:253,22,0,1
BRDA:253,22,1,3
BRDA:266,23,0,3
BRDA:266,23,1,1
BRDA:267,24,0,3
BRDA:267,24,1,1
BRDA:297,25,0,1
BRDA:297,25,1,6
BRDA:302,26,0,2
BRDA:302,26,1,4
BRDA:302,27,0,6
BRDA:302,27,1,4
BRF:51
BRH:49
end_of_record
TN:
SF:src/services/userService.js
FN:7,(anonymous_0)
FN:41,(anonymous_1)
FN:79,(anonymous_2)
FN:94,(anonymous_3)
FN:131,(anonymous_4)
FN:163,(anonymous_5)
FNF:6
FNH:6
FNDA:12,(anonymous_0)
FNDA:10,(anonymous_1)
FNDA:9,(anonymous_2)
FNDA:5,(anonymous_3)
FNDA:15,(anonymous_4)
FNDA:10,(anonymous_5)
DA:1,6
DA:8,12
DA:10,12
DA:11,12
DA:12,2
DA:16,10
DA:19,6
DA:34,6
DA:42,10
DA:44,10
DA:46,9
DA:47,2
DA:51,7
DA:53,7
DA:54,2
DA:58,5
DA:72,5
DA:80,9
DA:81,9
DA:82,8
DA:83,2
DA:85,6
DA:87,3
DA:95,5
DA:96,5
DA:99,5
DA:100,5
DA:101,0
DA:110,5
DA:115,4
DA:117,4
DA:124,1
DA:132,15
DA:134,15
DA:135,2
DA:140,15
DA:141,4
DA:142,4
DA:143,2
DA:149,11
DA:150,8
DA:151,2
DA:154,8
DA:156,7
DA:164,10
DA:166,10
DA:167,8
DA:168,2
DA:172,6
DA:173,2
DA:174,2
DA:175,1
DA:181,5
DA:182,5
DA:183,0
DA:185,5
DA:187,5
DA:192,6
LF:58
LH:56
BRDA:11,0,0,2
BRDA:11,0,1,10
BRDA:46,1,0,2
BRDA:46,1,1,7
BRDA:53,2,0,2
BRDA:53,2,1,5
BRDA:82,3,0,2
BRDA:82,3,1,6
BRDA:94,4,0,3
BRDA:94,5,0,3
BRDA:94,6,0,3
BRDA:100,7,0,0
BRDA:100,7,1,5
BRDA:134,8,0,2
BRDA:134,8,1,13
BRDA:140,9,0,4
BRDA:140,9,1,11
BRDA:142,10,0,2
BRDA:142,10,1,2
BRDA:150,11,0,2
BRDA:150,11,1,6
BRDA:167,12,0,2
BRDA:167,12,1,6
BRDA:172,13,0,2
BRDA:172,13,1,4
BRDA:174,14,0,1
BRDA:174,14,1,1
BRDA:182,15,0,0
BRDA:182,15,1,5
BRF:29
BRH:27
end_of_record
